Requirement already satisfied: tensorflow_hub in /usr/local/lib/python3.5/dist-packages (0.8.0)
Requirement already satisfied: protobuf>=3.8.0 in /usr/local/lib/python3.5/dist-packages (from tensorflow_hub) (3.11.3)
Requirement already satisfied: six>=1.12.0 in /usr/local/lib/python3.5/dist-packages (from tensorflow_hub) (1.14.0)
Requirement already satisfied: numpy>=1.12.0 in /usr/local/lib/python3.5/dist-packages (from tensorflow_hub) (1.18.1)
Requirement already satisfied: setuptools in /usr/local/lib/python3.5/dist-packages (from protobuf>=3.8.0->tensorflow_hub) (45.2.0)
WARNING: You are using pip version 20.0.2; however, version 20.1.1 is available.
You should consider upgrading via the '/usr/bin/python3 -m pip install --upgrade pip' command.
Requirement already satisfied: sentencepiece in /usr/local/lib/python3.5/dist-packages (0.1.91)
WARNING: You are using pip version 20.0.2; however, version 20.1.1 is available.
You should consider upgrading via the '/usr/bin/python3 -m pip install --upgrade pip' command.
Requirement already satisfied: jieba in /usr/local/lib/python3.5/dist-packages (0.42.1)
WARNING: You are using pip version 20.0.2; however, version 20.1.1 is available.
You should consider upgrading via the '/usr/bin/python3 -m pip install --upgrade pip' command.
Requirement already satisfied: tokenizers in /usr/local/lib/python3.5/dist-packages (0.7.0)
WARNING: You are using pip version 20.0.2; however, version 20.1.1 is available.
You should consider upgrading via the '/usr/bin/python3 -m pip install --upgrade pip' command.
Requirement already satisfied: boto3 in /usr/local/lib/python3.5/dist-packages (1.14.10)
Requirement already satisfied: jmespath<1.0.0,>=0.7.1 in /usr/local/lib/python3.5/dist-packages (from boto3) (0.10.0)
Requirement already satisfied: s3transfer<0.4.0,>=0.3.0 in /usr/local/lib/python3.5/dist-packages (from boto3) (0.3.3)
Requirement already satisfied: botocore<1.18.0,>=1.17.10 in /usr/local/lib/python3.5/dist-packages (from boto3) (1.17.10)
Requirement already satisfied: python-dateutil<3.0.0,>=2.1 in /usr/local/lib/python3.5/dist-packages (from botocore<1.18.0,>=1.17.10->boto3) (2.8.1)
Requirement already satisfied: docutils<0.16,>=0.10 in /usr/local/lib/python3.5/dist-packages (from botocore<1.18.0,>=1.17.10->boto3) (0.15.2)
Requirement already satisfied: urllib3<1.26,>=1.20; python_version != "3.4" in /usr/local/lib/python3.5/dist-packages (from botocore<1.18.0,>=1.17.10->boto3) (1.25.8)
Requirement already satisfied: six>=1.5 in /usr/local/lib/python3.5/dist-packages (from python-dateutil<3.0.0,>=2.1->botocore<1.18.0,>=1.17.10->boto3) (1.14.0)
WARNING: You are using pip version 20.0.2; however, version 20.1.1 is available.
You should consider upgrading via the '/usr/bin/python3 -m pip install --upgrade pip' command.
Requirement already satisfied: jieba_fast in /usr/local/lib/python3.5/dist-packages (0.53)
WARNING: You are using pip version 20.0.2; however, version 20.1.1 is available.
You should consider upgrading via the '/usr/bin/python3 -m pip install --upgrade pip' command.
Requirement already satisfied: sklearn in /usr/local/lib/python3.5/dist-packages (0.0)
Requirement already satisfied: scikit-learn in /usr/local/lib/python3.5/dist-packages (from sklearn) (0.22.2.post1)
Requirement already satisfied: numpy>=1.11.0 in /usr/local/lib/python3.5/dist-packages (from scikit-learn->sklearn) (1.18.1)
Requirement already satisfied: scipy>=0.17.0 in /usr/local/lib/python3.5/dist-packages (from scikit-learn->sklearn) (1.4.1)
Requirement already satisfied: joblib>=0.11 in /usr/local/lib/python3.5/dist-packages (from scikit-learn->sklearn) (0.14.1)
WARNING: You are using pip version 20.0.2; however, version 20.1.1 is available.
You should consider upgrading via the '/usr/bin/python3 -m pip install --upgrade pip' command.
Start running...
INFO:tensorflow:loading sentence piece model
I0626 17:53:17.094021 139870539261696 tokenization.py:240] loading sentence piece model
WARNING:tensorflow:From ./src/data_processors.py:132: The name tf.gfile.Open is deprecated. Please use tf.io.gfile.GFile instead.

W0626 17:53:17.140108 139870539261696 module_wrapper.py:139] From ./src/data_processors.py:132: The name tf.gfile.Open is deprecated. Please use tf.io.gfile.GFile instead.

WARNING:tensorflow:Estimator's model_fn (<function model_fn_builder.<locals>.model_fn at 0x7f35b432b0d0>) includes params argument, but params are not passed to Estimator.
W0626 17:53:22.699801 139870539261696 estimator.py:1994] Estimator's model_fn (<function model_fn_builder.<locals>.model_fn at 0x7f35b432b0d0>) includes params argument, but params are not passed to Estimator.
INFO:tensorflow:Using config: {'_num_worker_replicas': 1, '_model_dir': 'gs://sbt0/experiments/rethink_vocab/finetune/nlpcc_dbqa/char_segmented_21128_length_128_steps_4.5k_time_0625_run_1/', '_session_creation_timeout_secs': 7200, '_master': 'grpc://10.89.98.210:8470', '_device_fn': None, '_num_ps_replicas': 0, '_task_id': 0, '_evaluation_master': 'grpc://10.89.98.210:8470', '_experimental_max_worker_delay_secs': None, '_save_summary_steps': 100, '_cluster': <tensorflow.python.distribute.cluster_resolver.tpu_cluster_resolver.TPUClusterResolver object at 0x7f35bfd77898>, '_service': None, '_global_id_in_cluster': 0, '_log_step_count_steps': None, '_eval_distribute': None, '_session_config': allow_soft_placement: true
cluster_def {
  job {
    name: "worker"
    tasks {
      key: 0
      value: "10.89.98.210:8470"
    }
  }
}
isolate_session_state: true
, '_keep_checkpoint_every_n_hours': 10000, '_cluster_spec': <tensorflow.python.training.server_lib.ClusterSpec object at 0x7f35d3118a90>, '_save_checkpoints_secs': None, '_is_chief': True, '_protocol': None, '_task_type': 'worker', '_keep_checkpoint_max': 0, '_save_checkpoints_steps': 750, '_tf_random_seed': None, '_tpu_config': TPUConfig(iterations_per_loop=750, num_shards=8, num_cores_per_replica=None, per_host_input_for_training=3, tpu_job_name=None, initial_infeed_sleep_secs=None, input_partition_dims=None, eval_training_input_configuration=2, experimental_host_call_every_n_steps=1), '_experimental_distribute': None, '_train_distribute': None}
I0626 17:53:22.701833 139870539261696 estimator.py:212] Using config: {'_num_worker_replicas': 1, '_model_dir': 'gs://sbt0/experiments/rethink_vocab/finetune/nlpcc_dbqa/char_segmented_21128_length_128_steps_4.5k_time_0625_run_1/', '_session_creation_timeout_secs': 7200, '_master': 'grpc://10.89.98.210:8470', '_device_fn': None, '_num_ps_replicas': 0, '_task_id': 0, '_evaluation_master': 'grpc://10.89.98.210:8470', '_experimental_max_worker_delay_secs': None, '_save_summary_steps': 100, '_cluster': <tensorflow.python.distribute.cluster_resolver.tpu_cluster_resolver.TPUClusterResolver object at 0x7f35bfd77898>, '_service': None, '_global_id_in_cluster': 0, '_log_step_count_steps': None, '_eval_distribute': None, '_session_config': allow_soft_placement: true
cluster_def {
  job {
    name: "worker"
    tasks {
      key: 0
      value: "10.89.98.210:8470"
    }
  }
}
isolate_session_state: true
, '_keep_checkpoint_every_n_hours': 10000, '_cluster_spec': <tensorflow.python.training.server_lib.ClusterSpec object at 0x7f35d3118a90>, '_save_checkpoints_secs': None, '_is_chief': True, '_protocol': None, '_task_type': 'worker', '_keep_checkpoint_max': 0, '_save_checkpoints_steps': 750, '_tf_random_seed': None, '_tpu_config': TPUConfig(iterations_per_loop=750, num_shards=8, num_cores_per_replica=None, per_host_input_for_training=3, tpu_job_name=None, initial_infeed_sleep_secs=None, input_partition_dims=None, eval_training_input_configuration=2, experimental_host_call_every_n_steps=1), '_experimental_distribute': None, '_train_distribute': None}
INFO:tensorflow:_TPUContext: eval_on_tpu True
I0626 17:53:22.703423 139870539261696 tpu_context.py:220] _TPUContext: eval_on_tpu True
INFO:tensorflow:Writing example 0 of 181882
I0626 17:53:22.704740 139870539261696 classifier_utils.py:209] Writing example 0 of 181882
Building prefix dict from the default dictionary ...
I0626 17:53:22.705133 139870539261696 __init__.py:113] Building prefix dict from the default dictionary ...
Loading model from cache /tmp/jieba.cache
I0626 17:53:22.705455 139870539261696 __init__.py:133] Loading model from cache /tmp/jieba.cache
Loading model cost 0.923 seconds.
I0626 17:53:23.628780 139870539261696 __init__.py:165] Loading model cost 0.923 seconds.
Prefix dict has been built successfully.
I0626 17:53:23.629073 139870539261696 __init__.py:166] Prefix dict has been built successfully.
INFO:tensorflow:*** Example ***
I0626 17:53:23.630245 139870539261696 classifier_utils.py:167] *** Example ***
INFO:tensorflow:guid: train-0
I0626 17:53:23.630449 139870539261696 classifier_utils.py:168] guid: train-0
INFO:tensorflow:tokens: [CLS] ▁黑 缘 ▁粗 角 ▁肖 叶 甲 ▁触 角 ▁有 ▁多 ▁大 ▁? [SEP] ▁体长 ▁卵 形 ▁, ▁棕 红色 ▁; ▁ 鞘 翅 ▁棕 黄 ▁或 淡 ▁棕色 ▁, ▁外 缘 ▁和 ▁中 缝 ▁黑色 ▁或 ▁黑 褐色 ▁; ▁触 角 ▁基部 ▁3 ▁、 ▁4 ▁节 ▁棕 黄 ▁, ▁ 余 节 ▁棕色 ▁。 [SEP]
I0626 17:53:23.630634 139870539261696 classifier_utils.py:170] tokens: [CLS] ▁黑 缘 ▁粗 角 ▁肖 叶 甲 ▁触 角 ▁有 ▁多 ▁大 ▁? [SEP] ▁体长 ▁卵 形 ▁, ▁棕 红色 ▁; ▁ 鞘 翅 ▁棕 黄 ▁或 淡 ▁棕色 ▁, ▁外 缘 ▁和 ▁中 缝 ▁黑色 ▁或 ▁黑 褐色 ▁; ▁触 角 ▁基部 ▁3 ▁、 ▁4 ▁节 ▁棕 黄 ▁, ▁ 余 节 ▁棕色 ▁。 [SEP]
INFO:tensorflow:input_ids: 2 523 16616 3190 15731 4429 16089 15971 3987 15731 34 105 31 1684 3 2308 5031 15617 13 5376 6873 83 15299 18736 17570 5376 15837 129 16743 13424 13 225 16616 28 23 17690 3277 129 523 6310 83 3987 15731 12437 54 17 73 462 5376 15837 13 15299 1 15706 13424 15 3 0 0 0 0 0 0 0 0 0 0 0 0 0 0 0 0 0 0 0 0 0 0 0 0 0 0 0 0 0 0 0 0 0 0 0 0 0 0 0 0 0 0 0 0 0 0 0 0 0 0 0 0 0 0 0 0 0 0 0 0 0 0 0 0 0 0 0 0 0 0 0
I0626 17:53:23.630827 139870539261696 classifier_utils.py:171] input_ids: 2 523 16616 3190 15731 4429 16089 15971 3987 15731 34 105 31 1684 3 2308 5031 15617 13 5376 6873 83 15299 18736 17570 5376 15837 129 16743 13424 13 225 16616 28 23 17690 3277 129 523 6310 83 3987 15731 12437 54 17 73 462 5376 15837 13 15299 1 15706 13424 15 3 0 0 0 0 0 0 0 0 0 0 0 0 0 0 0 0 0 0 0 0 0 0 0 0 0 0 0 0 0 0 0 0 0 0 0 0 0 0 0 0 0 0 0 0 0 0 0 0 0 0 0 0 0 0 0 0 0 0 0 0 0 0 0 0 0 0 0 0 0 0 0
INFO:tensorflow:input_mask: 1 1 1 1 1 1 1 1 1 1 1 1 1 1 1 1 1 1 1 1 1 1 1 1 1 1 1 1 1 1 1 1 1 1 1 1 1 1 1 1 1 1 1 1 1 1 1 1 1 1 1 1 1 1 1 1 1 0 0 0 0 0 0 0 0 0 0 0 0 0 0 0 0 0 0 0 0 0 0 0 0 0 0 0 0 0 0 0 0 0 0 0 0 0 0 0 0 0 0 0 0 0 0 0 0 0 0 0 0 0 0 0 0 0 0 0 0 0 0 0 0 0 0 0 0 0 0 0
I0626 17:53:23.631029 139870539261696 classifier_utils.py:172] input_mask: 1 1 1 1 1 1 1 1 1 1 1 1 1 1 1 1 1 1 1 1 1 1 1 1 1 1 1 1 1 1 1 1 1 1 1 1 1 1 1 1 1 1 1 1 1 1 1 1 1 1 1 1 1 1 1 1 1 0 0 0 0 0 0 0 0 0 0 0 0 0 0 0 0 0 0 0 0 0 0 0 0 0 0 0 0 0 0 0 0 0 0 0 0 0 0 0 0 0 0 0 0 0 0 0 0 0 0 0 0 0 0 0 0 0 0 0 0 0 0 0 0 0 0 0 0 0 0 0
INFO:tensorflow:segment_ids: 0 0 0 0 0 0 0 0 0 0 0 0 0 0 0 1 1 1 1 1 1 1 1 1 1 1 1 1 1 1 1 1 1 1 1 1 1 1 1 1 1 1 1 1 1 1 1 1 1 1 1 1 1 1 1 1 1 0 0 0 0 0 0 0 0 0 0 0 0 0 0 0 0 0 0 0 0 0 0 0 0 0 0 0 0 0 0 0 0 0 0 0 0 0 0 0 0 0 0 0 0 0 0 0 0 0 0 0 0 0 0 0 0 0 0 0 0 0 0 0 0 0 0 0 0 0 0 0
I0626 17:53:23.631208 139870539261696 classifier_utils.py:173] segment_ids: 0 0 0 0 0 0 0 0 0 0 0 0 0 0 0 1 1 1 1 1 1 1 1 1 1 1 1 1 1 1 1 1 1 1 1 1 1 1 1 1 1 1 1 1 1 1 1 1 1 1 1 1 1 1 1 1 1 0 0 0 0 0 0 0 0 0 0 0 0 0 0 0 0 0 0 0 0 0 0 0 0 0 0 0 0 0 0 0 0 0 0 0 0 0 0 0 0 0 0 0 0 0 0 0 0 0 0 0 0 0 0 0 0 0 0 0 0 0 0 0 0 0 0 0 0 0 0 0
INFO:tensorflow:label: 0 (id = 0)
I0626 17:53:23.631331 139870539261696 classifier_utils.py:174] label: 0 (id = 0)
INFO:tensorflow:*** Example ***
I0626 17:53:23.632937 139870539261696 classifier_utils.py:167] *** Example ***
INFO:tensorflow:guid: train-1
I0626 17:53:23.633105 139870539261696 classifier_utils.py:168] guid: train-1
INFO:tensorflow:tokens: [CLS] ▁黑 缘 ▁粗 角 ▁肖 叶 甲 ▁触 角 ▁有 ▁多 ▁大 ▁? [SEP] ▁头部 ▁刻 点 ▁粗 大 ▁, ▁分布 ▁不 ▁均 匀 ▁, ▁头 顶 ▁刻 点 ▁十分 ▁稀 疏 ▁; ▁触 角 ▁基部 ▁的 ▁内侧 ▁有 ▁一个 ▁三角形 ▁光 瘤 ▁, ▁唇 基 ▁前 缘 ▁呈 ▁半 圆 形 ▁凹 切 ▁。 [SEP]
I0626 17:53:23.633262 139870539261696 classifier_utils.py:170] tokens: [CLS] ▁黑 缘 ▁粗 角 ▁肖 叶 甲 ▁触 角 ▁有 ▁多 ▁大 ▁? [SEP] ▁头部 ▁刻 点 ▁粗 大 ▁, ▁分布 ▁不 ▁均 匀 ▁, ▁头 顶 ▁刻 点 ▁十分 ▁稀 疏 ▁; ▁触 角 ▁基部 ▁的 ▁内侧 ▁有 ▁一个 ▁三角形 ▁光 瘤 ▁, ▁唇 基 ▁前 缘 ▁呈 ▁半 圆 形 ▁凹 切 ▁。 [SEP]
INFO:tensorflow:input_ids: 2 523 16616 3190 15731 4429 16089 15971 3987 15731 34 105 31 1684 3 6652 3136 15640 3190 15319 13 837 36 802 18238 13 973 16288 3136 15640 1916 5000 17057 83 3987 15731 12437 14 14121 34 72 8503 522 17580 13 9110 15523 130 16616 1462 692 16349 15617 7213 16168 15 3 0 0 0 0 0 0 0 0 0 0 0 0 0 0 0 0 0 0 0 0 0 0 0 0 0 0 0 0 0 0 0 0 0 0 0 0 0 0 0 0 0 0 0 0 0 0 0 0 0 0 0 0 0 0 0 0 0 0 0 0 0 0 0 0 0 0 0 0 0 0 0
I0626 17:53:23.633459 139870539261696 classifier_utils.py:171] input_ids: 2 523 16616 3190 15731 4429 16089 15971 3987 15731 34 105 31 1684 3 6652 3136 15640 3190 15319 13 837 36 802 18238 13 973 16288 3136 15640 1916 5000 17057 83 3987 15731 12437 14 14121 34 72 8503 522 17580 13 9110 15523 130 16616 1462 692 16349 15617 7213 16168 15 3 0 0 0 0 0 0 0 0 0 0 0 0 0 0 0 0 0 0 0 0 0 0 0 0 0 0 0 0 0 0 0 0 0 0 0 0 0 0 0 0 0 0 0 0 0 0 0 0 0 0 0 0 0 0 0 0 0 0 0 0 0 0 0 0 0 0 0 0 0 0 0
INFO:tensorflow:input_mask: 1 1 1 1 1 1 1 1 1 1 1 1 1 1 1 1 1 1 1 1 1 1 1 1 1 1 1 1 1 1 1 1 1 1 1 1 1 1 1 1 1 1 1 1 1 1 1 1 1 1 1 1 1 1 1 1 1 0 0 0 0 0 0 0 0 0 0 0 0 0 0 0 0 0 0 0 0 0 0 0 0 0 0 0 0 0 0 0 0 0 0 0 0 0 0 0 0 0 0 0 0 0 0 0 0 0 0 0 0 0 0 0 0 0 0 0 0 0 0 0 0 0 0 0 0 0 0 0
I0626 17:53:23.633631 139870539261696 classifier_utils.py:172] input_mask: 1 1 1 1 1 1 1 1 1 1 1 1 1 1 1 1 1 1 1 1 1 1 1 1 1 1 1 1 1 1 1 1 1 1 1 1 1 1 1 1 1 1 1 1 1 1 1 1 1 1 1 1 1 1 1 1 1 0 0 0 0 0 0 0 0 0 0 0 0 0 0 0 0 0 0 0 0 0 0 0 0 0 0 0 0 0 0 0 0 0 0 0 0 0 0 0 0 0 0 0 0 0 0 0 0 0 0 0 0 0 0 0 0 0 0 0 0 0 0 0 0 0 0 0 0 0 0 0
INFO:tensorflow:segment_ids: 0 0 0 0 0 0 0 0 0 0 0 0 0 0 0 1 1 1 1 1 1 1 1 1 1 1 1 1 1 1 1 1 1 1 1 1 1 1 1 1 1 1 1 1 1 1 1 1 1 1 1 1 1 1 1 1 1 0 0 0 0 0 0 0 0 0 0 0 0 0 0 0 0 0 0 0 0 0 0 0 0 0 0 0 0 0 0 0 0 0 0 0 0 0 0 0 0 0 0 0 0 0 0 0 0 0 0 0 0 0 0 0 0 0 0 0 0 0 0 0 0 0 0 0 0 0 0 0
I0626 17:53:23.633802 139870539261696 classifier_utils.py:173] segment_ids: 0 0 0 0 0 0 0 0 0 0 0 0 0 0 0 1 1 1 1 1 1 1 1 1 1 1 1 1 1 1 1 1 1 1 1 1 1 1 1 1 1 1 1 1 1 1 1 1 1 1 1 1 1 1 1 1 1 0 0 0 0 0 0 0 0 0 0 0 0 0 0 0 0 0 0 0 0 0 0 0 0 0 0 0 0 0 0 0 0 0 0 0 0 0 0 0 0 0 0 0 0 0 0 0 0 0 0 0 0 0 0 0 0 0 0 0 0 0 0 0 0 0 0 0 0 0 0 0
INFO:tensorflow:label: 0 (id = 0)
I0626 17:53:23.633931 139870539261696 classifier_utils.py:174] label: 0 (id = 0)
INFO:tensorflow:*** Example ***
I0626 17:53:23.635519 139870539261696 classifier_utils.py:167] *** Example ***
INFO:tensorflow:guid: train-2
I0626 17:53:23.635689 139870539261696 classifier_utils.py:168] guid: train-2
INFO:tensorflow:tokens: [CLS] ▁黑 缘 ▁粗 角 ▁肖 叶 甲 ▁触 角 ▁有 ▁多 ▁大 ▁? [SEP] ▁触 角 ▁近 于 ▁体长 ▁之 半 ▁, ▁第 ▁1 ▁节 ▁粗 大 ▁, ▁棒 状 ▁, ▁第 ▁2 ▁节 短 ▁, ▁椭圆形 ▁, ▁3 ▁、 ▁4 ▁两 节 ▁细 长 ▁, ▁稍 短 ▁于 ▁第 ▁5 ▁节 ▁, ▁第 ▁5 ▁节 基 细 端 ▁粗 ▁, ▁末端 ▁6 ▁节 ▁明显 ▁粗 大 ▁。 [SEP]
I0626 17:53:23.635876 139870539261696 classifier_utils.py:170] tokens: [CLS] ▁黑 缘 ▁粗 角 ▁肖 叶 甲 ▁触 角 ▁有 ▁多 ▁大 ▁? [SEP] ▁触 角 ▁近 于 ▁体长 ▁之 半 ▁, ▁第 ▁1 ▁节 ▁粗 大 ▁, ▁棒 状 ▁, ▁第 ▁2 ▁节 短 ▁, ▁椭圆形 ▁, ▁3 ▁、 ▁4 ▁两 节 ▁细 长 ▁, ▁稍 短 ▁于 ▁第 ▁5 ▁节 ▁, ▁第 ▁5 ▁节 基 细 端 ▁粗 ▁, ▁末端 ▁6 ▁节 ▁明显 ▁粗 大 ▁。 [SEP]
INFO:tensorflow:input_ids: 2 523 16616 3190 15731 4429 16089 15971 3987 15731 34 105 31 1684 3 3987 15731 696 15317 2308 40 15925 13 45 16 462 3190 15319 13 2836 16032 13 45 20 462 16204 13 13220 13 54 17 73 107 15706 962 15393 13 3390 16204 25 45 81 462 13 45 81 462 15523 16140 16202 3190 13 9293 102 462 2736 3190 15319 15 3 0 0 0 0 0 0 0 0 0 0 0 0 0 0 0 0 0 0 0 0 0 0 0 0 0 0 0 0 0 0 0 0 0 0 0 0 0 0 0 0 0 0 0 0 0 0 0 0 0 0 0 0 0 0 0 0 0 0
I0626 17:53:23.636082 139870539261696 classifier_utils.py:171] input_ids: 2 523 16616 3190 15731 4429 16089 15971 3987 15731 34 105 31 1684 3 3987 15731 696 15317 2308 40 15925 13 45 16 462 3190 15319 13 2836 16032 13 45 20 462 16204 13 13220 13 54 17 73 107 15706 962 15393 13 3390 16204 25 45 81 462 13 45 81 462 15523 16140 16202 3190 13 9293 102 462 2736 3190 15319 15 3 0 0 0 0 0 0 0 0 0 0 0 0 0 0 0 0 0 0 0 0 0 0 0 0 0 0 0 0 0 0 0 0 0 0 0 0 0 0 0 0 0 0 0 0 0 0 0 0 0 0 0 0 0 0 0 0 0 0
INFO:tensorflow:input_mask: 1 1 1 1 1 1 1 1 1 1 1 1 1 1 1 1 1 1 1 1 1 1 1 1 1 1 1 1 1 1 1 1 1 1 1 1 1 1 1 1 1 1 1 1 1 1 1 1 1 1 1 1 1 1 1 1 1 1 1 1 1 1 1 1 1 1 1 1 1 1 0 0 0 0 0 0 0 0 0 0 0 0 0 0 0 0 0 0 0 0 0 0 0 0 0 0 0 0 0 0 0 0 0 0 0 0 0 0 0 0 0 0 0 0 0 0 0 0 0 0 0 0 0 0 0 0 0 0
I0626 17:53:23.636266 139870539261696 classifier_utils.py:172] input_mask: 1 1 1 1 1 1 1 1 1 1 1 1 1 1 1 1 1 1 1 1 1 1 1 1 1 1 1 1 1 1 1 1 1 1 1 1 1 1 1 1 1 1 1 1 1 1 1 1 1 1 1 1 1 1 1 1 1 1 1 1 1 1 1 1 1 1 1 1 1 1 0 0 0 0 0 0 0 0 0 0 0 0 0 0 0 0 0 0 0 0 0 0 0 0 0 0 0 0 0 0 0 0 0 0 0 0 0 0 0 0 0 0 0 0 0 0 0 0 0 0 0 0 0 0 0 0 0 0
INFO:tensorflow:segment_ids: 0 0 0 0 0 0 0 0 0 0 0 0 0 0 0 1 1 1 1 1 1 1 1 1 1 1 1 1 1 1 1 1 1 1 1 1 1 1 1 1 1 1 1 1 1 1 1 1 1 1 1 1 1 1 1 1 1 1 1 1 1 1 1 1 1 1 1 1 1 1 0 0 0 0 0 0 0 0 0 0 0 0 0 0 0 0 0 0 0 0 0 0 0 0 0 0 0 0 0 0 0 0 0 0 0 0 0 0 0 0 0 0 0 0 0 0 0 0 0 0 0 0 0 0 0 0 0 0
I0626 17:53:23.636439 139870539261696 classifier_utils.py:173] segment_ids: 0 0 0 0 0 0 0 0 0 0 0 0 0 0 0 1 1 1 1 1 1 1 1 1 1 1 1 1 1 1 1 1 1 1 1 1 1 1 1 1 1 1 1 1 1 1 1 1 1 1 1 1 1 1 1 1 1 1 1 1 1 1 1 1 1 1 1 1 1 1 0 0 0 0 0 0 0 0 0 0 0 0 0 0 0 0 0 0 0 0 0 0 0 0 0 0 0 0 0 0 0 0 0 0 0 0 0 0 0 0 0 0 0 0 0 0 0 0 0 0 0 0 0 0 0 0 0 0
INFO:tensorflow:label: 1 (id = 1)
I0626 17:53:23.636555 139870539261696 classifier_utils.py:174] label: 1 (id = 1)
INFO:tensorflow:*** Example ***
I0626 17:53:23.638219 139870539261696 classifier_utils.py:167] *** Example ***
INFO:tensorflow:guid: train-3
I0626 17:53:23.638382 139870539261696 classifier_utils.py:168] guid: train-3
INFO:tensorflow:tokens: [CLS] ▁黑 缘 ▁粗 角 ▁肖 叶 甲 ▁触 角 ▁有 ▁多 ▁大 ▁? [SEP] ▁前 胸 ▁背 板 ▁横 宽 ▁, ▁宽 约 ▁为 ▁长 ▁的 ▁两倍 ▁, ▁侧 缘 ▁ 敞 出 ▁较 ▁宽 ▁, ▁圆形 ▁, ▁ 敞 边 ▁与 ▁盘 区 ▁之间 ▁有 ▁一条 ▁细 纵 ▁沟 ▁; ▁盘 区 ▁刻 点 ▁相当 ▁密 ▁, ▁前 半部 ▁刻 点 ▁较大 ▁于 ▁后 半部 ▁。 [SEP]
I0626 17:53:23.638559 139870539261696 classifier_utils.py:170] tokens: [CLS] ▁黑 缘 ▁粗 角 ▁肖 叶 甲 ▁触 角 ▁有 ▁多 ▁大 ▁? [SEP] ▁前 胸 ▁背 板 ▁横 宽 ▁, ▁宽 约 ▁为 ▁长 ▁的 ▁两倍 ▁, ▁侧 缘 ▁ 敞 出 ▁较 ▁宽 ▁, ▁圆形 ▁, ▁ 敞 边 ▁与 ▁盘 区 ▁之间 ▁有 ▁一条 ▁细 纵 ▁沟 ▁; ▁盘 区 ▁刻 点 ▁相当 ▁密 ▁, ▁前 半部 ▁刻 点 ▁较大 ▁于 ▁后 半部 ▁。 [SEP]
INFO:tensorflow:input_ids: 2 523 16616 3190 15731 4429 16089 15971 3987 15731 34 105 31 1684 3 130 17240 1037 16292 1595 16402 13 1269 15551 24 185 14 14126 13 2327 16616 15299 18594 15349 421 1269 13 6730 13 15299 18594 15880 37 3000 15355 694 34 1590 962 16849 3137 83 3000 15355 3136 15640 1382 1126 13 130 14612 3136 15640 5248 25 39 14612 15 3 0 0 0 0 0 0 0 0 0 0 0 0 0 0 0 0 0 0 0 0 0 0 0 0 0 0 0 0 0 0 0 0 0 0 0 0 0 0 0 0 0 0 0 0 0 0 0 0 0 0 0 0 0 0 0 0 0 0 0
I0626 17:53:23.638740 139870539261696 classifier_utils.py:171] input_ids: 2 523 16616 3190 15731 4429 16089 15971 3987 15731 34 105 31 1684 3 130 17240 1037 16292 1595 16402 13 1269 15551 24 185 14 14126 13 2327 16616 15299 18594 15349 421 1269 13 6730 13 15299 18594 15880 37 3000 15355 694 34 1590 962 16849 3137 83 3000 15355 3136 15640 1382 1126 13 130 14612 3136 15640 5248 25 39 14612 15 3 0 0 0 0 0 0 0 0 0 0 0 0 0 0 0 0 0 0 0 0 0 0 0 0 0 0 0 0 0 0 0 0 0 0 0 0 0 0 0 0 0 0 0 0 0 0 0 0 0 0 0 0 0 0 0 0 0 0 0
INFO:tensorflow:input_mask: 1 1 1 1 1 1 1 1 1 1 1 1 1 1 1 1 1 1 1 1 1 1 1 1 1 1 1 1 1 1 1 1 1 1 1 1 1 1 1 1 1 1 1 1 1 1 1 1 1 1 1 1 1 1 1 1 1 1 1 1 1 1 1 1 1 1 1 1 1 0 0 0 0 0 0 0 0 0 0 0 0 0 0 0 0 0 0 0 0 0 0 0 0 0 0 0 0 0 0 0 0 0 0 0 0 0 0 0 0 0 0 0 0 0 0 0 0 0 0 0 0 0 0 0 0 0 0 0
I0626 17:53:23.638939 139870539261696 classifier_utils.py:172] input_mask: 1 1 1 1 1 1 1 1 1 1 1 1 1 1 1 1 1 1 1 1 1 1 1 1 1 1 1 1 1 1 1 1 1 1 1 1 1 1 1 1 1 1 1 1 1 1 1 1 1 1 1 1 1 1 1 1 1 1 1 1 1 1 1 1 1 1 1 1 1 0 0 0 0 0 0 0 0 0 0 0 0 0 0 0 0 0 0 0 0 0 0 0 0 0 0 0 0 0 0 0 0 0 0 0 0 0 0 0 0 0 0 0 0 0 0 0 0 0 0 0 0 0 0 0 0 0 0 0
INFO:tensorflow:segment_ids: 0 0 0 0 0 0 0 0 0 0 0 0 0 0 0 1 1 1 1 1 1 1 1 1 1 1 1 1 1 1 1 1 1 1 1 1 1 1 1 1 1 1 1 1 1 1 1 1 1 1 1 1 1 1 1 1 1 1 1 1 1 1 1 1 1 1 1 1 1 0 0 0 0 0 0 0 0 0 0 0 0 0 0 0 0 0 0 0 0 0 0 0 0 0 0 0 0 0 0 0 0 0 0 0 0 0 0 0 0 0 0 0 0 0 0 0 0 0 0 0 0 0 0 0 0 0 0 0
I0626 17:53:23.639112 139870539261696 classifier_utils.py:173] segment_ids: 0 0 0 0 0 0 0 0 0 0 0 0 0 0 0 1 1 1 1 1 1 1 1 1 1 1 1 1 1 1 1 1 1 1 1 1 1 1 1 1 1 1 1 1 1 1 1 1 1 1 1 1 1 1 1 1 1 1 1 1 1 1 1 1 1 1 1 1 1 0 0 0 0 0 0 0 0 0 0 0 0 0 0 0 0 0 0 0 0 0 0 0 0 0 0 0 0 0 0 0 0 0 0 0 0 0 0 0 0 0 0 0 0 0 0 0 0 0 0 0 0 0 0 0 0 0 0 0
INFO:tensorflow:label: 0 (id = 0)
I0626 17:53:23.639237 139870539261696 classifier_utils.py:174] label: 0 (id = 0)
INFO:tensorflow:*** Example ***
I0626 17:53:23.640322 139870539261696 classifier_utils.py:167] *** Example ***
INFO:tensorflow:guid: train-4
I0626 17:53:23.640480 139870539261696 classifier_utils.py:168] guid: train-4
INFO:tensorflow:tokens: [CLS] ▁黑 缘 ▁粗 角 ▁肖 叶 甲 ▁触 角 ▁有 ▁多 ▁大 ▁? [SEP] ▁小 ▁盾 片 ▁舌 形 ▁, ▁光 亮 ▁, ▁末端 ▁圆 钝 ▁。 [SEP]
I0626 17:53:23.640636 139870539261696 classifier_utils.py:170] tokens: [CLS] ▁黑 缘 ▁粗 角 ▁肖 叶 甲 ▁触 角 ▁有 ▁多 ▁大 ▁? [SEP] ▁小 ▁盾 片 ▁舌 形 ▁, ▁光 亮 ▁, ▁末端 ▁圆 钝 ▁。 [SEP]
INFO:tensorflow:input_ids: 2 523 16616 3190 15731 4429 16089 15971 3987 15731 34 105 31 1684 3 101 8336 15730 7516 15617 13 522 16622 13 9293 1548 18445 15 3 0 0 0 0 0 0 0 0 0 0 0 0 0 0 0 0 0 0 0 0 0 0 0 0 0 0 0 0 0 0 0 0 0 0 0 0 0 0 0 0 0 0 0 0 0 0 0 0 0 0 0 0 0 0 0 0 0 0 0 0 0 0 0 0 0 0 0 0 0 0 0 0 0 0 0 0 0 0 0 0 0 0 0 0 0 0 0 0 0 0 0 0 0 0 0 0 0 0 0
I0626 17:53:23.640810 139870539261696 classifier_utils.py:171] input_ids: 2 523 16616 3190 15731 4429 16089 15971 3987 15731 34 105 31 1684 3 101 8336 15730 7516 15617 13 522 16622 13 9293 1548 18445 15 3 0 0 0 0 0 0 0 0 0 0 0 0 0 0 0 0 0 0 0 0 0 0 0 0 0 0 0 0 0 0 0 0 0 0 0 0 0 0 0 0 0 0 0 0 0 0 0 0 0 0 0 0 0 0 0 0 0 0 0 0 0 0 0 0 0 0 0 0 0 0 0 0 0 0 0 0 0 0 0 0 0 0 0 0 0 0 0 0 0 0 0 0 0 0 0 0 0 0 0
INFO:tensorflow:input_mask: 1 1 1 1 1 1 1 1 1 1 1 1 1 1 1 1 1 1 1 1 1 1 1 1 1 1 1 1 1 0 0 0 0 0 0 0 0 0 0 0 0 0 0 0 0 0 0 0 0 0 0 0 0 0 0 0 0 0 0 0 0 0 0 0 0 0 0 0 0 0 0 0 0 0 0 0 0 0 0 0 0 0 0 0 0 0 0 0 0 0 0 0 0 0 0 0 0 0 0 0 0 0 0 0 0 0 0 0 0 0 0 0 0 0 0 0 0 0 0 0 0 0 0 0 0 0 0 0
I0626 17:53:23.640987 139870539261696 classifier_utils.py:172] input_mask: 1 1 1 1 1 1 1 1 1 1 1 1 1 1 1 1 1 1 1 1 1 1 1 1 1 1 1 1 1 0 0 0 0 0 0 0 0 0 0 0 0 0 0 0 0 0 0 0 0 0 0 0 0 0 0 0 0 0 0 0 0 0 0 0 0 0 0 0 0 0 0 0 0 0 0 0 0 0 0 0 0 0 0 0 0 0 0 0 0 0 0 0 0 0 0 0 0 0 0 0 0 0 0 0 0 0 0 0 0 0 0 0 0 0 0 0 0 0 0 0 0 0 0 0 0 0 0 0
INFO:tensorflow:segment_ids: 0 0 0 0 0 0 0 0 0 0 0 0 0 0 0 1 1 1 1 1 1 1 1 1 1 1 1 1 1 0 0 0 0 0 0 0 0 0 0 0 0 0 0 0 0 0 0 0 0 0 0 0 0 0 0 0 0 0 0 0 0 0 0 0 0 0 0 0 0 0 0 0 0 0 0 0 0 0 0 0 0 0 0 0 0 0 0 0 0 0 0 0 0 0 0 0 0 0 0 0 0 0 0 0 0 0 0 0 0 0 0 0 0 0 0 0 0 0 0 0 0 0 0 0 0 0 0 0
I0626 17:53:23.641157 139870539261696 classifier_utils.py:173] segment_ids: 0 0 0 0 0 0 0 0 0 0 0 0 0 0 0 1 1 1 1 1 1 1 1 1 1 1 1 1 1 0 0 0 0 0 0 0 0 0 0 0 0 0 0 0 0 0 0 0 0 0 0 0 0 0 0 0 0 0 0 0 0 0 0 0 0 0 0 0 0 0 0 0 0 0 0 0 0 0 0 0 0 0 0 0 0 0 0 0 0 0 0 0 0 0 0 0 0 0 0 0 0 0 0 0 0 0 0 0 0 0 0 0 0 0 0 0 0 0 0 0 0 0 0 0 0 0 0 0
INFO:tensorflow:label: 0 (id = 0)
I0626 17:53:23.641293 139870539261696 classifier_utils.py:174] label: 0 (id = 0)
INFO:tensorflow:Writing example 3000 of 181882
I0626 17:53:26.423382 139870539261696 classifier_utils.py:209] Writing example 3000 of 181882
INFO:tensorflow:Writing example 6000 of 181882
I0626 17:53:28.804406 139870539261696 classifier_utils.py:209] Writing example 6000 of 181882
INFO:tensorflow:Writing example 9000 of 181882
I0626 17:53:31.200544 139870539261696 classifier_utils.py:209] Writing example 9000 of 181882
INFO:tensorflow:Writing example 12000 of 181882
I0626 17:53:33.516969 139870539261696 classifier_utils.py:209] Writing example 12000 of 181882
INFO:tensorflow:Writing example 15000 of 181882
I0626 17:53:35.845164 139870539261696 classifier_utils.py:209] Writing example 15000 of 181882
INFO:tensorflow:Writing example 18000 of 181882
I0626 17:53:38.218492 139870539261696 classifier_utils.py:209] Writing example 18000 of 181882
INFO:tensorflow:Writing example 21000 of 181882
I0626 17:53:40.577664 139870539261696 classifier_utils.py:209] Writing example 21000 of 181882
INFO:tensorflow:Writing example 24000 of 181882
I0626 17:53:42.980797 139870539261696 classifier_utils.py:209] Writing example 24000 of 181882
INFO:tensorflow:Writing example 27000 of 181882
I0626 17:53:45.410284 139870539261696 classifier_utils.py:209] Writing example 27000 of 181882
INFO:tensorflow:Writing example 30000 of 181882
I0626 17:53:47.778437 139870539261696 classifier_utils.py:209] Writing example 30000 of 181882
INFO:tensorflow:Writing example 33000 of 181882
I0626 17:53:50.091232 139870539261696 classifier_utils.py:209] Writing example 33000 of 181882
INFO:tensorflow:Writing example 36000 of 181882
I0626 17:53:52.476385 139870539261696 classifier_utils.py:209] Writing example 36000 of 181882
INFO:tensorflow:Writing example 39000 of 181882
I0626 17:53:55.141155 139870539261696 classifier_utils.py:209] Writing example 39000 of 181882
INFO:tensorflow:Writing example 42000 of 181882
I0626 17:53:57.594463 139870539261696 classifier_utils.py:209] Writing example 42000 of 181882
INFO:tensorflow:Writing example 45000 of 181882
I0626 17:54:00.022041 139870539261696 classifier_utils.py:209] Writing example 45000 of 181882
INFO:tensorflow:Writing example 48000 of 181882
I0626 17:54:02.419682 139870539261696 classifier_utils.py:209] Writing example 48000 of 181882
INFO:tensorflow:Writing example 51000 of 181882
I0626 17:54:05.657550 139870539261696 classifier_utils.py:209] Writing example 51000 of 181882
INFO:tensorflow:Writing example 54000 of 181882
I0626 17:54:08.275999 139870539261696 classifier_utils.py:209] Writing example 54000 of 181882
INFO:tensorflow:Writing example 57000 of 181882
I0626 17:54:10.725126 139870539261696 classifier_utils.py:209] Writing example 57000 of 181882
INFO:tensorflow:Writing example 60000 of 181882
I0626 17:54:13.008677 139870539261696 classifier_utils.py:209] Writing example 60000 of 181882
INFO:tensorflow:Writing example 63000 of 181882
I0626 17:54:15.499258 139870539261696 classifier_utils.py:209] Writing example 63000 of 181882
INFO:tensorflow:Writing example 66000 of 181882
I0626 17:54:18.068468 139870539261696 classifier_utils.py:209] Writing example 66000 of 181882
INFO:tensorflow:Writing example 69000 of 181882
I0626 17:54:20.461920 139870539261696 classifier_utils.py:209] Writing example 69000 of 181882
INFO:tensorflow:Writing example 72000 of 181882
I0626 17:54:22.805871 139870539261696 classifier_utils.py:209] Writing example 72000 of 181882
INFO:tensorflow:Writing example 75000 of 181882
I0626 17:54:25.215923 139870539261696 classifier_utils.py:209] Writing example 75000 of 181882
INFO:tensorflow:Writing example 78000 of 181882
I0626 17:54:27.588892 139870539261696 classifier_utils.py:209] Writing example 78000 of 181882
INFO:tensorflow:Writing example 81000 of 181882
I0626 17:54:29.963000 139870539261696 classifier_utils.py:209] Writing example 81000 of 181882
INFO:tensorflow:Writing example 84000 of 181882
I0626 17:54:32.319298 139870539261696 classifier_utils.py:209] Writing example 84000 of 181882
INFO:tensorflow:Writing example 87000 of 181882
I0626 17:54:34.703988 139870539261696 classifier_utils.py:209] Writing example 87000 of 181882
INFO:tensorflow:Writing example 90000 of 181882
I0626 17:54:36.999197 139870539261696 classifier_utils.py:209] Writing example 90000 of 181882
INFO:tensorflow:Writing example 93000 of 181882
I0626 17:54:39.481932 139870539261696 classifier_utils.py:209] Writing example 93000 of 181882
INFO:tensorflow:Writing example 96000 of 181882
I0626 17:54:41.829774 139870539261696 classifier_utils.py:209] Writing example 96000 of 181882
INFO:tensorflow:Writing example 99000 of 181882
I0626 17:54:44.221888 139870539261696 classifier_utils.py:209] Writing example 99000 of 181882
INFO:tensorflow:Writing example 102000 of 181882
I0626 17:54:46.683950 139870539261696 classifier_utils.py:209] Writing example 102000 of 181882
INFO:tensorflow:Writing example 105000 of 181882
I0626 17:54:50.821807 139870539261696 classifier_utils.py:209] Writing example 105000 of 181882
INFO:tensorflow:Writing example 108000 of 181882
I0626 17:54:54.163001 139870539261696 classifier_utils.py:209] Writing example 108000 of 181882
INFO:tensorflow:Writing example 111000 of 181882
I0626 17:54:56.927171 139870539261696 classifier_utils.py:209] Writing example 111000 of 181882
INFO:tensorflow:Writing example 114000 of 181882
I0626 17:54:59.361113 139870539261696 classifier_utils.py:209] Writing example 114000 of 181882
INFO:tensorflow:Writing example 117000 of 181882
I0626 17:55:02.149030 139870539261696 classifier_utils.py:209] Writing example 117000 of 181882
INFO:tensorflow:Writing example 120000 of 181882
I0626 17:55:04.526548 139870539261696 classifier_utils.py:209] Writing example 120000 of 181882
INFO:tensorflow:Writing example 123000 of 181882
I0626 17:55:06.858962 139870539261696 classifier_utils.py:209] Writing example 123000 of 181882
INFO:tensorflow:Writing example 126000 of 181882
I0626 17:55:09.178230 139870539261696 classifier_utils.py:209] Writing example 126000 of 181882
INFO:tensorflow:Writing example 129000 of 181882
I0626 17:55:11.615422 139870539261696 classifier_utils.py:209] Writing example 129000 of 181882
INFO:tensorflow:Writing example 132000 of 181882
I0626 17:55:13.926204 139870539261696 classifier_utils.py:209] Writing example 132000 of 181882
INFO:tensorflow:Writing example 135000 of 181882
I0626 17:55:16.344254 139870539261696 classifier_utils.py:209] Writing example 135000 of 181882
INFO:tensorflow:Writing example 138000 of 181882
I0626 17:55:18.653862 139870539261696 classifier_utils.py:209] Writing example 138000 of 181882
INFO:tensorflow:Writing example 141000 of 181882
I0626 17:55:21.041616 139870539261696 classifier_utils.py:209] Writing example 141000 of 181882
INFO:tensorflow:Writing example 144000 of 181882
I0626 17:55:23.493442 139870539261696 classifier_utils.py:209] Writing example 144000 of 181882
INFO:tensorflow:Writing example 147000 of 181882
I0626 17:55:25.909067 139870539261696 classifier_utils.py:209] Writing example 147000 of 181882
INFO:tensorflow:Writing example 150000 of 181882
I0626 17:55:28.333753 139870539261696 classifier_utils.py:209] Writing example 150000 of 181882
INFO:tensorflow:Writing example 153000 of 181882
I0626 17:55:30.647894 139870539261696 classifier_utils.py:209] Writing example 153000 of 181882
INFO:tensorflow:Writing example 156000 of 181882
I0626 17:55:33.134753 139870539261696 classifier_utils.py:209] Writing example 156000 of 181882
INFO:tensorflow:Writing example 159000 of 181882
I0626 17:55:37.101957 139870539261696 classifier_utils.py:209] Writing example 159000 of 181882
INFO:tensorflow:Writing example 162000 of 181882
I0626 17:55:41.160761 139870539261696 classifier_utils.py:209] Writing example 162000 of 181882
INFO:tensorflow:Writing example 165000 of 181882
I0626 17:55:45.519566 139870539261696 classifier_utils.py:209] Writing example 165000 of 181882
INFO:tensorflow:Writing example 168000 of 181882
I0626 17:55:48.796013 139870539261696 classifier_utils.py:209] Writing example 168000 of 181882
INFO:tensorflow:Writing example 171000 of 181882
I0626 17:55:52.342875 139870539261696 classifier_utils.py:209] Writing example 171000 of 181882
INFO:tensorflow:Writing example 174000 of 181882
I0626 17:55:55.237823 139870539261696 classifier_utils.py:209] Writing example 174000 of 181882
INFO:tensorflow:Writing example 177000 of 181882
I0626 17:55:57.601757 139870539261696 classifier_utils.py:209] Writing example 177000 of 181882
INFO:tensorflow:Writing example 180000 of 181882
I0626 17:55:59.970006 139870539261696 classifier_utils.py:209] Writing example 180000 of 181882
INFO:tensorflow:***** Running training *****
I0626 17:56:03.302844 139870539261696 run_classifier.py:294] ***** Running training *****
INFO:tensorflow:  Num examples = 181882
I0626 17:56:03.303177 139870539261696 run_classifier.py:295]   Num examples = 181882
INFO:tensorflow:  Batch size = 256
I0626 17:56:03.304513 139870539261696 run_classifier.py:296]   Batch size = 256
INFO:tensorflow:  Num steps = 1000
I0626 17:56:03.304687 139870539261696 run_classifier.py:297]   Num steps = 1000
INFO:tensorflow:Querying Tensorflow master (grpc://10.89.98.210:8470) for TPU system metadata.
I0626 17:56:03.601583 139870539261696 tpu_system_metadata.py:78] Querying Tensorflow master (grpc://10.89.98.210:8470) for TPU system metadata.
2020-06-26 17:56:03.603127: W tensorflow/core/distributed_runtime/rpc/grpc_session.cc:370] GrpcSession::ListDevices will initialize the session with an empty graph and other defaults because the session has not yet been created.
INFO:tensorflow:Found TPU system:
I0626 17:56:03.616198 139870539261696 tpu_system_metadata.py:148] Found TPU system:
INFO:tensorflow:*** Num TPU Cores: 8
I0626 17:56:03.616555 139870539261696 tpu_system_metadata.py:149] *** Num TPU Cores: 8
INFO:tensorflow:*** Num TPU Workers: 1
I0626 17:56:03.616724 139870539261696 tpu_system_metadata.py:150] *** Num TPU Workers: 1
INFO:tensorflow:*** Num TPU Cores Per Worker: 8
I0626 17:56:03.616855 139870539261696 tpu_system_metadata.py:152] *** Num TPU Cores Per Worker: 8
INFO:tensorflow:*** Available Device: _DeviceAttributes(/job:worker/replica:0/task:0/device:CPU:0, CPU, -1, 4091176655254182697)
I0626 17:56:03.616992 139870539261696 tpu_system_metadata.py:154] *** Available Device: _DeviceAttributes(/job:worker/replica:0/task:0/device:CPU:0, CPU, -1, 4091176655254182697)
INFO:tensorflow:*** Available Device: _DeviceAttributes(/job:worker/replica:0/task:0/device:TPU:0, TPU, 17179869184, 3077100487342430826)
I0626 17:56:03.617689 139870539261696 tpu_system_metadata.py:154] *** Available Device: _DeviceAttributes(/job:worker/replica:0/task:0/device:TPU:0, TPU, 17179869184, 3077100487342430826)
INFO:tensorflow:*** Available Device: _DeviceAttributes(/job:worker/replica:0/task:0/device:TPU:1, TPU, 17179869184, 1624080198067212669)
I0626 17:56:03.617829 139870539261696 tpu_system_metadata.py:154] *** Available Device: _DeviceAttributes(/job:worker/replica:0/task:0/device:TPU:1, TPU, 17179869184, 1624080198067212669)
INFO:tensorflow:*** Available Device: _DeviceAttributes(/job:worker/replica:0/task:0/device:TPU:2, TPU, 17179869184, 11881010747104700926)
I0626 17:56:03.617966 139870539261696 tpu_system_metadata.py:154] *** Available Device: _DeviceAttributes(/job:worker/replica:0/task:0/device:TPU:2, TPU, 17179869184, 11881010747104700926)
INFO:tensorflow:*** Available Device: _DeviceAttributes(/job:worker/replica:0/task:0/device:TPU:3, TPU, 17179869184, 9315151828494300408)
I0626 17:56:03.618098 139870539261696 tpu_system_metadata.py:154] *** Available Device: _DeviceAttributes(/job:worker/replica:0/task:0/device:TPU:3, TPU, 17179869184, 9315151828494300408)
INFO:tensorflow:*** Available Device: _DeviceAttributes(/job:worker/replica:0/task:0/device:TPU:4, TPU, 17179869184, 5842354370010175334)
I0626 17:56:03.618220 139870539261696 tpu_system_metadata.py:154] *** Available Device: _DeviceAttributes(/job:worker/replica:0/task:0/device:TPU:4, TPU, 17179869184, 5842354370010175334)
INFO:tensorflow:*** Available Device: _DeviceAttributes(/job:worker/replica:0/task:0/device:TPU:5, TPU, 17179869184, 12503612453424684375)
I0626 17:56:03.618336 139870539261696 tpu_system_metadata.py:154] *** Available Device: _DeviceAttributes(/job:worker/replica:0/task:0/device:TPU:5, TPU, 17179869184, 12503612453424684375)
INFO:tensorflow:*** Available Device: _DeviceAttributes(/job:worker/replica:0/task:0/device:TPU:6, TPU, 17179869184, 13771499239872485493)
I0626 17:56:03.618487 139870539261696 tpu_system_metadata.py:154] *** Available Device: _DeviceAttributes(/job:worker/replica:0/task:0/device:TPU:6, TPU, 17179869184, 13771499239872485493)
INFO:tensorflow:*** Available Device: _DeviceAttributes(/job:worker/replica:0/task:0/device:TPU:7, TPU, 17179869184, 1394914840029185232)
I0626 17:56:03.618604 139870539261696 tpu_system_metadata.py:154] *** Available Device: _DeviceAttributes(/job:worker/replica:0/task:0/device:TPU:7, TPU, 17179869184, 1394914840029185232)
INFO:tensorflow:*** Available Device: _DeviceAttributes(/job:worker/replica:0/task:0/device:TPU_SYSTEM:0, TPU_SYSTEM, 17179869184, 1104645876252226839)
I0626 17:56:03.618718 139870539261696 tpu_system_metadata.py:154] *** Available Device: _DeviceAttributes(/job:worker/replica:0/task:0/device:TPU_SYSTEM:0, TPU_SYSTEM, 17179869184, 1104645876252226839)
INFO:tensorflow:*** Available Device: _DeviceAttributes(/job:worker/replica:0/task:0/device:XLA_CPU:0, XLA_CPU, 17179869184, 5179237461776624858)
I0626 17:56:03.618835 139870539261696 tpu_system_metadata.py:154] *** Available Device: _DeviceAttributes(/job:worker/replica:0/task:0/device:XLA_CPU:0, XLA_CPU, 17179869184, 5179237461776624858)
WARNING:tensorflow:From /usr/local/lib/python3.5/dist-packages/tensorflow_core/python/ops/resource_variable_ops.py:1630: calling BaseResourceVariable.__init__ (from tensorflow.python.ops.resource_variable_ops) with constraint is deprecated and will be removed in a future version.
Instructions for updating:
If using Keras pass *_constraint arguments to layers.
W0626 17:56:03.626175 139870539261696 deprecation.py:506] From /usr/local/lib/python3.5/dist-packages/tensorflow_core/python/ops/resource_variable_ops.py:1630: calling BaseResourceVariable.__init__ (from tensorflow.python.ops.resource_variable_ops) with constraint is deprecated and will be removed in a future version.
Instructions for updating:
If using Keras pass *_constraint arguments to layers.
WARNING:tensorflow:From /usr/local/lib/python3.5/dist-packages/tensorflow_core/python/training/training_util.py:236: Variable.initialized_value (from tensorflow.python.ops.variables) is deprecated and will be removed in a future version.
Instructions for updating:
Use Variable.read_value. Variables in 2.X are initialized automatically both in eager and graph (inside tf.defun) contexts.
W0626 17:56:03.626816 139870539261696 deprecation.py:323] From /usr/local/lib/python3.5/dist-packages/tensorflow_core/python/training/training_util.py:236: Variable.initialized_value (from tensorflow.python.ops.variables) is deprecated and will be removed in a future version.
Instructions for updating:
Use Variable.read_value. Variables in 2.X are initialized automatically both in eager and graph (inside tf.defun) contexts.
INFO:tensorflow:Calling model_fn.
I0626 17:56:03.640572 139870539261696 estimator.py:1148] Calling model_fn.
WARNING:tensorflow:From ./src/char_segmented/classifier_utils.py:296: map_and_batch (from tensorflow.contrib.data.python.ops.batching) is deprecated and will be removed in a future version.
Instructions for updating:
Use `tf.data.experimental.map_and_batch(...)`.
W0626 17:56:03.669106 139870539261696 deprecation.py:323] From ./src/char_segmented/classifier_utils.py:296: map_and_batch (from tensorflow.contrib.data.python.ops.batching) is deprecated and will be removed in a future version.
Instructions for updating:
Use `tf.data.experimental.map_and_batch(...)`.
WARNING:tensorflow:From /usr/local/lib/python3.5/dist-packages/tensorflow_core/contrib/data/python/ops/batching.py:276: map_and_batch (from tensorflow.python.data.experimental.ops.batching) is deprecated and will be removed in a future version.
Instructions for updating:
Use `tf.data.Dataset.map(map_func, num_parallel_calls)` followed by `tf.data.Dataset.batch(batch_size, drop_remainder)`. Static tf.data optimizations will take care of using the fused implementation.
W0626 17:56:03.669458 139870539261696 deprecation.py:323] From /usr/local/lib/python3.5/dist-packages/tensorflow_core/contrib/data/python/ops/batching.py:276: map_and_batch (from tensorflow.python.data.experimental.ops.batching) is deprecated and will be removed in a future version.
Instructions for updating:
Use `tf.data.Dataset.map(map_func, num_parallel_calls)` followed by `tf.data.Dataset.batch(batch_size, drop_remainder)`. Static tf.data optimizations will take care of using the fused implementation.
WARNING:tensorflow:From ./src/char_segmented/classifier_utils.py:273: to_int32 (from tensorflow.python.ops.math_ops) is deprecated and will be removed in a future version.
Instructions for updating:
Use `tf.cast` instead.
W0626 17:56:03.862270 139870539261696 deprecation.py:323] From ./src/char_segmented/classifier_utils.py:273: to_int32 (from tensorflow.python.ops.math_ops) is deprecated and will be removed in a future version.
Instructions for updating:
Use `tf.cast` instead.
2020-06-26 17:56:03.922372: W tensorflow/stream_executor/platform/default/dso_loader.cc:55] Could not load dynamic library 'libcuda.so.1'; dlerror: libcuda.so.1: cannot open shared object file: No such file or directory
2020-06-26 17:56:03.922434: E tensorflow/stream_executor/cuda/cuda_driver.cc:318] failed call to cuInit: UNKNOWN ERROR (303)
2020-06-26 17:56:03.922479: I tensorflow/stream_executor/cuda/cuda_diagnostics.cc:156] kernel driver does not appear to be running on this host (h-bert-1): /proc/driver/nvidia/version does not exist
INFO:tensorflow:*** Features ***
I0626 17:56:03.942744 139870539261696 classifier_utils.py:392] *** Features ***
INFO:tensorflow:  name = input_ids, shape = (32, 128)
I0626 17:56:03.943085 139870539261696 classifier_utils.py:394]   name = input_ids, shape = (32, 128)
INFO:tensorflow:  name = input_mask, shape = (32, 128)
I0626 17:56:03.943329 139870539261696 classifier_utils.py:394]   name = input_mask, shape = (32, 128)
INFO:tensorflow:  name = is_real_example, shape = (32,)
I0626 17:56:03.943463 139870539261696 classifier_utils.py:394]   name = is_real_example, shape = (32,)
INFO:tensorflow:  name = label_ids, shape = (32,)
I0626 17:56:03.943572 139870539261696 classifier_utils.py:394]   name = label_ids, shape = (32,)
INFO:tensorflow:  name = segment_ids, shape = (32, 128)
I0626 17:56:03.943677 139870539261696 classifier_utils.py:394]   name = segment_ids, shape = (32, 128)
INFO:tensorflow:creating model from albert_config
I0626 17:56:03.944849 139870539261696 fine_tuning_utils.py:68] creating model from albert_config
WARNING:tensorflow:From ./src/modeling.py:254: dense (from tensorflow.python.layers.core) is deprecated and will be removed in a future version.
Instructions for updating:
Use keras.layers.Dense instead.
W0626 17:56:05.369031 139870539261696 deprecation.py:323] From ./src/modeling.py:254: dense (from tensorflow.python.layers.core) is deprecated and will be removed in a future version.
Instructions for updating:
Use keras.layers.Dense instead.
WARNING:tensorflow:From /usr/local/lib/python3.5/dist-packages/tensorflow_core/python/layers/core.py:187: Layer.apply (from tensorflow.python.keras.engine.base_layer) is deprecated and will be removed in a future version.
Instructions for updating:
Please use `layer.__call__` method instead.
W0626 17:56:05.371818 139870539261696 deprecation.py:323] From /usr/local/lib/python3.5/dist-packages/tensorflow_core/python/layers/core.py:187: Layer.apply (from tensorflow.python.keras.engine.base_layer) is deprecated and will be removed in a future version.
Instructions for updating:
Please use `layer.__call__` method instead.
WARNING:tensorflow:From ./src/char_segmented/classifier_utils.py:355: calling dropout (from tensorflow.python.ops.nn_ops) with keep_prob is deprecated and will be removed in a future version.
Instructions for updating:
Please use `rate` instead of `keep_prob`. Rate should be set to `rate = 1 - keep_prob`.
W0626 17:56:05.406945 139870539261696 deprecation.py:506] From ./src/char_segmented/classifier_utils.py:355: calling dropout (from tensorflow.python.ops.nn_ops) with keep_prob is deprecated and will be removed in a future version.
Instructions for updating:
Please use `rate` instead of `keep_prob`. Rate should be set to `rate = 1 - keep_prob`.
INFO:tensorflow:name bert/embeddings/word_embeddings match to bert/embeddings/word_embeddings
I0626 17:56:06.529372 139870539261696 modeling.py:390] name bert/embeddings/word_embeddings match to bert/embeddings/word_embeddings
INFO:tensorflow:name bert/embeddings/token_type_embeddings match to bert/embeddings/token_type_embeddings
I0626 17:56:06.529734 139870539261696 modeling.py:390] name bert/embeddings/token_type_embeddings match to bert/embeddings/token_type_embeddings
INFO:tensorflow:name bert/embeddings/position_embeddings match to bert/embeddings/position_embeddings
I0626 17:56:06.529883 139870539261696 modeling.py:390] name bert/embeddings/position_embeddings match to bert/embeddings/position_embeddings
INFO:tensorflow:name bert/embeddings/LayerNorm/beta match to bert/embeddings/LayerNorm/beta
I0626 17:56:06.530000 139870539261696 modeling.py:390] name bert/embeddings/LayerNorm/beta match to bert/embeddings/LayerNorm/beta
INFO:tensorflow:name bert/embeddings/LayerNorm/gamma match to bert/embeddings/LayerNorm/gamma
I0626 17:56:06.530114 139870539261696 modeling.py:390] name bert/embeddings/LayerNorm/gamma match to bert/embeddings/LayerNorm/gamma
INFO:tensorflow:name bert/encoder/embedding_hidden_mapping_in/kernel match to bert/encoder/embedding_hidden_mapping_in/kernel
I0626 17:56:06.530224 139870539261696 modeling.py:390] name bert/encoder/embedding_hidden_mapping_in/kernel match to bert/encoder/embedding_hidden_mapping_in/kernel
INFO:tensorflow:name bert/encoder/embedding_hidden_mapping_in/bias match to bert/encoder/embedding_hidden_mapping_in/bias
I0626 17:56:06.530337 139870539261696 modeling.py:390] name bert/encoder/embedding_hidden_mapping_in/bias match to bert/encoder/embedding_hidden_mapping_in/bias
INFO:tensorflow:name bert/encoder/transformer/group_0/inner_group_0/attention_1/self/query/kernel match to bert/encoder/transformer/group_0/inner_group_0/attention_1/self/query/kernel
I0626 17:56:06.530461 139870539261696 modeling.py:390] name bert/encoder/transformer/group_0/inner_group_0/attention_1/self/query/kernel match to bert/encoder/transformer/group_0/inner_group_0/attention_1/self/query/kernel
INFO:tensorflow:name bert/encoder/transformer/group_0/inner_group_0/attention_1/self/query/bias match to bert/encoder/transformer/group_0/inner_group_0/attention_1/self/query/bias
I0626 17:56:06.530590 139870539261696 modeling.py:390] name bert/encoder/transformer/group_0/inner_group_0/attention_1/self/query/bias match to bert/encoder/transformer/group_0/inner_group_0/attention_1/self/query/bias
INFO:tensorflow:name bert/encoder/transformer/group_0/inner_group_0/attention_1/self/key/kernel match to bert/encoder/transformer/group_0/inner_group_0/attention_1/self/key/kernel
I0626 17:56:06.530702 139870539261696 modeling.py:390] name bert/encoder/transformer/group_0/inner_group_0/attention_1/self/key/kernel match to bert/encoder/transformer/group_0/inner_group_0/attention_1/self/key/kernel
INFO:tensorflow:name bert/encoder/transformer/group_0/inner_group_0/attention_1/self/key/bias match to bert/encoder/transformer/group_0/inner_group_0/attention_1/self/key/bias
I0626 17:56:06.530809 139870539261696 modeling.py:390] name bert/encoder/transformer/group_0/inner_group_0/attention_1/self/key/bias match to bert/encoder/transformer/group_0/inner_group_0/attention_1/self/key/bias
INFO:tensorflow:name bert/encoder/transformer/group_0/inner_group_0/attention_1/self/value/kernel match to bert/encoder/transformer/group_0/inner_group_0/attention_1/self/value/kernel
I0626 17:56:06.530951 139870539261696 modeling.py:390] name bert/encoder/transformer/group_0/inner_group_0/attention_1/self/value/kernel match to bert/encoder/transformer/group_0/inner_group_0/attention_1/self/value/kernel
INFO:tensorflow:name bert/encoder/transformer/group_0/inner_group_0/attention_1/self/value/bias match to bert/encoder/transformer/group_0/inner_group_0/attention_1/self/value/bias
I0626 17:56:06.531100 139870539261696 modeling.py:390] name bert/encoder/transformer/group_0/inner_group_0/attention_1/self/value/bias match to bert/encoder/transformer/group_0/inner_group_0/attention_1/self/value/bias
INFO:tensorflow:name bert/encoder/transformer/group_0/inner_group_0/attention_1/output/dense/kernel match to bert/encoder/transformer/group_0/inner_group_0/attention_1/output/dense/kernel
I0626 17:56:06.531216 139870539261696 modeling.py:390] name bert/encoder/transformer/group_0/inner_group_0/attention_1/output/dense/kernel match to bert/encoder/transformer/group_0/inner_group_0/attention_1/output/dense/kernel
INFO:tensorflow:name bert/encoder/transformer/group_0/inner_group_0/attention_1/output/dense/bias match to bert/encoder/transformer/group_0/inner_group_0/attention_1/output/dense/bias
I0626 17:56:06.531330 139870539261696 modeling.py:390] name bert/encoder/transformer/group_0/inner_group_0/attention_1/output/dense/bias match to bert/encoder/transformer/group_0/inner_group_0/attention_1/output/dense/bias
INFO:tensorflow:name bert/encoder/transformer/group_0/inner_group_0/LayerNorm/beta match to bert/encoder/transformer/group_0/inner_group_0/LayerNorm/beta
I0626 17:56:06.531450 139870539261696 modeling.py:390] name bert/encoder/transformer/group_0/inner_group_0/LayerNorm/beta match to bert/encoder/transformer/group_0/inner_group_0/LayerNorm/beta
INFO:tensorflow:name bert/encoder/transformer/group_0/inner_group_0/LayerNorm/gamma match to bert/encoder/transformer/group_0/inner_group_0/LayerNorm/gamma
I0626 17:56:06.531564 139870539261696 modeling.py:390] name bert/encoder/transformer/group_0/inner_group_0/LayerNorm/gamma match to bert/encoder/transformer/group_0/inner_group_0/LayerNorm/gamma
INFO:tensorflow:name bert/encoder/transformer/group_0/inner_group_0/ffn_1/intermediate/dense/kernel match to bert/encoder/transformer/group_0/inner_group_0/ffn_1/intermediate/dense/kernel
I0626 17:56:06.531677 139870539261696 modeling.py:390] name bert/encoder/transformer/group_0/inner_group_0/ffn_1/intermediate/dense/kernel match to bert/encoder/transformer/group_0/inner_group_0/ffn_1/intermediate/dense/kernel
INFO:tensorflow:name bert/encoder/transformer/group_0/inner_group_0/ffn_1/intermediate/dense/bias match to bert/encoder/transformer/group_0/inner_group_0/ffn_1/intermediate/dense/bias
I0626 17:56:06.531788 139870539261696 modeling.py:390] name bert/encoder/transformer/group_0/inner_group_0/ffn_1/intermediate/dense/bias match to bert/encoder/transformer/group_0/inner_group_0/ffn_1/intermediate/dense/bias
INFO:tensorflow:name bert/encoder/transformer/group_0/inner_group_0/ffn_1/intermediate/output/dense/kernel match to bert/encoder/transformer/group_0/inner_group_0/ffn_1/intermediate/output/dense/kernel
I0626 17:56:06.531910 139870539261696 modeling.py:390] name bert/encoder/transformer/group_0/inner_group_0/ffn_1/intermediate/output/dense/kernel match to bert/encoder/transformer/group_0/inner_group_0/ffn_1/intermediate/output/dense/kernel
INFO:tensorflow:name bert/encoder/transformer/group_0/inner_group_0/ffn_1/intermediate/output/dense/bias match to bert/encoder/transformer/group_0/inner_group_0/ffn_1/intermediate/output/dense/bias
I0626 17:56:06.532055 139870539261696 modeling.py:390] name bert/encoder/transformer/group_0/inner_group_0/ffn_1/intermediate/output/dense/bias match to bert/encoder/transformer/group_0/inner_group_0/ffn_1/intermediate/output/dense/bias
INFO:tensorflow:name bert/encoder/transformer/group_0/inner_group_0/LayerNorm_1/beta match to bert/encoder/transformer/group_0/inner_group_0/LayerNorm_1/beta
I0626 17:56:06.532169 139870539261696 modeling.py:390] name bert/encoder/transformer/group_0/inner_group_0/LayerNorm_1/beta match to bert/encoder/transformer/group_0/inner_group_0/LayerNorm_1/beta
INFO:tensorflow:name bert/encoder/transformer/group_0/inner_group_0/LayerNorm_1/gamma match to bert/encoder/transformer/group_0/inner_group_0/LayerNorm_1/gamma
I0626 17:56:06.532287 139870539261696 modeling.py:390] name bert/encoder/transformer/group_0/inner_group_0/LayerNorm_1/gamma match to bert/encoder/transformer/group_0/inner_group_0/LayerNorm_1/gamma
INFO:tensorflow:name bert/pooler/dense/kernel match to bert/pooler/dense/kernel
I0626 17:56:06.532691 139870539261696 modeling.py:390] name bert/pooler/dense/kernel match to bert/pooler/dense/kernel
INFO:tensorflow:name bert/pooler/dense/bias match to bert/pooler/dense/bias
I0626 17:56:06.533079 139870539261696 modeling.py:390] name bert/pooler/dense/bias match to bert/pooler/dense/bias
INFO:tensorflow:name output_weights does not get matched
I0626 17:56:06.533536 139870539261696 modeling.py:388] name output_weights does not get matched
INFO:tensorflow:name output_bias does not get matched
I0626 17:56:06.533723 139870539261696 modeling.py:388] name output_bias does not get matched
INFO:tensorflow:**** Trainable Variables ****
I0626 17:56:06.533897 139870539261696 classifier_utils.py:438] **** Trainable Variables ****
INFO:tensorflow:  name = bert/embeddings/word_embeddings:0, shape = (21128, 128), *INIT_FROM_CKPT*
I0626 17:56:06.534028 139870539261696 classifier_utils.py:444]   name = bert/embeddings/word_embeddings:0, shape = (21128, 128), *INIT_FROM_CKPT*
INFO:tensorflow:  name = bert/embeddings/token_type_embeddings:0, shape = (2, 128), *INIT_FROM_CKPT*
I0626 17:56:06.534224 139870539261696 classifier_utils.py:444]   name = bert/embeddings/token_type_embeddings:0, shape = (2, 128), *INIT_FROM_CKPT*
INFO:tensorflow:  name = bert/embeddings/position_embeddings:0, shape = (512, 128), *INIT_FROM_CKPT*
I0626 17:56:06.534398 139870539261696 classifier_utils.py:444]   name = bert/embeddings/position_embeddings:0, shape = (512, 128), *INIT_FROM_CKPT*
INFO:tensorflow:  name = bert/embeddings/LayerNorm/beta:0, shape = (128,), *INIT_FROM_CKPT*
I0626 17:56:06.534564 139870539261696 classifier_utils.py:444]   name = bert/embeddings/LayerNorm/beta:0, shape = (128,), *INIT_FROM_CKPT*
INFO:tensorflow:  name = bert/embeddings/LayerNorm/gamma:0, shape = (128,), *INIT_FROM_CKPT*
I0626 17:56:06.534710 139870539261696 classifier_utils.py:444]   name = bert/embeddings/LayerNorm/gamma:0, shape = (128,), *INIT_FROM_CKPT*
INFO:tensorflow:  name = bert/encoder/embedding_hidden_mapping_in/kernel:0, shape = (128, 768), *INIT_FROM_CKPT*
I0626 17:56:06.534857 139870539261696 classifier_utils.py:444]   name = bert/encoder/embedding_hidden_mapping_in/kernel:0, shape = (128, 768), *INIT_FROM_CKPT*
INFO:tensorflow:  name = bert/encoder/embedding_hidden_mapping_in/bias:0, shape = (768,), *INIT_FROM_CKPT*
I0626 17:56:06.535016 139870539261696 classifier_utils.py:444]   name = bert/encoder/embedding_hidden_mapping_in/bias:0, shape = (768,), *INIT_FROM_CKPT*
INFO:tensorflow:  name = bert/encoder/transformer/group_0/inner_group_0/attention_1/self/query/kernel:0, shape = (768, 768), *INIT_FROM_CKPT*
I0626 17:56:06.535158 139870539261696 classifier_utils.py:444]   name = bert/encoder/transformer/group_0/inner_group_0/attention_1/self/query/kernel:0, shape = (768, 768), *INIT_FROM_CKPT*
INFO:tensorflow:  name = bert/encoder/transformer/group_0/inner_group_0/attention_1/self/query/bias:0, shape = (768,), *INIT_FROM_CKPT*
I0626 17:56:06.535307 139870539261696 classifier_utils.py:444]   name = bert/encoder/transformer/group_0/inner_group_0/attention_1/self/query/bias:0, shape = (768,), *INIT_FROM_CKPT*
INFO:tensorflow:  name = bert/encoder/transformer/group_0/inner_group_0/attention_1/self/key/kernel:0, shape = (768, 768), *INIT_FROM_CKPT*
I0626 17:56:06.535449 139870539261696 classifier_utils.py:444]   name = bert/encoder/transformer/group_0/inner_group_0/attention_1/self/key/kernel:0, shape = (768, 768), *INIT_FROM_CKPT*
INFO:tensorflow:  name = bert/encoder/transformer/group_0/inner_group_0/attention_1/self/key/bias:0, shape = (768,), *INIT_FROM_CKPT*
I0626 17:56:06.535601 139870539261696 classifier_utils.py:444]   name = bert/encoder/transformer/group_0/inner_group_0/attention_1/self/key/bias:0, shape = (768,), *INIT_FROM_CKPT*
INFO:tensorflow:  name = bert/encoder/transformer/group_0/inner_group_0/attention_1/self/value/kernel:0, shape = (768, 768), *INIT_FROM_CKPT*
I0626 17:56:06.535764 139870539261696 classifier_utils.py:444]   name = bert/encoder/transformer/group_0/inner_group_0/attention_1/self/value/kernel:0, shape = (768, 768), *INIT_FROM_CKPT*
INFO:tensorflow:  name = bert/encoder/transformer/group_0/inner_group_0/attention_1/self/value/bias:0, shape = (768,), *INIT_FROM_CKPT*
I0626 17:56:06.535927 139870539261696 classifier_utils.py:444]   name = bert/encoder/transformer/group_0/inner_group_0/attention_1/self/value/bias:0, shape = (768,), *INIT_FROM_CKPT*
INFO:tensorflow:  name = bert/encoder/transformer/group_0/inner_group_0/attention_1/output/dense/kernel:0, shape = (768, 768), *INIT_FROM_CKPT*
I0626 17:56:06.536113 139870539261696 classifier_utils.py:444]   name = bert/encoder/transformer/group_0/inner_group_0/attention_1/output/dense/kernel:0, shape = (768, 768), *INIT_FROM_CKPT*
INFO:tensorflow:  name = bert/encoder/transformer/group_0/inner_group_0/attention_1/output/dense/bias:0, shape = (768,), *INIT_FROM_CKPT*
I0626 17:56:06.536274 139870539261696 classifier_utils.py:444]   name = bert/encoder/transformer/group_0/inner_group_0/attention_1/output/dense/bias:0, shape = (768,), *INIT_FROM_CKPT*
INFO:tensorflow:  name = bert/encoder/transformer/group_0/inner_group_0/LayerNorm/beta:0, shape = (768,), *INIT_FROM_CKPT*
I0626 17:56:06.536418 139870539261696 classifier_utils.py:444]   name = bert/encoder/transformer/group_0/inner_group_0/LayerNorm/beta:0, shape = (768,), *INIT_FROM_CKPT*
INFO:tensorflow:  name = bert/encoder/transformer/group_0/inner_group_0/LayerNorm/gamma:0, shape = (768,), *INIT_FROM_CKPT*
I0626 17:56:06.536560 139870539261696 classifier_utils.py:444]   name = bert/encoder/transformer/group_0/inner_group_0/LayerNorm/gamma:0, shape = (768,), *INIT_FROM_CKPT*
INFO:tensorflow:  name = bert/encoder/transformer/group_0/inner_group_0/ffn_1/intermediate/dense/kernel:0, shape = (768, 3072), *INIT_FROM_CKPT*
I0626 17:56:06.536696 139870539261696 classifier_utils.py:444]   name = bert/encoder/transformer/group_0/inner_group_0/ffn_1/intermediate/dense/kernel:0, shape = (768, 3072), *INIT_FROM_CKPT*
INFO:tensorflow:  name = bert/encoder/transformer/group_0/inner_group_0/ffn_1/intermediate/dense/bias:0, shape = (3072,), *INIT_FROM_CKPT*
I0626 17:56:06.536845 139870539261696 classifier_utils.py:444]   name = bert/encoder/transformer/group_0/inner_group_0/ffn_1/intermediate/dense/bias:0, shape = (3072,), *INIT_FROM_CKPT*
INFO:tensorflow:  name = bert/encoder/transformer/group_0/inner_group_0/ffn_1/intermediate/output/dense/kernel:0, shape = (3072, 768), *INIT_FROM_CKPT*
I0626 17:56:06.536995 139870539261696 classifier_utils.py:444]   name = bert/encoder/transformer/group_0/inner_group_0/ffn_1/intermediate/output/dense/kernel:0, shape = (3072, 768), *INIT_FROM_CKPT*
INFO:tensorflow:  name = bert/encoder/transformer/group_0/inner_group_0/ffn_1/intermediate/output/dense/bias:0, shape = (768,), *INIT_FROM_CKPT*
I0626 17:56:06.537143 139870539261696 classifier_utils.py:444]   name = bert/encoder/transformer/group_0/inner_group_0/ffn_1/intermediate/output/dense/bias:0, shape = (768,), *INIT_FROM_CKPT*
INFO:tensorflow:  name = bert/encoder/transformer/group_0/inner_group_0/LayerNorm_1/beta:0, shape = (768,), *INIT_FROM_CKPT*
I0626 17:56:06.537284 139870539261696 classifier_utils.py:444]   name = bert/encoder/transformer/group_0/inner_group_0/LayerNorm_1/beta:0, shape = (768,), *INIT_FROM_CKPT*
INFO:tensorflow:  name = bert/encoder/transformer/group_0/inner_group_0/LayerNorm_1/gamma:0, shape = (768,), *INIT_FROM_CKPT*
I0626 17:56:06.537427 139870539261696 classifier_utils.py:444]   name = bert/encoder/transformer/group_0/inner_group_0/LayerNorm_1/gamma:0, shape = (768,), *INIT_FROM_CKPT*
INFO:tensorflow:  name = bert/pooler/dense/kernel:0, shape = (768, 768), *INIT_FROM_CKPT*
I0626 17:56:06.537566 139870539261696 classifier_utils.py:444]   name = bert/pooler/dense/kernel:0, shape = (768, 768), *INIT_FROM_CKPT*
INFO:tensorflow:  name = bert/pooler/dense/bias:0, shape = (768,), *INIT_FROM_CKPT*
I0626 17:56:06.537729 139870539261696 classifier_utils.py:444]   name = bert/pooler/dense/bias:0, shape = (768,), *INIT_FROM_CKPT*
INFO:tensorflow:  name = output_weights:0, shape = (2, 768)
I0626 17:56:06.537878 139870539261696 classifier_utils.py:444]   name = output_weights:0, shape = (2, 768)
INFO:tensorflow:  name = output_bias:0, shape = (2,)
I0626 17:56:06.538040 139870539261696 classifier_utils.py:444]   name = output_bias:0, shape = (2,)
INFO:tensorflow:++++++ warmup starts at step 0, for 600 steps ++++++
I0626 17:56:06.552538 139870539261696 optimization.py:50] ++++++ warmup starts at step 0, for 600 steps ++++++
INFO:tensorflow:using adamw
I0626 17:56:06.564682 139870539261696 optimization.py:74] using adamw
WARNING:tensorflow:From /usr/local/lib/python3.5/dist-packages/tensorflow_core/python/ops/math_grad.py:1375: where (from tensorflow.python.ops.array_ops) is deprecated and will be removed in a future version.
Instructions for updating:
Use tf.where in 2.0, which has the same broadcast rule as np.where
W0626 17:56:06.741040 139870539261696 deprecation.py:323] From /usr/local/lib/python3.5/dist-packages/tensorflow_core/python/ops/math_grad.py:1375: where (from tensorflow.python.ops.array_ops) is deprecated and will be removed in a future version.
Instructions for updating:
Use tf.where in 2.0, which has the same broadcast rule as np.where
INFO:tensorflow:Create CheckpointSaverHook.
I0626 17:56:11.674469 139870539261696 basic_session_run_hooks.py:541] Create CheckpointSaverHook.
INFO:tensorflow:Done calling model_fn.
I0626 17:56:11.727404 139870539261696 estimator.py:1150] Done calling model_fn.
INFO:tensorflow:TPU job name worker
I0626 17:56:14.361501 139870539261696 tpu_estimator.py:506] TPU job name worker
INFO:tensorflow:Graph was finalized.
I0626 17:56:14.613153 139870539261696 monitored_session.py:240] Graph was finalized.
INFO:tensorflow:Running local_init_op.
I0626 17:56:17.286883 139870539261696 session_manager.py:500] Running local_init_op.
INFO:tensorflow:Done running local_init_op.
I0626 17:56:17.581955 139870539261696 session_manager.py:502] Done running local_init_op.
INFO:tensorflow:Saving checkpoints for 0 into gs://sbt0/experiments/rethink_vocab/finetune/nlpcc_dbqa/char_segmented_21128_length_128_steps_4.5k_time_0625_run_1/model.ckpt.
I0626 17:56:23.224144 139870539261696 basic_session_run_hooks.py:606] Saving checkpoints for 0 into gs://sbt0/experiments/rethink_vocab/finetune/nlpcc_dbqa/char_segmented_21128_length_128_steps_4.5k_time_0625_run_1/model.ckpt.
INFO:tensorflow:gs://sbt0/experiments/rethink_vocab/finetune/nlpcc_dbqa/char_segmented_21128_length_128_steps_4.5k_time_0625_run_1/model.ckpt-0 is not in all_model_checkpoint_paths. Manually adding it.
I0626 17:56:31.623157 139870539261696 checkpoint_management.py:95] gs://sbt0/experiments/rethink_vocab/finetune/nlpcc_dbqa/char_segmented_21128_length_128_steps_4.5k_time_0625_run_1/model.ckpt-0 is not in all_model_checkpoint_paths. Manually adding it.
WARNING:tensorflow:From /usr/local/lib/python3.5/dist-packages/tensorflow_estimator/python/estimator/tpu/tpu_estimator.py:751: Variable.load (from tensorflow.python.ops.variables) is deprecated and will be removed in a future version.
Instructions for updating:
Prefer Variable.assign which has equivalent behavior in 2.X.
W0626 17:56:36.236212 139870539261696 deprecation.py:323] From /usr/local/lib/python3.5/dist-packages/tensorflow_estimator/python/estimator/tpu/tpu_estimator.py:751: Variable.load (from tensorflow.python.ops.variables) is deprecated and will be removed in a future version.
Instructions for updating:
Prefer Variable.assign which has equivalent behavior in 2.X.
INFO:tensorflow:Initialized dataset iterators in 0 seconds
I0626 17:56:36.839786 139870539261696 util.py:98] Initialized dataset iterators in 0 seconds
INFO:tensorflow:Installing graceful shutdown hook.
I0626 17:56:36.840313 139870539261696 session_support.py:332] Installing graceful shutdown hook.
2020-06-26 17:56:36.840794: W tensorflow/core/distributed_runtime/rpc/grpc_session.cc:370] GrpcSession::ListDevices will initialize the session with an empty graph and other defaults because the session has not yet been created.
INFO:tensorflow:Creating heartbeat manager for ['/job:worker/replica:0/task:0/device:CPU:0']
I0626 17:56:36.845369 139870539261696 session_support.py:82] Creating heartbeat manager for ['/job:worker/replica:0/task:0/device:CPU:0']
INFO:tensorflow:Configuring worker heartbeat: shutdown_mode: WAIT_FOR_COORDINATOR

I0626 17:56:36.848058 139870539261696 session_support.py:105] Configuring worker heartbeat: shutdown_mode: WAIT_FOR_COORDINATOR

INFO:tensorflow:Init TPU system
I0626 17:56:36.852074 139870539261696 tpu_estimator.py:567] Init TPU system
INFO:tensorflow:Initialized TPU in 2 seconds
I0626 17:56:39.729624 139870539261696 tpu_estimator.py:576] Initialized TPU in 2 seconds
INFO:tensorflow:Starting infeed thread controller.
I0626 17:56:39.730723 139868343359232 tpu_estimator.py:521] Starting infeed thread controller.
INFO:tensorflow:Starting outfeed thread controller.
I0626 17:56:39.731441 139868334966528 tpu_estimator.py:540] Starting outfeed thread controller.
I0626 17:56:39.788507 139868326573824 transport.py:157] Attempting refresh to obtain initial access_token
W0626 17:56:39.827450 139868326573824 http.py:118] Invalid JSON content from response: b'{\n  "error": {\n    "code": 403,\n    "message": "Permission denied on resource project None.",\n    "status": "PERMISSION_DENIED",\n    "details": [\n      {\n        "@type": "type.googleapis.com/google.rpc.Help",\n        "links": [\n          {\n            "description": "Google developer console API key",\n            "url": "https://console.developers.google.com/project/None/apiui/credential"\n          }\n        ]\n      }\n    ]\n  }\n}\n'
Exception in thread Thread-2:
Traceback (most recent call last):
  File "/usr/local/lib/python3.5/dist-packages/tensorflow_core/python/distribute/cluster_resolver/tpu_cluster_resolver.py", line 476, in _fetch_cloud_tpu_metadata
    return request.execute()
  File "/usr/local/lib/python3.5/dist-packages/googleapiclient/_helpers.py", line 130, in positional_wrapper
    return wrapped(*args, **kwargs)
  File "/usr/local/lib/python3.5/dist-packages/googleapiclient/http.py", line 856, in execute
    raise HttpError(resp, content, uri=self.uri)
googleapiclient.errors.HttpError: <HttpError 403 when requesting https://tpu.googleapis.com/v1/projects/None/locations/None/nodes/10.89.98.210:8470?alt=json returned "Permission denied on resource project None.". Details: "[{'links': [{'url': 'https://console.developers.google.com/project/None/apiui/credential', 'description': 'Google developer console API key'}], '@type': 'type.googleapis.com/google.rpc.Help'}]">

During handling of the above exception, another exception occurred:

Traceback (most recent call last):
  File "/usr/lib/python3.5/threading.py", line 914, in _bootstrap_inner
    self.run()
  File "/usr/local/lib/python3.5/dist-packages/tensorflow_core/python/tpu/preempted_hook.py", line 87, in run
    response = self._cluster._fetch_cloud_tpu_metadata()  # pylint: disable=protected-access
  File "/usr/local/lib/python3.5/dist-packages/tensorflow_core/python/distribute/cluster_resolver/tpu_cluster_resolver.py", line 480, in _fetch_cloud_tpu_metadata
    "constructor. Exception: %s" % (self._tpu, e))
ValueError: Could not lookup TPU metadata from name 'b'10.89.98.210:8470''. Please doublecheck the tpu argument in the TPUClusterResolver constructor. Exception: <HttpError 403 when requesting https://tpu.googleapis.com/v1/projects/None/locations/None/nodes/10.89.98.210:8470?alt=json returned "Permission denied on resource project None.". Details: "[{'links': [{'url': 'https://console.developers.google.com/project/None/apiui/credential', 'description': 'Google developer console API key'}], '@type': 'type.googleapis.com/google.rpc.Help'}]">

INFO:tensorflow:Enqueue next (750) batch(es) of data to infeed.
I0626 17:56:40.024361 139870539261696 tpu_estimator.py:600] Enqueue next (750) batch(es) of data to infeed.
INFO:tensorflow:Dequeue next (750) batch(es) of data from outfeed.
I0626 17:56:40.024833 139870539261696 tpu_estimator.py:604] Dequeue next (750) batch(es) of data from outfeed.
INFO:tensorflow:Outfeed finished for iteration (0, 0)
I0626 17:56:59.669324 139868334966528 tpu_estimator.py:279] Outfeed finished for iteration (0, 0)
INFO:tensorflow:Saving checkpoints for 750 into gs://sbt0/experiments/rethink_vocab/finetune/nlpcc_dbqa/char_segmented_21128_length_128_steps_4.5k_time_0625_run_1/model.ckpt.
I0626 17:57:53.900564 139870539261696 basic_session_run_hooks.py:606] Saving checkpoints for 750 into gs://sbt0/experiments/rethink_vocab/finetune/nlpcc_dbqa/char_segmented_21128_length_128_steps_4.5k_time_0625_run_1/model.ckpt.
INFO:tensorflow:gs://sbt0/experiments/rethink_vocab/finetune/nlpcc_dbqa/char_segmented_21128_length_128_steps_4.5k_time_0625_run_1/model.ckpt-750 is not in all_model_checkpoint_paths. Manually adding it.
I0626 17:58:03.893439 139870539261696 checkpoint_management.py:95] gs://sbt0/experiments/rethink_vocab/finetune/nlpcc_dbqa/char_segmented_21128_length_128_steps_4.5k_time_0625_run_1/model.ckpt-750 is not in all_model_checkpoint_paths. Manually adding it.
INFO:tensorflow:loss = 0.12176659, step = 750
I0626 17:58:07.549251 139870539261696 basic_session_run_hooks.py:262] loss = 0.12176659, step = 750
INFO:tensorflow:Enqueue next (250) batch(es) of data to infeed.
I0626 17:58:07.551421 139870539261696 tpu_estimator.py:600] Enqueue next (250) batch(es) of data to infeed.
INFO:tensorflow:Dequeue next (250) batch(es) of data from outfeed.
I0626 17:58:07.551670 139870539261696 tpu_estimator.py:604] Dequeue next (250) batch(es) of data from outfeed.
INFO:tensorflow:Outfeed finished for iteration (1, 0)
I0626 17:58:08.971654 139868334966528 tpu_estimator.py:279] Outfeed finished for iteration (1, 0)
INFO:tensorflow:loss = 0.14752144, step = 1000 (19.534 sec)
I0626 17:58:27.083410 139870539261696 basic_session_run_hooks.py:260] loss = 0.14752144, step = 1000 (19.534 sec)
INFO:tensorflow:global_step/sec: 12.7979
I0626 17:58:27.085238 139870539261696 tpu_estimator.py:2307] global_step/sec: 12.7979
INFO:tensorflow:examples/sec: 3276.26
I0626 17:58:28.316935 139870539261696 tpu_estimator.py:2308] examples/sec: 3276.26
INFO:tensorflow:Saving checkpoints for 1000 into gs://sbt0/experiments/rethink_vocab/finetune/nlpcc_dbqa/char_segmented_21128_length_128_steps_4.5k_time_0625_run_1/model.ckpt.
I0626 17:58:28.318623 139870539261696 basic_session_run_hooks.py:606] Saving checkpoints for 1000 into gs://sbt0/experiments/rethink_vocab/finetune/nlpcc_dbqa/char_segmented_21128_length_128_steps_4.5k_time_0625_run_1/model.ckpt.
INFO:tensorflow:gs://sbt0/experiments/rethink_vocab/finetune/nlpcc_dbqa/char_segmented_21128_length_128_steps_4.5k_time_0625_run_1/model.ckpt-1000 is not in all_model_checkpoint_paths. Manually adding it.
I0626 17:58:38.320975 139870539261696 checkpoint_management.py:95] gs://sbt0/experiments/rethink_vocab/finetune/nlpcc_dbqa/char_segmented_21128_length_128_steps_4.5k_time_0625_run_1/model.ckpt-1000 is not in all_model_checkpoint_paths. Manually adding it.
INFO:tensorflow:Stop infeed thread controller
I0626 17:58:42.875730 139870539261696 tpu_estimator.py:608] Stop infeed thread controller
INFO:tensorflow:Shutting down InfeedController thread.
I0626 17:58:42.876140 139870539261696 tpu_estimator.py:434] Shutting down InfeedController thread.
INFO:tensorflow:InfeedController received shutdown signal, stopping.
I0626 17:58:42.876418 139868343359232 tpu_estimator.py:429] InfeedController received shutdown signal, stopping.
INFO:tensorflow:Infeed thread finished, shutting down.
I0626 17:58:42.876599 139868343359232 tpu_estimator.py:537] Infeed thread finished, shutting down.
INFO:tensorflow:infeed marked as finished
I0626 17:58:42.877013 139870539261696 error_handling.py:101] infeed marked as finished
INFO:tensorflow:Stop output thread controller
I0626 17:58:42.877186 139870539261696 tpu_estimator.py:612] Stop output thread controller
INFO:tensorflow:Shutting down OutfeedController thread.
I0626 17:58:42.877321 139870539261696 tpu_estimator.py:434] Shutting down OutfeedController thread.
INFO:tensorflow:OutfeedController received shutdown signal, stopping.
I0626 17:58:42.877529 139868334966528 tpu_estimator.py:429] OutfeedController received shutdown signal, stopping.
INFO:tensorflow:Outfeed thread finished, shutting down.
I0626 17:58:42.877655 139868334966528 tpu_estimator.py:551] Outfeed thread finished, shutting down.
INFO:tensorflow:outfeed marked as finished
I0626 17:58:42.877858 139870539261696 error_handling.py:101] outfeed marked as finished
INFO:tensorflow:Shutdown TPU system.
I0626 17:58:42.877990 139870539261696 tpu_estimator.py:616] Shutdown TPU system.
INFO:tensorflow:Loss for final step: 0.14752144.
I0626 17:58:43.321397 139870539261696 estimator.py:371] Loss for final step: 0.14752144.
INFO:tensorflow:training_loop marked as finished
I0626 17:58:43.322360 139870539261696 error_handling.py:101] training_loop marked as finished
INFO:tensorflow:Writing example 0 of 41024
I0626 17:58:44.255760 139870539261696 classifier_utils.py:209] Writing example 0 of 41024
INFO:tensorflow:*** Example ***
I0626 17:58:44.257295 139870539261696 classifier_utils.py:167] *** Example ***
INFO:tensorflow:guid: dev-0
I0626 17:58:44.257515 139870539261696 classifier_utils.py:168] guid: dev-0
INFO:tensorflow:tokens: [CLS] ▁新 ▁能源 科学 ▁哪 ▁部分 ▁属于 ▁实践 ▁部分 ▁? [SEP] ▁新 ▁能源 科学 ▁与 ▁工程 ▁专业 ▁为 ▁2011 ▁年 ▁教育部 ▁批准 ▁设置 ▁的 ▁本科 专业 ▁, ▁2012 ▁年 ▁将 ▁原有 ▁的 ▁风 能 ▁与 ▁动力 工程 ▁和 ▁新 ▁能源 科学 ▁与 ▁工程 ▁合并 ▁统一 ▁改为 ▁新 ▁能源 科学 ▁与 ▁工程 ▁。 [SEP]
I0626 17:58:44.257679 139870539261696 classifier_utils.py:170] tokens: [CLS] ▁新 ▁能源 科学 ▁哪 ▁部分 ▁属于 ▁实践 ▁部分 ▁? [SEP] ▁新 ▁能源 科学 ▁与 ▁工程 ▁专业 ▁为 ▁2011 ▁年 ▁教育部 ▁批准 ▁设置 ▁的 ▁本科 专业 ▁, ▁2012 ▁年 ▁将 ▁原有 ▁的 ▁风 能 ▁与 ▁动力 工程 ▁和 ▁新 ▁能源 科学 ▁与 ▁工程 ▁合并 ▁统一 ▁改为 ▁新 ▁能源 科学 ▁与 ▁工程 ▁。 [SEP]
INFO:tensorflow:input_ids: 2 78 5082 3629 4650 575 865 6343 575 1684 3 78 5082 3629 37 822 1541 24 674 18 4531 2296 1787 14 4793 13384 13 727 18 125 3808 14 389 15468 37 3452 3339 28 78 5082 3629 37 822 2960 2318 1238 78 5082 3629 37 822 15 3 0 0 0 0 0 0 0 0 0 0 0 0 0 0 0 0 0 0 0 0 0 0 0 0 0 0 0 0 0 0 0 0 0 0 0 0 0 0 0 0 0 0 0 0 0 0 0 0 0 0 0 0 0 0 0 0 0 0 0 0 0 0 0 0 0 0 0 0 0 0 0 0 0 0 0
I0626 17:58:44.257880 139870539261696 classifier_utils.py:171] input_ids: 2 78 5082 3629 4650 575 865 6343 575 1684 3 78 5082 3629 37 822 1541 24 674 18 4531 2296 1787 14 4793 13384 13 727 18 125 3808 14 389 15468 37 3452 3339 28 78 5082 3629 37 822 2960 2318 1238 78 5082 3629 37 822 15 3 0 0 0 0 0 0 0 0 0 0 0 0 0 0 0 0 0 0 0 0 0 0 0 0 0 0 0 0 0 0 0 0 0 0 0 0 0 0 0 0 0 0 0 0 0 0 0 0 0 0 0 0 0 0 0 0 0 0 0 0 0 0 0 0 0 0 0 0 0 0 0 0 0 0 0
INFO:tensorflow:input_mask: 1 1 1 1 1 1 1 1 1 1 1 1 1 1 1 1 1 1 1 1 1 1 1 1 1 1 1 1 1 1 1 1 1 1 1 1 1 1 1 1 1 1 1 1 1 1 1 1 1 1 1 1 1 0 0 0 0 0 0 0 0 0 0 0 0 0 0 0 0 0 0 0 0 0 0 0 0 0 0 0 0 0 0 0 0 0 0 0 0 0 0 0 0 0 0 0 0 0 0 0 0 0 0 0 0 0 0 0 0 0 0 0 0 0 0 0 0 0 0 0 0 0 0 0 0 0 0 0
I0626 17:58:44.258063 139870539261696 classifier_utils.py:172] input_mask: 1 1 1 1 1 1 1 1 1 1 1 1 1 1 1 1 1 1 1 1 1 1 1 1 1 1 1 1 1 1 1 1 1 1 1 1 1 1 1 1 1 1 1 1 1 1 1 1 1 1 1 1 1 0 0 0 0 0 0 0 0 0 0 0 0 0 0 0 0 0 0 0 0 0 0 0 0 0 0 0 0 0 0 0 0 0 0 0 0 0 0 0 0 0 0 0 0 0 0 0 0 0 0 0 0 0 0 0 0 0 0 0 0 0 0 0 0 0 0 0 0 0 0 0 0 0 0 0
INFO:tensorflow:segment_ids: 0 0 0 0 0 0 0 0 0 0 0 1 1 1 1 1 1 1 1 1 1 1 1 1 1 1 1 1 1 1 1 1 1 1 1 1 1 1 1 1 1 1 1 1 1 1 1 1 1 1 1 1 1 0 0 0 0 0 0 0 0 0 0 0 0 0 0 0 0 0 0 0 0 0 0 0 0 0 0 0 0 0 0 0 0 0 0 0 0 0 0 0 0 0 0 0 0 0 0 0 0 0 0 0 0 0 0 0 0 0 0 0 0 0 0 0 0 0 0 0 0 0 0 0 0 0 0 0
I0626 17:58:44.258246 139870539261696 classifier_utils.py:173] segment_ids: 0 0 0 0 0 0 0 0 0 0 0 1 1 1 1 1 1 1 1 1 1 1 1 1 1 1 1 1 1 1 1 1 1 1 1 1 1 1 1 1 1 1 1 1 1 1 1 1 1 1 1 1 1 0 0 0 0 0 0 0 0 0 0 0 0 0 0 0 0 0 0 0 0 0 0 0 0 0 0 0 0 0 0 0 0 0 0 0 0 0 0 0 0 0 0 0 0 0 0 0 0 0 0 0 0 0 0 0 0 0 0 0 0 0 0 0 0 0 0 0 0 0 0 0 0 0 0 0
INFO:tensorflow:label: 0 (id = 0)
I0626 17:58:44.258384 139870539261696 classifier_utils.py:174] label: 0 (id = 0)
INFO:tensorflow:*** Example ***
I0626 17:58:44.259565 139870539261696 classifier_utils.py:167] *** Example ***
INFO:tensorflow:guid: dev-1
I0626 17:58:44.259737 139870539261696 classifier_utils.py:168] guid: dev-1
INFO:tensorflow:tokens: [CLS] ▁新 ▁能源 科学 ▁哪 ▁部分 ▁属于 ▁实践 ▁部分 ▁? [SEP] ▁主要 ▁学习 ▁新 能源 ▁的 ▁种类 ▁和 ▁特点 ▁、 ▁利用 ▁的 ▁方式 ▁和 ▁方法 ▁、 ▁应用 ▁的 ▁现状 ▁和 ▁未来 ▁的 ▁发展 趋 势 ▁。 [SEP]
I0626 17:58:44.259906 139870539261696 classifier_utils.py:170] tokens: [CLS] ▁新 ▁能源 科学 ▁哪 ▁部分 ▁属于 ▁实践 ▁部分 ▁? [SEP] ▁主要 ▁学习 ▁新 能源 ▁的 ▁种类 ▁和 ▁特点 ▁、 ▁利用 ▁的 ▁方式 ▁和 ▁方法 ▁、 ▁应用 ▁的 ▁现状 ▁和 ▁未来 ▁的 ▁发展 趋 势 ▁。 [SEP]
INFO:tensorflow:input_ids: 2 78 5082 3629 4650 575 865 6343 575 1684 3 285 1333 78 14772 14 4616 28 4337 17 1318 14 867 28 1231 17 1555 14 14765 28 2141 14 479 17269 16125 15 3 0 0 0 0 0 0 0 0 0 0 0 0 0 0 0 0 0 0 0 0 0 0 0 0 0 0 0 0 0 0 0 0 0 0 0 0 0 0 0 0 0 0 0 0 0 0 0 0 0 0 0 0 0 0 0 0 0 0 0 0 0 0 0 0 0 0 0 0 0 0 0 0 0 0 0 0 0 0 0 0 0 0 0 0 0 0 0 0 0 0 0
I0626 17:58:44.260109 139870539261696 classifier_utils.py:171] input_ids: 2 78 5082 3629 4650 575 865 6343 575 1684 3 285 1333 78 14772 14 4616 28 4337 17 1318 14 867 28 1231 17 1555 14 14765 28 2141 14 479 17269 16125 15 3 0 0 0 0 0 0 0 0 0 0 0 0 0 0 0 0 0 0 0 0 0 0 0 0 0 0 0 0 0 0 0 0 0 0 0 0 0 0 0 0 0 0 0 0 0 0 0 0 0 0 0 0 0 0 0 0 0 0 0 0 0 0 0 0 0 0 0 0 0 0 0 0 0 0 0 0 0 0 0 0 0 0 0 0 0 0 0 0 0 0 0
INFO:tensorflow:input_mask: 1 1 1 1 1 1 1 1 1 1 1 1 1 1 1 1 1 1 1 1 1 1 1 1 1 1 1 1 1 1 1 1 1 1 1 1 1 0 0 0 0 0 0 0 0 0 0 0 0 0 0 0 0 0 0 0 0 0 0 0 0 0 0 0 0 0 0 0 0 0 0 0 0 0 0 0 0 0 0 0 0 0 0 0 0 0 0 0 0 0 0 0 0 0 0 0 0 0 0 0 0 0 0 0 0 0 0 0 0 0 0 0 0 0 0 0 0 0 0 0 0 0 0 0 0 0 0 0
I0626 17:58:44.260282 139870539261696 classifier_utils.py:172] input_mask: 1 1 1 1 1 1 1 1 1 1 1 1 1 1 1 1 1 1 1 1 1 1 1 1 1 1 1 1 1 1 1 1 1 1 1 1 1 0 0 0 0 0 0 0 0 0 0 0 0 0 0 0 0 0 0 0 0 0 0 0 0 0 0 0 0 0 0 0 0 0 0 0 0 0 0 0 0 0 0 0 0 0 0 0 0 0 0 0 0 0 0 0 0 0 0 0 0 0 0 0 0 0 0 0 0 0 0 0 0 0 0 0 0 0 0 0 0 0 0 0 0 0 0 0 0 0 0 0
INFO:tensorflow:segment_ids: 0 0 0 0 0 0 0 0 0 0 0 1 1 1 1 1 1 1 1 1 1 1 1 1 1 1 1 1 1 1 1 1 1 1 1 1 1 0 0 0 0 0 0 0 0 0 0 0 0 0 0 0 0 0 0 0 0 0 0 0 0 0 0 0 0 0 0 0 0 0 0 0 0 0 0 0 0 0 0 0 0 0 0 0 0 0 0 0 0 0 0 0 0 0 0 0 0 0 0 0 0 0 0 0 0 0 0 0 0 0 0 0 0 0 0 0 0 0 0 0 0 0 0 0 0 0 0 0
I0626 17:58:44.260453 139870539261696 classifier_utils.py:173] segment_ids: 0 0 0 0 0 0 0 0 0 0 0 1 1 1 1 1 1 1 1 1 1 1 1 1 1 1 1 1 1 1 1 1 1 1 1 1 1 0 0 0 0 0 0 0 0 0 0 0 0 0 0 0 0 0 0 0 0 0 0 0 0 0 0 0 0 0 0 0 0 0 0 0 0 0 0 0 0 0 0 0 0 0 0 0 0 0 0 0 0 0 0 0 0 0 0 0 0 0 0 0 0 0 0 0 0 0 0 0 0 0 0 0 0 0 0 0 0 0 0 0 0 0 0 0 0 0 0 0
INFO:tensorflow:label: 0 (id = 0)
I0626 17:58:44.260569 139870539261696 classifier_utils.py:174] label: 0 (id = 0)
*** Example ***
guid: train-0
tokens: [CLS] ▁黑 缘 ▁粗 角 ▁肖 叶 甲 ▁触 角 ▁有 ▁多 ▁大 ▁? [SEP] ▁体长 ▁卵 形 ▁, ▁棕 红色 ▁; ▁ 鞘 翅 ▁棕 黄 ▁或 淡 ▁棕色 ▁, ▁外 缘 ▁和 ▁中 缝 ▁黑色 ▁或 ▁黑 褐色 ▁; ▁触 角 ▁基部 ▁3 ▁、 ▁4 ▁节 ▁棕 黄 ▁, ▁ 余 节 ▁棕色 ▁。 [SEP]
input_ids: 2 523 16616 3190 15731 4429 16089 15971 3987 15731 34 105 31 1684 3 2308 5031 15617 13 5376 6873 83 15299 18736 17570 5376 15837 129 16743 13424 13 225 16616 28 23 17690 3277 129 523 6310 83 3987 15731 12437 54 17 73 462 5376 15837 13 15299 1 15706 13424 15 3 0 0 0 0 0 0 0 0 0 0 0 0 0 0 0 0 0 0 0 0 0 0 0 0 0 0 0 0 0 0 0 0 0 0 0 0 0 0 0 0 0 0 0 0 0 0 0 0 0 0 0 0 0 0 0 0 0 0 0 0 0 0 0 0 0 0 0 0 0 0 0
input_mask: 1 1 1 1 1 1 1 1 1 1 1 1 1 1 1 1 1 1 1 1 1 1 1 1 1 1 1 1 1 1 1 1 1 1 1 1 1 1 1 1 1 1 1 1 1 1 1 1 1 1 1 1 1 1 1 1 1 0 0 0 0 0 0 0 0 0 0 0 0 0 0 0 0 0 0 0 0 0 0 0 0 0 0 0 0 0 0 0 0 0 0 0 0 0 0 0 0 0 0 0 0 0 0 0 0 0 0 0 0 0 0 0 0 0 0 0 0 0 0 0 0 0 0 0 0 0 0 0
segment_ids: 0 0 0 0 0 0 0 0 0 0 0 0 0 0 0 1 1 1 1 1 1 1 1 1 1 1 1 1 1 1 1 1 1 1 1 1 1 1 1 1 1 1 1 1 1 1 1 1 1 1 1 1 1 1 1 1 1 0 0 0 0 0 0 0 0 0 0 0 0 0 0 0 0 0 0 0 0 0 0 0 0 0 0 0 0 0 0 0 0 0 0 0 0 0 0 0 0 0 0 0 0 0 0 0 0 0 0 0 0 0 0 0 0 0 0 0 0 0 0 0 0 0 0 0 0 0 0 0
label: 0 (id = 0)
*** Example ***
guid: train-1
tokens: [CLS] ▁黑 缘 ▁粗 角 ▁肖 叶 甲 ▁触 角 ▁有 ▁多 ▁大 ▁? [SEP] ▁头部 ▁刻 点 ▁粗 大 ▁, ▁分布 ▁不 ▁均 匀 ▁, ▁头 顶 ▁刻 点 ▁十分 ▁稀 疏 ▁; ▁触 角 ▁基部 ▁的 ▁内侧 ▁有 ▁一个 ▁三角形 ▁光 瘤 ▁, ▁唇 基 ▁前 缘 ▁呈 ▁半 圆 形 ▁凹 切 ▁。 [SEP]
input_ids: 2 523 16616 3190 15731 4429 16089 15971 3987 15731 34 105 31 1684 3 6652 3136 15640 3190 15319 13 837 36 802 18238 13 973 16288 3136 15640 1916 5000 17057 83 3987 15731 12437 14 14121 34 72 8503 522 17580 13 9110 15523 130 16616 1462 692 16349 15617 7213 16168 15 3 0 0 0 0 0 0 0 0 0 0 0 0 0 0 0 0 0 0 0 0 0 0 0 0 0 0 0 0 0 0 0 0 0 0 0 0 0 0 0 0 0 0 0 0 0 0 0 0 0 0 0 0 0 0 0 0 0 0 0 0 0 0 0 0 0 0 0 0 0 0 0
input_mask: 1 1 1 1 1 1 1 1 1 1 1 1 1 1 1 1 1 1 1 1 1 1 1 1 1 1 1 1 1 1 1 1 1 1 1 1 1 1 1 1 1 1 1 1 1 1 1 1 1 1 1 1 1 1 1 1 1 0 0 0 0 0 0 0 0 0 0 0 0 0 0 0 0 0 0 0 0 0 0 0 0 0 0 0 0 0 0 0 0 0 0 0 0 0 0 0 0 0 0 0 0 0 0 0 0 0 0 0 0 0 0 0 0 0 0 0 0 0 0 0 0 0 0 0 0 0 0 0
segment_ids: 0 0 0 0 0 0 0 0 0 0 0 0 0 0 0 1 1 1 1 1 1 1 1 1 1 1 1 1 1 1 1 1 1 1 1 1 1 1 1 1 1 1 1 1 1 1 1 1 1 1 1 1 1 1 1 1 1 0 0 0 0 0 0 0 0 0 0 0 0 0 0 0 0 0 0 0 0 0 0 0 0 0 0 0 0 0 0 0 0 0 0 0 0 0 0 0 0 0 0 0 0 0 0 0 0 0 0 0 0 0 0 0 0 0 0 0 0 0 0 0 0 0 0 0 0 0 0 0
label: 0 (id = 0)
*** Example ***
guid: train-2
tokens: [CLS] ▁黑 缘 ▁粗 角 ▁肖 叶 甲 ▁触 角 ▁有 ▁多 ▁大 ▁? [SEP] ▁触 角 ▁近 于 ▁体长 ▁之 半 ▁, ▁第 ▁1 ▁节 ▁粗 大 ▁, ▁棒 状 ▁, ▁第 ▁2 ▁节 短 ▁, ▁椭圆形 ▁, ▁3 ▁、 ▁4 ▁两 节 ▁细 长 ▁, ▁稍 短 ▁于 ▁第 ▁5 ▁节 ▁, ▁第 ▁5 ▁节 基 细 端 ▁粗 ▁, ▁末端 ▁6 ▁节 ▁明显 ▁粗 大 ▁。 [SEP]
input_ids: 2 523 16616 3190 15731 4429 16089 15971 3987 15731 34 105 31 1684 3 3987 15731 696 15317 2308 40 15925 13 45 16 462 3190 15319 13 2836 16032 13 45 20 462 16204 13 13220 13 54 17 73 107 15706 962 15393 13 3390 16204 25 45 81 462 13 45 81 462 15523 16140 16202 3190 13 9293 102 462 2736 3190 15319 15 3 0 0 0 0 0 0 0 0 0 0 0 0 0 0 0 0 0 0 0 0 0 0 0 0 0 0 0 0 0 0 0 0 0 0 0 0 0 0 0 0 0 0 0 0 0 0 0 0 0 0 0 0 0 0 0 0 0 0
input_mask: 1 1 1 1 1 1 1 1 1 1 1 1 1 1 1 1 1 1 1 1 1 1 1 1 1 1 1 1 1 1 1 1 1 1 1 1 1 1 1 1 1 1 1 1 1 1 1 1 1 1 1 1 1 1 1 1 1 1 1 1 1 1 1 1 1 1 1 1 1 1 0 0 0 0 0 0 0 0 0 0 0 0 0 0 0 0 0 0 0 0 0 0 0 0 0 0 0 0 0 0 0 0 0 0 0 0 0 0 0 0 0 0 0 0 0 0 0 0 0 0 0 0 0 0 0 0 0 0
segment_ids: 0 0 0 0 0 0 0 0 0 0 0 0 0 0 0 1 1 1 1 1 1 1 1 1 1 1 1 1 1 1 1 1 1 1 1 1 1 1 1 1 1 1 1 1 1 1 1 1 1 1 1 1 1 1 1 1 1 1 1 1 1 1 1 1 1 1 1 1 1 1 0 0 0 0 0 0 0 0 0 0 0 0 0 0 0 0 0 0 0 0 0 0 0 0 0 0 0 0 0 0 0 0 0 0 0 0 0 0 0 0 0 0 0 0 0 0 0 0 0 0 0 0 0 0 0 0 0 0
label: 1 (id = 1)
*** Example ***
guid: train-3
tokens: [CLS] ▁黑 缘 ▁粗 角 ▁肖 叶 甲 ▁触 角 ▁有 ▁多 ▁大 ▁? [SEP] ▁前 胸 ▁背 板 ▁横 宽 ▁, ▁宽 约 ▁为 ▁长 ▁的 ▁两倍 ▁, ▁侧 缘 ▁ 敞 出 ▁较 ▁宽 ▁, ▁圆形 ▁, ▁ 敞 边 ▁与 ▁盘 区 ▁之间 ▁有 ▁一条 ▁细 纵 ▁沟 ▁; ▁盘 区 ▁刻 点 ▁相当 ▁密 ▁, ▁前 半部 ▁刻 点 ▁较大 ▁于 ▁后 半部 ▁。 [SEP]
input_ids: 2 523 16616 3190 15731 4429 16089 15971 3987 15731 34 105 31 1684 3 130 17240 1037 16292 1595 16402 13 1269 15551 24 185 14 14126 13 2327 16616 15299 18594 15349 421 1269 13 6730 13 15299 18594 15880 37 3000 15355 694 34 1590 962 16849 3137 83 3000 15355 3136 15640 1382 1126 13 130 14612 3136 15640 5248 25 39 14612 15 3 0 0 0 0 0 0 0 0 0 0 0 0 0 0 0 0 0 0 0 0 0 0 0 0 0 0 0 0 0 0 0 0 0 0 0 0 0 0 0 0 0 0 0 0 0 0 0 0 0 0 0 0 0 0 0 0 0 0 0
input_mask: 1 1 1 1 1 1 1 1 1 1 1 1 1 1 1 1 1 1 1 1 1 1 1 1 1 1 1 1 1 1 1 1 1 1 1 1 1 1 1 1 1 1 1 1 1 1 1 1 1 1 1 1 1 1 1 1 1 1 1 1 1 1 1 1 1 1 1 1 1 0 0 0 0 0 0 0 0 0 0 0 0 0 0 0 0 0 0 0 0 0 0 0 0 0 0 0 0 0 0 0 0 0 0 0 0 0 0 0 0 0 0 0 0 0 0 0 0 0 0 0 0 0 0 0 0 0 0 0
segment_ids: 0 0 0 0 0 0 0 0 0 0 0 0 0 0 0 1 1 1 1 1 1 1 1 1 1 1 1 1 1 1 1 1 1 1 1 1 1 1 1 1 1 1 1 1 1 1 1 1 1 1 1 1 1 1 1 1 1 1 1 1 1 1 1 1 1 1 1 1 1 0 0 0 0 0 0 0 0 0 0 0 0 0 0 0 0 0 0 0 0 0 0 0 0 0 0 0 0 0 0 0 0 0 0 0 0 0 0 0 0 0 0 0 0 0 0 0 0 0 0 0 0 0 0 0 0 0 0 0
label: 0 (id = 0)
*** Example ***
guid: train-4
tokens: [CLS] ▁黑 缘 ▁粗 角 ▁肖 叶 甲 ▁触 角 ▁有 ▁多 ▁大 ▁? [SEP] ▁小 ▁盾 片 ▁舌 形 ▁, ▁光 亮 ▁, ▁末端 ▁圆 钝 ▁。 [SEP]
input_ids: 2 523 16616 3190 15731 4429 16089 15971 3987 15731 34 105 31 1684 3 101 8336 15730 7516 15617 13 522 16622 13 9293 1548 18445 15 3 0 0 0 0 0 0 0 0 0 0 0 0 0 0 0 0 0 0 0 0 0 0 0 0 0 0 0 0 0 0 0 0 0 0 0 0 0 0 0 0 0 0 0 0 0 0 0 0 0 0 0 0 0 0 0 0 0 0 0 0 0 0 0 0 0 0 0 0 0 0 0 0 0 0 0 0 0 0 0 0 0 0 0 0 0 0 0 0 0 0 0 0 0 0 0 0 0 0 0
input_mask: 1 1 1 1 1 1 1 1 1 1 1 1 1 1 1 1 1 1 1 1 1 1 1 1 1 1 1 1 1 0 0 0 0 0 0 0 0 0 0 0 0 0 0 0 0 0 0 0 0 0 0 0 0 0 0 0 0 0 0 0 0 0 0 0 0 0 0 0 0 0 0 0 0 0 0 0 0 0 0 0 0 0 0 0 0 0 0 0 0 0 0 0 0 0 0 0 0 0 0 0 0 0 0 0 0 0 0 0 0 0 0 0 0 0 0 0 0 0 0 0 0 0 0 0 0 0 0 0
segment_ids: 0 0 0 0 0 0 0 0 0 0 0 0 0 0 0 1 1 1 1 1 1 1 1 1 1 1 1 1 1 0 0 0 0 0 0 0 0 0 0 0 0 0 0 0 0 0 0 0 0 0 0 0 0 0 0 0 0 0 0 0 0 0 0 0 0 0 0 0 0 0 0 0 0 0 0 0 0 0 0 0 0 0 0 0 0 0 0 0 0 0 0 0 0 0 0 0 0 0 0 0 0 0 0 0 0 0 0 0 0 0 0 0 0 0 0 0 0 0 0 0 0 0 0 0 0 0 0 0
label: 0 (id = 0)
self.word_embedding_output:  (32, 128, 128)
*** Example ***
guid: dev-0
tokens: [CLS] ▁新 ▁能源 科学 ▁哪 ▁部分 ▁属于 ▁实践 ▁部分 ▁? [SEP] ▁新 ▁能源 科学 ▁与 ▁工程 ▁专业 ▁为 ▁2011 ▁年 ▁教育部 ▁批准 ▁设置 ▁的 ▁本科 专业 ▁, ▁2012 ▁年 ▁将 ▁原有 ▁的 ▁风 能 ▁与 ▁动力 工程 ▁和 ▁新 ▁能源 科学 ▁与 ▁工程 ▁合并 ▁统一 ▁改为 ▁新 ▁能源 科学 ▁与 ▁工程 ▁。 [SEP]
input_ids: 2 78 5082 3629 4650 575 865 6343 575 1684 3 78 5082 3629 37 822 1541 24 674 18 4531 2296 1787 14 4793 13384 13 727 18 125 3808 14 389 15468 37 3452 3339 28 78 5082 3629 37 822 2960 2318 1238 78 5082 3629 37 822 15 3 0 0 0 0 0 0 0 0 0 0 0 0 0 0 0 0 0 0 0 0 0 0 0 0 0 0 0 0 0 0 0 0 0 0 0 0 0 0 0 0 0 0 0 0 0 0 0 0 0 0 0 0 0 0 0 0 0 0 0 0 0 0 0 0 0 0 0 0 0 0 0 0 0 0 0
input_mask: 1 1 1 1 1 1 1 1 1 1 1 1 1 1 1 1 1 1 1 1 1 1 1 1 1 1 1 1 1 1 1 1 1 1 1 1 1 1 1 1 1 1 1 1 1 1 1 1 1 1 1 1 1 0 0 0 0 0 0 0 0 0 0 0 0 0 0 0 0 0 0 0 0 0 0 0 0 0 0 0 0 0 0 0 0 0 0 0 0 0 0 0 0 0 0 0 0 0 0 0 0 0 0 0 0 0 0 0 0 0 0 0 0 0 0 0 0 0 0 0 0 0 0 0 0 0 0 0
segment_ids: 0 0 0 0 0 0 0 0 0 0 0 1 1 1 1 1 1 1 1 1 1 1 1 1 1 1 1 1 1 1 1 1 1 1 1 1 1 1 1 1 1 1 1 1 1 1 1 1 1 1 1 1 1 0 0 0 0 0 0 0 0 0 0 0 0 0 0 0 0 0 0 0 0 0 0 0 0 0 0 0 0 0 0 0 0 0 0 0 0 0 0 0 0 0 0 0 0 0 0 0 0 0 0 0 0 0 0 0 0 0 0 0 0 0 0 0 0 0 0 0 0 0 0 0 0 0 0 0
label: 0 (id = 0)
*** Example ***
guid: dev-1
tokens: [CLS] ▁新 ▁能源 科学 ▁哪 ▁部分 ▁属于 ▁实践 ▁部分 ▁? [SEP] ▁主要 ▁学习 ▁新 能源 ▁的 ▁种类 ▁和 ▁特点 ▁、 ▁利用 ▁的 ▁方式 ▁和 ▁方法 ▁、 ▁应用 ▁的 ▁现状 ▁和 ▁未来 ▁的 ▁发展 趋 势 ▁。 [SEP]INFO:tensorflow:*** Example ***
I0626 17:58:44.261808 139870539261696 classifier_utils.py:167] *** Example ***
INFO:tensorflow:guid: dev-2
I0626 17:58:44.261975 139870539261696 classifier_utils.py:168] guid: dev-2
INFO:tensorflow:tokens: [CLS] ▁新 ▁能源 科学 ▁哪 ▁部分 ▁属于 ▁实践 ▁部分 ▁? [SEP] ▁具体 内容 ▁涉及 ▁风 能 ▁、 ▁太阳能 ▁、 ▁生物 质 能 ▁、 ▁核 电 ▁能 ▁、 ▁等等 ▁。 [SEP]
I0626 17:58:44.262129 139870539261696 classifier_utils.py:170] tokens: [CLS] ▁新 ▁能源 科学 ▁哪 ▁部分 ▁属于 ▁实践 ▁部分 ▁? [SEP] ▁具体 内容 ▁涉及 ▁风 能 ▁、 ▁太阳能 ▁、 ▁生物 质 能 ▁、 ▁核 电 ▁能 ▁、 ▁等等 ▁。 [SEP]
INFO:tensorflow:input_ids: 2 78 5082 3629 4650 575 865 6343 575 1684 3 3625 12861 3239 389 15468 17 13617 17 1525 15804 15468 17 957 15434 278 17 2544 15 3 0 0 0 0 0 0 0 0 0 0 0 0 0 0 0 0 0 0 0 0 0 0 0 0 0 0 0 0 0 0 0 0 0 0 0 0 0 0 0 0 0 0 0 0 0 0 0 0 0 0 0 0 0 0 0 0 0 0 0 0 0 0 0 0 0 0 0 0 0 0 0 0 0 0 0 0 0 0 0 0 0 0 0 0 0 0 0 0 0 0 0 0 0 0 0 0 0 0
I0626 17:58:44.262315 139870539261696 classifier_utils.py:171] input_ids: 2 78 5082 3629 4650 575 865 6343 575 1684 3 3625 12861 3239 389 15468 17 13617 17 1525 15804 15468 17 957 15434 278 17 2544 15 3 0 0 0 0 0 0 0 0 0 0 0 0 0 0 0 0 0 0 0 0 0 0 0 0 0 0 0 0 0 0 0 0 0 0 0 0 0 0 0 0 0 0 0 0 0 0 0 0 0 0 0 0 0 0 0 0 0 0 0 0 0 0 0 0 0 0 0 0 0 0 0 0 0 0 0 0 0 0 0 0 0 0 0 0 0 0 0 0 0 0 0 0 0 0 0 0 0 0
INFO:tensorflow:input_mask: 1 1 1 1 1 1 1 1 1 1 1 1 1 1 1 1 1 1 1 1 1 1 1 1 1 1 1 1 1 1 0 0 0 0 0 0 0 0 0 0 0 0 0 0 0 0 0 0 0 0 0 0 0 0 0 0 0 0 0 0 0 0 0 0 0 0 0 0 0 0 0 0 0 0 0 0 0 0 0 0 0 0 0 0 0 0 0 0 0 0 0 0 0 0 0 0 0 0 0 0 0 0 0 0 0 0 0 0 0 0 0 0 0 0 0 0 0 0 0 0 0 0 0 0 0 0 0 0
I0626 17:58:44.262481 139870539261696 classifier_utils.py:172] input_mask: 1 1 1 1 1 1 1 1 1 1 1 1 1 1 1 1 1 1 1 1 1 1 1 1 1 1 1 1 1 1 0 0 0 0 0 0 0 0 0 0 0 0 0 0 0 0 0 0 0 0 0 0 0 0 0 0 0 0 0 0 0 0 0 0 0 0 0 0 0 0 0 0 0 0 0 0 0 0 0 0 0 0 0 0 0 0 0 0 0 0 0 0 0 0 0 0 0 0 0 0 0 0 0 0 0 0 0 0 0 0 0 0 0 0 0 0 0 0 0 0 0 0 0 0 0 0 0 0
INFO:tensorflow:segment_ids: 0 0 0 0 0 0 0 0 0 0 0 1 1 1 1 1 1 1 1 1 1 1 1 1 1 1 1 1 1 1 0 0 0 0 0 0 0 0 0 0 0 0 0 0 0 0 0 0 0 0 0 0 0 0 0 0 0 0 0 0 0 0 0 0 0 0 0 0 0 0 0 0 0 0 0 0 0 0 0 0 0 0 0 0 0 0 0 0 0 0 0 0 0 0 0 0 0 0 0 0 0 0 0 0 0 0 0 0 0 0 0 0 0 0 0 0 0 0 0 0 0 0 0 0 0 0 0 0
I0626 17:58:44.262651 139870539261696 classifier_utils.py:173] segment_ids: 0 0 0 0 0 0 0 0 0 0 0 1 1 1 1 1 1 1 1 1 1 1 1 1 1 1 1 1 1 1 0 0 0 0 0 0 0 0 0 0 0 0 0 0 0 0 0 0 0 0 0 0 0 0 0 0 0 0 0 0 0 0 0 0 0 0 0 0 0 0 0 0 0 0 0 0 0 0 0 0 0 0 0 0 0 0 0 0 0 0 0 0 0 0 0 0 0 0 0 0 0 0 0 0 0 0 0 0 0 0 0 0 0 0 0 0 0 0 0 0 0 0 0 0 0 0 0 0
INFO:tensorflow:label: 0 (id = 0)
I0626 17:58:44.262766 139870539261696 classifier_utils.py:174] label: 0 (id = 0)
INFO:tensorflow:*** Example ***
I0626 17:58:44.264195 139870539261696 classifier_utils.py:167] *** Example ***
INFO:tensorflow:guid: dev-3
I0626 17:58:44.264350 139870539261696 classifier_utils.py:168] guid: dev-3
INFO:tensorflow:tokens: [CLS] ▁新 ▁能源 科学 ▁哪 ▁部分 ▁属于 ▁实践 ▁部分 ▁? [SEP] ▁新 ▁能源 科学 ▁与 ▁工程 ▁专业 ▁为 ▁2011 ▁年 ▁教育部 ▁批准 ▁设置 ▁的 ▁本科 专业 ▁, ▁2012 ▁年 ▁将 ▁原有 ▁风 能 ▁与 ▁动力 工程 ▁和 ▁新 ▁能源 科学 ▁与 ▁工程 ▁合并 ▁统一 ▁改为 ▁新 ▁能源 科学 ▁与 ▁工程 ▁。 ▁[ ▁1 ▁] [SEP]
I0626 17:58:44.264505 139870539261696 classifier_utils.py:170] tokens: [CLS] ▁新 ▁能源 科学 ▁哪 ▁部分 ▁属于 ▁实践 ▁部分 ▁? [SEP] ▁新 ▁能源 科学 ▁与 ▁工程 ▁专业 ▁为 ▁2011 ▁年 ▁教育部 ▁批准 ▁设置 ▁的 ▁本科 专业 ▁, ▁2012 ▁年 ▁将 ▁原有 ▁风 能 ▁与 ▁动力 工程 ▁和 ▁新 ▁能源 科学 ▁与 ▁工程 ▁合并 ▁统一 ▁改为 ▁新 ▁能源 科学 ▁与 ▁工程 ▁。 ▁[ ▁1 ▁] [SEP]
INFO:tensorflow:input_ids: 2 78 5082 3629 4650 575 865 6343 575 1684 3 78 5082 3629 37 822 1541 24 674 18 4531 2296 1787 14 4793 13384 13 727 18 125 3808 389 15468 37 3452 3339 28 78 5082 3629 37 822 2960 2318 1238 78 5082 3629 37 822 15 1551 16 1533 3 0 0 0 0 0 0 0 0 0 0 0 0 0 0 0 0 0 0 0 0 0 0 0 0 0 0 0 0 0 0 0 0 0 0 0 0 0 0 0 0 0 0 0 0 0 0 0 0 0 0 0 0 0 0 0 0 0 0 0 0 0 0 0 0 0 0 0 0 0 0 0 0 0
I0626 17:58:44.264679 139870539261696 classifier_utils.py:171] input_ids: 2 78 5082 3629 4650 575 865 6343 575 1684 3 78 5082 3629 37 822 1541 24 674 18 4531 2296 1787 14 4793 13384 13 727 18 125 3808 389 15468 37 3452 3339 28 78 5082 3629 37 822 2960 2318 1238 78 5082 3629 37 822 15 1551 16 1533 3 0 0 0 0 0 0 0 0 0 0 0 0 0 0 0 0 0 0 0 0 0 0 0 0 0 0 0 0 0 0 0 0 0 0 0 0 0 0 0 0 0 0 0 0 0 0 0 0 0 0 0 0 0 0 0 0 0 0 0 0 0 0 0 0 0 0 0 0 0 0 0 0 0
INFO:tensorflow:input_mask: 1 1 1 1 1 1 1 1 1 1 1 1 1 1 1 1 1 1 1 1 1 1 1 1 1 1 1 1 1 1 1 1 1 1 1 1 1 1 1 1 1 1 1 1 1 1 1 1 1 1 1 1 1 1 1 0 0 0 0 0 0 0 0 0 0 0 0 0 0 0 0 0 0 0 0 0 0 0 0 0 0 0 0 0 0 0 0 0 0 0 0 0 0 0 0 0 0 0 0 0 0 0 0 0 0 0 0 0 0 0 0 0 0 0 0 0 0 0 0 0 0 0 0 0 0 0 0 0
I0626 17:58:44.264877 139870539261696 classifier_utils.py:172] input_mask: 1 1 1 1 1 1 1 1 1 1 1 1 1 1 1 1 1 1 1 1 1 1 1 1 1 1 1 1 1 1 1 1 1 1 1 1 1 1 1 1 1 1 1 1 1 1 1 1 1 1 1 1 1 1 1 0 0 0 0 0 0 0 0 0 0 0 0 0 0 0 0 0 0 0 0 0 0 0 0 0 0 0 0 0 0 0 0 0 0 0 0 0 0 0 0 0 0 0 0 0 0 0 0 0 0 0 0 0 0 0 0 0 0 0 0 0 0 0 0 0 0 0 0 0 0 0 0 0
INFO:tensorflow:segment_ids: 0 0 0 0 0 0 0 0 0 0 0 1 1 1 1 1 1 1 1 1 1 1 1 1 1 1 1 1 1 1 1 1 1 1 1 1 1 1 1 1 1 1 1 1 1 1 1 1 1 1 1 1 1 1 1 0 0 0 0 0 0 0 0 0 0 0 0 0 0 0 0 0 0 0 0 0 0 0 0 0 0 0 0 0 0 0 0 0 0 0 0 0 0 0 0 0 0 0 0 0 0 0 0 0 0 0 0 0 0 0 0 0 0 0 0 0 0 0 0 0 0 0 0 0 0 0 0 0
I0626 17:58:44.265051 139870539261696 classifier_utils.py:173] segment_ids: 0 0 0 0 0 0 0 0 0 0 0 1 1 1 1 1 1 1 1 1 1 1 1 1 1 1 1 1 1 1 1 1 1 1 1 1 1 1 1 1 1 1 1 1 1 1 1 1 1 1 1 1 1 1 1 0 0 0 0 0 0 0 0 0 0 0 0 0 0 0 0 0 0 0 0 0 0 0 0 0 0 0 0 0 0 0 0 0 0 0 0 0 0 0 0 0 0 0 0 0 0 0 0 0 0 0 0 0 0 0 0 0 0 0 0 0 0 0 0 0 0 0 0 0 0 0 0 0
INFO:tensorflow:label: 0 (id = 0)
I0626 17:58:44.265174 139870539261696 classifier_utils.py:174] label: 0 (id = 0)
INFO:tensorflow:*** Example ***
I0626 17:58:44.266531 139870539261696 classifier_utils.py:167] *** Example ***
INFO:tensorflow:guid: dev-4
I0626 17:58:44.266690 139870539261696 classifier_utils.py:168] guid: dev-4
INFO:tensorflow:tokens: [CLS] ▁新 ▁能源 科学 ▁哪 ▁部分 ▁属于 ▁实践 ▁部分 ▁? [SEP] ▁主要 ▁学习 ▁新 能源 ▁的 ▁种类 ▁和 ▁特点 ▁、 ▁利用 ▁的 ▁方式 ▁和 ▁方法 ▁、 ▁应用 ▁的 ▁现状 ▁和 ▁未来 ▁的 ▁发展 趋 势 ▁。 [SEP]
I0626 17:58:44.266835 139870539261696 classifier_utils.py:170] tokens: [CLS] ▁新 ▁能源 科学 ▁哪 ▁部分 ▁属于 ▁实践 ▁部分 ▁? [SEP] ▁主要 ▁学习 ▁新 能源 ▁的 ▁种类 ▁和 ▁特点 ▁、 ▁利用 ▁的 ▁方式 ▁和 ▁方法 ▁、 ▁应用 ▁的 ▁现状 ▁和 ▁未来 ▁的 ▁发展 趋 势 ▁。 [SEP]
INFO:tensorflow:input_ids: 2 78 5082 3629 4650 575 865 6343 575 1684 3 285 1333 78 14772 14 4616 28 4337 17 1318 14 867 28 1231 17 1555 14 14765 28 2141 14 479 17269 16125 15 3 0 0 0 0 0 0 0 0 0 0 0 0 0 0 0 0 0 0 0 0 0 0 0 0 0 0 0 0 0 0 0 0 0 0 0 0 0 0 0 0 0 0 0 0 0 0 0 0 0 0 0 0 0 0 0 0 0 0 0 0 0 0 0 0 0 0 0 0 0 0 0 0 0 0 0 0 0 0 0 0 0 0 0 0 0 0 0 0 0 0 0
I0626 17:58:44.267014 139870539261696 classifier_utils.py:171] input_ids: 2 78 5082 3629 4650 575 865 6343 575 1684 3 285 1333 78 14772 14 4616 28 4337 17 1318 14 867 28 1231 17 1555 14 14765 28 2141 14 479 17269 16125 15 3 0 0 0 0 0 0 0 0 0 0 0 0 0 0 0 0 0 0 0 0 0 0 0 0 0 0 0 0 0 0 0 0 0 0 0 0 0 0 0 0 0 0 0 0 0 0 0 0 0 0 0 0 0 0 0 0 0 0 0 0 0 0 0 0 0 0 0 0 0 0 0 0 0 0 0 0 0 0 0 0 0 0 0 0 0 0 0 0 0 0 0
INFO:tensorflow:input_mask: 1 1 1 1 1 1 1 1 1 1 1 1 1 1 1 1 1 1 1 1 1 1 1 1 1 1 1 1 1 1 1 1 1 1 1 1 1 0 0 0 0 0 0 0 0 0 0 0 0 0 0 0 0 0 0 0 0 0 0 0 0 0 0 0 0 0 0 0 0 0 0 0 0 0 0 0 0 0 0 0 0 0 0 0 0 0 0 0 0 0 0 0 0 0 0 0 0 0 0 0 0 0 0 0 0 0 0 0 0 0 0 0 0 0 0 0 0 0 0 0 0 0 0 0 0 0 0 0
I0626 17:58:44.267184 139870539261696 classifier_utils.py:172] input_mask: 1 1 1 1 1 1 1 1 1 1 1 1 1 1 1 1 1 1 1 1 1 1 1 1 1 1 1 1 1 1 1 1 1 1 1 1 1 0 0 0 0 0 0 0 0 0 0 0 0 0 0 0 0 0 0 0 0 0 0 0 0 0 0 0 0 0 0 0 0 0 0 0 0 0 0 0 0 0 0 0 0 0 0 0 0 0 0 0 0 0 0 0 0 0 0 0 0 0 0 0 0 0 0 0 0 0 0 0 0 0 0 0 0 0 0 0 0 0 0 0 0 0 0 0 0 0 0 0
INFO:tensorflow:segment_ids: 0 0 0 0 0 0 0 0 0 0 0 1 1 1 1 1 1 1 1 1 1 1 1 1 1 1 1 1 1 1 1 1 1 1 1 1 1 0 0 0 0 0 0 0 0 0 0 0 0 0 0 0 0 0 0 0 0 0 0 0 0 0 0 0 0 0 0 0 0 0 0 0 0 0 0 0 0 0 0 0 0 0 0 0 0 0 0 0 0 0 0 0 0 0 0 0 0 0 0 0 0 0 0 0 0 0 0 0 0 0 0 0 0 0 0 0 0 0 0 0 0 0 0 0 0 0 0 0
I0626 17:58:44.267353 139870539261696 classifier_utils.py:173] segment_ids: 0 0 0 0 0 0 0 0 0 0 0 1 1 1 1 1 1 1 1 1 1 1 1 1 1 1 1 1 1 1 1 1 1 1 1 1 1 0 0 0 0 0 0 0 0 0 0 0 0 0 0 0 0 0 0 0 0 0 0 0 0 0 0 0 0 0 0 0 0 0 0 0 0 0 0 0 0 0 0 0 0 0 0 0 0 0 0 0 0 0 0 0 0 0 0 0 0 0 0 0 0 0 0 0 0 0 0 0 0 0 0 0 0 0 0 0 0 0 0 0 0 0 0 0 0 0 0 0
INFO:tensorflow:label: 0 (id = 0)
I0626 17:58:44.267485 139870539261696 classifier_utils.py:174] label: 0 (id = 0)
INFO:tensorflow:Writing example 3000 of 41024
I0626 17:58:46.721575 139870539261696 classifier_utils.py:209] Writing example 3000 of 41024
INFO:tensorflow:Writing example 6000 of 41024
I0626 17:58:49.420821 139870539261696 classifier_utils.py:209] Writing example 6000 of 41024
INFO:tensorflow:Writing example 9000 of 41024
I0626 17:58:51.778264 139870539261696 classifier_utils.py:209] Writing example 9000 of 41024
INFO:tensorflow:Writing example 12000 of 41024
I0626 17:58:54.106671 139870539261696 classifier_utils.py:209] Writing example 12000 of 41024
INFO:tensorflow:Writing example 15000 of 41024
I0626 17:58:56.533496 139870539261696 classifier_utils.py:209] Writing example 15000 of 41024
INFO:tensorflow:Writing example 18000 of 41024
I0626 17:58:58.851842 139870539261696 classifier_utils.py:209] Writing example 18000 of 41024
INFO:tensorflow:Writing example 21000 of 41024
I0626 17:59:01.266885 139870539261696 classifier_utils.py:209] Writing example 21000 of 41024
INFO:tensorflow:Writing example 24000 of 41024
I0626 17:59:03.670637 139870539261696 classifier_utils.py:209] Writing example 24000 of 41024
INFO:tensorflow:Writing example 27000 of 41024
I0626 17:59:06.052176 139870539261696 classifier_utils.py:209] Writing example 27000 of 41024
INFO:tensorflow:Writing example 30000 of 41024
I0626 17:59:08.456706 139870539261696 classifier_utils.py:209] Writing example 30000 of 41024
