Requirement already satisfied: tensorflow_hub in /usr/local/lib/python3.5/dist-packages (0.8.0)
Requirement already satisfied: numpy>=1.12.0 in /usr/local/lib/python3.5/dist-packages (from tensorflow_hub) (1.18.1)
Requirement already satisfied: six>=1.12.0 in /usr/local/lib/python3.5/dist-packages (from tensorflow_hub) (1.14.0)
Requirement already satisfied: protobuf>=3.8.0 in /usr/local/lib/python3.5/dist-packages (from tensorflow_hub) (3.11.3)
Requirement already satisfied: setuptools in /usr/local/lib/python3.5/dist-packages (from protobuf>=3.8.0->tensorflow_hub) (45.2.0)
WARNING: You are using pip version 20.0.2; however, version 20.1.1 is available.
You should consider upgrading via the '/usr/bin/python3 -m pip install --upgrade pip' command.
Requirement already satisfied: sentencepiece in /usr/local/lib/python3.5/dist-packages (0.1.91)
WARNING: You are using pip version 20.0.2; however, version 20.1.1 is available.
You should consider upgrading via the '/usr/bin/python3 -m pip install --upgrade pip' command.
Requirement already satisfied: jieba in /usr/local/lib/python3.5/dist-packages (0.42.1)
WARNING: You are using pip version 20.0.2; however, version 20.1.1 is available.
You should consider upgrading via the '/usr/bin/python3 -m pip install --upgrade pip' command.
Requirement already satisfied: tokenizers in /usr/local/lib/python3.5/dist-packages (0.7.0)
WARNING: You are using pip version 20.0.2; however, version 20.1.1 is available.
You should consider upgrading via the '/usr/bin/python3 -m pip install --upgrade pip' command.
Requirement already satisfied: boto3 in /usr/local/lib/python3.5/dist-packages (1.14.10)
Requirement already satisfied: botocore<1.18.0,>=1.17.10 in /usr/local/lib/python3.5/dist-packages (from boto3) (1.17.10)
Requirement already satisfied: s3transfer<0.4.0,>=0.3.0 in /usr/local/lib/python3.5/dist-packages (from boto3) (0.3.3)
Requirement already satisfied: jmespath<1.0.0,>=0.7.1 in /usr/local/lib/python3.5/dist-packages (from boto3) (0.10.0)
Requirement already satisfied: urllib3<1.26,>=1.20; python_version != "3.4" in /usr/local/lib/python3.5/dist-packages (from botocore<1.18.0,>=1.17.10->boto3) (1.25.8)
Requirement already satisfied: python-dateutil<3.0.0,>=2.1 in /usr/local/lib/python3.5/dist-packages (from botocore<1.18.0,>=1.17.10->boto3) (2.8.1)
Requirement already satisfied: docutils<0.16,>=0.10 in /usr/local/lib/python3.5/dist-packages (from botocore<1.18.0,>=1.17.10->boto3) (0.15.2)
Requirement already satisfied: six>=1.5 in /usr/local/lib/python3.5/dist-packages (from python-dateutil<3.0.0,>=2.1->botocore<1.18.0,>=1.17.10->boto3) (1.14.0)
WARNING: You are using pip version 20.0.2; however, version 20.1.1 is available.
You should consider upgrading via the '/usr/bin/python3 -m pip install --upgrade pip' command.
Requirement already satisfied: jieba_fast in /usr/local/lib/python3.5/dist-packages (0.53)
WARNING: You are using pip version 20.0.2; however, version 20.1.1 is available.
You should consider upgrading via the '/usr/bin/python3 -m pip install --upgrade pip' command.
Requirement already satisfied: sklearn in /usr/local/lib/python3.5/dist-packages (0.0)
Requirement already satisfied: scikit-learn in /usr/local/lib/python3.5/dist-packages (from sklearn) (0.22.2.post1)
Requirement already satisfied: joblib>=0.11 in /usr/local/lib/python3.5/dist-packages (from scikit-learn->sklearn) (0.14.1)
Requirement already satisfied: scipy>=0.17.0 in /usr/local/lib/python3.5/dist-packages (from scikit-learn->sklearn) (1.4.1)
Requirement already satisfied: numpy>=1.11.0 in /usr/local/lib/python3.5/dist-packages (from scikit-learn->sklearn) (1.18.1)
WARNING: You are using pip version 20.0.2; however, version 20.1.1 is available.
You should consider upgrading via the '/usr/bin/python3 -m pip install --upgrade pip' command.
Start running...
INFO:tensorflow:loading sentence piece model
I0627 14:03:56.411425 140159645439744 tokenization.py:240] loading sentence piece model
WARNING:tensorflow:From ./src/data_processors.py:132: The name tf.gfile.Open is deprecated. Please use tf.io.gfile.GFile instead.

W0627 14:03:56.447072 140159645439744 module_wrapper.py:139] From ./src/data_processors.py:132: The name tf.gfile.Open is deprecated. Please use tf.io.gfile.GFile instead.

WARNING:tensorflow:Estimator's model_fn (<function model_fn_builder.<locals>.model_fn at 0x7f790ff42158>) includes params argument, but params are not passed to Estimator.
W0627 14:03:56.861772 140159645439744 estimator.py:1994] Estimator's model_fn (<function model_fn_builder.<locals>.model_fn at 0x7f790ff42158>) includes params argument, but params are not passed to Estimator.
INFO:tensorflow:Using config: {'_eval_distribute': None, '_experimental_max_worker_delay_secs': None, '_num_worker_replicas': 1, '_save_checkpoints_steps': 600, '_save_summary_steps': 100, '_session_creation_timeout_secs': 7200, '_save_checkpoints_secs': None, '_master': 'grpc://10.72.236.186:8470', '_global_id_in_cluster': 0, '_evaluation_master': 'grpc://10.72.236.186:8470', '_task_id': 0, '_keep_checkpoint_every_n_hours': 10000, '_task_type': 'worker', '_cluster_spec': <tensorflow.python.training.server_lib.ClusterSpec object at 0x7f792323ba90>, '_model_dir': 'gs://sbt0/experiments/rethink_vocab/finetune/book_review/char_segmented_10564_length_128_steps_4.5k_time_0625_run_1/', '_experimental_distribute': None, '_protocol': None, '_cluster': <tensorflow.python.distribute.cluster_resolver.tpu_cluster_resolver.TPUClusterResolver object at 0x7f790ffdbac8>, '_train_distribute': None, '_tpu_config': TPUConfig(iterations_per_loop=600, num_shards=1, num_cores_per_replica=None, per_host_input_for_training=3, tpu_job_name=None, initial_infeed_sleep_secs=None, input_partition_dims=None, eval_training_input_configuration=2, experimental_host_call_every_n_steps=1), '_tf_random_seed': None, '_num_ps_replicas': 0, '_session_config': allow_soft_placement: true
cluster_def {
  job {
    name: "worker"
    tasks {
      key: 0
      value: "10.72.236.186:8470"
    }
  }
}
isolate_session_state: true
, '_service': None, '_device_fn': None, '_keep_checkpoint_max': 0, '_is_chief': True, '_log_step_count_steps': None}
I0627 14:03:56.863152 140159645439744 estimator.py:212] Using config: {'_eval_distribute': None, '_experimental_max_worker_delay_secs': None, '_num_worker_replicas': 1, '_save_checkpoints_steps': 600, '_save_summary_steps': 100, '_session_creation_timeout_secs': 7200, '_save_checkpoints_secs': None, '_master': 'grpc://10.72.236.186:8470', '_global_id_in_cluster': 0, '_evaluation_master': 'grpc://10.72.236.186:8470', '_task_id': 0, '_keep_checkpoint_every_n_hours': 10000, '_task_type': 'worker', '_cluster_spec': <tensorflow.python.training.server_lib.ClusterSpec object at 0x7f792323ba90>, '_model_dir': 'gs://sbt0/experiments/rethink_vocab/finetune/book_review/char_segmented_10564_length_128_steps_4.5k_time_0625_run_1/', '_experimental_distribute': None, '_protocol': None, '_cluster': <tensorflow.python.distribute.cluster_resolver.tpu_cluster_resolver.TPUClusterResolver object at 0x7f790ffdbac8>, '_train_distribute': None, '_tpu_config': TPUConfig(iterations_per_loop=600, num_shards=1, num_cores_per_replica=None, per_host_input_for_training=3, tpu_job_name=None, initial_infeed_sleep_secs=None, input_partition_dims=None, eval_training_input_configuration=2, experimental_host_call_every_n_steps=1), '_tf_random_seed': None, '_num_ps_replicas': 0, '_session_config': allow_soft_placement: true
cluster_def {
  job {
    name: "worker"
    tasks {
      key: 0
      value: "10.72.236.186:8470"
    }
  }
}
isolate_session_state: true
, '_service': None, '_device_fn': None, '_keep_checkpoint_max': 0, '_is_chief': True, '_log_step_count_steps': None}
WARNING:tensorflow:Setting TPUConfig.num_shards==1 is an unsupported behavior. Please fix as soon as possible (leaving num_shards as None.)
W0627 14:03:56.863976 140159645439744 tpu_context.py:824] Setting TPUConfig.num_shards==1 is an unsupported behavior. Please fix as soon as possible (leaving num_shards as None.)
INFO:tensorflow:_TPUContext: eval_on_tpu True
I0627 14:03:56.864136 140159645439744 tpu_context.py:220] _TPUContext: eval_on_tpu True
INFO:tensorflow:Writing example 0 of 20000
I0627 14:03:56.864959 140159645439744 classifier_utils.py:209] Writing example 0 of 20000
Building prefix dict from the default dictionary ...
I0627 14:03:56.865163 140159645439744 __init__.py:113] Building prefix dict from the default dictionary ...
Loading model from cache /tmp/jieba.cache
I0627 14:03:56.865333 140159645439744 __init__.py:133] Loading model from cache /tmp/jieba.cache
Loading model cost 1.142 seconds.
I0627 14:03:58.007134 140159645439744 __init__.py:165] Loading model cost 1.142 seconds.
Prefix dict has been built successfully.
I0627 14:03:58.007435 140159645439744 __init__.py:166] Prefix dict has been built successfully.
INFO:tensorflow:*** Example ***
I0627 14:03:58.008984 140159645439744 classifier_utils.py:167] *** Example ***
INFO:tensorflow:guid: train-0
I0627 14:03:58.009217 140159645439744 classifier_utils.py:168] guid: train-0
INFO:tensorflow:tokens: [CLS] ▁都 ▁是 ▁ 些 ▁没 用 ▁的 ▁鸡 汤 ▁, ▁基本 ▁没 ▁帮助 ▁。 ▁但是 ▁其中 ▁对于 ▁钟 摆 ▁的 ▁理论 ▁令人 深 思 ▁, ▁市场 ▁总 是 ▁有 ▁自己 ▁的 ▁运作 ▁周期 ▁, ▁最 ▁危险 ▁的 ▁事 ▁就是 ▁你 ▁有 ▁一 刻 ▁对 ▁周期 ▁的 ▁概念 ▁发生 ▁怀疑 ▁。 [SEP]
I0627 14:03:58.009383 140159645439744 classifier_utils.py:170] tokens: [CLS] ▁都 ▁是 ▁ 些 ▁没 用 ▁的 ▁鸡 汤 ▁, ▁基本 ▁没 ▁帮助 ▁。 ▁但是 ▁其中 ▁对于 ▁钟 摆 ▁的 ▁理论 ▁令人 深 思 ▁, ▁市场 ▁总 是 ▁有 ▁自己 ▁的 ▁运作 ▁周期 ▁, ▁最 ▁危险 ▁的 ▁事 ▁就是 ▁你 ▁有 ▁一 刻 ▁对 ▁周期 ▁的 ▁概念 ▁发生 ▁怀疑 ▁。 [SEP]
INFO:tensorflow:input_ids: 2 134 22 4735 5068 266 4805 14 3967 6225 13 1340 266 1799 15 683 259 1919 2947 6741 14 1453 3975 5382 5506 13 1401 98 4749 34 413 14 3527 4012 13 65 4036 14 221 850 1288 34 21 5851 68 4012 14 1987 633 4540 15 3 0 0 0 0 0 0 0 0 0 0 0 0 0 0 0 0 0 0 0 0 0 0 0 0 0 0 0 0 0 0 0 0 0 0 0 0 0 0 0 0 0 0 0 0 0 0 0 0 0 0 0 0 0 0 0 0 0 0 0 0 0 0 0 0 0 0 0 0 0 0 0 0 0 0 0 0
I0627 14:03:58.009584 140159645439744 classifier_utils.py:171] input_ids: 2 134 22 4735 5068 266 4805 14 3967 6225 13 1340 266 1799 15 683 259 1919 2947 6741 14 1453 3975 5382 5506 13 1401 98 4749 34 413 14 3527 4012 13 65 4036 14 221 850 1288 34 21 5851 68 4012 14 1987 633 4540 15 3 0 0 0 0 0 0 0 0 0 0 0 0 0 0 0 0 0 0 0 0 0 0 0 0 0 0 0 0 0 0 0 0 0 0 0 0 0 0 0 0 0 0 0 0 0 0 0 0 0 0 0 0 0 0 0 0 0 0 0 0 0 0 0 0 0 0 0 0 0 0 0 0 0 0 0 0
INFO:tensorflow:input_mask: 1 1 1 1 1 1 1 1 1 1 1 1 1 1 1 1 1 1 1 1 1 1 1 1 1 1 1 1 1 1 1 1 1 1 1 1 1 1 1 1 1 1 1 1 1 1 1 1 1 1 1 1 0 0 0 0 0 0 0 0 0 0 0 0 0 0 0 0 0 0 0 0 0 0 0 0 0 0 0 0 0 0 0 0 0 0 0 0 0 0 0 0 0 0 0 0 0 0 0 0 0 0 0 0 0 0 0 0 0 0 0 0 0 0 0 0 0 0 0 0 0 0 0 0 0 0 0 0
I0627 14:03:58.009930 140159645439744 classifier_utils.py:172] input_mask: 1 1 1 1 1 1 1 1 1 1 1 1 1 1 1 1 1 1 1 1 1 1 1 1 1 1 1 1 1 1 1 1 1 1 1 1 1 1 1 1 1 1 1 1 1 1 1 1 1 1 1 1 0 0 0 0 0 0 0 0 0 0 0 0 0 0 0 0 0 0 0 0 0 0 0 0 0 0 0 0 0 0 0 0 0 0 0 0 0 0 0 0 0 0 0 0 0 0 0 0 0 0 0 0 0 0 0 0 0 0 0 0 0 0 0 0 0 0 0 0 0 0 0 0 0 0 0 0
INFO:tensorflow:segment_ids: 0 0 0 0 0 0 0 0 0 0 0 0 0 0 0 0 0 0 0 0 0 0 0 0 0 0 0 0 0 0 0 0 0 0 0 0 0 0 0 0 0 0 0 0 0 0 0 0 0 0 0 0 0 0 0 0 0 0 0 0 0 0 0 0 0 0 0 0 0 0 0 0 0 0 0 0 0 0 0 0 0 0 0 0 0 0 0 0 0 0 0 0 0 0 0 0 0 0 0 0 0 0 0 0 0 0 0 0 0 0 0 0 0 0 0 0 0 0 0 0 0 0 0 0 0 0 0 0
I0627 14:03:58.010131 140159645439744 classifier_utils.py:173] segment_ids: 0 0 0 0 0 0 0 0 0 0 0 0 0 0 0 0 0 0 0 0 0 0 0 0 0 0 0 0 0 0 0 0 0 0 0 0 0 0 0 0 0 0 0 0 0 0 0 0 0 0 0 0 0 0 0 0 0 0 0 0 0 0 0 0 0 0 0 0 0 0 0 0 0 0 0 0 0 0 0 0 0 0 0 0 0 0 0 0 0 0 0 0 0 0 0 0 0 0 0 0 0 0 0 0 0 0 0 0 0 0 0 0 0 0 0 0 0 0 0 0 0 0 0 0 0 0 0 0
INFO:tensorflow:label: 0 (id = 0)
I0627 14:03:58.010259 140159645439744 classifier_utils.py:174] label: 0 (id = 0)
INFO:tensorflow:*** Example ***
I0627 14:03:58.012212 140159645439744 classifier_utils.py:167] *** Example ***
INFO:tensorflow:guid: train-1
I0627 14:03:58.012460 140159645439744 classifier_utils.py:168] guid: train-1
INFO:tensorflow:tokens: [CLS] ▁ 挺 ▁好 奇 ▁给 ▁这 书 ▁打 ▁五 星 ▁的 ▁读 者 群 ▁ . . . ▁ . . . ▁心理 学 ▁导 论 ▁放 ▁了 ▁一段 ▁审 问 ▁王 明 ▁阳 ▁的 ▁电视剧 ▁片 段 ▁, ▁看 ▁了 ▁小说 ▁发现 ▁那 段 ▁简 直 ▁是 ▁装 ▁× ▁精 髓 ▁所在 ▁ . . . ▁ . . . [SEP]
I0627 14:03:58.012645 140159645439744 classifier_utils.py:170] tokens: [CLS] ▁ 挺 ▁好 奇 ▁给 ▁这 书 ▁打 ▁五 星 ▁的 ▁读 者 群 ▁ . . . ▁ . . . ▁心理 学 ▁导 论 ▁放 ▁了 ▁一段 ▁审 问 ▁王 明 ▁阳 ▁的 ▁电视剧 ▁片 段 ▁, ▁看 ▁了 ▁小说 ▁发现 ▁那 段 ▁简 直 ▁是 ▁装 ▁× ▁精 髓 ▁所在 ▁ . . . ▁ . . . [SEP]
INFO:tensorflow:input_ids: 2 4735 7153 714 5419 648 51 5027 404 304 5009 14 1187 4937 5362 4735 9 9 9 4735 9 9 9 2909 4773 537 5152 746 32 2268 1301 5265 201 4966 2275 14 2215 1490 5242 13 653 32 1858 506 463 5242 682 5067 22 739 4193 699 7757 2421 4735 9 9 9 4735 9 9 9 3 0 0 0 0 0 0 0 0 0 0 0 0 0 0 0 0 0 0 0 0 0 0 0 0 0 0 0 0 0 0 0 0 0 0 0 0 0 0 0 0 0 0 0 0 0 0 0 0 0 0 0 0 0 0 0 0 0 0 0 0 0 0 0 0 0
I0627 14:03:58.012854 140159645439744 classifier_utils.py:171] input_ids: 2 4735 7153 714 5419 648 51 5027 404 304 5009 14 1187 4937 5362 4735 9 9 9 4735 9 9 9 2909 4773 537 5152 746 32 2268 1301 5265 201 4966 2275 14 2215 1490 5242 13 653 32 1858 506 463 5242 682 5067 22 739 4193 699 7757 2421 4735 9 9 9 4735 9 9 9 3 0 0 0 0 0 0 0 0 0 0 0 0 0 0 0 0 0 0 0 0 0 0 0 0 0 0 0 0 0 0 0 0 0 0 0 0 0 0 0 0 0 0 0 0 0 0 0 0 0 0 0 0 0 0 0 0 0 0 0 0 0 0 0 0 0
INFO:tensorflow:input_mask: 1 1 1 1 1 1 1 1 1 1 1 1 1 1 1 1 1 1 1 1 1 1 1 1 1 1 1 1 1 1 1 1 1 1 1 1 1 1 1 1 1 1 1 1 1 1 1 1 1 1 1 1 1 1 1 1 1 1 1 1 1 1 1 0 0 0 0 0 0 0 0 0 0 0 0 0 0 0 0 0 0 0 0 0 0 0 0 0 0 0 0 0 0 0 0 0 0 0 0 0 0 0 0 0 0 0 0 0 0 0 0 0 0 0 0 0 0 0 0 0 0 0 0 0 0 0 0 0
I0627 14:03:58.013058 140159645439744 classifier_utils.py:172] input_mask: 1 1 1 1 1 1 1 1 1 1 1 1 1 1 1 1 1 1 1 1 1 1 1 1 1 1 1 1 1 1 1 1 1 1 1 1 1 1 1 1 1 1 1 1 1 1 1 1 1 1 1 1 1 1 1 1 1 1 1 1 1 1 1 0 0 0 0 0 0 0 0 0 0 0 0 0 0 0 0 0 0 0 0 0 0 0 0 0 0 0 0 0 0 0 0 0 0 0 0 0 0 0 0 0 0 0 0 0 0 0 0 0 0 0 0 0 0 0 0 0 0 0 0 0 0 0 0 0
INFO:tensorflow:segment_ids: 0 0 0 0 0 0 0 0 0 0 0 0 0 0 0 0 0 0 0 0 0 0 0 0 0 0 0 0 0 0 0 0 0 0 0 0 0 0 0 0 0 0 0 0 0 0 0 0 0 0 0 0 0 0 0 0 0 0 0 0 0 0 0 0 0 0 0 0 0 0 0 0 0 0 0 0 0 0 0 0 0 0 0 0 0 0 0 0 0 0 0 0 0 0 0 0 0 0 0 0 0 0 0 0 0 0 0 0 0 0 0 0 0 0 0 0 0 0 0 0 0 0 0 0 0 0 0 0
I0627 14:03:58.013239 140159645439744 classifier_utils.py:173] segment_ids: 0 0 0 0 0 0 0 0 0 0 0 0 0 0 0 0 0 0 0 0 0 0 0 0 0 0 0 0 0 0 0 0 0 0 0 0 0 0 0 0 0 0 0 0 0 0 0 0 0 0 0 0 0 0 0 0 0 0 0 0 0 0 0 0 0 0 0 0 0 0 0 0 0 0 0 0 0 0 0 0 0 0 0 0 0 0 0 0 0 0 0 0 0 0 0 0 0 0 0 0 0 0 0 0 0 0 0 0 0 0 0 0 0 0 0 0 0 0 0 0 0 0 0 0 0 0 0 0
INFO:tensorflow:label: 0 (id = 0)
I0627 14:03:58.013389 140159645439744 classifier_utils.py:174] label: 0 (id = 0)
INFO:tensorflow:*** Example ***
I0627 14:03:58.014307 140159645439744 classifier_utils.py:167] *** Example ***
INFO:tensorflow:guid: train-2
I0627 14:03:58.014466 140159645439744 classifier_utils.py:168] guid: train-2
INFO:tensorflow:tokens: [CLS] ▁还 ▁能 ▁再 ▁ 啰嗦 ▁一 点 ▁ 吗 [SEP]
I0627 14:03:58.014598 140159645439744 classifier_utils.py:170] tokens: [CLS] ▁还 ▁能 ▁再 ▁ 啰嗦 ▁一 点 ▁ 吗 [SEP]
INFO:tensorflow:input_ids: 2 228 278 340 4735 1 21 5076 4735 7355 3 0 0 0 0 0 0 0 0 0 0 0 0 0 0 0 0 0 0 0 0 0 0 0 0 0 0 0 0 0 0 0 0 0 0 0 0 0 0 0 0 0 0 0 0 0 0 0 0 0 0 0 0 0 0 0 0 0 0 0 0 0 0 0 0 0 0 0 0 0 0 0 0 0 0 0 0 0 0 0 0 0 0 0 0 0 0 0 0 0 0 0 0 0 0 0 0 0 0 0 0 0 0 0 0 0 0 0 0 0 0 0 0 0 0 0 0 0
I0627 14:03:58.014843 140159645439744 classifier_utils.py:171] input_ids: 2 228 278 340 4735 1 21 5076 4735 7355 3 0 0 0 0 0 0 0 0 0 0 0 0 0 0 0 0 0 0 0 0 0 0 0 0 0 0 0 0 0 0 0 0 0 0 0 0 0 0 0 0 0 0 0 0 0 0 0 0 0 0 0 0 0 0 0 0 0 0 0 0 0 0 0 0 0 0 0 0 0 0 0 0 0 0 0 0 0 0 0 0 0 0 0 0 0 0 0 0 0 0 0 0 0 0 0 0 0 0 0 0 0 0 0 0 0 0 0 0 0 0 0 0 0 0 0 0 0
INFO:tensorflow:input_mask: 1 1 1 1 1 1 1 1 1 1 1 0 0 0 0 0 0 0 0 0 0 0 0 0 0 0 0 0 0 0 0 0 0 0 0 0 0 0 0 0 0 0 0 0 0 0 0 0 0 0 0 0 0 0 0 0 0 0 0 0 0 0 0 0 0 0 0 0 0 0 0 0 0 0 0 0 0 0 0 0 0 0 0 0 0 0 0 0 0 0 0 0 0 0 0 0 0 0 0 0 0 0 0 0 0 0 0 0 0 0 0 0 0 0 0 0 0 0 0 0 0 0 0 0 0 0 0 0
I0627 14:03:58.015058 140159645439744 classifier_utils.py:172] input_mask: 1 1 1 1 1 1 1 1 1 1 1 0 0 0 0 0 0 0 0 0 0 0 0 0 0 0 0 0 0 0 0 0 0 0 0 0 0 0 0 0 0 0 0 0 0 0 0 0 0 0 0 0 0 0 0 0 0 0 0 0 0 0 0 0 0 0 0 0 0 0 0 0 0 0 0 0 0 0 0 0 0 0 0 0 0 0 0 0 0 0 0 0 0 0 0 0 0 0 0 0 0 0 0 0 0 0 0 0 0 0 0 0 0 0 0 0 0 0 0 0 0 0 0 0 0 0 0 0
INFO:tensorflow:segment_ids: 0 0 0 0 0 0 0 0 0 0 0 0 0 0 0 0 0 0 0 0 0 0 0 0 0 0 0 0 0 0 0 0 0 0 0 0 0 0 0 0 0 0 0 0 0 0 0 0 0 0 0 0 0 0 0 0 0 0 0 0 0 0 0 0 0 0 0 0 0 0 0 0 0 0 0 0 0 0 0 0 0 0 0 0 0 0 0 0 0 0 0 0 0 0 0 0 0 0 0 0 0 0 0 0 0 0 0 0 0 0 0 0 0 0 0 0 0 0 0 0 0 0 0 0 0 0 0 0
I0627 14:03:58.015238 140159645439744 classifier_utils.py:173] segment_ids: 0 0 0 0 0 0 0 0 0 0 0 0 0 0 0 0 0 0 0 0 0 0 0 0 0 0 0 0 0 0 0 0 0 0 0 0 0 0 0 0 0 0 0 0 0 0 0 0 0 0 0 0 0 0 0 0 0 0 0 0 0 0 0 0 0 0 0 0 0 0 0 0 0 0 0 0 0 0 0 0 0 0 0 0 0 0 0 0 0 0 0 0 0 0 0 0 0 0 0 0 0 0 0 0 0 0 0 0 0 0 0 0 0 0 0 0 0 0 0 0 0 0 0 0 0 0 0 0
INFO:tensorflow:label: 0 (id = 0)
I0627 14:03:58.015361 140159645439744 classifier_utils.py:174] label: 0 (id = 0)
INFO:tensorflow:*** Example ***
I0627 14:03:58.016582 140159645439744 classifier_utils.py:167] *** Example ***
INFO:tensorflow:guid: train-3
I0627 14:03:58.016749 140159645439744 classifier_utils.py:168] guid: train-3
INFO:tensorflow:tokens: [CLS] ▁没 ▁ 忍 住 ▁一定 ▁打 个 ▁较 差 ▁ . . . ▁ . . . ▁平 时 ▁都 ▁不 ▁打 分 ▁的 [SEP]
I0627 14:03:58.016885 140159645439744 classifier_utils.py:170] tokens: [CLS] ▁没 ▁ 忍 住 ▁一定 ▁打 个 ▁较 差 ▁ . . . ▁ . . . ▁平 时 ▁都 ▁不 ▁打 分 ▁的 [SEP]
INFO:tensorflow:input_ids: 2 266 4735 6637 5437 1843 404 4777 421 5723 4735 9 9 9 4735 9 9 9 90 4776 134 36 404 4801 14 3 0 0 0 0 0 0 0 0 0 0 0 0 0 0 0 0 0 0 0 0 0 0 0 0 0 0 0 0 0 0 0 0 0 0 0 0 0 0 0 0 0 0 0 0 0 0 0 0 0 0 0 0 0 0 0 0 0 0 0 0 0 0 0 0 0 0 0 0 0 0 0 0 0 0 0 0 0 0 0 0 0 0 0 0 0 0 0 0 0 0 0 0 0 0 0 0 0 0 0 0 0 0
I0627 14:03:58.017109 140159645439744 classifier_utils.py:171] input_ids: 2 266 4735 6637 5437 1843 404 4777 421 5723 4735 9 9 9 4735 9 9 9 90 4776 134 36 404 4801 14 3 0 0 0 0 0 0 0 0 0 0 0 0 0 0 0 0 0 0 0 0 0 0 0 0 0 0 0 0 0 0 0 0 0 0 0 0 0 0 0 0 0 0 0 0 0 0 0 0 0 0 0 0 0 0 0 0 0 0 0 0 0 0 0 0 0 0 0 0 0 0 0 0 0 0 0 0 0 0 0 0 0 0 0 0 0 0 0 0 0 0 0 0 0 0 0 0 0 0 0 0 0 0
INFO:tensorflow:input_mask: 1 1 1 1 1 1 1 1 1 1 1 1 1 1 1 1 1 1 1 1 1 1 1 1 1 1 0 0 0 0 0 0 0 0 0 0 0 0 0 0 0 0 0 0 0 0 0 0 0 0 0 0 0 0 0 0 0 0 0 0 0 0 0 0 0 0 0 0 0 0 0 0 0 0 0 0 0 0 0 0 0 0 0 0 0 0 0 0 0 0 0 0 0 0 0 0 0 0 0 0 0 0 0 0 0 0 0 0 0 0 0 0 0 0 0 0 0 0 0 0 0 0 0 0 0 0 0 0
I0627 14:03:58.017292 140159645439744 classifier_utils.py:172] input_mask: 1 1 1 1 1 1 1 1 1 1 1 1 1 1 1 1 1 1 1 1 1 1 1 1 1 1 0 0 0 0 0 0 0 0 0 0 0 0 0 0 0 0 0 0 0 0 0 0 0 0 0 0 0 0 0 0 0 0 0 0 0 0 0 0 0 0 0 0 0 0 0 0 0 0 0 0 0 0 0 0 0 0 0 0 0 0 0 0 0 0 0 0 0 0 0 0 0 0 0 0 0 0 0 0 0 0 0 0 0 0 0 0 0 0 0 0 0 0 0 0 0 0 0 0 0 0 0 0
INFO:tensorflow:segment_ids: 0 0 0 0 0 0 0 0 0 0 0 0 0 0 0 0 0 0 0 0 0 0 0 0 0 0 0 0 0 0 0 0 0 0 0 0 0 0 0 0 0 0 0 0 0 0 0 0 0 0 0 0 0 0 0 0 0 0 0 0 0 0 0 0 0 0 0 0 0 0 0 0 0 0 0 0 0 0 0 0 0 0 0 0 0 0 0 0 0 0 0 0 0 0 0 0 0 0 0 0 0 0 0 0 0 0 0 0 0 0 0 0 0 0 0 0 0 0 0 0 0 0 0 0 0 0 0 0
I0627 14:03:58.017475 140159645439744 classifier_utils.py:173] segment_ids: 0 0 0 0 0 0 0 0 0 0 0 0 0 0 0 0 0 0 0 0 0 0 0 0 0 0 0 0 0 0 0 0 0 0 0 0 0 0 0 0 0 0 0 0 0 0 0 0 0 0 0 0 0 0 0 0 0 0 0 0 0 0 0 0 0 0 0 0 0 0 0 0 0 0 0 0 0 0 0 0 0 0 0 0 0 0 0 0 0 0 0 0 0 0 0 0 0 0 0 0 0 0 0 0 0 0 0 0 0 0 0 0 0 0 0 0 0 0 0 0 0 0 0 0 0 0 0 0
INFO:tensorflow:label: 0 (id = 0)
I0627 14:03:58.017600 140159645439744 classifier_utils.py:174] label: 0 (id = 0)
INFO:tensorflow:*** Example ***
I0627 14:03:58.019029 140159645439744 classifier_utils.py:167] *** Example ***
INFO:tensorflow:guid: train-4
I0627 14:03:58.019209 140159645439744 classifier_utils.py:168] guid: train-4
INFO:tensorflow:tokens: [CLS] ▁一 ▁本 书 ▁很 难 ▁将 ▁22 ▁个 ▁月 ▁, ▁10 ▁公里 ▁的 ▁的 ▁旅 程 ▁说 ▁清 ▁, ▁其中 ▁的 ▁美 妙 ▁与 ▁ 艰 辛 ▁, ▁需要 ▁我 ▁放 下 ▁自己 ▁去 ▁经历 ▁体 会 ▁。 [SEP]
I0627 14:03:58.019369 140159645439744 classifier_utils.py:170] tokens: [CLS] ▁一 ▁本 书 ▁很 难 ▁将 ▁22 ▁个 ▁月 ▁, ▁10 ▁公里 ▁的 ▁的 ▁旅 程 ▁说 ▁清 ▁, ▁其中 ▁的 ▁美 妙 ▁与 ▁ 艰 辛 ▁, ▁需要 ▁我 ▁放 下 ▁自己 ▁去 ▁经历 ▁体 会 ▁。 [SEP]
INFO:tensorflow:input_ids: 2 21 175 5027 331 5573 125 732 168 29 13 123 558 14 14 749 5043 271 320 13 259 14 88 6762 37 4735 7433 5977 13 784 379 746 4806 413 539 2928 329 4778 15 3 0 0 0 0 0 0 0 0 0 0 0 0 0 0 0 0 0 0 0 0 0 0 0 0 0 0 0 0 0 0 0 0 0 0 0 0 0 0 0 0 0 0 0 0 0 0 0 0 0 0 0 0 0 0 0 0 0 0 0 0 0 0 0 0 0 0 0 0 0 0 0 0 0 0 0 0 0 0 0 0 0 0 0 0 0 0 0 0
I0627 14:03:58.019548 140159645439744 classifier_utils.py:171] input_ids: 2 21 175 5027 331 5573 125 732 168 29 13 123 558 14 14 749 5043 271 320 13 259 14 88 6762 37 4735 7433 5977 13 784 379 746 4806 413 539 2928 329 4778 15 3 0 0 0 0 0 0 0 0 0 0 0 0 0 0 0 0 0 0 0 0 0 0 0 0 0 0 0 0 0 0 0 0 0 0 0 0 0 0 0 0 0 0 0 0 0 0 0 0 0 0 0 0 0 0 0 0 0 0 0 0 0 0 0 0 0 0 0 0 0 0 0 0 0 0 0 0 0 0 0 0 0 0 0 0 0 0 0 0
INFO:tensorflow:input_mask: 1 1 1 1 1 1 1 1 1 1 1 1 1 1 1 1 1 1 1 1 1 1 1 1 1 1 1 1 1 1 1 1 1 1 1 1 1 1 1 1 0 0 0 0 0 0 0 0 0 0 0 0 0 0 0 0 0 0 0 0 0 0 0 0 0 0 0 0 0 0 0 0 0 0 0 0 0 0 0 0 0 0 0 0 0 0 0 0 0 0 0 0 0 0 0 0 0 0 0 0 0 0 0 0 0 0 0 0 0 0 0 0 0 0 0 0 0 0 0 0 0 0 0 0 0 0 0 0
I0627 14:03:58.019724 140159645439744 classifier_utils.py:172] input_mask: 1 1 1 1 1 1 1 1 1 1 1 1 1 1 1 1 1 1 1 1 1 1 1 1 1 1 1 1 1 1 1 1 1 1 1 1 1 1 1 1 0 0 0 0 0 0 0 0 0 0 0 0 0 0 0 0 0 0 0 0 0 0 0 0 0 0 0 0 0 0 0 0 0 0 0 0 0 0 0 0 0 0 0 0 0 0 0 0 0 0 0 0 0 0 0 0 0 0 0 0 0 0 0 0 0 0 0 0 0 0 0 0 0 0 0 0 0 0 0 0 0 0 0 0 0 0 0 0
INFO:tensorflow:segment_ids: 0 0 0 0 0 0 0 0 0 0 0 0 0 0 0 0 0 0 0 0 0 0 0 0 0 0 0 0 0 0 0 0 0 0 0 0 0 0 0 0 0 0 0 0 0 0 0 0 0 0 0 0 0 0 0 0 0 0 0 0 0 0 0 0 0 0 0 0 0 0 0 0 0 0 0 0 0 0 0 0 0 0 0 0 0 0 0 0 0 0 0 0 0 0 0 0 0 0 0 0 0 0 0 0 0 0 0 0 0 0 0 0 0 0 0 0 0 0 0 0 0 0 0 0 0 0 0 0
I0627 14:03:58.019892 140159645439744 classifier_utils.py:173] segment_ids: 0 0 0 0 0 0 0 0 0 0 0 0 0 0 0 0 0 0 0 0 0 0 0 0 0 0 0 0 0 0 0 0 0 0 0 0 0 0 0 0 0 0 0 0 0 0 0 0 0 0 0 0 0 0 0 0 0 0 0 0 0 0 0 0 0 0 0 0 0 0 0 0 0 0 0 0 0 0 0 0 0 0 0 0 0 0 0 0 0 0 0 0 0 0 0 0 0 0 0 0 0 0 0 0 0 0 0 0 0 0 0 0 0 0 0 0 0 0 0 0 0 0 0 0 0 0 0 0
INFO:tensorflow:label: 1 (id = 1)
I0627 14:03:58.020078 140159645439744 classifier_utils.py:174] label: 1 (id = 1)
INFO:tensorflow:Writing example 3000 of 20000
I0627 14:04:00.086268 140159645439744 classifier_utils.py:209] Writing example 3000 of 20000
INFO:tensorflow:Writing example 6000 of 20000
I0627 14:04:02.051612 140159645439744 classifier_utils.py:209] Writing example 6000 of 20000
INFO:tensorflow:Writing example 9000 of 20000
I0627 14:04:05.018842 140159645439744 classifier_utils.py:209] Writing example 9000 of 20000
INFO:tensorflow:Writing example 12000 of 20000
I0627 14:04:07.897317 140159645439744 classifier_utils.py:209] Writing example 12000 of 20000
INFO:tensorflow:Writing example 15000 of 20000
I0627 14:04:10.507291 140159645439744 classifier_utils.py:209] Writing example 15000 of 20000
INFO:tensorflow:Writing example 18000 of 20000
I0627 14:04:12.617329 140159645439744 classifier_utils.py:209] Writing example 18000 of 20000
INFO:tensorflow:***** Running training *****
I0627 14:04:15.047564 140159645439744 run_classifier.py:294] ***** Running training *****
INFO:tensorflow:  Num examples = 20000
I0627 14:04:15.047868 140159645439744 run_classifier.py:295]   Num examples = 20000
INFO:tensorflow:  Batch size = 32
I0627 14:04:15.048715 140159645439744 run_classifier.py:296]   Batch size = 32
INFO:tensorflow:  Num steps = 12000
I0627 14:04:15.048884 140159645439744 run_classifier.py:297]   Num steps = 12000
WARNING:tensorflow:From /usr/local/lib/python3.5/dist-packages/tensorflow_core/python/ops/resource_variable_ops.py:1630: calling BaseResourceVariable.__init__ (from tensorflow.python.ops.resource_variable_ops) with constraint is deprecated and will be removed in a future version.
Instructions for updating:
If using Keras pass *_constraint arguments to layers.
W0627 14:04:15.358584 140159645439744 deprecation.py:506] From /usr/local/lib/python3.5/dist-packages/tensorflow_core/python/ops/resource_variable_ops.py:1630: calling BaseResourceVariable.__init__ (from tensorflow.python.ops.resource_variable_ops) with constraint is deprecated and will be removed in a future version.
Instructions for updating:
If using Keras pass *_constraint arguments to layers.
WARNING:tensorflow:From /usr/local/lib/python3.5/dist-packages/tensorflow_core/python/training/training_util.py:236: Variable.initialized_value (from tensorflow.python.ops.variables) is deprecated and will be removed in a future version.
Instructions for updating:
Use Variable.read_value. Variables in 2.X are initialized automatically both in eager and graph (inside tf.defun) contexts.
W0627 14:04:15.359275 140159645439744 deprecation.py:323] From /usr/local/lib/python3.5/dist-packages/tensorflow_core/python/training/training_util.py:236: Variable.initialized_value (from tensorflow.python.ops.variables) is deprecated and will be removed in a future version.
Instructions for updating:
Use Variable.read_value. Variables in 2.X are initialized automatically both in eager and graph (inside tf.defun) contexts.
INFO:tensorflow:Calling model_fn.
I0627 14:04:15.372609 140159645439744 estimator.py:1148] Calling model_fn.
WARNING:tensorflow:From ./src/char_segmented/classifier_utils.py:296: map_and_batch (from tensorflow.contrib.data.python.ops.batching) is deprecated and will be removed in a future version.
Instructions for updating:
Use `tf.data.experimental.map_and_batch(...)`.
W0627 14:04:15.397033 140159645439744 deprecation.py:323] From ./src/char_segmented/classifier_utils.py:296: map_and_batch (from tensorflow.contrib.data.python.ops.batching) is deprecated and will be removed in a future version.
Instructions for updating:
Use `tf.data.experimental.map_and_batch(...)`.
WARNING:tensorflow:From /usr/local/lib/python3.5/dist-packages/tensorflow_core/contrib/data/python/ops/batching.py:276: map_and_batch (from tensorflow.python.data.experimental.ops.batching) is deprecated and will be removed in a future version.
Instructions for updating:
Use `tf.data.Dataset.map(map_func, num_parallel_calls)` followed by `tf.data.Dataset.batch(batch_size, drop_remainder)`. Static tf.data optimizations will take care of using the fused implementation.
W0627 14:04:15.397366 140159645439744 deprecation.py:323] From /usr/local/lib/python3.5/dist-packages/tensorflow_core/contrib/data/python/ops/batching.py:276: map_and_batch (from tensorflow.python.data.experimental.ops.batching) is deprecated and will be removed in a future version.
Instructions for updating:
Use `tf.data.Dataset.map(map_func, num_parallel_calls)` followed by `tf.data.Dataset.batch(batch_size, drop_remainder)`. Static tf.data optimizations will take care of using the fused implementation.
WARNING:tensorflow:From ./src/char_segmented/classifier_utils.py:273: to_int32 (from tensorflow.python.ops.math_ops) is deprecated and will be removed in a future version.
Instructions for updating:
Use `tf.cast` instead.
W0627 14:04:15.582992 140159645439744 deprecation.py:323] From ./src/char_segmented/classifier_utils.py:273: to_int32 (from tensorflow.python.ops.math_ops) is deprecated and will be removed in a future version.
Instructions for updating:
Use `tf.cast` instead.
2020-06-27 14:04:15.621781: W tensorflow/stream_executor/platform/default/dso_loader.cc:55] Could not load dynamic library 'libcuda.so.1'; dlerror: libcuda.so.1: cannot open shared object file: No such file or directory
2020-06-27 14:04:15.621850: E tensorflow/stream_executor/cuda/cuda_driver.cc:318] failed call to cuInit: UNKNOWN ERROR (303)
2020-06-27 14:04:15.621900: I tensorflow/stream_executor/cuda/cuda_diagnostics.cc:156] kernel driver does not appear to be running on this host (h-bert-1): /proc/driver/nvidia/version does not exist
INFO:tensorflow:*** Features ***
I0627 14:04:15.641666 140159645439744 classifier_utils.py:392] *** Features ***
INFO:tensorflow:  name = input_ids, shape = (32, 128)
I0627 14:04:15.642012 140159645439744 classifier_utils.py:394]   name = input_ids, shape = (32, 128)
INFO:tensorflow:  name = input_mask, shape = (32, 128)
I0627 14:04:15.642187 140159645439744 classifier_utils.py:394]   name = input_mask, shape = (32, 128)
INFO:tensorflow:  name = is_real_example, shape = (32,)
I0627 14:04:15.642355 140159645439744 classifier_utils.py:394]   name = is_real_example, shape = (32,)
INFO:tensorflow:  name = label_ids, shape = (32,)
I0627 14:04:15.642498 140159645439744 classifier_utils.py:394]   name = label_ids, shape = (32,)
INFO:tensorflow:  name = segment_ids, shape = (32, 128)
I0627 14:04:15.642642 140159645439744 classifier_utils.py:394]   name = segment_ids, shape = (32, 128)
INFO:tensorflow:creating model from albert_config
I0627 14:04:15.644381 140159645439744 fine_tuning_utils.py:68] creating model from albert_config
WARNING:tensorflow:From ./src/modeling.py:254: dense (from tensorflow.python.layers.core) is deprecated and will be removed in a future version.
Instructions for updating:
Use keras.layers.Dense instead.
W0627 14:04:17.083750 140159645439744 deprecation.py:323] From ./src/modeling.py:254: dense (from tensorflow.python.layers.core) is deprecated and will be removed in a future version.
Instructions for updating:
Use keras.layers.Dense instead.
WARNING:tensorflow:From /usr/local/lib/python3.5/dist-packages/tensorflow_core/python/layers/core.py:187: Layer.apply (from tensorflow.python.keras.engine.base_layer) is deprecated and will be removed in a future version.
Instructions for updating:
Please use `layer.__call__` method instead.
W0627 14:04:17.086391 140159645439744 deprecation.py:323] From /usr/local/lib/python3.5/dist-packages/tensorflow_core/python/layers/core.py:187: Layer.apply (from tensorflow.python.keras.engine.base_layer) is deprecated and will be removed in a future version.
Instructions for updating:
Please use `layer.__call__` method instead.
WARNING:tensorflow:From ./src/char_segmented/classifier_utils.py:355: calling dropout (from tensorflow.python.ops.nn_ops) with keep_prob is deprecated and will be removed in a future version.
Instructions for updating:
Please use `rate` instead of `keep_prob`. Rate should be set to `rate = 1 - keep_prob`.
W0627 14:04:17.124371 140159645439744 deprecation.py:506] From ./src/char_segmented/classifier_utils.py:355: calling dropout (from tensorflow.python.ops.nn_ops) with keep_prob is deprecated and will be removed in a future version.
Instructions for updating:
Please use `rate` instead of `keep_prob`. Rate should be set to `rate = 1 - keep_prob`.
INFO:tensorflow:name bert/embeddings/word_embeddings match to bert/embeddings/word_embeddings
I0627 14:04:18.296617 140159645439744 modeling.py:390] name bert/embeddings/word_embeddings match to bert/embeddings/word_embeddings
INFO:tensorflow:name bert/embeddings/token_type_embeddings match to bert/embeddings/token_type_embeddings
I0627 14:04:18.299097 140159645439744 modeling.py:390] name bert/embeddings/token_type_embeddings match to bert/embeddings/token_type_embeddings
INFO:tensorflow:name bert/embeddings/position_embeddings match to bert/embeddings/position_embeddings
I0627 14:04:18.299378 140159645439744 modeling.py:390] name bert/embeddings/position_embeddings match to bert/embeddings/position_embeddings
INFO:tensorflow:name bert/embeddings/LayerNorm/beta match to bert/embeddings/LayerNorm/beta
I0627 14:04:18.299549 140159645439744 modeling.py:390] name bert/embeddings/LayerNorm/beta match to bert/embeddings/LayerNorm/beta
INFO:tensorflow:name bert/embeddings/LayerNorm/gamma match to bert/embeddings/LayerNorm/gamma
I0627 14:04:18.299798 140159645439744 modeling.py:390] name bert/embeddings/LayerNorm/gamma match to bert/embeddings/LayerNorm/gamma
INFO:tensorflow:name bert/encoder/embedding_hidden_mapping_in/kernel match to bert/encoder/embedding_hidden_mapping_in/kernel
I0627 14:04:18.299978 140159645439744 modeling.py:390] name bert/encoder/embedding_hidden_mapping_in/kernel match to bert/encoder/embedding_hidden_mapping_in/kernel
INFO:tensorflow:name bert/encoder/embedding_hidden_mapping_in/bias match to bert/encoder/embedding_hidden_mapping_in/bias
I0627 14:04:18.300131 140159645439744 modeling.py:390] name bert/encoder/embedding_hidden_mapping_in/bias match to bert/encoder/embedding_hidden_mapping_in/bias
INFO:tensorflow:name bert/encoder/transformer/group_0/inner_group_0/attention_1/self/query/kernel match to bert/encoder/transformer/group_0/inner_group_0/attention_1/self/query/kernel
I0627 14:04:18.300261 140159645439744 modeling.py:390] name bert/encoder/transformer/group_0/inner_group_0/attention_1/self/query/kernel match to bert/encoder/transformer/group_0/inner_group_0/attention_1/self/query/kernel
INFO:tensorflow:name bert/encoder/transformer/group_0/inner_group_0/attention_1/self/query/bias match to bert/encoder/transformer/group_0/inner_group_0/attention_1/self/query/bias
I0627 14:04:18.300380 140159645439744 modeling.py:390] name bert/encoder/transformer/group_0/inner_group_0/attention_1/self/query/bias match to bert/encoder/transformer/group_0/inner_group_0/attention_1/self/query/bias
INFO:tensorflow:name bert/encoder/transformer/group_0/inner_group_0/attention_1/self/key/kernel match to bert/encoder/transformer/group_0/inner_group_0/attention_1/self/key/kernel
I0627 14:04:18.300493 140159645439744 modeling.py:390] name bert/encoder/transformer/group_0/inner_group_0/attention_1/self/key/kernel match to bert/encoder/transformer/group_0/inner_group_0/attention_1/self/key/kernel
INFO:tensorflow:name bert/encoder/transformer/group_0/inner_group_0/attention_1/self/key/bias match to bert/encoder/transformer/group_0/inner_group_0/attention_1/self/key/bias
I0627 14:04:18.300616 140159645439744 modeling.py:390] name bert/encoder/transformer/group_0/inner_group_0/attention_1/self/key/bias match to bert/encoder/transformer/group_0/inner_group_0/attention_1/self/key/bias
INFO:tensorflow:name bert/encoder/transformer/group_0/inner_group_0/attention_1/self/value/kernel match to bert/encoder/transformer/group_0/inner_group_0/attention_1/self/value/kernel
I0627 14:04:18.300735 140159645439744 modeling.py:390] name bert/encoder/transformer/group_0/inner_group_0/attention_1/self/value/kernel match to bert/encoder/transformer/group_0/inner_group_0/attention_1/self/value/kernel
INFO:tensorflow:name bert/encoder/transformer/group_0/inner_group_0/attention_1/self/value/bias match to bert/encoder/transformer/group_0/inner_group_0/attention_1/self/value/bias
I0627 14:04:18.300870 140159645439744 modeling.py:390] name bert/encoder/transformer/group_0/inner_group_0/attention_1/self/value/bias match to bert/encoder/transformer/group_0/inner_group_0/attention_1/self/value/bias
INFO:tensorflow:name bert/encoder/transformer/group_0/inner_group_0/attention_1/output/dense/kernel match to bert/encoder/transformer/group_0/inner_group_0/attention_1/output/dense/kernel
I0627 14:04:18.300984 140159645439744 modeling.py:390] name bert/encoder/transformer/group_0/inner_group_0/attention_1/output/dense/kernel match to bert/encoder/transformer/group_0/inner_group_0/attention_1/output/dense/kernel
INFO:tensorflow:name bert/encoder/transformer/group_0/inner_group_0/attention_1/output/dense/bias match to bert/encoder/transformer/group_0/inner_group_0/attention_1/output/dense/bias
I0627 14:04:18.301108 140159645439744 modeling.py:390] name bert/encoder/transformer/group_0/inner_group_0/attention_1/output/dense/bias match to bert/encoder/transformer/group_0/inner_group_0/attention_1/output/dense/bias
INFO:tensorflow:name bert/encoder/transformer/group_0/inner_group_0/LayerNorm/beta match to bert/encoder/transformer/group_0/inner_group_0/LayerNorm/beta
I0627 14:04:18.301225 140159645439744 modeling.py:390] name bert/encoder/transformer/group_0/inner_group_0/LayerNorm/beta match to bert/encoder/transformer/group_0/inner_group_0/LayerNorm/beta
INFO:tensorflow:name bert/encoder/transformer/group_0/inner_group_0/LayerNorm/gamma match to bert/encoder/transformer/group_0/inner_group_0/LayerNorm/gamma
I0627 14:04:18.301367 140159645439744 modeling.py:390] name bert/encoder/transformer/group_0/inner_group_0/LayerNorm/gamma match to bert/encoder/transformer/group_0/inner_group_0/LayerNorm/gamma
INFO:tensorflow:name bert/encoder/transformer/group_0/inner_group_0/ffn_1/intermediate/dense/kernel match to bert/encoder/transformer/group_0/inner_group_0/ffn_1/intermediate/dense/kernel
I0627 14:04:18.301494 140159645439744 modeling.py:390] name bert/encoder/transformer/group_0/inner_group_0/ffn_1/intermediate/dense/kernel match to bert/encoder/transformer/group_0/inner_group_0/ffn_1/intermediate/dense/kernel
INFO:tensorflow:name bert/encoder/transformer/group_0/inner_group_0/ffn_1/intermediate/dense/bias match to bert/encoder/transformer/group_0/inner_group_0/ffn_1/intermediate/dense/bias
I0627 14:04:18.301634 140159645439744 modeling.py:390] name bert/encoder/transformer/group_0/inner_group_0/ffn_1/intermediate/dense/bias match to bert/encoder/transformer/group_0/inner_group_0/ffn_1/intermediate/dense/bias
INFO:tensorflow:name bert/encoder/transformer/group_0/inner_group_0/ffn_1/intermediate/output/dense/kernel match to bert/encoder/transformer/group_0/inner_group_0/ffn_1/intermediate/output/dense/kernel
I0627 14:04:18.301760 140159645439744 modeling.py:390] name bert/encoder/transformer/group_0/inner_group_0/ffn_1/intermediate/output/dense/kernel match to bert/encoder/transformer/group_0/inner_group_0/ffn_1/intermediate/output/dense/kernel
INFO:tensorflow:name bert/encoder/transformer/group_0/inner_group_0/ffn_1/intermediate/output/dense/bias match to bert/encoder/transformer/group_0/inner_group_0/ffn_1/intermediate/output/dense/bias
I0627 14:04:18.301882 140159645439744 modeling.py:390] name bert/encoder/transformer/group_0/inner_group_0/ffn_1/intermediate/output/dense/bias match to bert/encoder/transformer/group_0/inner_group_0/ffn_1/intermediate/output/dense/bias
INFO:tensorflow:name bert/encoder/transformer/group_0/inner_group_0/LayerNorm_1/beta match to bert/encoder/transformer/group_0/inner_group_0/LayerNorm_1/beta
I0627 14:04:18.301996 140159645439744 modeling.py:390] name bert/encoder/transformer/group_0/inner_group_0/LayerNorm_1/beta match to bert/encoder/transformer/group_0/inner_group_0/LayerNorm_1/beta
INFO:tensorflow:name bert/encoder/transformer/group_0/inner_group_0/LayerNorm_1/gamma match to bert/encoder/transformer/group_0/inner_group_0/LayerNorm_1/gamma
I0627 14:04:18.302141 140159645439744 modeling.py:390] name bert/encoder/transformer/group_0/inner_group_0/LayerNorm_1/gamma match to bert/encoder/transformer/group_0/inner_group_0/LayerNorm_1/gamma
INFO:tensorflow:name bert/pooler/dense/kernel match to bert/pooler/dense/kernel
I0627 14:04:18.302267 140159645439744 modeling.py:390] name bert/pooler/dense/kernel match to bert/pooler/dense/kernel
INFO:tensorflow:name bert/pooler/dense/bias match to bert/pooler/dense/bias
I0627 14:04:18.302382 140159645439744 modeling.py:390] name bert/pooler/dense/bias match to bert/pooler/dense/bias
INFO:tensorflow:name output_weights does not get matched
I0627 14:04:18.303055 140159645439744 modeling.py:388] name output_weights does not get matched
INFO:tensorflow:name output_bias does not get matched
I0627 14:04:18.303335 140159645439744 modeling.py:388] name output_bias does not get matched
INFO:tensorflow:**** Trainable Variables ****
I0627 14:04:18.303536 140159645439744 classifier_utils.py:438] **** Trainable Variables ****
INFO:tensorflow:  name = bert/embeddings/word_embeddings:0, shape = (10564, 128), *INIT_FROM_CKPT*
I0627 14:04:18.303696 140159645439744 classifier_utils.py:444]   name = bert/embeddings/word_embeddings:0, shape = (10564, 128), *INIT_FROM_CKPT*
INFO:tensorflow:  name = bert/embeddings/token_type_embeddings:0, shape = (2, 128), *INIT_FROM_CKPT*
I0627 14:04:18.304021 140159645439744 classifier_utils.py:444]   name = bert/embeddings/token_type_embeddings:0, shape = (2, 128), *INIT_FROM_CKPT*
INFO:tensorflow:  name = bert/embeddings/position_embeddings:0, shape = (512, 128), *INIT_FROM_CKPT*
I0627 14:04:18.304268 140159645439744 classifier_utils.py:444]   name = bert/embeddings/position_embeddings:0, shape = (512, 128), *INIT_FROM_CKPT*
INFO:tensorflow:  name = bert/embeddings/LayerNorm/beta:0, shape = (128,), *INIT_FROM_CKPT*
I0627 14:04:18.304472 140159645439744 classifier_utils.py:444]   name = bert/embeddings/LayerNorm/beta:0, shape = (128,), *INIT_FROM_CKPT*
INFO:tensorflow:  name = bert/embeddings/LayerNorm/gamma:0, shape = (128,), *INIT_FROM_CKPT*
I0627 14:04:18.304664 140159645439744 classifier_utils.py:444]   name = bert/embeddings/LayerNorm/gamma:0, shape = (128,), *INIT_FROM_CKPT*
INFO:tensorflow:  name = bert/encoder/embedding_hidden_mapping_in/kernel:0, shape = (128, 768), *INIT_FROM_CKPT*
I0627 14:04:18.304826 140159645439744 classifier_utils.py:444]   name = bert/encoder/embedding_hidden_mapping_in/kernel:0, shape = (128, 768), *INIT_FROM_CKPT*
INFO:tensorflow:  name = bert/encoder/embedding_hidden_mapping_in/bias:0, shape = (768,), *INIT_FROM_CKPT*
I0627 14:04:18.305023 140159645439744 classifier_utils.py:444]   name = bert/encoder/embedding_hidden_mapping_in/bias:0, shape = (768,), *INIT_FROM_CKPT*
INFO:tensorflow:  name = bert/encoder/transformer/group_0/inner_group_0/attention_1/self/query/kernel:0, shape = (768, 768), *INIT_FROM_CKPT*
I0627 14:04:18.305198 140159645439744 classifier_utils.py:444]   name = bert/encoder/transformer/group_0/inner_group_0/attention_1/self/query/kernel:0, shape = (768, 768), *INIT_FROM_CKPT*
INFO:tensorflow:  name = bert/encoder/transformer/group_0/inner_group_0/attention_1/self/query/bias:0, shape = (768,), *INIT_FROM_CKPT*
I0627 14:04:18.305371 140159645439744 classifier_utils.py:444]   name = bert/encoder/transformer/group_0/inner_group_0/attention_1/self/query/bias:0, shape = (768,), *INIT_FROM_CKPT*
INFO:tensorflow:  name = bert/encoder/transformer/group_0/inner_group_0/attention_1/self/key/kernel:0, shape = (768, 768), *INIT_FROM_CKPT*
I0627 14:04:18.305530 140159645439744 classifier_utils.py:444]   name = bert/encoder/transformer/group_0/inner_group_0/attention_1/self/key/kernel:0, shape = (768, 768), *INIT_FROM_CKPT*
INFO:tensorflow:  name = bert/encoder/transformer/group_0/inner_group_0/attention_1/self/key/bias:0, shape = (768,), *INIT_FROM_CKPT*
I0627 14:04:18.305715 140159645439744 classifier_utils.py:444]   name = bert/encoder/transformer/group_0/inner_group_0/attention_1/self/key/bias:0, shape = (768,), *INIT_FROM_CKPT*
INFO:tensorflow:  name = bert/encoder/transformer/group_0/inner_group_0/attention_1/self/value/kernel:0, shape = (768, 768), *INIT_FROM_CKPT*
I0627 14:04:18.305872 140159645439744 classifier_utils.py:444]   name = bert/encoder/transformer/group_0/inner_group_0/attention_1/self/value/kernel:0, shape = (768, 768), *INIT_FROM_CKPT*
INFO:tensorflow:  name = bert/encoder/transformer/group_0/inner_group_0/attention_1/self/value/bias:0, shape = (768,), *INIT_FROM_CKPT*
I0627 14:04:18.306047 140159645439744 classifier_utils.py:444]   name = bert/encoder/transformer/group_0/inner_group_0/attention_1/self/value/bias:0, shape = (768,), *INIT_FROM_CKPT*
INFO:tensorflow:  name = bert/encoder/transformer/group_0/inner_group_0/attention_1/output/dense/kernel:0, shape = (768, 768), *INIT_FROM_CKPT*
I0627 14:04:18.306203 140159645439744 classifier_utils.py:444]   name = bert/encoder/transformer/group_0/inner_group_0/attention_1/output/dense/kernel:0, shape = (768, 768), *INIT_FROM_CKPT*
INFO:tensorflow:  name = bert/encoder/transformer/group_0/inner_group_0/attention_1/output/dense/bias:0, shape = (768,), *INIT_FROM_CKPT*
I0627 14:04:18.306369 140159645439744 classifier_utils.py:444]   name = bert/encoder/transformer/group_0/inner_group_0/attention_1/output/dense/bias:0, shape = (768,), *INIT_FROM_CKPT*
INFO:tensorflow:  name = bert/encoder/transformer/group_0/inner_group_0/LayerNorm/beta:0, shape = (768,), *INIT_FROM_CKPT*
I0627 14:04:18.306526 140159645439744 classifier_utils.py:444]   name = bert/encoder/transformer/group_0/inner_group_0/LayerNorm/beta:0, shape = (768,), *INIT_FROM_CKPT*
INFO:tensorflow:  name = bert/encoder/transformer/group_0/inner_group_0/LayerNorm/gamma:0, shape = (768,), *INIT_FROM_CKPT*
I0627 14:04:18.306695 140159645439744 classifier_utils.py:444]   name = bert/encoder/transformer/group_0/inner_group_0/LayerNorm/gamma:0, shape = (768,), *INIT_FROM_CKPT*
INFO:tensorflow:  name = bert/encoder/transformer/group_0/inner_group_0/ffn_1/intermediate/dense/kernel:0, shape = (768, 3072), *INIT_FROM_CKPT*
I0627 14:04:18.306853 140159645439744 classifier_utils.py:444]   name = bert/encoder/transformer/group_0/inner_group_0/ffn_1/intermediate/dense/kernel:0, shape = (768, 3072), *INIT_FROM_CKPT*
INFO:tensorflow:  name = bert/encoder/transformer/group_0/inner_group_0/ffn_1/intermediate/dense/bias:0, shape = (3072,), *INIT_FROM_CKPT*
I0627 14:04:18.307029 140159645439744 classifier_utils.py:444]   name = bert/encoder/transformer/group_0/inner_group_0/ffn_1/intermediate/dense/bias:0, shape = (3072,), *INIT_FROM_CKPT*
INFO:tensorflow:  name = bert/encoder/transformer/group_0/inner_group_0/ffn_1/intermediate/output/dense/kernel:0, shape = (3072, 768), *INIT_FROM_CKPT*
I0627 14:04:18.307188 140159645439744 classifier_utils.py:444]   name = bert/encoder/transformer/group_0/inner_group_0/ffn_1/intermediate/output/dense/kernel:0, shape = (3072, 768), *INIT_FROM_CKPT*
INFO:tensorflow:  name = bert/encoder/transformer/group_0/inner_group_0/ffn_1/intermediate/output/dense/bias:0, shape = (768,), *INIT_FROM_CKPT*
I0627 14:04:18.307355 140159645439744 classifier_utils.py:444]   name = bert/encoder/transformer/group_0/inner_group_0/ffn_1/intermediate/output/dense/bias:0, shape = (768,), *INIT_FROM_CKPT*
INFO:tensorflow:  name = bert/encoder/transformer/group_0/inner_group_0/LayerNorm_1/beta:0, shape = (768,), *INIT_FROM_CKPT*
I0627 14:04:18.307513 140159645439744 classifier_utils.py:444]   name = bert/encoder/transformer/group_0/inner_group_0/LayerNorm_1/beta:0, shape = (768,), *INIT_FROM_CKPT*
INFO:tensorflow:  name = bert/encoder/transformer/group_0/inner_group_0/LayerNorm_1/gamma:0, shape = (768,), *INIT_FROM_CKPT*
I0627 14:04:18.307669 140159645439744 classifier_utils.py:444]   name = bert/encoder/transformer/group_0/inner_group_0/LayerNorm_1/gamma:0, shape = (768,), *INIT_FROM_CKPT*
INFO:tensorflow:  name = bert/pooler/dense/kernel:0, shape = (768, 768), *INIT_FROM_CKPT*
I0627 14:04:18.307825 140159645439744 classifier_utils.py:444]   name = bert/pooler/dense/kernel:0, shape = (768, 768), *INIT_FROM_CKPT*
INFO:tensorflow:  name = bert/pooler/dense/bias:0, shape = (768,), *INIT_FROM_CKPT*
I0627 14:04:18.308032 140159645439744 classifier_utils.py:444]   name = bert/pooler/dense/bias:0, shape = (768,), *INIT_FROM_CKPT*
INFO:tensorflow:  name = output_weights:0, shape = (2, 768)
I0627 14:04:18.308197 140159645439744 classifier_utils.py:444]   name = output_weights:0, shape = (2, 768)
INFO:tensorflow:  name = output_bias:0, shape = (2,)
I0627 14:04:18.308364 140159645439744 classifier_utils.py:444]   name = output_bias:0, shape = (2,)
INFO:tensorflow:++++++ warmup starts at step 0, for 500 steps ++++++
I0627 14:04:18.323810 140159645439744 optimization.py:50] ++++++ warmup starts at step 0, for 500 steps ++++++
INFO:tensorflow:using adamw
I0627 14:04:18.337644 140159645439744 optimization.py:74] using adamw
WARNING:tensorflow:From /usr/local/lib/python3.5/dist-packages/tensorflow_core/python/ops/math_grad.py:1375: where (from tensorflow.python.ops.array_ops) is deprecated and will be removed in a future version.
Instructions for updating:
Use tf.where in 2.0, which has the same broadcast rule as np.where
W0627 14:04:18.518764 140159645439744 deprecation.py:323] From /usr/local/lib/python3.5/dist-packages/tensorflow_core/python/ops/math_grad.py:1375: where (from tensorflow.python.ops.array_ops) is deprecated and will be removed in a future version.
Instructions for updating:
Use tf.where in 2.0, which has the same broadcast rule as np.where
INFO:tensorflow:Create CheckpointSaverHook.
I0627 14:04:24.087375 140159645439744 basic_session_run_hooks.py:541] Create CheckpointSaverHook.
INFO:tensorflow:Done calling model_fn.
I0627 14:04:24.144631 140159645439744 estimator.py:1150] Done calling model_fn.
INFO:tensorflow:TPU job name worker
I0627 14:04:27.087668 140159645439744 tpu_estimator.py:506] TPU job name worker
INFO:tensorflow:Graph was finalized.
I0627 14:04:27.483572 140159645439744 monitored_session.py:240] Graph was finalized.
INFO:tensorflow:Running local_init_op.
I0627 14:04:34.156757 140159645439744 session_manager.py:500] Running local_init_op.
INFO:tensorflow:Done running local_init_op.
I0627 14:04:34.454310 140159645439744 session_manager.py:502] Done running local_init_op.
INFO:tensorflow:Saving checkpoints for 0 into gs://sbt0/experiments/rethink_vocab/finetune/book_review/char_segmented_10564_length_128_steps_4.5k_time_0625_run_1/model.ckpt.
I0627 14:04:45.170890 140159645439744 basic_session_run_hooks.py:606] Saving checkpoints for 0 into gs://sbt0/experiments/rethink_vocab/finetune/book_review/char_segmented_10564_length_128_steps_4.5k_time_0625_run_1/model.ckpt.
INFO:tensorflow:gs://sbt0/experiments/rethink_vocab/finetune/book_review/char_segmented_10564_length_128_steps_4.5k_time_0625_run_1/model.ckpt-0 is not in all_model_checkpoint_paths. Manually adding it.
I0627 14:04:48.149504 140159645439744 checkpoint_management.py:95] gs://sbt0/experiments/rethink_vocab/finetune/book_review/char_segmented_10564_length_128_steps_4.5k_time_0625_run_1/model.ckpt-0 is not in all_model_checkpoint_paths. Manually adding it.
WARNING:tensorflow:From /usr/local/lib/python3.5/dist-packages/tensorflow_estimator/python/estimator/tpu/tpu_estimator.py:751: Variable.load (from tensorflow.python.ops.variables) is deprecated and will be removed in a future version.
Instructions for updating:
Prefer Variable.assign which has equivalent behavior in 2.X.
W0627 14:04:54.004872 140159645439744 deprecation.py:323] From /usr/local/lib/python3.5/dist-packages/tensorflow_estimator/python/estimator/tpu/tpu_estimator.py:751: Variable.load (from tensorflow.python.ops.variables) is deprecated and will be removed in a future version.
Instructions for updating:
Prefer Variable.assign which has equivalent behavior in 2.X.
INFO:tensorflow:Initialized dataset iterators in 0 seconds
I0627 14:04:54.700820 140159645439744 util.py:98] Initialized dataset iterators in 0 seconds
INFO:tensorflow:Installing graceful shutdown hook.
I0627 14:04:54.701335 140159645439744 session_support.py:332] Installing graceful shutdown hook.
2020-06-27 14:04:54.701788: W tensorflow/core/distributed_runtime/rpc/grpc_session.cc:370] GrpcSession::ListDevices will initialize the session with an empty graph and other defaults because the session has not yet been created.
INFO:tensorflow:Creating heartbeat manager for ['/job:worker/replica:0/task:0/device:CPU:0']
I0627 14:04:54.912221 140159645439744 session_support.py:82] Creating heartbeat manager for ['/job:worker/replica:0/task:0/device:CPU:0']
INFO:tensorflow:Configuring worker heartbeat: shutdown_mode: WAIT_FOR_COORDINATOR

I0627 14:04:54.914753 140159645439744 session_support.py:105] Configuring worker heartbeat: shutdown_mode: WAIT_FOR_COORDINATOR

INFO:tensorflow:Init TPU system
I0627 14:04:55.124480 140159645439744 tpu_estimator.py:567] Init TPU system
INFO:tensorflow:Initialized TPU in 5 seconds
I0627 14:05:00.856878 140159645439744 tpu_estimator.py:576] Initialized TPU in 5 seconds
INFO:tensorflow:Starting infeed thread controller.
I0627 14:05:00.869233 140157720954624 tpu_estimator.py:521] Starting infeed thread controller.
INFO:tensorflow:Starting outfeed thread controller.
I0627 14:05:00.876141 140157706557184 tpu_estimator.py:540] Starting outfeed thread controller.
I0627 14:05:00.944762 140157698164480 transport.py:157] Attempting refresh to obtain initial access_token
W0627 14:05:00.979785 140157698164480 http.py:118] Invalid JSON content from response: b'{\n  "error": {\n    "code": 403,\n    "message": "Permission denied on resource project None.",\n    "status": "PERMISSION_DENIED",\n    "details": [\n      {\n        "@type": "type.googleapis.com/google.rpc.Help",\n        "links": [\n          {\n            "description": "Google developer console API key",\n            "url": "https://console.developers.google.com/project/None/apiui/credential"\n          }\n        ]\n      }\n    ]\n  }\n}\n'
Exception in thread Thread-2:
Traceback (most recent call last):
  File "/usr/local/lib/python3.5/dist-packages/tensorflow_core/python/distribute/cluster_resolver/tpu_cluster_resolver.py", line 476, in _fetch_cloud_tpu_metadata
    return request.execute()
  File "/usr/local/lib/python3.5/dist-packages/googleapiclient/_helpers.py", line 130, in positional_wrapper
    return wrapped(*args, **kwargs)
  File "/usr/local/lib/python3.5/dist-packages/googleapiclient/http.py", line 856, in execute
    raise HttpError(resp, content, uri=self.uri)
googleapiclient.errors.HttpError: <HttpError 403 when requesting https://tpu.googleapis.com/v1/projects/None/locations/None/nodes/10.72.236.186:8470?alt=json returned "Permission denied on resource project None.". Details: "[{'@type': 'type.googleapis.com/google.rpc.Help', 'links': [{'description': 'Google developer console API key', 'url': 'https://console.developers.google.com/project/None/apiui/credential'}]}]">

During handling of the above exception, another exception occurred:

Traceback (most recent call last):
  File "/usr/lib/python3.5/threading.py", line 914, in _bootstrap_inner
    self.run()
  File "/usr/local/lib/python3.5/dist-packages/tensorflow_core/python/tpu/preempted_hook.py", line 87, in run
    response = self._cluster._fetch_cloud_tpu_metadata()  # pylint: disable=protected-access
  File "/usr/local/lib/python3.5/dist-packages/tensorflow_core/python/distribute/cluster_resolver/tpu_cluster_resolver.py", line 480, in _fetch_cloud_tpu_metadata
    "constructor. Exception: %s" % (self._tpu, e))
ValueError: Could not lookup TPU metadata from name 'b'10.72.236.186:8470''. Please doublecheck the tpu argument in the TPUClusterResolver constructor. Exception: <HttpError 403 when requesting https://tpu.googleapis.com/v1/projects/None/locations/None/nodes/10.72.236.186:8470?alt=json returned "Permission denied on resource project None.". Details: "[{'@type': 'type.googleapis.com/google.rpc.Help', 'links': [{'description': 'Google developer console API key', 'url': 'https://console.developers.google.com/project/None/apiui/credential'}]}]">

INFO:tensorflow:Enqueue next (600) batch(es) of data to infeed.
I0627 14:05:01.217152 140159645439744 tpu_estimator.py:600] Enqueue next (600) batch(es) of data to infeed.
INFO:tensorflow:Dequeue next (600) batch(es) of data from outfeed.
I0627 14:05:01.217544 140159645439744 tpu_estimator.py:604] Dequeue next (600) batch(es) of data from outfeed.
INFO:tensorflow:Outfeed finished for iteration (0, 0)
I0627 14:05:10.237006 140157706557184 tpu_estimator.py:279] Outfeed finished for iteration (0, 0)
INFO:tensorflow:Outfeed finished for iteration (0, 459)
I0627 14:06:10.244840 140157706557184 tpu_estimator.py:279] Outfeed finished for iteration (0, 459)
INFO:tensorflow:Saving checkpoints for 600 into gs://sbt0/experiments/rethink_vocab/finetune/book_review/char_segmented_10564_length_128_steps_4.5k_time_0625_run_1/model.ckpt.
I0627 14:06:28.807703 140159645439744 basic_session_run_hooks.py:606] Saving checkpoints for 600 into gs://sbt0/experiments/rethink_vocab/finetune/book_review/char_segmented_10564_length_128_steps_4.5k_time_0625_run_1/model.ckpt.
INFO:tensorflow:gs://sbt0/experiments/rethink_vocab/finetune/book_review/char_segmented_10564_length_128_steps_4.5k_time_0625_run_1/model.ckpt-600 is not in all_model_checkpoint_paths. Manually adding it.
I0627 14:06:31.620440 140159645439744 checkpoint_management.py:95] gs://sbt0/experiments/rethink_vocab/finetune/book_review/char_segmented_10564_length_128_steps_4.5k_time_0625_run_1/model.ckpt-600 is not in all_model_checkpoint_paths. Manually adding it.
INFO:tensorflow:loss = 0.60526484, step = 600
I0627 14:06:38.282554 140159645439744 basic_session_run_hooks.py:262] loss = 0.60526484, step = 600
INFO:tensorflow:Enqueue next (600) batch(es) of data to infeed.
I0627 14:06:38.491534 140159645439744 tpu_estimator.py:600] Enqueue next (600) batch(es) of data to infeed.
INFO:tensorflow:Dequeue next (600) batch(es) of data from outfeed.
I0627 14:06:38.491914 140159645439744 tpu_estimator.py:604] Dequeue next (600) batch(es) of data from outfeed.
INFO:tensorflow:Outfeed finished for iteration (1, 235)
I0627 14:07:10.277889 140157706557184 tpu_estimator.py:279] Outfeed finished for iteration (1, 235)
INFO:tensorflow:Saving checkpoints for 1200 into gs://sbt0/experiments/rethink_vocab/finetune/book_review/char_segmented_10564_length_128_steps_4.5k_time_0625_run_1/model.ckpt.
I0627 14:07:58.103574 140159645439744 basic_session_run_hooks.py:606] Saving checkpoints for 1200 into gs://sbt0/experiments/rethink_vocab/finetune/book_review/char_segmented_10564_length_128_steps_4.5k_time_0625_run_1/model.ckpt.
INFO:tensorflow:gs://sbt0/experiments/rethink_vocab/finetune/book_review/char_segmented_10564_length_128_steps_4.5k_time_0625_run_1/model.ckpt-1200 is not in all_model_checkpoint_paths. Manually adding it.
I0627 14:08:01.009815 140159645439744 checkpoint_management.py:95] gs://sbt0/experiments/rethink_vocab/finetune/book_review/char_segmented_10564_length_128_steps_4.5k_time_0625_run_1/model.ckpt-1200 is not in all_model_checkpoint_paths. Manually adding it.
INFO:tensorflow:loss = 0.4393927, step = 1200 (87.876 sec)
I0627 14:08:06.158238 140159645439744 basic_session_run_hooks.py:260] loss = 0.4393927, step = 1200 (87.876 sec)
INFO:tensorflow:global_step/sec: 6.82781
I0627 14:08:06.263389 140159645439744 tpu_estimator.py:2307] global_step/sec: 6.82781
INFO:tensorflow:examples/sec: 218.49
I0627 14:08:06.264903 140159645439744 tpu_estimator.py:2308] examples/sec: 218.49
INFO:tensorflow:Enqueue next (600) batch(es) of data to infeed.
I0627 14:08:06.369336 140159645439744 tpu_estimator.py:600] Enqueue next (600) batch(es) of data to infeed.
INFO:tensorflow:Dequeue next (600) batch(es) of data from outfeed.
I0627 14:08:06.369831 140159645439744 tpu_estimator.py:604] Dequeue next (600) batch(es) of data from outfeed.
INFO:tensorflow:Outfeed finished for iteration (2, 29)
I0627 14:08:10.352515 140157706557184 tpu_estimator.py:279] Outfeed finished for iteration (2, 29)
INFO:tensorflow:Outfeed finished for iteration (2, 488)
I0627 14:09:10.360302 140157706557184 tpu_estimator.py:279] Outfeed finished for iteration (2, 488)
INFO:tensorflow:Saving checkpoints for 1800 into gs://sbt0/experiments/rethink_vocab/finetune/book_review/char_segmented_10564_length_128_steps_4.5k_time_0625_run_1/model.ckpt.
I0627 14:09:25.125817 140159645439744 basic_session_run_hooks.py:606] Saving checkpoints for 1800 into gs://sbt0/experiments/rethink_vocab/finetune/book_review/char_segmented_10564_length_128_steps_4.5k_time_0625_run_1/model.ckpt.
INFO:tensorflow:gs://sbt0/experiments/rethink_vocab/finetune/book_review/char_segmented_10564_length_128_steps_4.5k_time_0625_run_1/model.ckpt-1800 is not in all_model_checkpoint_paths. Manually adding it.
I0627 14:09:27.866691 140159645439744 checkpoint_management.py:95] gs://sbt0/experiments/rethink_vocab/finetune/book_review/char_segmented_10564_length_128_steps_4.5k_time_0625_run_1/model.ckpt-1800 is not in all_model_checkpoint_paths. Manually adding it.
INFO:tensorflow:loss = 0.17100656, step = 1800 (88.255 sec)
I0627 14:09:34.413275 140159645439744 basic_session_run_hooks.py:260] loss = 0.17100656, step = 1800 (88.255 sec)
INFO:tensorflow:global_step/sec: 6.79851
I0627 14:09:34.517979 140159645439744 tpu_estimator.py:2307] global_step/sec: 6.79851
INFO:tensorflow:examples/sec: 217.552
I0627 14:09:34.518301 140159645439744 tpu_estimator.py:2308] examples/sec: 217.552
INFO:tensorflow:Enqueue next (600) batch(es) of data to infeed.
I0627 14:09:34.622517 140159645439744 tpu_estimator.py:600] Enqueue next (600) batch(es) of data to infeed.
INFO:tensorflow:Dequeue next (600) batch(es) of data from outfeed.
I0627 14:09:34.622886 140159645439744 tpu_estimator.py:604] Dequeue next (600) batch(es) of data from outfeed.
INFO:tensorflow:Outfeed finished for iteration (3, 272)
I0627 14:10:10.371796 140157706557184 tpu_estimator.py:279] Outfeed finished for iteration (3, 272)
INFO:tensorflow:Saving checkpoints for 2400 into gs://sbt0/experiments/rethink_vocab/finetune/book_review/char_segmented_10564_length_128_steps_4.5k_time_0625_run_1/model.ckpt.
I0627 14:10:53.379508 140159645439744 basic_session_run_hooks.py:606] Saving checkpoints for 2400 into gs://sbt0/experiments/rethink_vocab/finetune/book_review/char_segmented_10564_length_128_steps_4.5k_time_0625_run_1/model.ckpt.
INFO:tensorflow:gs://sbt0/experiments/rethink_vocab/finetune/book_review/char_segmented_10564_length_128_steps_4.5k_time_0625_run_1/model.ckpt-2400 is not in all_model_checkpoint_paths. Manually adding it.
I0627 14:10:56.013104 140159645439744 checkpoint_management.py:95] gs://sbt0/experiments/rethink_vocab/finetune/book_review/char_segmented_10564_length_128_steps_4.5k_time_0625_run_1/model.ckpt-2400 is not in all_model_checkpoint_paths. Manually adding it.
INFO:tensorflow:loss = 0.19665042, step = 2400 (86.368 sec)
I0627 14:11:00.780951 140159645439744 basic_session_run_hooks.py:260] loss = 0.19665042, step = 2400 (86.368 sec)
INFO:tensorflow:global_step/sec: 6.94704
I0627 14:11:00.885660 140159645439744 tpu_estimator.py:2307] global_step/sec: 6.94704
INFO:tensorflow:examples/sec: 222.305
I0627 14:11:00.886155 140159645439744 tpu_estimator.py:2308] examples/sec: 222.305
INFO:tensorflow:Enqueue next (600) batch(es) of data to infeed.
I0627 14:11:00.990323 140159645439744 tpu_estimator.py:600] Enqueue next (600) batch(es) of data to infeed.
INFO:tensorflow:Dequeue next (600) batch(es) of data from outfeed.
I0627 14:11:00.990693 140159645439744 tpu_estimator.py:604] Dequeue next (600) batch(es) of data from outfeed.
INFO:tensorflow:Outfeed finished for iteration (4, 71)
I0627 14:11:10.463509 140157706557184 tpu_estimator.py:279] Outfeed finished for iteration (4, 71)
INFO:tensorflow:Outfeed finished for iteration (4, 530)
I0627 14:12:10.474452 140157706557184 tpu_estimator.py:279] Outfeed finished for iteration (4, 530)
INFO:tensorflow:Saving checkpoints for 3000 into gs://sbt0/experiments/rethink_vocab/finetune/book_review/char_segmented_10564_length_128_steps_4.5k_time_0625_run_1/model.ckpt.
I0627 14:12:19.752409 140159645439744 basic_session_run_hooks.py:606] Saving checkpoints for 3000 into gs://sbt0/experiments/rethink_vocab/finetune/book_review/char_segmented_10564_length_128_steps_4.5k_time_0625_run_1/model.ckpt.
INFO:tensorflow:gs://sbt0/experiments/rethink_vocab/finetune/book_review/char_segmented_10564_length_128_steps_4.5k_time_0625_run_1/model.ckpt-3000 is not in all_model_checkpoint_paths. Manually adding it.
I0627 14:12:22.404341 140159645439744 checkpoint_management.py:95] gs://sbt0/experiments/rethink_vocab/finetune/book_review/char_segmented_10564_length_128_steps_4.5k_time_0625_run_1/model.ckpt-3000 is not in all_model_checkpoint_paths. Manually adding it.
INFO:tensorflow:loss = 0.08490927, step = 3000 (86.615 sec)
I0627 14:12:27.395614 140159645439744 basic_session_run_hooks.py:260] loss = 0.08490927, step = 3000 (86.615 sec)
INFO:tensorflow:global_step/sec: 6.92724
I0627 14:12:27.500218 140159645439744 tpu_estimator.py:2307] global_step/sec: 6.92724
INFO:tensorflow:examples/sec: 221.672
I0627 14:12:27.500685 140159645439744 tpu_estimator.py:2308] examples/sec: 221.672
INFO:tensorflow:Enqueue next (600) batch(es) of data to infeed.
I0627 14:12:27.604841 140159645439744 tpu_estimator.py:600] Enqueue next (600) batch(es) of data to infeed.
INFO:tensorflow:Dequeue next (600) batch(es) of data from outfeed.
I0627 14:12:27.605282 140159645439744 tpu_estimator.py:604] Dequeue next (600) batch(es) of data from outfeed.
INFO:tensorflow:Outfeed finished for iteration (5, 327)
I0627 14:13:10.544119 140157706557184 tpu_estimator.py:279] Outfeed finished for iteration (5, 327)
INFO:tensorflow:Saving checkpoints for 3600 into gs://sbt0/experiments/rethink_vocab/finetune/book_review/char_segmented_10564_length_128_steps_4.5k_time_0625_run_1/model.ckpt.
I0627 14:13:46.363625 140159645439744 basic_session_run_hooks.py:606] Saving checkpoints for 3600 into gs://sbt0/experiments/rethink_vocab/finetune/book_review/char_segmented_10564_length_128_steps_4.5k_time_0625_run_1/model.ckpt.
INFO:tensorflow:gs://sbt0/experiments/rethink_vocab/finetune/book_review/char_segmented_10564_length_128_steps_4.5k_time_0625_run_1/model.ckpt-3600 is not in all_model_checkpoint_paths. Manually adding it.
I0627 14:13:49.222166 140159645439744 checkpoint_management.py:95] gs://sbt0/experiments/rethink_vocab/finetune/book_review/char_segmented_10564_length_128_steps_4.5k_time_0625_run_1/model.ckpt-3600 is not in all_model_checkpoint_paths. Manually adding it.
INFO:tensorflow:loss = 0.004415248, step = 3600 (85.583 sec)
I0627 14:13:52.978950 140159645439744 basic_session_run_hooks.py:260] loss = 0.004415248, step = 3600 (85.583 sec)
INFO:tensorflow:global_step/sec: 7.01071
I0627 14:13:53.083515 140159645439744 tpu_estimator.py:2307] global_step/sec: 7.01071
INFO:tensorflow:examples/sec: 224.343
I0627 14:13:53.083988 140159645439744 tpu_estimator.py:2308] examples/sec: 224.343
INFO:tensorflow:Enqueue next (600) batch(es) of data to infeed.
I0627 14:13:53.188243 140159645439744 tpu_estimator.py:600] Enqueue next (600) batch(es) of data to infeed.
INFO:tensorflow:Dequeue next (600) batch(es) of data from outfeed.
I0627 14:13:53.188563 140159645439744 tpu_estimator.py:604] Dequeue next (600) batch(es) of data from outfeed.
INFO:tensorflow:Outfeed finished for iteration (6, 132)
I0627 14:14:10.638663 140157706557184 tpu_estimator.py:279] Outfeed finished for iteration (6, 132)
INFO:tensorflow:Outfeed finished for iteration (6, 591)
I0627 14:15:10.647367 140157706557184 tpu_estimator.py:279] Outfeed finished for iteration (6, 591)
INFO:tensorflow:Saving checkpoints for 4200 into gs://sbt0/experiments/rethink_vocab/finetune/book_review/char_segmented_10564_length_128_steps_4.5k_time_0625_run_1/model.ckpt.
I0627 14:15:11.964410 140159645439744 basic_session_run_hooks.py:606] Saving checkpoints for 4200 into gs://sbt0/experiments/rethink_vocab/finetune/book_review/char_segmented_10564_length_128_steps_4.5k_time_0625_run_1/model.ckpt.
INFO:tensorflow:gs://sbt0/experiments/rethink_vocab/finetune/book_review/char_segmented_10564_length_128_steps_4.5k_time_0625_run_1/model.ckpt-4200 is not in all_model_checkpoint_paths. Manually adding it.
I0627 14:15:15.231991 140159645439744 checkpoint_management.py:95] gs://sbt0/experiments/rethink_vocab/finetune/book_review/char_segmented_10564_length_128_steps_4.5k_time_0625_run_1/model.ckpt-4200 is not in all_model_checkpoint_paths. Manually adding it.
INFO:tensorflow:loss = 0.16531801, step = 4200 (87.633 sec)
I0627 14:15:20.612308 140159645439744 basic_session_run_hooks.py:260] loss = 0.16531801, step = 4200 (87.633 sec)
INFO:tensorflow:global_step/sec: 6.84616
I0627 14:15:20.723869 140159645439744 tpu_estimator.py:2307] global_step/sec: 6.84616
INFO:tensorflow:examples/sec: 219.077
I0627 14:15:20.724351 140159645439744 tpu_estimator.py:2308] examples/sec: 219.077
INFO:tensorflow:Enqueue next (600) batch(es) of data to infeed.
I0627 14:15:20.835494 140159645439744 tpu_estimator.py:600] Enqueue next (600) batch(es) of data to infeed.
INFO:tensorflow:Dequeue next (600) batch(es) of data from outfeed.
I0627 14:15:20.835826 140159645439744 tpu_estimator.py:604] Dequeue next (600) batch(es) of data from outfeed.
INFO:tensorflow:Outfeed finished for iteration (7, 380)
I0627 14:16:10.709824 140157706557184 tpu_estimator.py:279] Outfeed finished for iteration (7, 380)
INFO:tensorflow:Saving checkpoints for 4800 into gs://sbt0/experiments/rethink_vocab/finetune/book_review/char_segmented_10564_length_128_steps_4.5k_time_0625_run_1/model.ckpt.
I0627 14:16:39.606310 140159645439744 basic_session_run_hooks.py:606] Saving checkpoints for 4800 into gs://sbt0/experiments/rethink_vocab/finetune/book_review/char_segmented_10564_length_128_steps_4.5k_time_0625_run_1/model.ckpt.
INFO:tensorflow:gs://sbt0/experiments/rethink_vocab/finetune/book_review/char_segmented_10564_length_128_steps_4.5k_time_0625_run_1/model.ckpt-4800 is not in all_model_checkpoint_paths. Manually adding it.
I0627 14:16:43.231460 140159645439744 checkpoint_management.py:95] gs://sbt0/experiments/rethink_vocab/finetune/book_review/char_segmented_10564_length_128_steps_4.5k_time_0625_run_1/model.ckpt-4800 is not in all_model_checkpoint_paths. Manually adding it.
INFO:tensorflow:loss = 0.0005708267, step = 4800 (86.547 sec)
I0627 14:16:47.159662 140159645439744 basic_session_run_hooks.py:260] loss = 0.0005708267, step = 4800 (86.547 sec)
INFO:tensorflow:global_step/sec: 6.93262
I0627 14:16:47.271252 140159645439744 tpu_estimator.py:2307] global_step/sec: 6.93262
INFO:tensorflow:examples/sec: 221.844
I0627 14:16:47.271711 140159645439744 tpu_estimator.py:2308] examples/sec: 221.844
INFO:tensorflow:Enqueue next (600) batch(es) of data to infeed.
I0627 14:16:47.382851 140159645439744 tpu_estimator.py:600] Enqueue next (600) batch(es) of data to infeed.
INFO:tensorflow:Dequeue next (600) batch(es) of data from outfeed.
I0627 14:16:47.383217 140159645439744 tpu_estimator.py:604] Dequeue next (600) batch(es) of data from outfeed.
INFO:tensorflow:Outfeed finished for iteration (8, 177)
I0627 14:17:10.717584 140157706557184 tpu_estimator.py:279] Outfeed finished for iteration (8, 177)
INFO:tensorflow:Saving checkpoints for 5400 into gs://sbt0/experiments/rethink_vocab/finetune/book_review/char_segmented_10564_length_128_steps_4.5k_time_0625_run_1/model.ckpt.
I0627 14:18:06.155685 140159645439744 basic_session_run_hooks.py:606] Saving checkpoints for 5400 into gs://sbt0/experiments/rethink_vocab/finetune/book_review/char_segmented_10564_length_128_steps_4.5k_time_0625_run_1/model.ckpt.
INFO:tensorflow:gs://sbt0/experiments/rethink_vocab/finetune/book_review/char_segmented_10564_length_128_steps_4.5k_time_0625_run_1/model.ckpt-5400 is not in all_model_checkpoint_paths. Manually adding it.
I0627 14:18:09.750356 140159645439744 checkpoint_management.py:95] gs://sbt0/experiments/rethink_vocab/finetune/book_review/char_segmented_10564_length_128_steps_4.5k_time_0625_run_1/model.ckpt-5400 is not in all_model_checkpoint_paths. Manually adding it.
INFO:tensorflow:loss = 0.03632254, step = 5400 (88.237 sec)
I0627 14:18:15.397151 140159645439744 basic_session_run_hooks.py:260] loss = 0.03632254, step = 5400 (88.237 sec)
INFO:tensorflow:global_step/sec: 6.79982
I0627 14:18:15.508869 140159645439744 tpu_estimator.py:2307] global_step/sec: 6.79982
INFO:tensorflow:examples/sec: 217.594
I0627 14:18:15.509190 140159645439744 tpu_estimator.py:2308] examples/sec: 217.594
INFO:tensorflow:Enqueue next (600) batch(es) of data to infeed.
I0627 14:18:15.620504 140159645439744 tpu_estimator.py:600] Enqueue next (600) batch(es) of data to infeed.
INFO:tensorflow:Dequeue next (600) batch(es) of data from outfeed.
I0627 14:18:15.620890 140159645439744 tpu_estimator.py:604] Dequeue next (600) batch(es) of data from outfeed.
INFO:tensorflow:Outfeed finished for iteration (9, 0)
I0627 14:18:15.811736 140157706557184 tpu_estimator.py:279] Outfeed finished for iteration (9, 0)
INFO:tensorflow:Outfeed finished for iteration (9, 459)
I0627 14:19:15.821235 140157706557184 tpu_estimator.py:279] Outfeed finished for iteration (9, 459)
INFO:tensorflow:Saving checkpoints for 6000 into gs://sbt0/experiments/rethink_vocab/finetune/book_review/char_segmented_10564_length_128_steps_4.5k_time_0625_run_1/model.ckpt.
I0627 14:19:34.387038 140159645439744 basic_session_run_hooks.py:606] Saving checkpoints for 6000 into gs://sbt0/experiments/rethink_vocab/finetune/book_review/char_segmented_10564_length_128_steps_4.5k_time_0625_run_1/model.ckpt.
INFO:tensorflow:gs://sbt0/experiments/rethink_vocab/finetune/book_review/char_segmented_10564_length_128_steps_4.5k_time_0625_run_1/model.ckpt-6000 is not in all_model_checkpoint_paths. Manually adding it.
I0627 14:19:37.387840 140159645439744 checkpoint_management.py:95] gs://sbt0/experiments/rethink_vocab/finetune/book_review/char_segmented_10564_length_128_steps_4.5k_time_0625_run_1/model.ckpt-6000 is not in all_model_checkpoint_paths. Manually adding it.
INFO:tensorflow:loss = 0.00041684986, step = 6000 (86.114 sec)
I0627 14:19:41.510711 140159645439744 basic_session_run_hooks.py:260] loss = 0.00041684986, step = 6000 (86.114 sec)
INFO:tensorflow:global_step/sec: 6.96754
I0627 14:19:41.622451 140159645439744 tpu_estimator.py:2307] global_step/sec: 6.96754
INFO:tensorflow:examples/sec: 222.961
I0627 14:19:41.622906 140159645439744 tpu_estimator.py:2308] examples/sec: 222.961
INFO:tensorflow:Enqueue next (600) batch(es) of data to infeed.
I0627 14:19:41.734519 140159645439744 tpu_estimator.py:600] Enqueue next (600) batch(es) of data to infeed.
INFO:tensorflow:Dequeue next (600) batch(es) of data from outfeed.
I0627 14:19:41.734925 140159645439744 tpu_estimator.py:604] Dequeue next (600) batch(es) of data from outfeed.
INFO:tensorflow:Outfeed finished for iteration (10, 260)
I0627 14:20:15.917547 140157706557184 tpu_estimator.py:279] Outfeed finished for iteration (10, 260)
INFO:tensorflow:Saving checkpoints for 6600 into gs://sbt0/experiments/rethink_vocab/finetune/book_review/char_segmented_10564_length_128_steps_4.5k_time_0625_run_1/model.ckpt.
I0627 14:21:00.501330 140159645439744 basic_session_run_hooks.py:606] Saving checkpoints for 6600 into gs://sbt0/experiments/rethink_vocab/finetune/book_review/char_segmented_10564_length_128_steps_4.5k_time_0625_run_1/model.ckpt.
INFO:tensorflow:gs://sbt0/experiments/rethink_vocab/finetune/book_review/char_segmented_10564_length_128_steps_4.5k_time_0625_run_1/model.ckpt-6600 is not in all_model_checkpoint_paths. Manually adding it.
I0627 14:21:03.167850 140159645439744 checkpoint_management.py:95] gs://sbt0/experiments/rethink_vocab/finetune/book_review/char_segmented_10564_length_128_steps_4.5k_time_0625_run_1/model.ckpt-6600 is not in all_model_checkpoint_paths. Manually adding it.
INFO:tensorflow:loss = 0.00026820024, step = 6600 (87.277 sec)
I0627 14:21:08.788010 140159645439744 basic_session_run_hooks.py:260] loss = 0.00026820024, step = 6600 (87.277 sec)
INFO:tensorflow:global_step/sec: 6.87459
I0627 14:21:08.900410 140159645439744 tpu_estimator.py:2307] global_step/sec: 6.87459
INFO:tensorflow:examples/sec: 219.987
I0627 14:21:08.900722 140159645439744 tpu_estimator.py:2308] examples/sec: 219.987
INFO:tensorflow:Enqueue next (600) batch(es) of data to infeed.
I0627 14:21:09.012067 140159645439744 tpu_estimator.py:600] Enqueue next (600) batch(es) of data to infeed.
INFO:tensorflow:Dequeue next (600) batch(es) of data from outfeed.
I0627 14:21:09.012476 140159645439744 tpu_estimator.py:604] Dequeue next (600) batch(es) of data from outfeed.
INFO:tensorflow:Outfeed finished for iteration (11, 52)
I0627 14:21:16.002524 140157706557184 tpu_estimator.py:279] Outfeed finished for iteration (11, 52)
INFO:tensorflow:Outfeed finished for iteration (11, 511)
I0627 14:22:16.008071 140157706557184 tpu_estimator.py:279] Outfeed finished for iteration (11, 511)
INFO:tensorflow:Saving checkpoints for 7200 into gs://sbt0/experiments/rethink_vocab/finetune/book_review/char_segmented_10564_length_128_steps_4.5k_time_0625_run_1/model.ckpt.
I0627 14:22:27.780848 140159645439744 basic_session_run_hooks.py:606] Saving checkpoints for 7200 into gs://sbt0/experiments/rethink_vocab/finetune/book_review/char_segmented_10564_length_128_steps_4.5k_time_0625_run_1/model.ckpt.
INFO:tensorflow:gs://sbt0/experiments/rethink_vocab/finetune/book_review/char_segmented_10564_length_128_steps_4.5k_time_0625_run_1/model.ckpt-7200 is not in all_model_checkpoint_paths. Manually adding it.
I0627 14:22:31.038653 140159645439744 checkpoint_management.py:95] gs://sbt0/experiments/rethink_vocab/finetune/book_review/char_segmented_10564_length_128_steps_4.5k_time_0625_run_1/model.ckpt-7200 is not in all_model_checkpoint_paths. Manually adding it.
INFO:tensorflow:loss = 0.0011438706, step = 7200 (86.148 sec)
I0627 14:22:34.935678 140159645439744 basic_session_run_hooks.py:260] loss = 0.0011438706, step = 7200 (86.148 sec)
INFO:tensorflow:global_step/sec: 6.96486
I0627 14:22:35.047192 140159645439744 tpu_estimator.py:2307] global_step/sec: 6.96486
INFO:tensorflow:examples/sec: 222.875
I0627 14:22:35.047686 140159645439744 tpu_estimator.py:2308] examples/sec: 222.875
INFO:tensorflow:Enqueue next (600) batch(es) of data to infeed.
I0627 14:22:35.158762 140159645439744 tpu_estimator.py:600] Enqueue next (600) batch(es) of data to infeed.
INFO:tensorflow:Dequeue next (600) batch(es) of data from outfeed.
I0627 14:22:35.159165 140159645439744 tpu_estimator.py:604] Dequeue next (600) batch(es) of data from outfeed.
