Requirement already satisfied: tensorflow_hub in /usr/local/lib/python3.5/dist-packages (0.8.0)
Requirement already satisfied: numpy>=1.12.0 in /usr/local/lib/python3.5/dist-packages (from tensorflow_hub) (1.18.1)
Requirement already satisfied: protobuf>=3.8.0 in /usr/local/lib/python3.5/dist-packages (from tensorflow_hub) (3.11.3)
Requirement already satisfied: six>=1.12.0 in /usr/local/lib/python3.5/dist-packages (from tensorflow_hub) (1.14.0)
Requirement already satisfied: setuptools in /usr/local/lib/python3.5/dist-packages (from protobuf>=3.8.0->tensorflow_hub) (45.2.0)
WARNING: You are using pip version 20.0.2; however, version 20.1.1 is available.
You should consider upgrading via the '/usr/bin/python3 -m pip install --upgrade pip' command.
Requirement already satisfied: sentencepiece in /usr/local/lib/python3.5/dist-packages (0.1.91)
WARNING: You are using pip version 20.0.2; however, version 20.1.1 is available.
You should consider upgrading via the '/usr/bin/python3 -m pip install --upgrade pip' command.
Requirement already satisfied: jieba in /usr/local/lib/python3.5/dist-packages (0.42.1)
WARNING: You are using pip version 20.0.2; however, version 20.1.1 is available.
You should consider upgrading via the '/usr/bin/python3 -m pip install --upgrade pip' command.
Requirement already satisfied: tokenizers in /usr/local/lib/python3.5/dist-packages (0.7.0)
WARNING: You are using pip version 20.0.2; however, version 20.1.1 is available.
You should consider upgrading via the '/usr/bin/python3 -m pip install --upgrade pip' command.
Requirement already satisfied: boto3 in /usr/local/lib/python3.5/dist-packages (1.14.10)
Requirement already satisfied: s3transfer<0.4.0,>=0.3.0 in /usr/local/lib/python3.5/dist-packages (from boto3) (0.3.3)
Requirement already satisfied: botocore<1.18.0,>=1.17.10 in /usr/local/lib/python3.5/dist-packages (from boto3) (1.17.10)
Requirement already satisfied: jmespath<1.0.0,>=0.7.1 in /usr/local/lib/python3.5/dist-packages (from boto3) (0.10.0)
Requirement already satisfied: urllib3<1.26,>=1.20; python_version != "3.4" in /usr/local/lib/python3.5/dist-packages (from botocore<1.18.0,>=1.17.10->boto3) (1.25.8)
Requirement already satisfied: python-dateutil<3.0.0,>=2.1 in /usr/local/lib/python3.5/dist-packages (from botocore<1.18.0,>=1.17.10->boto3) (2.8.1)
Requirement already satisfied: docutils<0.16,>=0.10 in /usr/local/lib/python3.5/dist-packages (from botocore<1.18.0,>=1.17.10->boto3) (0.15.2)
Requirement already satisfied: six>=1.5 in /usr/local/lib/python3.5/dist-packages (from python-dateutil<3.0.0,>=2.1->botocore<1.18.0,>=1.17.10->boto3) (1.14.0)
WARNING: You are using pip version 20.0.2; however, version 20.1.1 is available.
You should consider upgrading via the '/usr/bin/python3 -m pip install --upgrade pip' command.
Requirement already satisfied: jieba_fast in /usr/local/lib/python3.5/dist-packages (0.53)
WARNING: You are using pip version 20.0.2; however, version 20.1.1 is available.
You should consider upgrading via the '/usr/bin/python3 -m pip install --upgrade pip' command.
Requirement already satisfied: sklearn in /usr/local/lib/python3.5/dist-packages (0.0)
Requirement already satisfied: scikit-learn in /usr/local/lib/python3.5/dist-packages (from sklearn) (0.22.2.post1)
Requirement already satisfied: numpy>=1.11.0 in /usr/local/lib/python3.5/dist-packages (from scikit-learn->sklearn) (1.18.1)
Requirement already satisfied: scipy>=0.17.0 in /usr/local/lib/python3.5/dist-packages (from scikit-learn->sklearn) (1.4.1)
Requirement already satisfied: joblib>=0.11 in /usr/local/lib/python3.5/dist-packages (from scikit-learn->sklearn) (0.14.1)
WARNING: You are using pip version 20.0.2; however, version 20.1.1 is available.
You should consider upgrading via the '/usr/bin/python3 -m pip install --upgrade pip' command.
Start running...
INFO:tensorflow:loading sentence piece model
I0627 14:07:40.629184 139815454402304 tokenization.py:240] loading sentence piece model
WARNING:tensorflow:From ./src/data_processors.py:132: The name tf.gfile.Open is deprecated. Please use tf.io.gfile.GFile instead.

W0627 14:07:40.909132 139815454402304 module_wrapper.py:139] From ./src/data_processors.py:132: The name tf.gfile.Open is deprecated. Please use tf.io.gfile.GFile instead.

WARNING:tensorflow:Estimator's model_fn (<function model_fn_builder.<locals>.model_fn at 0x7f28ec62d158>) includes params argument, but params are not passed to Estimator.
W0627 14:07:42.351459 139815454402304 estimator.py:1994] Estimator's model_fn (<function model_fn_builder.<locals>.model_fn at 0x7f28ec62d158>) includes params argument, but params are not passed to Estimator.
INFO:tensorflow:Using config: {'_master': 'grpc://10.214.193.210:8470', '_task_type': 'worker', '_tpu_config': TPUConfig(iterations_per_loop=600, num_shards=1, num_cores_per_replica=None, per_host_input_for_training=3, tpu_job_name=None, initial_infeed_sleep_secs=None, input_partition_dims=None, eval_training_input_configuration=2, experimental_host_call_every_n_steps=1), '_model_dir': 'gs://sbt0/experiments/rethink_vocab/finetune/book_review/char_segmented_31692_length_128_steps_4.5k_time_0625_run_1/', '_cluster_spec': <tensorflow.python.training.server_lib.ClusterSpec object at 0x7f28ffc13940>, '_session_config': allow_soft_placement: true
cluster_def {
  job {
    name: "worker"
    tasks {
      key: 0
      value: "10.214.193.210:8470"
    }
  }
}
isolate_session_state: true
, '_experimental_max_worker_delay_secs': None, '_num_worker_replicas': 1, '_is_chief': True, '_service': None, '_cluster': <tensorflow.python.distribute.cluster_resolver.tpu_cluster_resolver.TPUClusterResolver object at 0x7f28ec73b8d0>, '_keep_checkpoint_max': 0, '_train_distribute': None, '_tf_random_seed': None, '_num_ps_replicas': 0, '_save_checkpoints_steps': 600, '_save_checkpoints_secs': None, '_session_creation_timeout_secs': 7200, '_eval_distribute': None, '_device_fn': None, '_global_id_in_cluster': 0, '_log_step_count_steps': None, '_evaluation_master': 'grpc://10.214.193.210:8470', '_save_summary_steps': 100, '_keep_checkpoint_every_n_hours': 10000, '_experimental_distribute': None, '_protocol': None, '_task_id': 0}
I0627 14:07:42.356909 139815454402304 estimator.py:212] Using config: {'_master': 'grpc://10.214.193.210:8470', '_task_type': 'worker', '_tpu_config': TPUConfig(iterations_per_loop=600, num_shards=1, num_cores_per_replica=None, per_host_input_for_training=3, tpu_job_name=None, initial_infeed_sleep_secs=None, input_partition_dims=None, eval_training_input_configuration=2, experimental_host_call_every_n_steps=1), '_model_dir': 'gs://sbt0/experiments/rethink_vocab/finetune/book_review/char_segmented_31692_length_128_steps_4.5k_time_0625_run_1/', '_cluster_spec': <tensorflow.python.training.server_lib.ClusterSpec object at 0x7f28ffc13940>, '_session_config': allow_soft_placement: true
cluster_def {
  job {
    name: "worker"
    tasks {
      key: 0
      value: "10.214.193.210:8470"
    }
  }
}
isolate_session_state: true
, '_experimental_max_worker_delay_secs': None, '_num_worker_replicas': 1, '_is_chief': True, '_service': None, '_cluster': <tensorflow.python.distribute.cluster_resolver.tpu_cluster_resolver.TPUClusterResolver object at 0x7f28ec73b8d0>, '_keep_checkpoint_max': 0, '_train_distribute': None, '_tf_random_seed': None, '_num_ps_replicas': 0, '_save_checkpoints_steps': 600, '_save_checkpoints_secs': None, '_session_creation_timeout_secs': 7200, '_eval_distribute': None, '_device_fn': None, '_global_id_in_cluster': 0, '_log_step_count_steps': None, '_evaluation_master': 'grpc://10.214.193.210:8470', '_save_summary_steps': 100, '_keep_checkpoint_every_n_hours': 10000, '_experimental_distribute': None, '_protocol': None, '_task_id': 0}
WARNING:tensorflow:Setting TPUConfig.num_shards==1 is an unsupported behavior. Please fix as soon as possible (leaving num_shards as None.)
W0627 14:07:42.358484 139815454402304 tpu_context.py:824] Setting TPUConfig.num_shards==1 is an unsupported behavior. Please fix as soon as possible (leaving num_shards as None.)
INFO:tensorflow:_TPUContext: eval_on_tpu True
I0627 14:07:42.360027 139815454402304 tpu_context.py:220] _TPUContext: eval_on_tpu True
INFO:tensorflow:Writing example 0 of 20000
I0627 14:07:42.361401 139815454402304 classifier_utils.py:209] Writing example 0 of 20000
Building prefix dict from the default dictionary ...
I0627 14:07:42.365776 139815454402304 __init__.py:113] Building prefix dict from the default dictionary ...
Loading model from cache /tmp/jieba.cache
I0627 14:07:42.366143 139815454402304 __init__.py:133] Loading model from cache /tmp/jieba.cache
Loading model cost 2.501 seconds.
I0627 14:07:44.867027 139815454402304 __init__.py:165] Loading model cost 2.501 seconds.
Prefix dict has been built successfully.
I0627 14:07:44.867688 139815454402304 __init__.py:166] Prefix dict has been built successfully.
INFO:tensorflow:*** Example ***
I0627 14:07:44.869336 139815454402304 classifier_utils.py:167] *** Example ***
INFO:tensorflow:guid: train-0
I0627 14:07:44.869816 139815454402304 classifier_utils.py:168] guid: train-0
INFO:tensorflow:tokens: [CLS] ▁都 ▁是 ▁些 ▁没 用 ▁的 ▁鸡 汤 ▁, ▁基本 ▁没 ▁帮助 ▁。 ▁但是 ▁其中 ▁对于 ▁钟 摆 ▁的 ▁理论 ▁令人 深 思 ▁, ▁市场 ▁总是 ▁有 ▁自己 ▁的 ▁运作 ▁周期 ▁, ▁最 ▁危险 ▁的 ▁事 ▁就是 ▁你 ▁有 ▁一刻 ▁对 ▁周期 ▁的 ▁概念 ▁发生 ▁怀疑 ▁。 [SEP]
I0627 14:07:44.870218 139815454402304 classifier_utils.py:170] tokens: [CLS] ▁都 ▁是 ▁些 ▁没 用 ▁的 ▁鸡 汤 ▁, ▁基本 ▁没 ▁帮助 ▁。 ▁但是 ▁其中 ▁对于 ▁钟 摆 ▁的 ▁理论 ▁令人 深 思 ▁, ▁市场 ▁总是 ▁有 ▁自己 ▁的 ▁运作 ▁周期 ▁, ▁最 ▁危险 ▁的 ▁事 ▁就是 ▁你 ▁有 ▁一刻 ▁对 ▁周期 ▁的 ▁概念 ▁发生 ▁怀疑 ▁。 [SEP]
INFO:tensorflow:input_ids: 2 134 22 9811 266 25933 14 3967 27353 13 1340 266 1799 15 683 259 1919 2947 27869 14 1453 3975 26510 26634 13 1401 7422 34 413 14 3527 4012 13 65 4036 14 221 850 1288 34 22355 68 4012 14 1987 633 4540 15 3 0 0 0 0 0 0 0 0 0 0 0 0 0 0 0 0 0 0 0 0 0 0 0 0 0 0 0 0 0 0 0 0 0 0 0 0 0 0 0 0 0 0 0 0 0 0 0 0 0 0 0 0 0 0 0 0 0 0 0 0 0 0 0 0 0 0 0 0 0 0 0 0 0 0 0 0 0 0 0
I0627 14:07:44.870630 139815454402304 classifier_utils.py:171] input_ids: 2 134 22 9811 266 25933 14 3967 27353 13 1340 266 1799 15 683 259 1919 2947 27869 14 1453 3975 26510 26634 13 1401 7422 34 413 14 3527 4012 13 65 4036 14 221 850 1288 34 22355 68 4012 14 1987 633 4540 15 3 0 0 0 0 0 0 0 0 0 0 0 0 0 0 0 0 0 0 0 0 0 0 0 0 0 0 0 0 0 0 0 0 0 0 0 0 0 0 0 0 0 0 0 0 0 0 0 0 0 0 0 0 0 0 0 0 0 0 0 0 0 0 0 0 0 0 0 0 0 0 0 0 0 0 0 0 0 0 0
INFO:tensorflow:input_mask: 1 1 1 1 1 1 1 1 1 1 1 1 1 1 1 1 1 1 1 1 1 1 1 1 1 1 1 1 1 1 1 1 1 1 1 1 1 1 1 1 1 1 1 1 1 1 1 1 1 0 0 0 0 0 0 0 0 0 0 0 0 0 0 0 0 0 0 0 0 0 0 0 0 0 0 0 0 0 0 0 0 0 0 0 0 0 0 0 0 0 0 0 0 0 0 0 0 0 0 0 0 0 0 0 0 0 0 0 0 0 0 0 0 0 0 0 0 0 0 0 0 0 0 0 0 0 0 0
I0627 14:07:44.871051 139815454402304 classifier_utils.py:172] input_mask: 1 1 1 1 1 1 1 1 1 1 1 1 1 1 1 1 1 1 1 1 1 1 1 1 1 1 1 1 1 1 1 1 1 1 1 1 1 1 1 1 1 1 1 1 1 1 1 1 1 0 0 0 0 0 0 0 0 0 0 0 0 0 0 0 0 0 0 0 0 0 0 0 0 0 0 0 0 0 0 0 0 0 0 0 0 0 0 0 0 0 0 0 0 0 0 0 0 0 0 0 0 0 0 0 0 0 0 0 0 0 0 0 0 0 0 0 0 0 0 0 0 0 0 0 0 0 0 0
INFO:tensorflow:segment_ids: 0 0 0 0 0 0 0 0 0 0 0 0 0 0 0 0 0 0 0 0 0 0 0 0 0 0 0 0 0 0 0 0 0 0 0 0 0 0 0 0 0 0 0 0 0 0 0 0 0 0 0 0 0 0 0 0 0 0 0 0 0 0 0 0 0 0 0 0 0 0 0 0 0 0 0 0 0 0 0 0 0 0 0 0 0 0 0 0 0 0 0 0 0 0 0 0 0 0 0 0 0 0 0 0 0 0 0 0 0 0 0 0 0 0 0 0 0 0 0 0 0 0 0 0 0 0 0 0
I0627 14:07:44.871439 139815454402304 classifier_utils.py:173] segment_ids: 0 0 0 0 0 0 0 0 0 0 0 0 0 0 0 0 0 0 0 0 0 0 0 0 0 0 0 0 0 0 0 0 0 0 0 0 0 0 0 0 0 0 0 0 0 0 0 0 0 0 0 0 0 0 0 0 0 0 0 0 0 0 0 0 0 0 0 0 0 0 0 0 0 0 0 0 0 0 0 0 0 0 0 0 0 0 0 0 0 0 0 0 0 0 0 0 0 0 0 0 0 0 0 0 0 0 0 0 0 0 0 0 0 0 0 0 0 0 0 0 0 0 0 0 0 0 0 0
INFO:tensorflow:label: 0 (id = 0)
I0627 14:07:44.871772 139815454402304 classifier_utils.py:174] label: 0 (id = 0)
INFO:tensorflow:*** Example ***
I0627 14:07:44.873947 139815454402304 classifier_utils.py:167] *** Example ***
INFO:tensorflow:guid: train-1
I0627 14:07:44.876204 139815454402304 classifier_utils.py:168] guid: train-1
INFO:tensorflow:tokens: [CLS] ▁挺 ▁好奇 ▁给 ▁这 书 ▁打 ▁五星 ▁的 ▁读者 群 ▁ . . . ▁ . . . ▁心理学 ▁导 论 ▁放 ▁了 ▁一段 ▁审 问 ▁王明 ▁阳 ▁的 ▁电视剧 ▁片段 ▁, ▁看 ▁了 ▁小说 ▁发现 ▁那 段 ▁简 直 ▁是 ▁装 ▁× ▁精 髓 ▁所在 ▁ . . . ▁ . . . [SEP]
I0627 14:07:44.877562 139815454402304 classifier_utils.py:170] tokens: [CLS] ▁挺 ▁好奇 ▁给 ▁这 书 ▁打 ▁五星 ▁的 ▁读者 群 ▁ . . . ▁ . . . ▁心理学 ▁导 论 ▁放 ▁了 ▁一段 ▁审 问 ▁王明 ▁阳 ▁的 ▁电视剧 ▁片段 ▁, ▁看 ▁了 ▁小说 ▁发现 ▁那 段 ▁简 直 ▁是 ▁装 ▁× ▁精 髓 ▁所在 ▁ . . . ▁ . . . [SEP]
INFO:tensorflow:input_ids: 2 7408 18987 648 51 26155 404 14242 14 5624 26490 25863 9 9 9 25863 9 9 9 11826 537 26280 746 32 2268 1301 26393 21868 2275 14 2215 7029 13 653 32 1858 506 463 26370 682 26195 22 739 4193 699 28885 2421 25863 9 9 9 25863 9 9 9 3 0 0 0 0 0 0 0 0 0 0 0 0 0 0 0 0 0 0 0 0 0 0 0 0 0 0 0 0 0 0 0 0 0 0 0 0 0 0 0 0 0 0 0 0 0 0 0 0 0 0 0 0 0 0 0 0 0 0 0 0 0 0 0 0 0 0 0 0 0 0 0 0
I0627 14:07:44.877982 139815454402304 classifier_utils.py:171] input_ids: 2 7408 18987 648 51 26155 404 14242 14 5624 26490 25863 9 9 9 25863 9 9 9 11826 537 26280 746 32 2268 1301 26393 21868 2275 14 2215 7029 13 653 32 1858 506 463 26370 682 26195 22 739 4193 699 28885 2421 25863 9 9 9 25863 9 9 9 3 0 0 0 0 0 0 0 0 0 0 0 0 0 0 0 0 0 0 0 0 0 0 0 0 0 0 0 0 0 0 0 0 0 0 0 0 0 0 0 0 0 0 0 0 0 0 0 0 0 0 0 0 0 0 0 0 0 0 0 0 0 0 0 0 0 0 0 0 0 0 0 0
INFO:tensorflow:input_mask: 1 1 1 1 1 1 1 1 1 1 1 1 1 1 1 1 1 1 1 1 1 1 1 1 1 1 1 1 1 1 1 1 1 1 1 1 1 1 1 1 1 1 1 1 1 1 1 1 1 1 1 1 1 1 1 1 0 0 0 0 0 0 0 0 0 0 0 0 0 0 0 0 0 0 0 0 0 0 0 0 0 0 0 0 0 0 0 0 0 0 0 0 0 0 0 0 0 0 0 0 0 0 0 0 0 0 0 0 0 0 0 0 0 0 0 0 0 0 0 0 0 0 0 0 0 0 0 0
I0627 14:07:44.878381 139815454402304 classifier_utils.py:172] input_mask: 1 1 1 1 1 1 1 1 1 1 1 1 1 1 1 1 1 1 1 1 1 1 1 1 1 1 1 1 1 1 1 1 1 1 1 1 1 1 1 1 1 1 1 1 1 1 1 1 1 1 1 1 1 1 1 1 0 0 0 0 0 0 0 0 0 0 0 0 0 0 0 0 0 0 0 0 0 0 0 0 0 0 0 0 0 0 0 0 0 0 0 0 0 0 0 0 0 0 0 0 0 0 0 0 0 0 0 0 0 0 0 0 0 0 0 0 0 0 0 0 0 0 0 0 0 0 0 0
INFO:tensorflow:segment_ids: 0 0 0 0 0 0 0 0 0 0 0 0 0 0 0 0 0 0 0 0 0 0 0 0 0 0 0 0 0 0 0 0 0 0 0 0 0 0 0 0 0 0 0 0 0 0 0 0 0 0 0 0 0 0 0 0 0 0 0 0 0 0 0 0 0 0 0 0 0 0 0 0 0 0 0 0 0 0 0 0 0 0 0 0 0 0 0 0 0 0 0 0 0 0 0 0 0 0 0 0 0 0 0 0 0 0 0 0 0 0 0 0 0 0 0 0 0 0 0 0 0 0 0 0 0 0 0 0
I0627 14:07:44.888123 139815454402304 classifier_utils.py:173] segment_ids: 0 0 0 0 0 0 0 0 0 0 0 0 0 0 0 0 0 0 0 0 0 0 0 0 0 0 0 0 0 0 0 0 0 0 0 0 0 0 0 0 0 0 0 0 0 0 0 0 0 0 0 0 0 0 0 0 0 0 0 0 0 0 0 0 0 0 0 0 0 0 0 0 0 0 0 0 0 0 0 0 0 0 0 0 0 0 0 0 0 0 0 0 0 0 0 0 0 0 0 0 0 0 0 0 0 0 0 0 0 0 0 0 0 0 0 0 0 0 0 0 0 0 0 0 0 0 0 0
INFO:tensorflow:label: 0 (id = 0)
I0627 14:07:44.888686 139815454402304 classifier_utils.py:174] label: 0 (id = 0)
INFO:tensorflow:*** Example ***
I0627 14:07:44.890252 139815454402304 classifier_utils.py:167] *** Example ***
INFO:tensorflow:guid: train-2
I0627 14:07:44.890646 139815454402304 classifier_utils.py:168] guid: train-2
INFO:tensorflow:tokens: [CLS] ▁还 ▁能 ▁再 ▁ 啰嗦 ▁一点 ▁吗 [SEP]
I0627 14:07:44.891020 139815454402304 classifier_utils.py:170] tokens: [CLS] ▁还 ▁能 ▁再 ▁ 啰嗦 ▁一点 ▁吗 [SEP]
INFO:tensorflow:input_ids: 2 228 278 340 25863 1 4750 6952 3 0 0 0 0 0 0 0 0 0 0 0 0 0 0 0 0 0 0 0 0 0 0 0 0 0 0 0 0 0 0 0 0 0 0 0 0 0 0 0 0 0 0 0 0 0 0 0 0 0 0 0 0 0 0 0 0 0 0 0 0 0 0 0 0 0 0 0 0 0 0 0 0 0 0 0 0 0 0 0 0 0 0 0 0 0 0 0 0 0 0 0 0 0 0 0 0 0 0 0 0 0 0 0 0 0 0 0 0 0 0 0 0 0 0 0 0 0 0 0
I0627 14:07:44.891387 139815454402304 classifier_utils.py:171] input_ids: 2 228 278 340 25863 1 4750 6952 3 0 0 0 0 0 0 0 0 0 0 0 0 0 0 0 0 0 0 0 0 0 0 0 0 0 0 0 0 0 0 0 0 0 0 0 0 0 0 0 0 0 0 0 0 0 0 0 0 0 0 0 0 0 0 0 0 0 0 0 0 0 0 0 0 0 0 0 0 0 0 0 0 0 0 0 0 0 0 0 0 0 0 0 0 0 0 0 0 0 0 0 0 0 0 0 0 0 0 0 0 0 0 0 0 0 0 0 0 0 0 0 0 0 0 0 0 0 0 0
INFO:tensorflow:input_mask: 1 1 1 1 1 1 1 1 1 0 0 0 0 0 0 0 0 0 0 0 0 0 0 0 0 0 0 0 0 0 0 0 0 0 0 0 0 0 0 0 0 0 0 0 0 0 0 0 0 0 0 0 0 0 0 0 0 0 0 0 0 0 0 0 0 0 0 0 0 0 0 0 0 0 0 0 0 0 0 0 0 0 0 0 0 0 0 0 0 0 0 0 0 0 0 0 0 0 0 0 0 0 0 0 0 0 0 0 0 0 0 0 0 0 0 0 0 0 0 0 0 0 0 0 0 0 0 0
I0627 14:07:44.891782 139815454402304 classifier_utils.py:172] input_mask: 1 1 1 1 1 1 1 1 1 0 0 0 0 0 0 0 0 0 0 0 0 0 0 0 0 0 0 0 0 0 0 0 0 0 0 0 0 0 0 0 0 0 0 0 0 0 0 0 0 0 0 0 0 0 0 0 0 0 0 0 0 0 0 0 0 0 0 0 0 0 0 0 0 0 0 0 0 0 0 0 0 0 0 0 0 0 0 0 0 0 0 0 0 0 0 0 0 0 0 0 0 0 0 0 0 0 0 0 0 0 0 0 0 0 0 0 0 0 0 0 0 0 0 0 0 0 0 0
INFO:tensorflow:segment_ids: 0 0 0 0 0 0 0 0 0 0 0 0 0 0 0 0 0 0 0 0 0 0 0 0 0 0 0 0 0 0 0 0 0 0 0 0 0 0 0 0 0 0 0 0 0 0 0 0 0 0 0 0 0 0 0 0 0 0 0 0 0 0 0 0 0 0 0 0 0 0 0 0 0 0 0 0 0 0 0 0 0 0 0 0 0 0 0 0 0 0 0 0 0 0 0 0 0 0 0 0 0 0 0 0 0 0 0 0 0 0 0 0 0 0 0 0 0 0 0 0 0 0 0 0 0 0 0 0
I0627 14:07:44.892212 139815454402304 classifier_utils.py:173] segment_ids: 0 0 0 0 0 0 0 0 0 0 0 0 0 0 0 0 0 0 0 0 0 0 0 0 0 0 0 0 0 0 0 0 0 0 0 0 0 0 0 0 0 0 0 0 0 0 0 0 0 0 0 0 0 0 0 0 0 0 0 0 0 0 0 0 0 0 0 0 0 0 0 0 0 0 0 0 0 0 0 0 0 0 0 0 0 0 0 0 0 0 0 0 0 0 0 0 0 0 0 0 0 0 0 0 0 0 0 0 0 0 0 0 0 0 0 0 0 0 0 0 0 0 0 0 0 0 0 0
INFO:tensorflow:label: 0 (id = 0)
I0627 14:07:44.892548 139815454402304 classifier_utils.py:174] label: 0 (id = 0)
INFO:tensorflow:*** Example ***
I0627 14:07:44.893965 139815454402304 classifier_utils.py:167] *** Example ***
INFO:tensorflow:guid: train-3
I0627 14:07:44.894340 139815454402304 classifier_utils.py:168] guid: train-3
INFO:tensorflow:tokens: [CLS] ▁没 ▁忍 住 ▁一定 ▁打 个 ▁较 差 ▁ . . . ▁ . . . ▁平时 ▁都 ▁不 ▁打 分 ▁的 [SEP]
I0627 14:07:44.894679 139815454402304 classifier_utils.py:170] tokens: [CLS] ▁没 ▁忍 住 ▁一定 ▁打 个 ▁较 差 ▁ . . . ▁ . . . ▁平时 ▁都 ▁不 ▁打 分 ▁的 [SEP]
INFO:tensorflow:input_ids: 2 266 4959 26565 1843 404 25905 421 26851 25863 9 9 9 25863 9 9 9 11217 134 36 404 25929 14 3 0 0 0 0 0 0 0 0 0 0 0 0 0 0 0 0 0 0 0 0 0 0 0 0 0 0 0 0 0 0 0 0 0 0 0 0 0 0 0 0 0 0 0 0 0 0 0 0 0 0 0 0 0 0 0 0 0 0 0 0 0 0 0 0 0 0 0 0 0 0 0 0 0 0 0 0 0 0 0 0 0 0 0 0 0 0 0 0 0 0 0 0 0 0 0 0 0 0 0 0 0 0 0 0
I0627 14:07:44.895063 139815454402304 classifier_utils.py:171] input_ids: 2 266 4959 26565 1843 404 25905 421 26851 25863 9 9 9 25863 9 9 9 11217 134 36 404 25929 14 3 0 0 0 0 0 0 0 0 0 0 0 0 0 0 0 0 0 0 0 0 0 0 0 0 0 0 0 0 0 0 0 0 0 0 0 0 0 0 0 0 0 0 0 0 0 0 0 0 0 0 0 0 0 0 0 0 0 0 0 0 0 0 0 0 0 0 0 0 0 0 0 0 0 0 0 0 0 0 0 0 0 0 0 0 0 0 0 0 0 0 0 0 0 0 0 0 0 0 0 0 0 0 0 0
INFO:tensorflow:input_mask: 1 1 1 1 1 1 1 1 1 1 1 1 1 1 1 1 1 1 1 1 1 1 1 1 0 0 0 0 0 0 0 0 0 0 0 0 0 0 0 0 0 0 0 0 0 0 0 0 0 0 0 0 0 0 0 0 0 0 0 0 0 0 0 0 0 0 0 0 0 0 0 0 0 0 0 0 0 0 0 0 0 0 0 0 0 0 0 0 0 0 0 0 0 0 0 0 0 0 0 0 0 0 0 0 0 0 0 0 0 0 0 0 0 0 0 0 0 0 0 0 0 0 0 0 0 0 0 0
I0627 14:07:44.895443 139815454402304 classifier_utils.py:172] input_mask: 1 1 1 1 1 1 1 1 1 1 1 1 1 1 1 1 1 1 1 1 1 1 1 1 0 0 0 0 0 0 0 0 0 0 0 0 0 0 0 0 0 0 0 0 0 0 0 0 0 0 0 0 0 0 0 0 0 0 0 0 0 0 0 0 0 0 0 0 0 0 0 0 0 0 0 0 0 0 0 0 0 0 0 0 0 0 0 0 0 0 0 0 0 0 0 0 0 0 0 0 0 0 0 0 0 0 0 0 0 0 0 0 0 0 0 0 0 0 0 0 0 0 0 0 0 0 0 0
INFO:tensorflow:segment_ids: 0 0 0 0 0 0 0 0 0 0 0 0 0 0 0 0 0 0 0 0 0 0 0 0 0 0 0 0 0 0 0 0 0 0 0 0 0 0 0 0 0 0 0 0 0 0 0 0 0 0 0 0 0 0 0 0 0 0 0 0 0 0 0 0 0 0 0 0 0 0 0 0 0 0 0 0 0 0 0 0 0 0 0 0 0 0 0 0 0 0 0 0 0 0 0 0 0 0 0 0 0 0 0 0 0 0 0 0 0 0 0 0 0 0 0 0 0 0 0 0 0 0 0 0 0 0 0 0
I0627 14:07:44.895827 139815454402304 classifier_utils.py:173] segment_ids: 0 0 0 0 0 0 0 0 0 0 0 0 0 0 0 0 0 0 0 0 0 0 0 0 0 0 0 0 0 0 0 0 0 0 0 0 0 0 0 0 0 0 0 0 0 0 0 0 0 0 0 0 0 0 0 0 0 0 0 0 0 0 0 0 0 0 0 0 0 0 0 0 0 0 0 0 0 0 0 0 0 0 0 0 0 0 0 0 0 0 0 0 0 0 0 0 0 0 0 0 0 0 0 0 0 0 0 0 0 0 0 0 0 0 0 0 0 0 0 0 0 0 0 0 0 0 0 0
INFO:tensorflow:label: 0 (id = 0)
I0627 14:07:44.896193 139815454402304 classifier_utils.py:174] label: 0 (id = 0)
INFO:tensorflow:*** Example ***
I0627 14:07:44.897990 139815454402304 classifier_utils.py:167] *** Example ***
INFO:tensorflow:guid: train-4
I0627 14:07:44.899295 139815454402304 classifier_utils.py:168] guid: train-4
INFO:tensorflow:tokens: [CLS] ▁一 ▁本书 ▁很难 ▁将 ▁22 ▁个 ▁月 ▁, ▁10 ▁公里 ▁的 ▁的 ▁旅程 ▁说 ▁清 ▁, ▁其中 ▁的 ▁美 妙 ▁与 ▁艰 辛 ▁, ▁需要 ▁我 ▁放下 ▁自己 ▁去 ▁经历 ▁体会 ▁。 [SEP]
I0627 14:07:44.899650 139815454402304 classifier_utils.py:170] tokens: [CLS] ▁一 ▁本书 ▁很难 ▁将 ▁22 ▁个 ▁月 ▁, ▁10 ▁公里 ▁的 ▁的 ▁旅程 ▁说 ▁清 ▁, ▁其中 ▁的 ▁美 妙 ▁与 ▁艰 辛 ▁, ▁需要 ▁我 ▁放下 ▁自己 ▁去 ▁经历 ▁体会 ▁。 [SEP]
INFO:tensorflow:input_ids: 2 21 6961 11803 125 732 168 29 13 123 558 14 14 11412 271 320 13 259 14 88 27890 37 7713 27105 13 784 379 18560 413 539 2928 20482 15 3 0 0 0 0 0 0 0 0 0 0 0 0 0 0 0 0 0 0 0 0 0 0 0 0 0 0 0 0 0 0 0 0 0 0 0 0 0 0 0 0 0 0 0 0 0 0 0 0 0 0 0 0 0 0 0 0 0 0 0 0 0 0 0 0 0 0 0 0 0 0 0 0 0 0 0 0 0 0 0 0 0 0 0 0 0 0 0 0 0 0 0 0 0 0
I0627 14:07:44.900067 139815454402304 classifier_utils.py:171] input_ids: 2 21 6961 11803 125 732 168 29 13 123 558 14 14 11412 271 320 13 259 14 88 27890 37 7713 27105 13 784 379 18560 413 539 2928 20482 15 3 0 0 0 0 0 0 0 0 0 0 0 0 0 0 0 0 0 0 0 0 0 0 0 0 0 0 0 0 0 0 0 0 0 0 0 0 0 0 0 0 0 0 0 0 0 0 0 0 0 0 0 0 0 0 0 0 0 0 0 0 0 0 0 0 0 0 0 0 0 0 0 0 0 0 0 0 0 0 0 0 0 0 0 0 0 0 0 0 0 0 0 0 0 0
INFO:tensorflow:input_mask: 1 1 1 1 1 1 1 1 1 1 1 1 1 1 1 1 1 1 1 1 1 1 1 1 1 1 1 1 1 1 1 1 1 1 0 0 0 0 0 0 0 0 0 0 0 0 0 0 0 0 0 0 0 0 0 0 0 0 0 0 0 0 0 0 0 0 0 0 0 0 0 0 0 0 0 0 0 0 0 0 0 0 0 0 0 0 0 0 0 0 0 0 0 0 0 0 0 0 0 0 0 0 0 0 0 0 0 0 0 0 0 0 0 0 0 0 0 0 0 0 0 0 0 0 0 0 0 0
I0627 14:07:44.900470 139815454402304 classifier_utils.py:172] input_mask: 1 1 1 1 1 1 1 1 1 1 1 1 1 1 1 1 1 1 1 1 1 1 1 1 1 1 1 1 1 1 1 1 1 1 0 0 0 0 0 0 0 0 0 0 0 0 0 0 0 0 0 0 0 0 0 0 0 0 0 0 0 0 0 0 0 0 0 0 0 0 0 0 0 0 0 0 0 0 0 0 0 0 0 0 0 0 0 0 0 0 0 0 0 0 0 0 0 0 0 0 0 0 0 0 0 0 0 0 0 0 0 0 0 0 0 0 0 0 0 0 0 0 0 0 0 0 0 0
INFO:tensorflow:segment_ids: 0 0 0 0 0 0 0 0 0 0 0 0 0 0 0 0 0 0 0 0 0 0 0 0 0 0 0 0 0 0 0 0 0 0 0 0 0 0 0 0 0 0 0 0 0 0 0 0 0 0 0 0 0 0 0 0 0 0 0 0 0 0 0 0 0 0 0 0 0 0 0 0 0 0 0 0 0 0 0 0 0 0 0 0 0 0 0 0 0 0 0 0 0 0 0 0 0 0 0 0 0 0 0 0 0 0 0 0 0 0 0 0 0 0 0 0 0 0 0 0 0 0 0 0 0 0 0 0
I0627 14:07:44.900863 139815454402304 classifier_utils.py:173] segment_ids: 0 0 0 0 0 0 0 0 0 0 0 0 0 0 0 0 0 0 0 0 0 0 0 0 0 0 0 0 0 0 0 0 0 0 0 0 0 0 0 0 0 0 0 0 0 0 0 0 0 0 0 0 0 0 0 0 0 0 0 0 0 0 0 0 0 0 0 0 0 0 0 0 0 0 0 0 0 0 0 0 0 0 0 0 0 0 0 0 0 0 0 0 0 0 0 0 0 0 0 0 0 0 0 0 0 0 0 0 0 0 0 0 0 0 0 0 0 0 0 0 0 0 0 0 0 0 0 0
INFO:tensorflow:label: 1 (id = 1)
I0627 14:07:44.901216 139815454402304 classifier_utils.py:174] label: 1 (id = 1)
INFO:tensorflow:Writing example 3000 of 20000
I0627 14:07:49.111195 139815454402304 classifier_utils.py:209] Writing example 3000 of 20000
INFO:tensorflow:Writing example 6000 of 20000
I0627 14:07:54.443078 139815454402304 classifier_utils.py:209] Writing example 6000 of 20000
INFO:tensorflow:Writing example 9000 of 20000
I0627 14:08:00.457570 139815454402304 classifier_utils.py:209] Writing example 9000 of 20000
INFO:tensorflow:Writing example 12000 of 20000
I0627 14:08:05.476119 139815454402304 classifier_utils.py:209] Writing example 12000 of 20000
INFO:tensorflow:Writing example 15000 of 20000
I0627 14:08:09.431296 139815454402304 classifier_utils.py:209] Writing example 15000 of 20000
INFO:tensorflow:Writing example 18000 of 20000
I0627 14:08:13.105226 139815454402304 classifier_utils.py:209] Writing example 18000 of 20000
INFO:tensorflow:***** Running training *****
I0627 14:08:16.918217 139815454402304 run_classifier.py:294] ***** Running training *****
INFO:tensorflow:  Num examples = 20000
I0627 14:08:16.918919 139815454402304 run_classifier.py:295]   Num examples = 20000
INFO:tensorflow:  Batch size = 32
I0627 14:08:16.920277 139815454402304 run_classifier.py:296]   Batch size = 32
INFO:tensorflow:  Num steps = 12000
I0627 14:08:16.920670 139815454402304 run_classifier.py:297]   Num steps = 12000
WARNING:tensorflow:From /usr/local/lib/python3.5/dist-packages/tensorflow_core/python/ops/resource_variable_ops.py:1630: calling BaseResourceVariable.__init__ (from tensorflow.python.ops.resource_variable_ops) with constraint is deprecated and will be removed in a future version.
Instructions for updating:
If using Keras pass *_constraint arguments to layers.
W0627 14:08:17.218792 139815454402304 deprecation.py:506] From /usr/local/lib/python3.5/dist-packages/tensorflow_core/python/ops/resource_variable_ops.py:1630: calling BaseResourceVariable.__init__ (from tensorflow.python.ops.resource_variable_ops) with constraint is deprecated and will be removed in a future version.
Instructions for updating:
If using Keras pass *_constraint arguments to layers.
WARNING:tensorflow:From /usr/local/lib/python3.5/dist-packages/tensorflow_core/python/training/training_util.py:236: Variable.initialized_value (from tensorflow.python.ops.variables) is deprecated and will be removed in a future version.
Instructions for updating:
Use Variable.read_value. Variables in 2.X are initialized automatically both in eager and graph (inside tf.defun) contexts.
W0627 14:08:17.220115 139815454402304 deprecation.py:323] From /usr/local/lib/python3.5/dist-packages/tensorflow_core/python/training/training_util.py:236: Variable.initialized_value (from tensorflow.python.ops.variables) is deprecated and will be removed in a future version.
Instructions for updating:
Use Variable.read_value. Variables in 2.X are initialized automatically both in eager and graph (inside tf.defun) contexts.
INFO:tensorflow:Calling model_fn.
I0627 14:08:17.242282 139815454402304 estimator.py:1148] Calling model_fn.
WARNING:tensorflow:From ./src/char_segmented/classifier_utils.py:296: map_and_batch (from tensorflow.contrib.data.python.ops.batching) is deprecated and will be removed in a future version.
Instructions for updating:
Use `tf.data.experimental.map_and_batch(...)`.
W0627 14:08:17.280931 139815454402304 deprecation.py:323] From ./src/char_segmented/classifier_utils.py:296: map_and_batch (from tensorflow.contrib.data.python.ops.batching) is deprecated and will be removed in a future version.
Instructions for updating:
Use `tf.data.experimental.map_and_batch(...)`.
WARNING:tensorflow:From /usr/local/lib/python3.5/dist-packages/tensorflow_core/contrib/data/python/ops/batching.py:276: map_and_batch (from tensorflow.python.data.experimental.ops.batching) is deprecated and will be removed in a future version.
Instructions for updating:
Use `tf.data.Dataset.map(map_func, num_parallel_calls)` followed by `tf.data.Dataset.batch(batch_size, drop_remainder)`. Static tf.data optimizations will take care of using the fused implementation.
W0627 14:08:17.282622 139815454402304 deprecation.py:323] From /usr/local/lib/python3.5/dist-packages/tensorflow_core/contrib/data/python/ops/batching.py:276: map_and_batch (from tensorflow.python.data.experimental.ops.batching) is deprecated and will be removed in a future version.
Instructions for updating:
Use `tf.data.Dataset.map(map_func, num_parallel_calls)` followed by `tf.data.Dataset.batch(batch_size, drop_remainder)`. Static tf.data optimizations will take care of using the fused implementation.
WARNING:tensorflow:From ./src/char_segmented/classifier_utils.py:273: to_int32 (from tensorflow.python.ops.math_ops) is deprecated and will be removed in a future version.
Instructions for updating:
Use `tf.cast` instead.
W0627 14:08:17.615682 139815454402304 deprecation.py:323] From ./src/char_segmented/classifier_utils.py:273: to_int32 (from tensorflow.python.ops.math_ops) is deprecated and will be removed in a future version.
Instructions for updating:
Use `tf.cast` instead.
2020-06-27 14:08:17.678620: W tensorflow/stream_executor/platform/default/dso_loader.cc:55] Could not load dynamic library 'libcuda.so.1'; dlerror: libcuda.so.1: cannot open shared object file: No such file or directory
2020-06-27 14:08:17.678875: E tensorflow/stream_executor/cuda/cuda_driver.cc:318] failed call to cuInit: UNKNOWN ERROR (303)
2020-06-27 14:08:17.679010: I tensorflow/stream_executor/cuda/cuda_diagnostics.cc:156] kernel driver does not appear to be running on this host (h-bert-1): /proc/driver/nvidia/version does not exist
INFO:tensorflow:*** Features ***
I0627 14:08:17.708192 139815454402304 classifier_utils.py:392] *** Features ***
INFO:tensorflow:  name = input_ids, shape = (32, 128)
I0627 14:08:17.708925 139815454402304 classifier_utils.py:394]   name = input_ids, shape = (32, 128)
INFO:tensorflow:  name = input_mask, shape = (32, 128)
I0627 14:08:17.709393 139815454402304 classifier_utils.py:394]   name = input_mask, shape = (32, 128)
INFO:tensorflow:  name = is_real_example, shape = (32,)
I0627 14:08:17.709836 139815454402304 classifier_utils.py:394]   name = is_real_example, shape = (32,)
INFO:tensorflow:  name = label_ids, shape = (32,)
I0627 14:08:17.710249 139815454402304 classifier_utils.py:394]   name = label_ids, shape = (32,)
INFO:tensorflow:  name = segment_ids, shape = (32, 128)
I0627 14:08:17.710646 139815454402304 classifier_utils.py:394]   name = segment_ids, shape = (32, 128)
INFO:tensorflow:creating model from albert_config
I0627 14:08:17.712483 139815454402304 fine_tuning_utils.py:68] creating model from albert_config
WARNING:tensorflow:From ./src/modeling.py:254: dense (from tensorflow.python.layers.core) is deprecated and will be removed in a future version.
Instructions for updating:
Use keras.layers.Dense instead.
W0627 14:08:19.893162 139815454402304 deprecation.py:323] From ./src/modeling.py:254: dense (from tensorflow.python.layers.core) is deprecated and will be removed in a future version.
Instructions for updating:
Use keras.layers.Dense instead.
WARNING:tensorflow:From /usr/local/lib/python3.5/dist-packages/tensorflow_core/python/layers/core.py:187: Layer.apply (from tensorflow.python.keras.engine.base_layer) is deprecated and will be removed in a future version.
Instructions for updating:
Please use `layer.__call__` method instead.
W0627 14:08:19.898351 139815454402304 deprecation.py:323] From /usr/local/lib/python3.5/dist-packages/tensorflow_core/python/layers/core.py:187: Layer.apply (from tensorflow.python.keras.engine.base_layer) is deprecated and will be removed in a future version.
Instructions for updating:
Please use `layer.__call__` method instead.
WARNING:tensorflow:From ./src/char_segmented/classifier_utils.py:355: calling dropout (from tensorflow.python.ops.nn_ops) with keep_prob is deprecated and will be removed in a future version.
Instructions for updating:
Please use `rate` instead of `keep_prob`. Rate should be set to `rate = 1 - keep_prob`.
W0627 14:08:19.955039 139815454402304 deprecation.py:506] From ./src/char_segmented/classifier_utils.py:355: calling dropout (from tensorflow.python.ops.nn_ops) with keep_prob is deprecated and will be removed in a future version.
Instructions for updating:
Please use `rate` instead of `keep_prob`. Rate should be set to `rate = 1 - keep_prob`.
INFO:tensorflow:name bert/embeddings/word_embeddings match to bert/embeddings/word_embeddings
I0627 14:08:21.276558 139815454402304 modeling.py:390] name bert/embeddings/word_embeddings match to bert/embeddings/word_embeddings
INFO:tensorflow:name bert/embeddings/token_type_embeddings match to bert/embeddings/token_type_embeddings
I0627 14:08:21.277277 139815454402304 modeling.py:390] name bert/embeddings/token_type_embeddings match to bert/embeddings/token_type_embeddings
INFO:tensorflow:name bert/embeddings/position_embeddings match to bert/embeddings/position_embeddings
I0627 14:08:21.277724 139815454402304 modeling.py:390] name bert/embeddings/position_embeddings match to bert/embeddings/position_embeddings
INFO:tensorflow:name bert/embeddings/LayerNorm/beta match to bert/embeddings/LayerNorm/beta
I0627 14:08:21.278100 139815454402304 modeling.py:390] name bert/embeddings/LayerNorm/beta match to bert/embeddings/LayerNorm/beta
INFO:tensorflow:name bert/embeddings/LayerNorm/gamma match to bert/embeddings/LayerNorm/gamma
I0627 14:08:21.278435 139815454402304 modeling.py:390] name bert/embeddings/LayerNorm/gamma match to bert/embeddings/LayerNorm/gamma
INFO:tensorflow:name bert/encoder/embedding_hidden_mapping_in/kernel match to bert/encoder/embedding_hidden_mapping_in/kernel
I0627 14:08:21.278778 139815454402304 modeling.py:390] name bert/encoder/embedding_hidden_mapping_in/kernel match to bert/encoder/embedding_hidden_mapping_in/kernel
INFO:tensorflow:name bert/encoder/embedding_hidden_mapping_in/bias match to bert/encoder/embedding_hidden_mapping_in/bias
I0627 14:08:21.279104 139815454402304 modeling.py:390] name bert/encoder/embedding_hidden_mapping_in/bias match to bert/encoder/embedding_hidden_mapping_in/bias
INFO:tensorflow:name bert/encoder/transformer/group_0/inner_group_0/attention_1/self/query/kernel match to bert/encoder/transformer/group_0/inner_group_0/attention_1/self/query/kernel
I0627 14:08:21.279444 139815454402304 modeling.py:390] name bert/encoder/transformer/group_0/inner_group_0/attention_1/self/query/kernel match to bert/encoder/transformer/group_0/inner_group_0/attention_1/self/query/kernel
INFO:tensorflow:name bert/encoder/transformer/group_0/inner_group_0/attention_1/self/query/bias match to bert/encoder/transformer/group_0/inner_group_0/attention_1/self/query/bias
I0627 14:08:21.279771 139815454402304 modeling.py:390] name bert/encoder/transformer/group_0/inner_group_0/attention_1/self/query/bias match to bert/encoder/transformer/group_0/inner_group_0/attention_1/self/query/bias
INFO:tensorflow:name bert/encoder/transformer/group_0/inner_group_0/attention_1/self/key/kernel match to bert/encoder/transformer/group_0/inner_group_0/attention_1/self/key/kernel
I0627 14:08:21.280134 139815454402304 modeling.py:390] name bert/encoder/transformer/group_0/inner_group_0/attention_1/self/key/kernel match to bert/encoder/transformer/group_0/inner_group_0/attention_1/self/key/kernel
INFO:tensorflow:name bert/encoder/transformer/group_0/inner_group_0/attention_1/self/key/bias match to bert/encoder/transformer/group_0/inner_group_0/attention_1/self/key/bias
I0627 14:08:21.280463 139815454402304 modeling.py:390] name bert/encoder/transformer/group_0/inner_group_0/attention_1/self/key/bias match to bert/encoder/transformer/group_0/inner_group_0/attention_1/self/key/bias
INFO:tensorflow:name bert/encoder/transformer/group_0/inner_group_0/attention_1/self/value/kernel match to bert/encoder/transformer/group_0/inner_group_0/attention_1/self/value/kernel
I0627 14:08:21.280796 139815454402304 modeling.py:390] name bert/encoder/transformer/group_0/inner_group_0/attention_1/self/value/kernel match to bert/encoder/transformer/group_0/inner_group_0/attention_1/self/value/kernel
INFO:tensorflow:name bert/encoder/transformer/group_0/inner_group_0/attention_1/self/value/bias match to bert/encoder/transformer/group_0/inner_group_0/attention_1/self/value/bias
I0627 14:08:21.281116 139815454402304 modeling.py:390] name bert/encoder/transformer/group_0/inner_group_0/attention_1/self/value/bias match to bert/encoder/transformer/group_0/inner_group_0/attention_1/self/value/bias
INFO:tensorflow:name bert/encoder/transformer/group_0/inner_group_0/attention_1/output/dense/kernel match to bert/encoder/transformer/group_0/inner_group_0/attention_1/output/dense/kernel
I0627 14:08:21.281439 139815454402304 modeling.py:390] name bert/encoder/transformer/group_0/inner_group_0/attention_1/output/dense/kernel match to bert/encoder/transformer/group_0/inner_group_0/attention_1/output/dense/kernel
INFO:tensorflow:name bert/encoder/transformer/group_0/inner_group_0/attention_1/output/dense/bias match to bert/encoder/transformer/group_0/inner_group_0/attention_1/output/dense/bias
I0627 14:08:21.281771 139815454402304 modeling.py:390] name bert/encoder/transformer/group_0/inner_group_0/attention_1/output/dense/bias match to bert/encoder/transformer/group_0/inner_group_0/attention_1/output/dense/bias
INFO:tensorflow:name bert/encoder/transformer/group_0/inner_group_0/LayerNorm/beta match to bert/encoder/transformer/group_0/inner_group_0/LayerNorm/beta
I0627 14:08:21.282087 139815454402304 modeling.py:390] name bert/encoder/transformer/group_0/inner_group_0/LayerNorm/beta match to bert/encoder/transformer/group_0/inner_group_0/LayerNorm/beta
INFO:tensorflow:name bert/encoder/transformer/group_0/inner_group_0/LayerNorm/gamma match to bert/encoder/transformer/group_0/inner_group_0/LayerNorm/gamma
I0627 14:08:21.282410 139815454402304 modeling.py:390] name bert/encoder/transformer/group_0/inner_group_0/LayerNorm/gamma match to bert/encoder/transformer/group_0/inner_group_0/LayerNorm/gamma
INFO:tensorflow:name bert/encoder/transformer/group_0/inner_group_0/ffn_1/intermediate/dense/kernel match to bert/encoder/transformer/group_0/inner_group_0/ffn_1/intermediate/dense/kernel
I0627 14:08:21.282753 139815454402304 modeling.py:390] name bert/encoder/transformer/group_0/inner_group_0/ffn_1/intermediate/dense/kernel match to bert/encoder/transformer/group_0/inner_group_0/ffn_1/intermediate/dense/kernel
INFO:tensorflow:name bert/encoder/transformer/group_0/inner_group_0/ffn_1/intermediate/dense/bias match to bert/encoder/transformer/group_0/inner_group_0/ffn_1/intermediate/dense/bias
I0627 14:08:21.283080 139815454402304 modeling.py:390] name bert/encoder/transformer/group_0/inner_group_0/ffn_1/intermediate/dense/bias match to bert/encoder/transformer/group_0/inner_group_0/ffn_1/intermediate/dense/bias
INFO:tensorflow:name bert/encoder/transformer/group_0/inner_group_0/ffn_1/intermediate/output/dense/kernel match to bert/encoder/transformer/group_0/inner_group_0/ffn_1/intermediate/output/dense/kernel
I0627 14:08:21.283405 139815454402304 modeling.py:390] name bert/encoder/transformer/group_0/inner_group_0/ffn_1/intermediate/output/dense/kernel match to bert/encoder/transformer/group_0/inner_group_0/ffn_1/intermediate/output/dense/kernel
INFO:tensorflow:name bert/encoder/transformer/group_0/inner_group_0/ffn_1/intermediate/output/dense/bias match to bert/encoder/transformer/group_0/inner_group_0/ffn_1/intermediate/output/dense/bias
I0627 14:08:21.283755 139815454402304 modeling.py:390] name bert/encoder/transformer/group_0/inner_group_0/ffn_1/intermediate/output/dense/bias match to bert/encoder/transformer/group_0/inner_group_0/ffn_1/intermediate/output/dense/bias
INFO:tensorflow:name bert/encoder/transformer/group_0/inner_group_0/LayerNorm_1/beta match to bert/encoder/transformer/group_0/inner_group_0/LayerNorm_1/beta
I0627 14:08:21.284118 139815454402304 modeling.py:390] name bert/encoder/transformer/group_0/inner_group_0/LayerNorm_1/beta match to bert/encoder/transformer/group_0/inner_group_0/LayerNorm_1/beta
INFO:tensorflow:name bert/encoder/transformer/group_0/inner_group_0/LayerNorm_1/gamma match to bert/encoder/transformer/group_0/inner_group_0/LayerNorm_1/gamma
I0627 14:08:21.284496 139815454402304 modeling.py:390] name bert/encoder/transformer/group_0/inner_group_0/LayerNorm_1/gamma match to bert/encoder/transformer/group_0/inner_group_0/LayerNorm_1/gamma
INFO:tensorflow:name bert/pooler/dense/kernel match to bert/pooler/dense/kernel
I0627 14:08:21.284825 139815454402304 modeling.py:390] name bert/pooler/dense/kernel match to bert/pooler/dense/kernel
INFO:tensorflow:name bert/pooler/dense/bias match to bert/pooler/dense/bias
I0627 14:08:21.285145 139815454402304 modeling.py:390] name bert/pooler/dense/bias match to bert/pooler/dense/bias
INFO:tensorflow:name output_weights does not get matched
I0627 14:08:21.285916 139815454402304 modeling.py:388] name output_weights does not get matched
INFO:tensorflow:name output_bias does not get matched
I0627 14:08:21.286342 139815454402304 modeling.py:388] name output_bias does not get matched
INFO:tensorflow:**** Trainable Variables ****
I0627 14:08:21.286724 139815454402304 classifier_utils.py:438] **** Trainable Variables ****
INFO:tensorflow:  name = bert/embeddings/word_embeddings:0, shape = (31692, 128), *INIT_FROM_CKPT*
I0627 14:08:21.287051 139815454402304 classifier_utils.py:444]   name = bert/embeddings/word_embeddings:0, shape = (31692, 128), *INIT_FROM_CKPT*
INFO:tensorflow:  name = bert/embeddings/token_type_embeddings:0, shape = (2, 128), *INIT_FROM_CKPT*
I0627 14:08:21.287468 139815454402304 classifier_utils.py:444]   name = bert/embeddings/token_type_embeddings:0, shape = (2, 128), *INIT_FROM_CKPT*
INFO:tensorflow:  name = bert/embeddings/position_embeddings:0, shape = (512, 128), *INIT_FROM_CKPT*
I0627 14:08:21.287853 139815454402304 classifier_utils.py:444]   name = bert/embeddings/position_embeddings:0, shape = (512, 128), *INIT_FROM_CKPT*
INFO:tensorflow:  name = bert/embeddings/LayerNorm/beta:0, shape = (128,), *INIT_FROM_CKPT*
I0627 14:08:21.288262 139815454402304 classifier_utils.py:444]   name = bert/embeddings/LayerNorm/beta:0, shape = (128,), *INIT_FROM_CKPT*
INFO:tensorflow:  name = bert/embeddings/LayerNorm/gamma:0, shape = (128,), *INIT_FROM_CKPT*
I0627 14:08:21.288642 139815454402304 classifier_utils.py:444]   name = bert/embeddings/LayerNorm/gamma:0, shape = (128,), *INIT_FROM_CKPT*
INFO:tensorflow:  name = bert/encoder/embedding_hidden_mapping_in/kernel:0, shape = (128, 768), *INIT_FROM_CKPT*
I0627 14:08:21.288998 139815454402304 classifier_utils.py:444]   name = bert/encoder/embedding_hidden_mapping_in/kernel:0, shape = (128, 768), *INIT_FROM_CKPT*
INFO:tensorflow:  name = bert/encoder/embedding_hidden_mapping_in/bias:0, shape = (768,), *INIT_FROM_CKPT*
I0627 14:08:21.289383 139815454402304 classifier_utils.py:444]   name = bert/encoder/embedding_hidden_mapping_in/bias:0, shape = (768,), *INIT_FROM_CKPT*
INFO:tensorflow:  name = bert/encoder/transformer/group_0/inner_group_0/attention_1/self/query/kernel:0, shape = (768, 768), *INIT_FROM_CKPT*
I0627 14:08:21.289782 139815454402304 classifier_utils.py:444]   name = bert/encoder/transformer/group_0/inner_group_0/attention_1/self/query/kernel:0, shape = (768, 768), *INIT_FROM_CKPT*
INFO:tensorflow:  name = bert/encoder/transformer/group_0/inner_group_0/attention_1/self/query/bias:0, shape = (768,), *INIT_FROM_CKPT*
I0627 14:08:21.290162 139815454402304 classifier_utils.py:444]   name = bert/encoder/transformer/group_0/inner_group_0/attention_1/self/query/bias:0, shape = (768,), *INIT_FROM_CKPT*
INFO:tensorflow:  name = bert/encoder/transformer/group_0/inner_group_0/attention_1/self/key/kernel:0, shape = (768, 768), *INIT_FROM_CKPT*
I0627 14:08:21.290524 139815454402304 classifier_utils.py:444]   name = bert/encoder/transformer/group_0/inner_group_0/attention_1/self/key/kernel:0, shape = (768, 768), *INIT_FROM_CKPT*
INFO:tensorflow:  name = bert/encoder/transformer/group_0/inner_group_0/attention_1/self/key/bias:0, shape = (768,), *INIT_FROM_CKPT*
I0627 14:08:21.290890 139815454402304 classifier_utils.py:444]   name = bert/encoder/transformer/group_0/inner_group_0/attention_1/self/key/bias:0, shape = (768,), *INIT_FROM_CKPT*
INFO:tensorflow:  name = bert/encoder/transformer/group_0/inner_group_0/attention_1/self/value/kernel:0, shape = (768, 768), *INIT_FROM_CKPT*
I0627 14:08:21.291243 139815454402304 classifier_utils.py:444]   name = bert/encoder/transformer/group_0/inner_group_0/attention_1/self/value/kernel:0, shape = (768, 768), *INIT_FROM_CKPT*
INFO:tensorflow:  name = bert/encoder/transformer/group_0/inner_group_0/attention_1/self/value/bias:0, shape = (768,), *INIT_FROM_CKPT*
I0627 14:08:21.291618 139815454402304 classifier_utils.py:444]   name = bert/encoder/transformer/group_0/inner_group_0/attention_1/self/value/bias:0, shape = (768,), *INIT_FROM_CKPT*
INFO:tensorflow:  name = bert/encoder/transformer/group_0/inner_group_0/attention_1/output/dense/kernel:0, shape = (768, 768), *INIT_FROM_CKPT*
I0627 14:08:21.291996 139815454402304 classifier_utils.py:444]   name = bert/encoder/transformer/group_0/inner_group_0/attention_1/output/dense/kernel:0, shape = (768, 768), *INIT_FROM_CKPT*
INFO:tensorflow:  name = bert/encoder/transformer/group_0/inner_group_0/attention_1/output/dense/bias:0, shape = (768,), *INIT_FROM_CKPT*
I0627 14:08:21.292370 139815454402304 classifier_utils.py:444]   name = bert/encoder/transformer/group_0/inner_group_0/attention_1/output/dense/bias:0, shape = (768,), *INIT_FROM_CKPT*
INFO:tensorflow:  name = bert/encoder/transformer/group_0/inner_group_0/LayerNorm/beta:0, shape = (768,), *INIT_FROM_CKPT*
I0627 14:08:21.292737 139815454402304 classifier_utils.py:444]   name = bert/encoder/transformer/group_0/inner_group_0/LayerNorm/beta:0, shape = (768,), *INIT_FROM_CKPT*
INFO:tensorflow:  name = bert/encoder/transformer/group_0/inner_group_0/LayerNorm/gamma:0, shape = (768,), *INIT_FROM_CKPT*
I0627 14:08:21.293098 139815454402304 classifier_utils.py:444]   name = bert/encoder/transformer/group_0/inner_group_0/LayerNorm/gamma:0, shape = (768,), *INIT_FROM_CKPT*
INFO:tensorflow:  name = bert/encoder/transformer/group_0/inner_group_0/ffn_1/intermediate/dense/kernel:0, shape = (768, 3072), *INIT_FROM_CKPT*
I0627 14:08:21.293462 139815454402304 classifier_utils.py:444]   name = bert/encoder/transformer/group_0/inner_group_0/ffn_1/intermediate/dense/kernel:0, shape = (768, 3072), *INIT_FROM_CKPT*
INFO:tensorflow:  name = bert/encoder/transformer/group_0/inner_group_0/ffn_1/intermediate/dense/bias:0, shape = (3072,), *INIT_FROM_CKPT*
I0627 14:08:21.293834 139815454402304 classifier_utils.py:444]   name = bert/encoder/transformer/group_0/inner_group_0/ffn_1/intermediate/dense/bias:0, shape = (3072,), *INIT_FROM_CKPT*
INFO:tensorflow:  name = bert/encoder/transformer/group_0/inner_group_0/ffn_1/intermediate/output/dense/kernel:0, shape = (3072, 768), *INIT_FROM_CKPT*
I0627 14:08:21.294182 139815454402304 classifier_utils.py:444]   name = bert/encoder/transformer/group_0/inner_group_0/ffn_1/intermediate/output/dense/kernel:0, shape = (3072, 768), *INIT_FROM_CKPT*
INFO:tensorflow:  name = bert/encoder/transformer/group_0/inner_group_0/ffn_1/intermediate/output/dense/bias:0, shape = (768,), *INIT_FROM_CKPT*
I0627 14:08:21.294560 139815454402304 classifier_utils.py:444]   name = bert/encoder/transformer/group_0/inner_group_0/ffn_1/intermediate/output/dense/bias:0, shape = (768,), *INIT_FROM_CKPT*
INFO:tensorflow:  name = bert/encoder/transformer/group_0/inner_group_0/LayerNorm_1/beta:0, shape = (768,), *INIT_FROM_CKPT*
I0627 14:08:21.294909 139815454402304 classifier_utils.py:444]   name = bert/encoder/transformer/group_0/inner_group_0/LayerNorm_1/beta:0, shape = (768,), *INIT_FROM_CKPT*
INFO:tensorflow:  name = bert/encoder/transformer/group_0/inner_group_0/LayerNorm_1/gamma:0, shape = (768,), *INIT_FROM_CKPT*
I0627 14:08:21.295267 139815454402304 classifier_utils.py:444]   name = bert/encoder/transformer/group_0/inner_group_0/LayerNorm_1/gamma:0, shape = (768,), *INIT_FROM_CKPT*
INFO:tensorflow:  name = bert/pooler/dense/kernel:0, shape = (768, 768), *INIT_FROM_CKPT*
I0627 14:08:21.295629 139815454402304 classifier_utils.py:444]   name = bert/pooler/dense/kernel:0, shape = (768, 768), *INIT_FROM_CKPT*
INFO:tensorflow:  name = bert/pooler/dense/bias:0, shape = (768,), *INIT_FROM_CKPT*
I0627 14:08:21.296031 139815454402304 classifier_utils.py:444]   name = bert/pooler/dense/bias:0, shape = (768,), *INIT_FROM_CKPT*
INFO:tensorflow:  name = output_weights:0, shape = (2, 768)
I0627 14:08:21.296393 139815454402304 classifier_utils.py:444]   name = output_weights:0, shape = (2, 768)
INFO:tensorflow:  name = output_bias:0, shape = (2,)
I0627 14:08:21.296772 139815454402304 classifier_utils.py:444]   name = output_bias:0, shape = (2,)
INFO:tensorflow:++++++ warmup starts at step 0, for 500 steps ++++++
I0627 14:08:21.316451 139815454402304 optimization.py:50] ++++++ warmup starts at step 0, for 500 steps ++++++
INFO:tensorflow:using adamw
I0627 14:08:21.338277 139815454402304 optimization.py:74] using adamw
WARNING:tensorflow:From /usr/local/lib/python3.5/dist-packages/tensorflow_core/python/ops/math_grad.py:1375: where (from tensorflow.python.ops.array_ops) is deprecated and will be removed in a future version.
Instructions for updating:
Use tf.where in 2.0, which has the same broadcast rule as np.where
W0627 14:08:21.664438 139815454402304 deprecation.py:323] From /usr/local/lib/python3.5/dist-packages/tensorflow_core/python/ops/math_grad.py:1375: where (from tensorflow.python.ops.array_ops) is deprecated and will be removed in a future version.
Instructions for updating:
Use tf.where in 2.0, which has the same broadcast rule as np.where
INFO:tensorflow:Create CheckpointSaverHook.
I0627 14:08:29.465267 139815454402304 basic_session_run_hooks.py:541] Create CheckpointSaverHook.
INFO:tensorflow:Done calling model_fn.
I0627 14:08:29.549715 139815454402304 estimator.py:1150] Done calling model_fn.
INFO:tensorflow:TPU job name worker
I0627 14:08:32.688384 139815454402304 tpu_estimator.py:506] TPU job name worker
INFO:tensorflow:Graph was finalized.
I0627 14:08:33.120038 139815454402304 monitored_session.py:240] Graph was finalized.
INFO:tensorflow:Running local_init_op.
I0627 14:08:38.925360 139815454402304 session_manager.py:500] Running local_init_op.
INFO:tensorflow:Done running local_init_op.
I0627 14:08:39.267125 139815454402304 session_manager.py:502] Done running local_init_op.
INFO:tensorflow:Saving checkpoints for 0 into gs://sbt0/experiments/rethink_vocab/finetune/book_review/char_segmented_31692_length_128_steps_4.5k_time_0625_run_1/model.ckpt.
I0627 14:08:50.367828 139815454402304 basic_session_run_hooks.py:606] Saving checkpoints for 0 into gs://sbt0/experiments/rethink_vocab/finetune/book_review/char_segmented_31692_length_128_steps_4.5k_time_0625_run_1/model.ckpt.
INFO:tensorflow:gs://sbt0/experiments/rethink_vocab/finetune/book_review/char_segmented_31692_length_128_steps_4.5k_time_0625_run_1/model.ckpt-0 is not in all_model_checkpoint_paths. Manually adding it.
I0627 14:08:53.353054 139815454402304 checkpoint_management.py:95] gs://sbt0/experiments/rethink_vocab/finetune/book_review/char_segmented_31692_length_128_steps_4.5k_time_0625_run_1/model.ckpt-0 is not in all_model_checkpoint_paths. Manually adding it.
WARNING:tensorflow:From /usr/local/lib/python3.5/dist-packages/tensorflow_estimator/python/estimator/tpu/tpu_estimator.py:751: Variable.load (from tensorflow.python.ops.variables) is deprecated and will be removed in a future version.
Instructions for updating:
Prefer Variable.assign which has equivalent behavior in 2.X.
W0627 14:08:58.362886 139815454402304 deprecation.py:323] From /usr/local/lib/python3.5/dist-packages/tensorflow_estimator/python/estimator/tpu/tpu_estimator.py:751: Variable.load (from tensorflow.python.ops.variables) is deprecated and will be removed in a future version.
Instructions for updating:
Prefer Variable.assign which has equivalent behavior in 2.X.
INFO:tensorflow:Initialized dataset iterators in 0 seconds
I0627 14:08:59.066452 139815454402304 util.py:98] Initialized dataset iterators in 0 seconds
INFO:tensorflow:Installing graceful shutdown hook.
I0627 14:08:59.066942 139815454402304 session_support.py:332] Installing graceful shutdown hook.
2020-06-27 14:08:59.067418: W tensorflow/core/distributed_runtime/rpc/grpc_session.cc:370] GrpcSession::ListDevices will initialize the session with an empty graph and other defaults because the session has not yet been created.
INFO:tensorflow:Creating heartbeat manager for ['/job:worker/replica:0/task:0/device:CPU:0']
I0627 14:08:59.284834 139815454402304 session_support.py:82] Creating heartbeat manager for ['/job:worker/replica:0/task:0/device:CPU:0']
INFO:tensorflow:Configuring worker heartbeat: shutdown_mode: WAIT_FOR_COORDINATOR

I0627 14:08:59.287448 139815454402304 session_support.py:105] Configuring worker heartbeat: shutdown_mode: WAIT_FOR_COORDINATOR

INFO:tensorflow:Init TPU system
I0627 14:08:59.504219 139815454402304 tpu_estimator.py:567] Init TPU system
INFO:tensorflow:Initialized TPU in 10 seconds
I0627 14:09:10.369347 139815454402304 tpu_estimator.py:576] Initialized TPU in 10 seconds
INFO:tensorflow:Starting infeed thread controller.
I0627 14:09:10.380133 139813527185152 tpu_estimator.py:521] Starting infeed thread controller.
INFO:tensorflow:Starting outfeed thread controller.
I0627 14:09:10.380788 139813512787712 tpu_estimator.py:540] Starting outfeed thread controller.
I0627 14:09:10.483689 139813504395008 transport.py:157] Attempting refresh to obtain initial access_token
W0627 14:09:10.541499 139813504395008 http.py:118] Invalid JSON content from response: b'{\n  "error": {\n    "code": 403,\n    "message": "Permission denied on resource project None.",\n    "status": "PERMISSION_DENIED",\n    "details": [\n      {\n        "@type": "type.googleapis.com/google.rpc.Help",\n        "links": [\n          {\n            "description": "Google developer console API key",\n            "url": "https://console.developers.google.com/project/None/apiui/credential"\n          }\n        ]\n      }\n    ]\n  }\n}\n'
Exception in thread Thread-2:
Traceback (most recent call last):
  File "/usr/local/lib/python3.5/dist-packages/tensorflow_core/python/distribute/cluster_resolver/tpu_cluster_resolver.py", line 476, in _fetch_cloud_tpu_metadata
    return request.execute()
  File "/usr/local/lib/python3.5/dist-packages/googleapiclient/_helpers.py", line 130, in positional_wrapper
    return wrapped(*args, **kwargs)
  File "/usr/local/lib/python3.5/dist-packages/googleapiclient/http.py", line 856, in execute
    raise HttpError(resp, content, uri=self.uri)
googleapiclient.errors.HttpError: <HttpError 403 when requesting https://tpu.googleapis.com/v1/projects/None/locations/None/nodes/10.214.193.210:8470?alt=json returned "Permission denied on resource project None.". Details: "[{'@type': 'type.googleapis.com/google.rpc.Help', 'links': [{'description': 'Google developer console API key', 'url': 'https://console.developers.google.com/project/None/apiui/credential'}]}]">

During handling of the above exception, another exception occurred:

Traceback (most recent call last):
  File "/usr/lib/python3.5/threading.py", line 914, in _bootstrap_inner
    self.run()
  File "/usr/local/lib/python3.5/dist-packages/tensorflow_core/python/tpu/preempted_hook.py", line 87, in run
    response = self._cluster._fetch_cloud_tpu_metadata()  # pylint: disable=protected-access
  File "/usr/local/lib/python3.5/dist-packages/tensorflow_core/python/distribute/cluster_resolver/tpu_cluster_resolver.py", line 480, in _fetch_cloud_tpu_metadata
    "constructor. Exception: %s" % (self._tpu, e))
ValueError: Could not lookup TPU metadata from name 'b'10.214.193.210:8470''. Please doublecheck the tpu argument in the TPUClusterResolver constructor. Exception: <HttpError 403 when requesting https://tpu.googleapis.com/v1/projects/None/locations/None/nodes/10.214.193.210:8470?alt=json returned "Permission denied on resource project None.". Details: "[{'@type': 'type.googleapis.com/google.rpc.Help', 'links': [{'description': 'Google developer console API key', 'url': 'https://console.developers.google.com/project/None/apiui/credential'}]}]">

INFO:tensorflow:Enqueue next (600) batch(es) of data to infeed.
I0627 14:09:10.727669 139815454402304 tpu_estimator.py:600] Enqueue next (600) batch(es) of data to infeed.
INFO:tensorflow:Dequeue next (600) batch(es) of data from outfeed.
I0627 14:09:10.728106 139815454402304 tpu_estimator.py:604] Dequeue next (600) batch(es) of data from outfeed.
INFO:tensorflow:Outfeed finished for iteration (0, 0)
I0627 14:09:20.200857 139813512787712 tpu_estimator.py:279] Outfeed finished for iteration (0, 0)
INFO:tensorflow:Outfeed finished for iteration (0, 451)
I0627 14:10:20.276134 139813512787712 tpu_estimator.py:279] Outfeed finished for iteration (0, 451)
INFO:tensorflow:Saving checkpoints for 600 into gs://sbt0/experiments/rethink_vocab/finetune/book_review/char_segmented_31692_length_128_steps_4.5k_time_0625_run_1/model.ckpt.
I0627 14:10:40.268392 139815454402304 basic_session_run_hooks.py:606] Saving checkpoints for 600 into gs://sbt0/experiments/rethink_vocab/finetune/book_review/char_segmented_31692_length_128_steps_4.5k_time_0625_run_1/model.ckpt.
INFO:tensorflow:gs://sbt0/experiments/rethink_vocab/finetune/book_review/char_segmented_31692_length_128_steps_4.5k_time_0625_run_1/model.ckpt-600 is not in all_model_checkpoint_paths. Manually adding it.
I0627 14:10:43.620405 139815454402304 checkpoint_management.py:95] gs://sbt0/experiments/rethink_vocab/finetune/book_review/char_segmented_31692_length_128_steps_4.5k_time_0625_run_1/model.ckpt-600 is not in all_model_checkpoint_paths. Manually adding it.
INFO:tensorflow:loss = 0.57190734, step = 600
I0627 14:10:49.277369 139815454402304 basic_session_run_hooks.py:262] loss = 0.57190734, step = 600
INFO:tensorflow:Enqueue next (600) batch(es) of data to infeed.
I0627 14:10:49.492744 139815454402304 tpu_estimator.py:600] Enqueue next (600) batch(es) of data to infeed.
INFO:tensorflow:Dequeue next (600) batch(es) of data from outfeed.
I0627 14:10:49.493134 139815454402304 tpu_estimator.py:604] Dequeue next (600) batch(es) of data from outfeed.
INFO:tensorflow:Outfeed finished for iteration (1, 223)
I0627 14:11:20.326855 139813512787712 tpu_estimator.py:279] Outfeed finished for iteration (1, 223)
INFO:tensorflow:Saving checkpoints for 1200 into gs://sbt0/experiments/rethink_vocab/finetune/book_review/char_segmented_31692_length_128_steps_4.5k_time_0625_run_1/model.ckpt.
I0627 14:12:10.679095 139815454402304 basic_session_run_hooks.py:606] Saving checkpoints for 1200 into gs://sbt0/experiments/rethink_vocab/finetune/book_review/char_segmented_31692_length_128_steps_4.5k_time_0625_run_1/model.ckpt.
INFO:tensorflow:gs://sbt0/experiments/rethink_vocab/finetune/book_review/char_segmented_31692_length_128_steps_4.5k_time_0625_run_1/model.ckpt-1200 is not in all_model_checkpoint_paths. Manually adding it.
I0627 14:12:13.739328 139815454402304 checkpoint_management.py:95] gs://sbt0/experiments/rethink_vocab/finetune/book_review/char_segmented_31692_length_128_steps_4.5k_time_0625_run_1/model.ckpt-1200 is not in all_model_checkpoint_paths. Manually adding it.
INFO:tensorflow:loss = 0.4775391, step = 1200 (88.546 sec)
I0627 14:12:17.823754 139815454402304 basic_session_run_hooks.py:260] loss = 0.4775391, step = 1200 (88.546 sec)
INFO:tensorflow:global_step/sec: 6.77612
I0627 14:12:17.931781 139815454402304 tpu_estimator.py:2307] global_step/sec: 6.77612
INFO:tensorflow:examples/sec: 216.836
I0627 14:12:17.932976 139815454402304 tpu_estimator.py:2308] examples/sec: 216.836
INFO:tensorflow:Enqueue next (600) batch(es) of data to infeed.
I0627 14:12:18.040368 139815454402304 tpu_estimator.py:600] Enqueue next (600) batch(es) of data to infeed.
INFO:tensorflow:Dequeue next (600) batch(es) of data from outfeed.
I0627 14:12:18.040697 139815454402304 tpu_estimator.py:604] Dequeue next (600) batch(es) of data from outfeed.
INFO:tensorflow:Outfeed finished for iteration (2, 16)
I0627 14:12:20.367305 139813512787712 tpu_estimator.py:279] Outfeed finished for iteration (2, 16)
INFO:tensorflow:Outfeed finished for iteration (2, 467)
I0627 14:13:20.442772 139813512787712 tpu_estimator.py:279] Outfeed finished for iteration (2, 467)
INFO:tensorflow:Saving checkpoints for 1800 into gs://sbt0/experiments/rethink_vocab/finetune/book_review/char_segmented_31692_length_128_steps_4.5k_time_0625_run_1/model.ckpt.
I0627 14:13:38.310764 139815454402304 basic_session_run_hooks.py:606] Saving checkpoints for 1800 into gs://sbt0/experiments/rethink_vocab/finetune/book_review/char_segmented_31692_length_128_steps_4.5k_time_0625_run_1/model.ckpt.
INFO:tensorflow:gs://sbt0/experiments/rethink_vocab/finetune/book_review/char_segmented_31692_length_128_steps_4.5k_time_0625_run_1/model.ckpt-1800 is not in all_model_checkpoint_paths. Manually adding it.
I0627 14:13:41.335913 139815454402304 checkpoint_management.py:95] gs://sbt0/experiments/rethink_vocab/finetune/book_review/char_segmented_31692_length_128_steps_4.5k_time_0625_run_1/model.ckpt-1800 is not in all_model_checkpoint_paths. Manually adding it.
INFO:tensorflow:loss = 0.19161646, step = 1800 (88.439 sec)
I0627 14:13:46.262725 139815454402304 basic_session_run_hooks.py:260] loss = 0.19161646, step = 1800 (88.439 sec)
INFO:tensorflow:global_step/sec: 6.78424
I0627 14:13:46.371988 139815454402304 tpu_estimator.py:2307] global_step/sec: 6.78424
INFO:tensorflow:examples/sec: 217.096
I0627 14:13:46.372595 139815454402304 tpu_estimator.py:2308] examples/sec: 217.096
INFO:tensorflow:Enqueue next (600) batch(es) of data to infeed.
I0627 14:13:46.480377 139815454402304 tpu_estimator.py:600] Enqueue next (600) batch(es) of data to infeed.
INFO:tensorflow:Dequeue next (600) batch(es) of data from outfeed.
I0627 14:13:46.480708 139815454402304 tpu_estimator.py:604] Dequeue next (600) batch(es) of data from outfeed.
INFO:tensorflow:Outfeed finished for iteration (3, 254)
I0627 14:14:20.505680 139813512787712 tpu_estimator.py:279] Outfeed finished for iteration (3, 254)
INFO:tensorflow:Saving checkpoints for 2400 into gs://sbt0/experiments/rethink_vocab/finetune/book_review/char_segmented_31692_length_128_steps_4.5k_time_0625_run_1/model.ckpt.
I0627 14:15:06.740042 139815454402304 basic_session_run_hooks.py:606] Saving checkpoints for 2400 into gs://sbt0/experiments/rethink_vocab/finetune/book_review/char_segmented_31692_length_128_steps_4.5k_time_0625_run_1/model.ckpt.
INFO:tensorflow:gs://sbt0/experiments/rethink_vocab/finetune/book_review/char_segmented_31692_length_128_steps_4.5k_time_0625_run_1/model.ckpt-2400 is not in all_model_checkpoint_paths. Manually adding it.
I0627 14:15:09.972420 139815454402304 checkpoint_management.py:95] gs://sbt0/experiments/rethink_vocab/finetune/book_review/char_segmented_31692_length_128_steps_4.5k_time_0625_run_1/model.ckpt-2400 is not in all_model_checkpoint_paths. Manually adding it.
INFO:tensorflow:loss = 0.06497156, step = 2400 (88.891 sec)
I0627 14:15:15.153419 139815454402304 basic_session_run_hooks.py:260] loss = 0.06497156, step = 2400 (88.891 sec)
INFO:tensorflow:global_step/sec: 6.74994
I0627 14:15:15.261659 139815454402304 tpu_estimator.py:2307] global_step/sec: 6.74994
INFO:tensorflow:examples/sec: 215.998
I0627 14:15:15.262105 139815454402304 tpu_estimator.py:2308] examples/sec: 215.998
INFO:tensorflow:Enqueue next (600) batch(es) of data to infeed.
I0627 14:15:15.369575 139815454402304 tpu_estimator.py:600] Enqueue next (600) batch(es) of data to infeed.
INFO:tensorflow:Dequeue next (600) batch(es) of data from outfeed.
I0627 14:15:15.369972 139815454402304 tpu_estimator.py:604] Dequeue next (600) batch(es) of data from outfeed.
INFO:tensorflow:Outfeed finished for iteration (4, 38)
I0627 14:15:20.631170 139813512787712 tpu_estimator.py:279] Outfeed finished for iteration (4, 38)
INFO:tensorflow:Outfeed finished for iteration (4, 489)
I0627 14:16:20.704747 139813512787712 tpu_estimator.py:279] Outfeed finished for iteration (4, 489)
INFO:tensorflow:Saving checkpoints for 3000 into gs://sbt0/experiments/rethink_vocab/finetune/book_review/char_segmented_31692_length_128_steps_4.5k_time_0625_run_1/model.ckpt.
I0627 14:16:35.640211 139815454402304 basic_session_run_hooks.py:606] Saving checkpoints for 3000 into gs://sbt0/experiments/rethink_vocab/finetune/book_review/char_segmented_31692_length_128_steps_4.5k_time_0625_run_1/model.ckpt.
INFO:tensorflow:gs://sbt0/experiments/rethink_vocab/finetune/book_review/char_segmented_31692_length_128_steps_4.5k_time_0625_run_1/model.ckpt-3000 is not in all_model_checkpoint_paths. Manually adding it.
I0627 14:16:38.580489 139815454402304 checkpoint_management.py:95] gs://sbt0/experiments/rethink_vocab/finetune/book_review/char_segmented_31692_length_128_steps_4.5k_time_0625_run_1/model.ckpt-3000 is not in all_model_checkpoint_paths. Manually adding it.
INFO:tensorflow:loss = 0.033889446, step = 3000 (88.356 sec)
I0627 14:16:43.509315 139815454402304 basic_session_run_hooks.py:260] loss = 0.033889446, step = 3000 (88.356 sec)
INFO:tensorflow:global_step/sec: 6.79073
I0627 14:16:43.617342 139815454402304 tpu_estimator.py:2307] global_step/sec: 6.79073
INFO:tensorflow:examples/sec: 217.303
I0627 14:16:43.617796 139815454402304 tpu_estimator.py:2308] examples/sec: 217.303
INFO:tensorflow:Enqueue next (600) batch(es) of data to infeed.
I0627 14:16:43.725237 139815454402304 tpu_estimator.py:600] Enqueue next (600) batch(es) of data to infeed.
INFO:tensorflow:Dequeue next (600) batch(es) of data from outfeed.
I0627 14:16:43.725553 139815454402304 tpu_estimator.py:604] Dequeue next (600) batch(es) of data from outfeed.
INFO:tensorflow:Outfeed finished for iteration (5, 277)
I0627 14:17:20.815886 139813512787712 tpu_estimator.py:279] Outfeed finished for iteration (5, 277)
INFO:tensorflow:Saving checkpoints for 3600 into gs://sbt0/experiments/rethink_vocab/finetune/book_review/char_segmented_31692_length_128_steps_4.5k_time_0625_run_1/model.ckpt.
I0627 14:18:03.983069 139815454402304 basic_session_run_hooks.py:606] Saving checkpoints for 3600 into gs://sbt0/experiments/rethink_vocab/finetune/book_review/char_segmented_31692_length_128_steps_4.5k_time_0625_run_1/model.ckpt.
INFO:tensorflow:gs://sbt0/experiments/rethink_vocab/finetune/book_review/char_segmented_31692_length_128_steps_4.5k_time_0625_run_1/model.ckpt-3600 is not in all_model_checkpoint_paths. Manually adding it.
I0627 14:18:07.834558 139815454402304 checkpoint_management.py:95] gs://sbt0/experiments/rethink_vocab/finetune/book_review/char_segmented_31692_length_128_steps_4.5k_time_0625_run_1/model.ckpt-3600 is not in all_model_checkpoint_paths. Manually adding it.
INFO:tensorflow:loss = 0.03889746, step = 3600 (88.589 sec)
I0627 14:18:12.097927 139815454402304 basic_session_run_hooks.py:260] loss = 0.03889746, step = 3600 (88.589 sec)
INFO:tensorflow:global_step/sec: 6.77288
I0627 14:18:12.205999 139815454402304 tpu_estimator.py:2307] global_step/sec: 6.77288
INFO:tensorflow:examples/sec: 216.732
I0627 14:18:12.206477 139815454402304 tpu_estimator.py:2308] examples/sec: 216.732
INFO:tensorflow:Enqueue next (600) batch(es) of data to infeed.
I0627 14:18:12.314363 139815454402304 tpu_estimator.py:600] Enqueue next (600) batch(es) of data to infeed.
INFO:tensorflow:Dequeue next (600) batch(es) of data from outfeed.
I0627 14:18:12.314758 139815454402304 tpu_estimator.py:604] Dequeue next (600) batch(es) of data from outfeed.
INFO:tensorflow:Outfeed finished for iteration (6, 63)
I0627 14:18:20.902201 139813512787712 tpu_estimator.py:279] Outfeed finished for iteration (6, 63)
INFO:tensorflow:Outfeed finished for iteration (6, 514)
I0627 14:19:20.978399 139813512787712 tpu_estimator.py:279] Outfeed finished for iteration (6, 514)
INFO:tensorflow:Saving checkpoints for 4200 into gs://sbt0/experiments/rethink_vocab/finetune/book_review/char_segmented_31692_length_128_steps_4.5k_time_0625_run_1/model.ckpt.
I0627 14:19:32.579568 139815454402304 basic_session_run_hooks.py:606] Saving checkpoints for 4200 into gs://sbt0/experiments/rethink_vocab/finetune/book_review/char_segmented_31692_length_128_steps_4.5k_time_0625_run_1/model.ckpt.
INFO:tensorflow:gs://sbt0/experiments/rethink_vocab/finetune/book_review/char_segmented_31692_length_128_steps_4.5k_time_0625_run_1/model.ckpt-4200 is not in all_model_checkpoint_paths. Manually adding it.
I0627 14:19:35.351458 139815454402304 checkpoint_management.py:95] gs://sbt0/experiments/rethink_vocab/finetune/book_review/char_segmented_31692_length_128_steps_4.5k_time_0625_run_1/model.ckpt-4200 is not in all_model_checkpoint_paths. Manually adding it.
INFO:tensorflow:loss = 0.002407169, step = 4200 (89.363 sec)
I0627 14:19:41.460981 139815454402304 basic_session_run_hooks.py:260] loss = 0.002407169, step = 4200 (89.363 sec)
INFO:tensorflow:global_step/sec: 6.71397
I0627 14:19:41.571890 139815454402304 tpu_estimator.py:2307] global_step/sec: 6.71397
INFO:tensorflow:examples/sec: 214.847
I0627 14:19:41.572234 139815454402304 tpu_estimator.py:2308] examples/sec: 214.847
INFO:tensorflow:Enqueue next (600) batch(es) of data to infeed.
I0627 14:19:41.682426 139815454402304 tpu_estimator.py:600] Enqueue next (600) batch(es) of data to infeed.
INFO:tensorflow:Dequeue next (600) batch(es) of data from outfeed.
I0627 14:19:41.682824 139815454402304 tpu_estimator.py:604] Dequeue next (600) batch(es) of data from outfeed.
INFO:tensorflow:Outfeed finished for iteration (7, 294)
I0627 14:20:21.045462 139813512787712 tpu_estimator.py:279] Outfeed finished for iteration (7, 294)
INFO:tensorflow:Saving checkpoints for 4800 into gs://sbt0/experiments/rethink_vocab/finetune/book_review/char_segmented_31692_length_128_steps_4.5k_time_0625_run_1/model.ckpt.
I0627 14:21:01.947910 139815454402304 basic_session_run_hooks.py:606] Saving checkpoints for 4800 into gs://sbt0/experiments/rethink_vocab/finetune/book_review/char_segmented_31692_length_128_steps_4.5k_time_0625_run_1/model.ckpt.
INFO:tensorflow:gs://sbt0/experiments/rethink_vocab/finetune/book_review/char_segmented_31692_length_128_steps_4.5k_time_0625_run_1/model.ckpt-4800 is not in all_model_checkpoint_paths. Manually adding it.
I0627 14:21:05.447749 139815454402304 checkpoint_management.py:95] gs://sbt0/experiments/rethink_vocab/finetune/book_review/char_segmented_31692_length_128_steps_4.5k_time_0625_run_1/model.ckpt-4800 is not in all_model_checkpoint_paths. Manually adding it.
INFO:tensorflow:loss = 6.5518936e-05, step = 4800 (88.254 sec)
I0627 14:21:09.714763 139815454402304 basic_session_run_hooks.py:260] loss = 6.5518936e-05, step = 4800 (88.254 sec)
INFO:tensorflow:global_step/sec: 6.79879
I0627 14:21:09.822947 139815454402304 tpu_estimator.py:2307] global_step/sec: 6.79879
INFO:tensorflow:examples/sec: 217.561
I0627 14:21:09.823432 139815454402304 tpu_estimator.py:2308] examples/sec: 217.561
INFO:tensorflow:Enqueue next (600) batch(es) of data to infeed.
I0627 14:21:09.931080 139815454402304 tpu_estimator.py:600] Enqueue next (600) batch(es) of data to infeed.
INFO:tensorflow:Dequeue next (600) batch(es) of data from outfeed.
I0627 14:21:09.931486 139815454402304 tpu_estimator.py:604] Dequeue next (600) batch(es) of data from outfeed.
INFO:tensorflow:Outfeed finished for iteration (8, 82)
I0627 14:21:21.049368 139813512787712 tpu_estimator.py:279] Outfeed finished for iteration (8, 82)
INFO:tensorflow:Outfeed finished for iteration (8, 533)
I0627 14:22:21.122110 139813512787712 tpu_estimator.py:279] Outfeed finished for iteration (8, 533)
INFO:tensorflow:Saving checkpoints for 5400 into gs://sbt0/experiments/rethink_vocab/finetune/book_review/char_segmented_31692_length_128_steps_4.5k_time_0625_run_1/model.ckpt.
I0627 14:22:30.187790 139815454402304 basic_session_run_hooks.py:606] Saving checkpoints for 5400 into gs://sbt0/experiments/rethink_vocab/finetune/book_review/char_segmented_31692_length_128_steps_4.5k_time_0625_run_1/model.ckpt.
INFO:tensorflow:gs://sbt0/experiments/rethink_vocab/finetune/book_review/char_segmented_31692_length_128_steps_4.5k_time_0625_run_1/model.ckpt-5400 is not in all_model_checkpoint_paths. Manually adding it.
I0627 14:22:33.308526 139815454402304 checkpoint_management.py:95] gs://sbt0/experiments/rethink_vocab/finetune/book_review/char_segmented_31692_length_128_steps_4.5k_time_0625_run_1/model.ckpt-5400 is not in all_model_checkpoint_paths. Manually adding it.
INFO:tensorflow:loss = 0.00055389834, step = 5400 (88.540 sec)
I0627 14:22:38.254720 139815454402304 basic_session_run_hooks.py:260] loss = 0.00055389834, step = 5400 (88.540 sec)
INFO:tensorflow:global_step/sec: 6.77651
I0627 14:22:38.364076 139815454402304 tpu_estimator.py:2307] global_step/sec: 6.77651
INFO:tensorflow:examples/sec: 216.848
I0627 14:22:38.364423 139815454402304 tpu_estimator.py:2308] examples/sec: 216.848
INFO:tensorflow:Enqueue next (600) batch(es) of data to infeed.
I0627 14:22:38.472146 139815454402304 tpu_estimator.py:600] Enqueue next (600) batch(es) of data to infeed.
INFO:tensorflow:Dequeue next (600) batch(es) of data from outfeed.
I0627 14:22:38.473662 139815454402304 tpu_estimator.py:604] Dequeue next (600) batch(es) of data from outfeed.
