Requirement already satisfied: tensorflow_hub in /usr/local/lib/python3.5/dist-packages (0.8.0)
Requirement already satisfied: numpy>=1.12.0 in /usr/local/lib/python3.5/dist-packages (from tensorflow_hub) (1.18.1)
Requirement already satisfied: six>=1.12.0 in /usr/local/lib/python3.5/dist-packages (from tensorflow_hub) (1.14.0)
Requirement already satisfied: protobuf>=3.8.0 in /usr/local/lib/python3.5/dist-packages (from tensorflow_hub) (3.11.3)
Requirement already satisfied: setuptools in /usr/local/lib/python3.5/dist-packages (from protobuf>=3.8.0->tensorflow_hub) (45.2.0)
WARNING: You are using pip version 20.0.2; however, version 20.1.1 is available.
You should consider upgrading via the '/usr/bin/python3 -m pip install --upgrade pip' command.
Requirement already satisfied: sentencepiece in /usr/local/lib/python3.5/dist-packages (0.1.91)
WARNING: You are using pip version 20.0.2; however, version 20.1.1 is available.
You should consider upgrading via the '/usr/bin/python3 -m pip install --upgrade pip' command.
Requirement already satisfied: jieba in /usr/local/lib/python3.5/dist-packages (0.42.1)
WARNING: You are using pip version 20.0.2; however, version 20.1.1 is available.
You should consider upgrading via the '/usr/bin/python3 -m pip install --upgrade pip' command.
Requirement already satisfied: tokenizers in /usr/local/lib/python3.5/dist-packages (0.7.0)
WARNING: You are using pip version 20.0.2; however, version 20.1.1 is available.
You should consider upgrading via the '/usr/bin/python3 -m pip install --upgrade pip' command.
Requirement already satisfied: boto3 in /usr/local/lib/python3.5/dist-packages (1.14.10)
Requirement already satisfied: botocore<1.18.0,>=1.17.10 in /usr/local/lib/python3.5/dist-packages (from boto3) (1.17.10)
Requirement already satisfied: jmespath<1.0.0,>=0.7.1 in /usr/local/lib/python3.5/dist-packages (from boto3) (0.10.0)
Requirement already satisfied: s3transfer<0.4.0,>=0.3.0 in /usr/local/lib/python3.5/dist-packages (from boto3) (0.3.3)
Requirement already satisfied: python-dateutil<3.0.0,>=2.1 in /usr/local/lib/python3.5/dist-packages (from botocore<1.18.0,>=1.17.10->boto3) (2.8.1)
Requirement already satisfied: docutils<0.16,>=0.10 in /usr/local/lib/python3.5/dist-packages (from botocore<1.18.0,>=1.17.10->boto3) (0.15.2)
Requirement already satisfied: urllib3<1.26,>=1.20; python_version != "3.4" in /usr/local/lib/python3.5/dist-packages (from botocore<1.18.0,>=1.17.10->boto3) (1.25.8)
Requirement already satisfied: six>=1.5 in /usr/local/lib/python3.5/dist-packages (from python-dateutil<3.0.0,>=2.1->botocore<1.18.0,>=1.17.10->boto3) (1.14.0)
WARNING: You are using pip version 20.0.2; however, version 20.1.1 is available.
You should consider upgrading via the '/usr/bin/python3 -m pip install --upgrade pip' command.
Requirement already satisfied: jieba_fast in /usr/local/lib/python3.5/dist-packages (0.53)
WARNING: You are using pip version 20.0.2; however, version 20.1.1 is available.
You should consider upgrading via the '/usr/bin/python3 -m pip install --upgrade pip' command.
Requirement already satisfied: sklearn in /usr/local/lib/python3.5/dist-packages (0.0)
Requirement already satisfied: scikit-learn in /usr/local/lib/python3.5/dist-packages (from sklearn) (0.22.2.post1)
Requirement already satisfied: joblib>=0.11 in /usr/local/lib/python3.5/dist-packages (from scikit-learn->sklearn) (0.14.1)
Requirement already satisfied: scipy>=0.17.0 in /usr/local/lib/python3.5/dist-packages (from scikit-learn->sklearn) (1.4.1)
Requirement already satisfied: numpy>=1.11.0 in /usr/local/lib/python3.5/dist-packages (from scikit-learn->sklearn) (1.18.1)
WARNING: You are using pip version 20.0.2; however, version 20.1.1 is available.
You should consider upgrading via the '/usr/bin/python3 -m pip install --upgrade pip' command.
Start running...
INFO:tensorflow:loading sentence piece model
I0627 14:17:08.005635 139794252465920 tokenization.py:240] loading sentence piece model
WARNING:tensorflow:From ./src/data_processors.py:132: The name tf.gfile.Open is deprecated. Please use tf.io.gfile.GFile instead.

W0627 14:17:08.055279 139794252465920 module_wrapper.py:139] From ./src/data_processors.py:132: The name tf.gfile.Open is deprecated. Please use tf.io.gfile.GFile instead.

WARNING:tensorflow:Estimator's model_fn (<function model_fn_builder.<locals>.model_fn at 0x7f23f125c0d0>) includes params argument, but params are not passed to Estimator.
W0627 14:17:12.663239 139794252465920 estimator.py:1994] Estimator's model_fn (<function model_fn_builder.<locals>.model_fn at 0x7f23f125c0d0>) includes params argument, but params are not passed to Estimator.
INFO:tensorflow:Using config: {'_session_creation_timeout_secs': 7200, '_session_config': allow_soft_placement: true
cluster_def {
  job {
    name: "worker"
    tasks {
      key: 0
      value: "10.52.93.114:8470"
    }
  }
}
isolate_session_state: true
, '_task_type': 'worker', '_model_dir': 'gs://sbt0/experiments/rethink_vocab/finetune/nlpcc_dbqa/char_no_space_21128_length_128_steps_4.5k_time_0625_run_1/', '_save_checkpoints_steps': 750, '_keep_checkpoint_every_n_hours': 10000, '_num_ps_replicas': 0, '_protocol': None, '_log_step_count_steps': None, '_experimental_distribute': None, '_evaluation_master': 'grpc://10.52.93.114:8470', '_tpu_config': TPUConfig(iterations_per_loop=750, num_shards=8, num_cores_per_replica=None, per_host_input_for_training=3, tpu_job_name=None, initial_infeed_sleep_secs=None, input_partition_dims=None, eval_training_input_configuration=2, experimental_host_call_every_n_steps=1), '_cluster': <tensorflow.python.distribute.cluster_resolver.tpu_cluster_resolver.TPUClusterResolver object at 0x7f23fccb4278>, '_task_id': 0, '_train_distribute': None, '_master': 'grpc://10.52.93.114:8470', '_save_summary_steps': 100, '_tf_random_seed': None, '_keep_checkpoint_max': 0, '_experimental_max_worker_delay_secs': None, '_device_fn': None, '_num_worker_replicas': 1, '_eval_distribute': None, '_service': None, '_is_chief': True, '_cluster_spec': <tensorflow.python.training.server_lib.ClusterSpec object at 0x7f2410055940>, '_save_checkpoints_secs': None, '_global_id_in_cluster': 0}
I0627 14:17:12.664699 139794252465920 estimator.py:212] Using config: {'_session_creation_timeout_secs': 7200, '_session_config': allow_soft_placement: true
cluster_def {
  job {
    name: "worker"
    tasks {
      key: 0
      value: "10.52.93.114:8470"
    }
  }
}
isolate_session_state: true
, '_task_type': 'worker', '_model_dir': 'gs://sbt0/experiments/rethink_vocab/finetune/nlpcc_dbqa/char_no_space_21128_length_128_steps_4.5k_time_0625_run_1/', '_save_checkpoints_steps': 750, '_keep_checkpoint_every_n_hours': 10000, '_num_ps_replicas': 0, '_protocol': None, '_log_step_count_steps': None, '_experimental_distribute': None, '_evaluation_master': 'grpc://10.52.93.114:8470', '_tpu_config': TPUConfig(iterations_per_loop=750, num_shards=8, num_cores_per_replica=None, per_host_input_for_training=3, tpu_job_name=None, initial_infeed_sleep_secs=None, input_partition_dims=None, eval_training_input_configuration=2, experimental_host_call_every_n_steps=1), '_cluster': <tensorflow.python.distribute.cluster_resolver.tpu_cluster_resolver.TPUClusterResolver object at 0x7f23fccb4278>, '_task_id': 0, '_train_distribute': None, '_master': 'grpc://10.52.93.114:8470', '_save_summary_steps': 100, '_tf_random_seed': None, '_keep_checkpoint_max': 0, '_experimental_max_worker_delay_secs': None, '_device_fn': None, '_num_worker_replicas': 1, '_eval_distribute': None, '_service': None, '_is_chief': True, '_cluster_spec': <tensorflow.python.training.server_lib.ClusterSpec object at 0x7f2410055940>, '_save_checkpoints_secs': None, '_global_id_in_cluster': 0}
INFO:tensorflow:_TPUContext: eval_on_tpu True
I0627 14:17:12.665493 139794252465920 tpu_context.py:220] _TPUContext: eval_on_tpu True
INFO:tensorflow:Writing example 0 of 181882
I0627 14:17:12.666309 139794252465920 classifier_utils.py:209] Writing example 0 of 181882
INFO:tensorflow:*** Example ***
I0627 14:17:12.666807 139794252465920 classifier_utils.py:167] *** Example ***
INFO:tensorflow:guid: train-0
I0627 14:17:12.666970 139794252465920 classifier_utils.py:168] guid: train-0
INFO:tensorflow:tokens: [CLS] ▁黑 缘 粗 角 肖 叶 甲 触 角 有多 大 ? [SEP] ▁ 体长 卵 形 , 棕 红色 ; 鞘 翅 棕 黄 或 淡 棕色 , 外 缘 和中 缝 黑色 或 黑 褐色 ; 触 角 基部 3 、4 节 棕 黄 , 余 节 棕色 。 [SEP]
I0627 14:17:12.667160 139794252465920 classifier_utils.py:170] tokens: [CLS] ▁黑 缘 粗 角 肖 叶 甲 触 角 有多 大 ? [SEP] ▁ 体长 卵 形 , 棕 红色 ; 鞘 翅 棕 黄 或 淡 棕色 , 外 缘 和中 缝 黑色 或 黑 褐色 ; 触 角 基部 3 、4 节 棕 黄 , 余 节 棕色 。 [SEP]
INFO:tensorflow:input_ids: 2 3596 15975 16533 15090 16662 15448 15330 16093 15090 7328 14678 16088 3 14659 1472 16643 14976 14658 16940 1959 14853 18095 16929 16940 15196 14915 16102 13173 14658 14836 15975 8403 17049 2578 14915 15311 5963 14853 16093 15090 13610 14680 6335 15065 16940 15196 14658 1 15065 13173 14661 3 0 0 0 0 0 0 0 0 0 0 0 0 0 0 0 0 0 0 0 0 0 0 0 0 0 0 0 0 0 0 0 0 0 0 0 0 0 0 0 0 0 0 0 0 0 0 0 0 0 0 0 0 0 0 0 0 0 0 0 0 0 0 0 0 0 0 0 0 0 0 0 0 0 0 0
I0627 14:17:12.667337 139794252465920 classifier_utils.py:171] input_ids: 2 3596 15975 16533 15090 16662 15448 15330 16093 15090 7328 14678 16088 3 14659 1472 16643 14976 14658 16940 1959 14853 18095 16929 16940 15196 14915 16102 13173 14658 14836 15975 8403 17049 2578 14915 15311 5963 14853 16093 15090 13610 14680 6335 15065 16940 15196 14658 1 15065 13173 14661 3 0 0 0 0 0 0 0 0 0 0 0 0 0 0 0 0 0 0 0 0 0 0 0 0 0 0 0 0 0 0 0 0 0 0 0 0 0 0 0 0 0 0 0 0 0 0 0 0 0 0 0 0 0 0 0 0 0 0 0 0 0 0 0 0 0 0 0 0 0 0 0 0 0 0 0
INFO:tensorflow:input_mask: 1 1 1 1 1 1 1 1 1 1 1 1 1 1 1 1 1 1 1 1 1 1 1 1 1 1 1 1 1 1 1 1 1 1 1 1 1 1 1 1 1 1 1 1 1 1 1 1 1 1 1 1 1 0 0 0 0 0 0 0 0 0 0 0 0 0 0 0 0 0 0 0 0 0 0 0 0 0 0 0 0 0 0 0 0 0 0 0 0 0 0 0 0 0 0 0 0 0 0 0 0 0 0 0 0 0 0 0 0 0 0 0 0 0 0 0 0 0 0 0 0 0 0 0 0 0 0 0
I0627 14:17:12.667515 139794252465920 classifier_utils.py:172] input_mask: 1 1 1 1 1 1 1 1 1 1 1 1 1 1 1 1 1 1 1 1 1 1 1 1 1 1 1 1 1 1 1 1 1 1 1 1 1 1 1 1 1 1 1 1 1 1 1 1 1 1 1 1 1 0 0 0 0 0 0 0 0 0 0 0 0 0 0 0 0 0 0 0 0 0 0 0 0 0 0 0 0 0 0 0 0 0 0 0 0 0 0 0 0 0 0 0 0 0 0 0 0 0 0 0 0 0 0 0 0 0 0 0 0 0 0 0 0 0 0 0 0 0 0 0 0 0 0 0
INFO:tensorflow:segment_ids: 0 0 0 0 0 0 0 0 0 0 0 0 0 0 1 1 1 1 1 1 1 1 1 1 1 1 1 1 1 1 1 1 1 1 1 1 1 1 1 1 1 1 1 1 1 1 1 1 1 1 1 1 1 0 0 0 0 0 0 0 0 0 0 0 0 0 0 0 0 0 0 0 0 0 0 0 0 0 0 0 0 0 0 0 0 0 0 0 0 0 0 0 0 0 0 0 0 0 0 0 0 0 0 0 0 0 0 0 0 0 0 0 0 0 0 0 0 0 0 0 0 0 0 0 0 0 0 0
I0627 14:17:12.667684 139794252465920 classifier_utils.py:173] segment_ids: 0 0 0 0 0 0 0 0 0 0 0 0 0 0 1 1 1 1 1 1 1 1 1 1 1 1 1 1 1 1 1 1 1 1 1 1 1 1 1 1 1 1 1 1 1 1 1 1 1 1 1 1 1 0 0 0 0 0 0 0 0 0 0 0 0 0 0 0 0 0 0 0 0 0 0 0 0 0 0 0 0 0 0 0 0 0 0 0 0 0 0 0 0 0 0 0 0 0 0 0 0 0 0 0 0 0 0 0 0 0 0 0 0 0 0 0 0 0 0 0 0 0 0 0 0 0 0 0
INFO:tensorflow:label: 0 (id = 0)
I0627 14:17:12.667800 139794252465920 classifier_utils.py:174] label: 0 (id = 0)
INFO:tensorflow:*** Example ***
I0627 14:17:12.668703 139794252465920 classifier_utils.py:167] *** Example ***
INFO:tensorflow:guid: train-1
I0627 14:17:12.668860 139794252465920 classifier_utils.py:168] guid: train-1
INFO:tensorflow:tokens: [CLS] ▁黑 缘 粗 角 肖 叶 甲 触 角 有多 大 ? [SEP] ▁ 头部 刻 点 粗 大 , 分布 不 均匀 , 头 顶 刻 点 十分 稀 疏 ; 触 角 基 部的 内侧 有一个 三角形 光 瘤 , 唇 基 前 缘 呈 半 圆形 凹 切 。 [SEP]
I0627 14:17:12.669037 139794252465920 classifier_utils.py:170] tokens: [CLS] ▁黑 缘 粗 角 肖 叶 甲 触 角 有多 大 ? [SEP] ▁ 头部 刻 点 粗 大 , 分布 不 均匀 , 头 顶 刻 点 十分 稀 疏 ; 触 角 基 部的 内侧 有一个 三角形 光 瘤 , 唇 基 前 缘 呈 半 圆形 凹 切 。 [SEP]
INFO:tensorflow:input_ids: 2 3596 15975 16533 15090 16662 15448 15330 16093 15090 7328 14678 16088 3 14659 5960 15774 14999 16533 14678 14658 258 14706 11530 14658 15096 15647 15774 14999 1209 16867 16416 14853 16093 15090 14882 2323 13094 2009 8234 15051 16939 14658 16953 14882 14782 15975 15940 15284 3473 17283 15527 14661 3 0 0 0 0 0 0 0 0 0 0 0 0 0 0 0 0 0 0 0 0 0 0 0 0 0 0 0 0 0 0 0 0 0 0 0 0 0 0 0 0 0 0 0 0 0 0 0 0 0 0 0 0 0 0 0 0 0 0 0 0 0 0 0 0 0 0 0 0 0 0 0 0 0 0
I0627 14:17:12.669212 139794252465920 classifier_utils.py:171] input_ids: 2 3596 15975 16533 15090 16662 15448 15330 16093 15090 7328 14678 16088 3 14659 5960 15774 14999 16533 14678 14658 258 14706 11530 14658 15096 15647 15774 14999 1209 16867 16416 14853 16093 15090 14882 2323 13094 2009 8234 15051 16939 14658 16953 14882 14782 15975 15940 15284 3473 17283 15527 14661 3 0 0 0 0 0 0 0 0 0 0 0 0 0 0 0 0 0 0 0 0 0 0 0 0 0 0 0 0 0 0 0 0 0 0 0 0 0 0 0 0 0 0 0 0 0 0 0 0 0 0 0 0 0 0 0 0 0 0 0 0 0 0 0 0 0 0 0 0 0 0 0 0 0 0
INFO:tensorflow:input_mask: 1 1 1 1 1 1 1 1 1 1 1 1 1 1 1 1 1 1 1 1 1 1 1 1 1 1 1 1 1 1 1 1 1 1 1 1 1 1 1 1 1 1 1 1 1 1 1 1 1 1 1 1 1 1 0 0 0 0 0 0 0 0 0 0 0 0 0 0 0 0 0 0 0 0 0 0 0 0 0 0 0 0 0 0 0 0 0 0 0 0 0 0 0 0 0 0 0 0 0 0 0 0 0 0 0 0 0 0 0 0 0 0 0 0 0 0 0 0 0 0 0 0 0 0 0 0 0 0
I0627 14:17:12.669395 139794252465920 classifier_utils.py:172] input_mask: 1 1 1 1 1 1 1 1 1 1 1 1 1 1 1 1 1 1 1 1 1 1 1 1 1 1 1 1 1 1 1 1 1 1 1 1 1 1 1 1 1 1 1 1 1 1 1 1 1 1 1 1 1 1 0 0 0 0 0 0 0 0 0 0 0 0 0 0 0 0 0 0 0 0 0 0 0 0 0 0 0 0 0 0 0 0 0 0 0 0 0 0 0 0 0 0 0 0 0 0 0 0 0 0 0 0 0 0 0 0 0 0 0 0 0 0 0 0 0 0 0 0 0 0 0 0 0 0
INFO:tensorflow:segment_ids: 0 0 0 0 0 0 0 0 0 0 0 0 0 0 1 1 1 1 1 1 1 1 1 1 1 1 1 1 1 1 1 1 1 1 1 1 1 1 1 1 1 1 1 1 1 1 1 1 1 1 1 1 1 1 0 0 0 0 0 0 0 0 0 0 0 0 0 0 0 0 0 0 0 0 0 0 0 0 0 0 0 0 0 0 0 0 0 0 0 0 0 0 0 0 0 0 0 0 0 0 0 0 0 0 0 0 0 0 0 0 0 0 0 0 0 0 0 0 0 0 0 0 0 0 0 0 0 0
I0627 14:17:12.669570 139794252465920 classifier_utils.py:173] segment_ids: 0 0 0 0 0 0 0 0 0 0 0 0 0 0 1 1 1 1 1 1 1 1 1 1 1 1 1 1 1 1 1 1 1 1 1 1 1 1 1 1 1 1 1 1 1 1 1 1 1 1 1 1 1 1 0 0 0 0 0 0 0 0 0 0 0 0 0 0 0 0 0 0 0 0 0 0 0 0 0 0 0 0 0 0 0 0 0 0 0 0 0 0 0 0 0 0 0 0 0 0 0 0 0 0 0 0 0 0 0 0 0 0 0 0 0 0 0 0 0 0 0 0 0 0 0 0 0 0
INFO:tensorflow:label: 0 (id = 0)
I0627 14:17:12.669718 139794252465920 classifier_utils.py:174] label: 0 (id = 0)
INFO:tensorflow:*** Example ***
I0627 14:17:12.670542 139794252465920 classifier_utils.py:167] *** Example ***
INFO:tensorflow:guid: train-2
I0627 14:17:12.670700 139794252465920 classifier_utils.py:168] guid: train-2
INFO:tensorflow:tokens: [CLS] ▁黑 缘 粗 角 肖 叶 甲 触 角 有多 大 ? [SEP] ▁ 触 角 近 于 体长 之 半 , 第 1 节 粗 大 , 棒 状 , 第 2 节 短 , 椭圆形 ,3 、4 两 节 细 长 , 稍 短 于 第 5 节 , 第 5 节 基 细 端 粗 , 末端 6 节 明显 粗 大 。 [SEP]
I0627 14:17:12.670876 139794252465920 classifier_utils.py:170] tokens: [CLS] ▁黑 缘 粗 角 肖 叶 甲 触 角 有多 大 ? [SEP] ▁ 触 角 近 于 体长 之 半 , 第 1 节 粗 大 , 棒 状 , 第 2 节 短 , 椭圆形 ,3 、4 两 节 细 长 , 稍 短 于 第 5 节 , 第 5 节 基 细 端 粗 , 末端 6 节 明显 粗 大 。 [SEP]
INFO:tensorflow:input_ids: 2 3596 15975 16533 15090 16662 15448 15330 16093 15090 7328 14678 16088 3 14659 16093 15090 15061 14676 1472 14715 15284 14658 14732 14662 15065 16533 14678 14658 16168 15391 14658 14732 14665 15065 15563 14658 12526 3736 6335 14873 15065 15499 14752 14658 16569 15563 14676 14732 14682 15065 14658 14732 14682 15065 14882 15499 15561 16533 14658 9521 14692 15065 1604 16533 14678 14661 3 0 0 0 0 0 0 0 0 0 0 0 0 0 0 0 0 0 0 0 0 0 0 0 0 0 0 0 0 0 0 0 0 0 0 0 0 0 0 0 0 0 0 0 0 0 0 0 0 0 0 0 0 0 0 0 0 0 0 0 0
I0627 14:17:12.671061 139794252465920 classifier_utils.py:171] input_ids: 2 3596 15975 16533 15090 16662 15448 15330 16093 15090 7328 14678 16088 3 14659 16093 15090 15061 14676 1472 14715 15284 14658 14732 14662 15065 16533 14678 14658 16168 15391 14658 14732 14665 15065 15563 14658 12526 3736 6335 14873 15065 15499 14752 14658 16569 15563 14676 14732 14682 15065 14658 14732 14682 15065 14882 15499 15561 16533 14658 9521 14692 15065 1604 16533 14678 14661 3 0 0 0 0 0 0 0 0 0 0 0 0 0 0 0 0 0 0 0 0 0 0 0 0 0 0 0 0 0 0 0 0 0 0 0 0 0 0 0 0 0 0 0 0 0 0 0 0 0 0 0 0 0 0 0 0 0 0 0 0
INFO:tensorflow:input_mask: 1 1 1 1 1 1 1 1 1 1 1 1 1 1 1 1 1 1 1 1 1 1 1 1 1 1 1 1 1 1 1 1 1 1 1 1 1 1 1 1 1 1 1 1 1 1 1 1 1 1 1 1 1 1 1 1 1 1 1 1 1 1 1 1 1 1 1 1 0 0 0 0 0 0 0 0 0 0 0 0 0 0 0 0 0 0 0 0 0 0 0 0 0 0 0 0 0 0 0 0 0 0 0 0 0 0 0 0 0 0 0 0 0 0 0 0 0 0 0 0 0 0 0 0 0 0 0 0
I0627 14:17:12.671228 139794252465920 classifier_utils.py:172] input_mask: 1 1 1 1 1 1 1 1 1 1 1 1 1 1 1 1 1 1 1 1 1 1 1 1 1 1 1 1 1 1 1 1 1 1 1 1 1 1 1 1 1 1 1 1 1 1 1 1 1 1 1 1 1 1 1 1 1 1 1 1 1 1 1 1 1 1 1 1 0 0 0 0 0 0 0 0 0 0 0 0 0 0 0 0 0 0 0 0 0 0 0 0 0 0 0 0 0 0 0 0 0 0 0 0 0 0 0 0 0 0 0 0 0 0 0 0 0 0 0 0 0 0 0 0 0 0 0 0
INFO:tensorflow:segment_ids: 0 0 0 0 0 0 0 0 0 0 0 0 0 0 1 1 1 1 1 1 1 1 1 1 1 1 1 1 1 1 1 1 1 1 1 1 1 1 1 1 1 1 1 1 1 1 1 1 1 1 1 1 1 1 1 1 1 1 1 1 1 1 1 1 1 1 1 1 0 0 0 0 0 0 0 0 0 0 0 0 0 0 0 0 0 0 0 0 0 0 0 0 0 0 0 0 0 0 0 0 0 0 0 0 0 0 0 0 0 0 0 0 0 0 0 0 0 0 0 0 0 0 0 0 0 0 0 0
I0627 14:17:12.671408 139794252465920 classifier_utils.py:173] segment_ids: 0 0 0 0 0 0 0 0 0 0 0 0 0 0 1 1 1 1 1 1 1 1 1 1 1 1 1 1 1 1 1 1 1 1 1 1 1 1 1 1 1 1 1 1 1 1 1 1 1 1 1 1 1 1 1 1 1 1 1 1 1 1 1 1 1 1 1 1 0 0 0 0 0 0 0 0 0 0 0 0 0 0 0 0 0 0 0 0 0 0 0 0 0 0 0 0 0 0 0 0 0 0 0 0 0 0 0 0 0 0 0 0 0 0 0 0 0 0 0 0 0 0 0 0 0 0 0 0
INFO:tensorflow:label: 1 (id = 1)
I0627 14:17:12.671528 139794252465920 classifier_utils.py:174] label: 1 (id = 1)
INFO:tensorflow:*** Example ***
I0627 14:17:12.672361 139794252465920 classifier_utils.py:167] *** Example ***
INFO:tensorflow:guid: train-3
I0627 14:17:12.672511 139794252465920 classifier_utils.py:168] guid: train-3
INFO:tensorflow:tokens: [CLS] ▁黑 缘 粗 角 肖 叶 甲 触 角 有多 大 ? [SEP] ▁前 胸 背 板 横 宽 , 宽 约为 长的 两 倍 , 侧 缘 敞 出 较 宽 , 圆形 , 敞 边 与 盘 区 之间 有一条 细 纵 沟 ; 盘 区 刻 点 相当 密 , 前 半部 刻 点 较大 于 后 半部 。 [SEP]
I0627 14:17:12.672679 139794252465920 classifier_utils.py:170] tokens: [CLS] ▁黑 缘 粗 角 肖 叶 甲 触 角 有多 大 ? [SEP] ▁前 胸 背 板 横 宽 , 宽 约为 长的 两 倍 , 侧 缘 敞 出 较 宽 , 圆形 , 敞 边 与 盘 区 之间 有一条 细 纵 沟 ; 盘 区 刻 点 相当 密 , 前 半部 刻 点 较大 于 后 半部 。 [SEP]
INFO:tensorflow:input_ids: 2 3596 15975 16533 15090 16662 15448 15330 16093 15090 7328 14678 16088 3 1541 16599 15670 15651 15904 15761 14658 15761 1914 1056 14873 16213 14658 15484 15975 17953 14708 15173 15761 14658 3473 14658 17953 15239 14713 15852 14714 197 11477 15499 16208 16200 14853 15852 14714 15774 14999 660 15100 14658 14782 10266 15774 14999 4379 14676 14693 10266 14661 3 0 0 0 0 0 0 0 0 0 0 0 0 0 0 0 0 0 0 0 0 0 0 0 0 0 0 0 0 0 0 0 0 0 0 0 0 0 0 0 0 0 0 0 0 0 0 0 0 0 0 0 0 0 0 0 0 0 0 0 0 0 0 0 0
I0627 14:17:12.672854 139794252465920 classifier_utils.py:171] input_ids: 2 3596 15975 16533 15090 16662 15448 15330 16093 15090 7328 14678 16088 3 1541 16599 15670 15651 15904 15761 14658 15761 1914 1056 14873 16213 14658 15484 15975 17953 14708 15173 15761 14658 3473 14658 17953 15239 14713 15852 14714 197 11477 15499 16208 16200 14853 15852 14714 15774 14999 660 15100 14658 14782 10266 15774 14999 4379 14676 14693 10266 14661 3 0 0 0 0 0 0 0 0 0 0 0 0 0 0 0 0 0 0 0 0 0 0 0 0 0 0 0 0 0 0 0 0 0 0 0 0 0 0 0 0 0 0 0 0 0 0 0 0 0 0 0 0 0 0 0 0 0 0 0 0 0 0 0 0
INFO:tensorflow:input_mask: 1 1 1 1 1 1 1 1 1 1 1 1 1 1 1 1 1 1 1 1 1 1 1 1 1 1 1 1 1 1 1 1 1 1 1 1 1 1 1 1 1 1 1 1 1 1 1 1 1 1 1 1 1 1 1 1 1 1 1 1 1 1 1 1 0 0 0 0 0 0 0 0 0 0 0 0 0 0 0 0 0 0 0 0 0 0 0 0 0 0 0 0 0 0 0 0 0 0 0 0 0 0 0 0 0 0 0 0 0 0 0 0 0 0 0 0 0 0 0 0 0 0 0 0 0 0 0 0
I0627 14:17:12.673031 139794252465920 classifier_utils.py:172] input_mask: 1 1 1 1 1 1 1 1 1 1 1 1 1 1 1 1 1 1 1 1 1 1 1 1 1 1 1 1 1 1 1 1 1 1 1 1 1 1 1 1 1 1 1 1 1 1 1 1 1 1 1 1 1 1 1 1 1 1 1 1 1 1 1 1 0 0 0 0 0 0 0 0 0 0 0 0 0 0 0 0 0 0 0 0 0 0 0 0 0 0 0 0 0 0 0 0 0 0 0 0 0 0 0 0 0 0 0 0 0 0 0 0 0 0 0 0 0 0 0 0 0 0 0 0 0 0 0 0
INFO:tensorflow:segment_ids: 0 0 0 0 0 0 0 0 0 0 0 0 0 0 1 1 1 1 1 1 1 1 1 1 1 1 1 1 1 1 1 1 1 1 1 1 1 1 1 1 1 1 1 1 1 1 1 1 1 1 1 1 1 1 1 1 1 1 1 1 1 1 1 1 0 0 0 0 0 0 0 0 0 0 0 0 0 0 0 0 0 0 0 0 0 0 0 0 0 0 0 0 0 0 0 0 0 0 0 0 0 0 0 0 0 0 0 0 0 0 0 0 0 0 0 0 0 0 0 0 0 0 0 0 0 0 0 0
I0627 14:17:12.673199 139794252465920 classifier_utils.py:173] segment_ids: 0 0 0 0 0 0 0 0 0 0 0 0 0 0 1 1 1 1 1 1 1 1 1 1 1 1 1 1 1 1 1 1 1 1 1 1 1 1 1 1 1 1 1 1 1 1 1 1 1 1 1 1 1 1 1 1 1 1 1 1 1 1 1 1 0 0 0 0 0 0 0 0 0 0 0 0 0 0 0 0 0 0 0 0 0 0 0 0 0 0 0 0 0 0 0 0 0 0 0 0 0 0 0 0 0 0 0 0 0 0 0 0 0 0 0 0 0 0 0 0 0 0 0 0 0 0 0 0
INFO:tensorflow:label: 0 (id = 0)
I0627 14:17:12.673328 139794252465920 classifier_utils.py:174] label: 0 (id = 0)
INFO:tensorflow:*** Example ***
I0627 14:17:12.674010 139794252465920 classifier_utils.py:167] *** Example ***
INFO:tensorflow:guid: train-4
I0627 14:17:12.674161 139794252465920 classifier_utils.py:168] guid: train-4
INFO:tensorflow:tokens: [CLS] ▁黑 缘 粗 角 肖 叶 甲 触 角 有多 大 ? [SEP] ▁小 盾 片 舌 形 , 光 亮 , 末端 圆 钝 。 [SEP]
I0627 14:17:12.674307 139794252465920 classifier_utils.py:170] tokens: [CLS] ▁黑 缘 粗 角 肖 叶 甲 触 角 有多 大 ? [SEP] ▁小 盾 片 舌 形 , 光 亮 , 末端 圆 钝 。 [SEP]
INFO:tensorflow:input_ids: 2 3596 15975 16533 15090 16662 15448 15330 16093 15090 7328 14678 16088 3 1605 16427 15089 16831 14976 14658 15051 15981 14658 9521 15709 17804 14661 3 0 0 0 0 0 0 0 0 0 0 0 0 0 0 0 0 0 0 0 0 0 0 0 0 0 0 0 0 0 0 0 0 0 0 0 0 0 0 0 0 0 0 0 0 0 0 0 0 0 0 0 0 0 0 0 0 0 0 0 0 0 0 0 0 0 0 0 0 0 0 0 0 0 0 0 0 0 0 0 0 0 0 0 0 0 0 0 0 0 0 0 0 0 0 0 0 0 0 0 0
I0627 14:17:12.674480 139794252465920 classifier_utils.py:171] input_ids: 2 3596 15975 16533 15090 16662 15448 15330 16093 15090 7328 14678 16088 3 1605 16427 15089 16831 14976 14658 15051 15981 14658 9521 15709 17804 14661 3 0 0 0 0 0 0 0 0 0 0 0 0 0 0 0 0 0 0 0 0 0 0 0 0 0 0 0 0 0 0 0 0 0 0 0 0 0 0 0 0 0 0 0 0 0 0 0 0 0 0 0 0 0 0 0 0 0 0 0 0 0 0 0 0 0 0 0 0 0 0 0 0 0 0 0 0 0 0 0 0 0 0 0 0 0 0 0 0 0 0 0 0 0 0 0 0 0 0 0 0
INFO:tensorflow:input_mask: 1 1 1 1 1 1 1 1 1 1 1 1 1 1 1 1 1 1 1 1 1 1 1 1 1 1 1 1 0 0 0 0 0 0 0 0 0 0 0 0 0 0 0 0 0 0 0 0 0 0 0 0 0 0 0 0 0 0 0 0 0 0 0 0 0 0 0 0 0 0 0 0 0 0 0 0 0 0 0 0 0 0 0 0 0 0 0 0 0 0 0 0 0 0 0 0 0 0 0 0 0 0 0 0 0 0 0 0 0 0 0 0 0 0 0 0 0 0 0 0 0 0 0 0 0 0 0 0
I0627 14:17:12.674643 139794252465920 classifier_utils.py:172] input_mask: 1 1 1 1 1 1 1 1 1 1 1 1 1 1 1 1 1 1 1 1 1 1 1 1 1 1 1 1 0 0 0 0 0 0 0 0 0 0 0 0 0 0 0 0 0 0 0 0 0 0 0 0 0 0 0 0 0 0 0 0 0 0 0 0 0 0 0 0 0 0 0 0 0 0 0 0 0 0 0 0 0 0 0 0 0 0 0 0 0 0 0 0 0 0 0 0 0 0 0 0 0 0 0 0 0 0 0 0 0 0 0 0 0 0 0 0 0 0 0 0 0 0 0 0 0 0 0 0
INFO:tensorflow:segment_ids: 0 0 0 0 0 0 0 0 0 0 0 0 0 0 1 1 1 1 1 1 1 1 1 1 1 1 1 1 0 0 0 0 0 0 0 0 0 0 0 0 0 0 0 0 0 0 0 0 0 0 0 0 0 0 0 0 0 0 0 0 0 0 0 0 0 0 0 0 0 0 0 0 0 0 0 0 0 0 0 0 0 0 0 0 0 0 0 0 0 0 0 0 0 0 0 0 0 0 0 0 0 0 0 0 0 0 0 0 0 0 0 0 0 0 0 0 0 0 0 0 0 0 0 0 0 0 0 0
I0627 14:17:12.674808 139794252465920 classifier_utils.py:173] segment_ids: 0 0 0 0 0 0 0 0 0 0 0 0 0 0 1 1 1 1 1 1 1 1 1 1 1 1 1 1 0 0 0 0 0 0 0 0 0 0 0 0 0 0 0 0 0 0 0 0 0 0 0 0 0 0 0 0 0 0 0 0 0 0 0 0 0 0 0 0 0 0 0 0 0 0 0 0 0 0 0 0 0 0 0 0 0 0 0 0 0 0 0 0 0 0 0 0 0 0 0 0 0 0 0 0 0 0 0 0 0 0 0 0 0 0 0 0 0 0 0 0 0 0 0 0 0 0 0 0
INFO:tensorflow:label: 0 (id = 0)
I0627 14:17:12.674929 139794252465920 classifier_utils.py:174] label: 0 (id = 0)
INFO:tensorflow:Writing example 3000 of 181882
I0627 14:17:13.827750 139794252465920 classifier_utils.py:209] Writing example 3000 of 181882
INFO:tensorflow:Writing example 6000 of 181882
I0627 14:17:14.970980 139794252465920 classifier_utils.py:209] Writing example 6000 of 181882
INFO:tensorflow:Writing example 9000 of 181882
I0627 14:17:16.103195 139794252465920 classifier_utils.py:209] Writing example 9000 of 181882
INFO:tensorflow:Writing example 12000 of 181882
I0627 14:17:17.200304 139794252465920 classifier_utils.py:209] Writing example 12000 of 181882
INFO:tensorflow:Writing example 15000 of 181882
I0627 14:17:18.319344 139794252465920 classifier_utils.py:209] Writing example 15000 of 181882
INFO:tensorflow:Writing example 18000 of 181882
I0627 14:17:19.488554 139794252465920 classifier_utils.py:209] Writing example 18000 of 181882
INFO:tensorflow:Writing example 21000 of 181882
I0627 14:17:20.916755 139794252465920 classifier_utils.py:209] Writing example 21000 of 181882
INFO:tensorflow:Writing example 24000 of 181882
I0627 14:17:22.112105 139794252465920 classifier_utils.py:209] Writing example 24000 of 181882
INFO:tensorflow:Writing example 27000 of 181882
I0627 14:17:23.304413 139794252465920 classifier_utils.py:209] Writing example 27000 of 181882
INFO:tensorflow:Writing example 30000 of 181882
I0627 14:17:24.426126 139794252465920 classifier_utils.py:209] Writing example 30000 of 181882
INFO:tensorflow:Writing example 33000 of 181882
I0627 14:17:25.760769 139794252465920 classifier_utils.py:209] Writing example 33000 of 181882
INFO:tensorflow:Writing example 36000 of 181882
I0627 14:17:27.058405 139794252465920 classifier_utils.py:209] Writing example 36000 of 181882
INFO:tensorflow:Writing example 39000 of 181882
I0627 14:17:28.656986 139794252465920 classifier_utils.py:209] Writing example 39000 of 181882
INFO:tensorflow:Writing example 42000 of 181882
I0627 14:17:29.921149 139794252465920 classifier_utils.py:209] Writing example 42000 of 181882
INFO:tensorflow:Writing example 45000 of 181882
I0627 14:17:31.153317 139794252465920 classifier_utils.py:209] Writing example 45000 of 181882
INFO:tensorflow:Writing example 48000 of 181882
I0627 14:17:32.636347 139794252465920 classifier_utils.py:209] Writing example 48000 of 181882
INFO:tensorflow:Writing example 51000 of 181882
I0627 14:17:34.423635 139794252465920 classifier_utils.py:209] Writing example 51000 of 181882
INFO:tensorflow:Writing example 54000 of 181882
I0627 14:17:35.660224 139794252465920 classifier_utils.py:209] Writing example 54000 of 181882
INFO:tensorflow:Writing example 57000 of 181882
I0627 14:17:37.081933 139794252465920 classifier_utils.py:209] Writing example 57000 of 181882
INFO:tensorflow:Writing example 60000 of 181882
I0627 14:17:38.236644 139794252465920 classifier_utils.py:209] Writing example 60000 of 181882
INFO:tensorflow:Writing example 63000 of 181882
I0627 14:17:39.360965 139794252465920 classifier_utils.py:209] Writing example 63000 of 181882
INFO:tensorflow:Writing example 66000 of 181882
I0627 14:17:40.477234 139794252465920 classifier_utils.py:209] Writing example 66000 of 181882
INFO:tensorflow:Writing example 69000 of 181882
I0627 14:17:41.612299 139794252465920 classifier_utils.py:209] Writing example 69000 of 181882
INFO:tensorflow:Writing example 72000 of 181882
I0627 14:17:42.738735 139794252465920 classifier_utils.py:209] Writing example 72000 of 181882
INFO:tensorflow:Writing example 75000 of 181882
I0627 14:17:43.883042 139794252465920 classifier_utils.py:209] Writing example 75000 of 181882
INFO:tensorflow:Writing example 78000 of 181882
I0627 14:17:45.015406 139794252465920 classifier_utils.py:209] Writing example 78000 of 181882
INFO:tensorflow:Writing example 81000 of 181882
I0627 14:17:46.155775 139794252465920 classifier_utils.py:209] Writing example 81000 of 181882
INFO:tensorflow:Writing example 84000 of 181882
I0627 14:17:47.280359 139794252465920 classifier_utils.py:209] Writing example 84000 of 181882
INFO:tensorflow:Writing example 87000 of 181882
I0627 14:17:48.414191 139794252465920 classifier_utils.py:209] Writing example 87000 of 181882
INFO:tensorflow:Writing example 90000 of 181882
I0627 14:17:49.523225 139794252465920 classifier_utils.py:209] Writing example 90000 of 181882
INFO:tensorflow:Writing example 93000 of 181882
I0627 14:17:50.658273 139794252465920 classifier_utils.py:209] Writing example 93000 of 181882
INFO:tensorflow:Writing example 96000 of 181882
I0627 14:17:51.779678 139794252465920 classifier_utils.py:209] Writing example 96000 of 181882
INFO:tensorflow:Writing example 99000 of 181882
I0627 14:17:52.897426 139794252465920 classifier_utils.py:209] Writing example 99000 of 181882
INFO:tensorflow:Writing example 102000 of 181882
I0627 14:17:53.991980 139794252465920 classifier_utils.py:209] Writing example 102000 of 181882
INFO:tensorflow:Writing example 105000 of 181882
I0627 14:17:55.112101 139794252465920 classifier_utils.py:209] Writing example 105000 of 181882
INFO:tensorflow:Writing example 108000 of 181882
I0627 14:17:56.194461 139794252465920 classifier_utils.py:209] Writing example 108000 of 181882
INFO:tensorflow:Writing example 111000 of 181882
I0627 14:17:57.300395 139794252465920 classifier_utils.py:209] Writing example 111000 of 181882
INFO:tensorflow:Writing example 114000 of 181882
I0627 14:17:58.411740 139794252465920 classifier_utils.py:209] Writing example 114000 of 181882
INFO:tensorflow:Writing example 117000 of 181882
I0627 14:17:59.533768 139794252465920 classifier_utils.py:209] Writing example 117000 of 181882
INFO:tensorflow:Writing example 120000 of 181882
I0627 14:18:00.630649 139794252465920 classifier_utils.py:209] Writing example 120000 of 181882
INFO:tensorflow:Writing example 123000 of 181882
I0627 14:18:01.722635 139794252465920 classifier_utils.py:209] Writing example 123000 of 181882
INFO:tensorflow:Writing example 126000 of 181882
I0627 14:18:02.883410 139794252465920 classifier_utils.py:209] Writing example 126000 of 181882
INFO:tensorflow:Writing example 129000 of 181882
I0627 14:18:04.578687 139794252465920 classifier_utils.py:209] Writing example 129000 of 181882
INFO:tensorflow:Writing example 132000 of 181882
I0627 14:18:05.832835 139794252465920 classifier_utils.py:209] Writing example 132000 of 181882
INFO:tensorflow:Writing example 135000 of 181882
I0627 14:18:07.093857 139794252465920 classifier_utils.py:209] Writing example 135000 of 181882
INFO:tensorflow:Writing example 138000 of 181882
I0627 14:18:08.227960 139794252465920 classifier_utils.py:209] Writing example 138000 of 181882
INFO:tensorflow:Writing example 141000 of 181882
I0627 14:18:09.616778 139794252465920 classifier_utils.py:209] Writing example 141000 of 181882
INFO:tensorflow:Writing example 144000 of 181882
I0627 14:18:10.944924 139794252465920 classifier_utils.py:209] Writing example 144000 of 181882
INFO:tensorflow:Writing example 147000 of 181882
I0627 14:18:12.473865 139794252465920 classifier_utils.py:209] Writing example 147000 of 181882
INFO:tensorflow:Writing example 150000 of 181882
I0627 14:18:13.673208 139794252465920 classifier_utils.py:209] Writing example 150000 of 181882
INFO:tensorflow:Writing example 153000 of 181882
I0627 14:18:15.087879 139794252465920 classifier_utils.py:209] Writing example 153000 of 181882
INFO:tensorflow:Writing example 156000 of 181882
I0627 14:18:16.330594 139794252465920 classifier_utils.py:209] Writing example 156000 of 181882
INFO:tensorflow:Writing example 159000 of 181882
I0627 14:18:17.522778 139794252465920 classifier_utils.py:209] Writing example 159000 of 181882
INFO:tensorflow:Writing example 162000 of 181882
I0627 14:18:18.664486 139794252465920 classifier_utils.py:209] Writing example 162000 of 181882
INFO:tensorflow:Writing example 165000 of 181882
I0627 14:18:19.797501 139794252465920 classifier_utils.py:209] Writing example 165000 of 181882
INFO:tensorflow:Writing example 168000 of 181882
I0627 14:18:20.896951 139794252465920 classifier_utils.py:209] Writing example 168000 of 181882
INFO:tensorflow:Writing example 171000 of 181882
I0627 14:18:21.989349 139794252465920 classifier_utils.py:209] Writing example 171000 of 181882
INFO:tensorflow:Writing example 174000 of 181882
I0627 14:18:23.081679 139794252465920 classifier_utils.py:209] Writing example 174000 of 181882
INFO:tensorflow:Writing example 177000 of 181882
I0627 14:18:24.187446 139794252465920 classifier_utils.py:209] Writing example 177000 of 181882
INFO:tensorflow:Writing example 180000 of 181882
I0627 14:18:25.309555 139794252465920 classifier_utils.py:209] Writing example 180000 of 181882
INFO:tensorflow:***** Running training *****
I0627 14:18:27.661917 139794252465920 run_classifier.py:294] ***** Running training *****
INFO:tensorflow:  Num examples = 181882
I0627 14:18:27.662161 139794252465920 run_classifier.py:295]   Num examples = 181882
INFO:tensorflow:  Batch size = 256
I0627 14:18:27.662894 139794252465920 run_classifier.py:296]   Batch size = 256
INFO:tensorflow:  Num steps = 15000
I0627 14:18:27.662972 139794252465920 run_classifier.py:297]   Num steps = 15000
INFO:tensorflow:Querying Tensorflow master (grpc://10.52.93.114:8470) for TPU system metadata.
I0627 14:18:27.949697 139794252465920 tpu_system_metadata.py:78] Querying Tensorflow master (grpc://10.52.93.114:8470) for TPU system metadata.
2020-06-27 14:18:27.950986: W tensorflow/core/distributed_runtime/rpc/grpc_session.cc:370] GrpcSession::ListDevices will initialize the session with an empty graph and other defaults because the session has not yet been created.
INFO:tensorflow:Found TPU system:
I0627 14:18:27.963037 139794252465920 tpu_system_metadata.py:148] Found TPU system:
INFO:tensorflow:*** Num TPU Cores: 8
I0627 14:18:27.963248 139794252465920 tpu_system_metadata.py:149] *** Num TPU Cores: 8
INFO:tensorflow:*** Num TPU Workers: 1
I0627 14:18:27.963332 139794252465920 tpu_system_metadata.py:150] *** Num TPU Workers: 1
INFO:tensorflow:*** Num TPU Cores Per Worker: 8
I0627 14:18:27.963394 139794252465920 tpu_system_metadata.py:152] *** Num TPU Cores Per Worker: 8
INFO:tensorflow:*** Available Device: _DeviceAttributes(/job:worker/replica:0/task:0/device:CPU:0, CPU, -1, 18012510561520356425)
I0627 14:18:27.963450 139794252465920 tpu_system_metadata.py:154] *** Available Device: _DeviceAttributes(/job:worker/replica:0/task:0/device:CPU:0, CPU, -1, 18012510561520356425)
INFO:tensorflow:*** Available Device: _DeviceAttributes(/job:worker/replica:0/task:0/device:TPU:0, TPU, 17179869184, 17468217552920441659)
I0627 14:18:27.964082 139794252465920 tpu_system_metadata.py:154] *** Available Device: _DeviceAttributes(/job:worker/replica:0/task:0/device:TPU:0, TPU, 17179869184, 17468217552920441659)
INFO:tensorflow:*** Available Device: _DeviceAttributes(/job:worker/replica:0/task:0/device:TPU:1, TPU, 17179869184, 16877712264711733833)
I0627 14:18:27.964159 139794252465920 tpu_system_metadata.py:154] *** Available Device: _DeviceAttributes(/job:worker/replica:0/task:0/device:TPU:1, TPU, 17179869184, 16877712264711733833)
INFO:tensorflow:*** Available Device: _DeviceAttributes(/job:worker/replica:0/task:0/device:TPU:2, TPU, 17179869184, 9508656155027890209)
I0627 14:18:27.964225 139794252465920 tpu_system_metadata.py:154] *** Available Device: _DeviceAttributes(/job:worker/replica:0/task:0/device:TPU:2, TPU, 17179869184, 9508656155027890209)
INFO:tensorflow:*** Available Device: _DeviceAttributes(/job:worker/replica:0/task:0/device:TPU:3, TPU, 17179869184, 16239058312761996267)
I0627 14:18:27.964294 139794252465920 tpu_system_metadata.py:154] *** Available Device: _DeviceAttributes(/job:worker/replica:0/task:0/device:TPU:3, TPU, 17179869184, 16239058312761996267)
INFO:tensorflow:*** Available Device: _DeviceAttributes(/job:worker/replica:0/task:0/device:TPU:4, TPU, 17179869184, 4771829156736696551)
I0627 14:18:27.964352 139794252465920 tpu_system_metadata.py:154] *** Available Device: _DeviceAttributes(/job:worker/replica:0/task:0/device:TPU:4, TPU, 17179869184, 4771829156736696551)
INFO:tensorflow:*** Available Device: _DeviceAttributes(/job:worker/replica:0/task:0/device:TPU:5, TPU, 17179869184, 14850520881566585094)
I0627 14:18:27.964408 139794252465920 tpu_system_metadata.py:154] *** Available Device: _DeviceAttributes(/job:worker/replica:0/task:0/device:TPU:5, TPU, 17179869184, 14850520881566585094)
INFO:tensorflow:*** Available Device: _DeviceAttributes(/job:worker/replica:0/task:0/device:TPU:6, TPU, 17179869184, 15613210303142869492)
I0627 14:18:27.964464 139794252465920 tpu_system_metadata.py:154] *** Available Device: _DeviceAttributes(/job:worker/replica:0/task:0/device:TPU:6, TPU, 17179869184, 15613210303142869492)
INFO:tensorflow:*** Available Device: _DeviceAttributes(/job:worker/replica:0/task:0/device:TPU:7, TPU, 17179869184, 3465087888822953347)
I0627 14:18:27.964520 139794252465920 tpu_system_metadata.py:154] *** Available Device: _DeviceAttributes(/job:worker/replica:0/task:0/device:TPU:7, TPU, 17179869184, 3465087888822953347)
INFO:tensorflow:*** Available Device: _DeviceAttributes(/job:worker/replica:0/task:0/device:TPU_SYSTEM:0, TPU_SYSTEM, 17179869184, 16485604912381772937)
I0627 14:18:27.964575 139794252465920 tpu_system_metadata.py:154] *** Available Device: _DeviceAttributes(/job:worker/replica:0/task:0/device:TPU_SYSTEM:0, TPU_SYSTEM, 17179869184, 16485604912381772937)
INFO:tensorflow:*** Available Device: _DeviceAttributes(/job:worker/replica:0/task:0/device:XLA_CPU:0, XLA_CPU, 17179869184, 9830182903500651223)
I0627 14:18:27.964643 139794252465920 tpu_system_metadata.py:154] *** Available Device: _DeviceAttributes(/job:worker/replica:0/task:0/device:XLA_CPU:0, XLA_CPU, 17179869184, 9830182903500651223)
WARNING:tensorflow:From /usr/local/lib/python3.5/dist-packages/tensorflow_core/python/ops/resource_variable_ops.py:1630: calling BaseResourceVariable.__init__ (from tensorflow.python.ops.resource_variable_ops) with constraint is deprecated and will be removed in a future version.
Instructions for updating:
If using Keras pass *_constraint arguments to layers.
W0627 14:18:27.971147 139794252465920 deprecation.py:506] From /usr/local/lib/python3.5/dist-packages/tensorflow_core/python/ops/resource_variable_ops.py:1630: calling BaseResourceVariable.__init__ (from tensorflow.python.ops.resource_variable_ops) with constraint is deprecated and will be removed in a future version.
Instructions for updating:
If using Keras pass *_constraint arguments to layers.
WARNING:tensorflow:From /usr/local/lib/python3.5/dist-packages/tensorflow_core/python/training/training_util.py:236: Variable.initialized_value (from tensorflow.python.ops.variables) is deprecated and will be removed in a future version.
Instructions for updating:
Use Variable.read_value. Variables in 2.X are initialized automatically both in eager and graph (inside tf.defun) contexts.
W0627 14:18:27.971696 139794252465920 deprecation.py:323] From /usr/local/lib/python3.5/dist-packages/tensorflow_core/python/training/training_util.py:236: Variable.initialized_value (from tensorflow.python.ops.variables) is deprecated and will be removed in a future version.
Instructions for updating:
Use Variable.read_value. Variables in 2.X are initialized automatically both in eager and graph (inside tf.defun) contexts.
INFO:tensorflow:Calling model_fn.
I0627 14:18:27.985395 139794252465920 estimator.py:1148] Calling model_fn.
WARNING:tensorflow:From ./src/char_no_space/classifier_utils.py:296: map_and_batch (from tensorflow.contrib.data.python.ops.batching) is deprecated and will be removed in a future version.
Instructions for updating:
Use `tf.data.experimental.map_and_batch(...)`.
W0627 14:18:28.013236 139794252465920 deprecation.py:323] From ./src/char_no_space/classifier_utils.py:296: map_and_batch (from tensorflow.contrib.data.python.ops.batching) is deprecated and will be removed in a future version.
Instructions for updating:
Use `tf.data.experimental.map_and_batch(...)`.
WARNING:tensorflow:From /usr/local/lib/python3.5/dist-packages/tensorflow_core/contrib/data/python/ops/batching.py:276: map_and_batch (from tensorflow.python.data.experimental.ops.batching) is deprecated and will be removed in a future version.
Instructions for updating:
Use `tf.data.Dataset.map(map_func, num_parallel_calls)` followed by `tf.data.Dataset.batch(batch_size, drop_remainder)`. Static tf.data optimizations will take care of using the fused implementation.
W0627 14:18:28.013515 139794252465920 deprecation.py:323] From /usr/local/lib/python3.5/dist-packages/tensorflow_core/contrib/data/python/ops/batching.py:276: map_and_batch (from tensorflow.python.data.experimental.ops.batching) is deprecated and will be removed in a future version.
Instructions for updating:
Use `tf.data.Dataset.map(map_func, num_parallel_calls)` followed by `tf.data.Dataset.batch(batch_size, drop_remainder)`. Static tf.data optimizations will take care of using the fused implementation.
WARNING:tensorflow:From ./src/char_no_space/classifier_utils.py:273: to_int32 (from tensorflow.python.ops.math_ops) is deprecated and will be removed in a future version.
Instructions for updating:
Use `tf.cast` instead.
W0627 14:18:28.211045 139794252465920 deprecation.py:323] From ./src/char_no_space/classifier_utils.py:273: to_int32 (from tensorflow.python.ops.math_ops) is deprecated and will be removed in a future version.
Instructions for updating:
Use `tf.cast` instead.
2020-06-27 14:18:28.270888: W tensorflow/stream_executor/platform/default/dso_loader.cc:55] Could not load dynamic library 'libcuda.so.1'; dlerror: libcuda.so.1: cannot open shared object file: No such file or directory
2020-06-27 14:18:28.270930: E tensorflow/stream_executor/cuda/cuda_driver.cc:318] failed call to cuInit: UNKNOWN ERROR (303)
2020-06-27 14:18:28.270959: I tensorflow/stream_executor/cuda/cuda_diagnostics.cc:156] kernel driver does not appear to be running on this host (h-bert-1): /proc/driver/nvidia/version does not exist
INFO:tensorflow:*** Features ***
I0627 14:18:28.291713 139794252465920 classifier_utils.py:392] *** Features ***
INFO:tensorflow:  name = input_ids, shape = (32, 128)
I0627 14:18:28.292074 139794252465920 classifier_utils.py:394]   name = input_ids, shape = (32, 128)
INFO:tensorflow:  name = input_mask, shape = (32, 128)
I0627 14:18:28.292184 139794252465920 classifier_utils.py:394]   name = input_mask, shape = (32, 128)
INFO:tensorflow:  name = is_real_example, shape = (32,)
I0627 14:18:28.292267 139794252465920 classifier_utils.py:394]   name = is_real_example, shape = (32,)
INFO:tensorflow:  name = label_ids, shape = (32,)
I0627 14:18:28.292340 139794252465920 classifier_utils.py:394]   name = label_ids, shape = (32,)
INFO:tensorflow:  name = segment_ids, shape = (32, 128)
I0627 14:18:28.292412 139794252465920 classifier_utils.py:394]   name = segment_ids, shape = (32, 128)
INFO:tensorflow:creating model from albert_config
I0627 14:18:28.293738 139794252465920 fine_tuning_utils.py:68] creating model from albert_config
WARNING:tensorflow:From ./src/modeling.py:254: dense (from tensorflow.python.layers.core) is deprecated and will be removed in a future version.
Instructions for updating:
Use keras.layers.Dense instead.
W0627 14:18:29.787183 139794252465920 deprecation.py:323] From ./src/modeling.py:254: dense (from tensorflow.python.layers.core) is deprecated and will be removed in a future version.
Instructions for updating:
Use keras.layers.Dense instead.
WARNING:tensorflow:From /usr/local/lib/python3.5/dist-packages/tensorflow_core/python/layers/core.py:187: Layer.apply (from tensorflow.python.keras.engine.base_layer) is deprecated and will be removed in a future version.
Instructions for updating:
Please use `layer.__call__` method instead.
W0627 14:18:29.789829 139794252465920 deprecation.py:323] From /usr/local/lib/python3.5/dist-packages/tensorflow_core/python/layers/core.py:187: Layer.apply (from tensorflow.python.keras.engine.base_layer) is deprecated and will be removed in a future version.
Instructions for updating:
Please use `layer.__call__` method instead.
WARNING:tensorflow:From ./src/char_no_space/classifier_utils.py:355: calling dropout (from tensorflow.python.ops.nn_ops) with keep_prob is deprecated and will be removed in a future version.
Instructions for updating:
Please use `rate` instead of `keep_prob`. Rate should be set to `rate = 1 - keep_prob`.
W0627 14:18:29.825916 139794252465920 deprecation.py:506] From ./src/char_no_space/classifier_utils.py:355: calling dropout (from tensorflow.python.ops.nn_ops) with keep_prob is deprecated and will be removed in a future version.
Instructions for updating:
Please use `rate` instead of `keep_prob`. Rate should be set to `rate = 1 - keep_prob`.
INFO:tensorflow:name bert/embeddings/word_embeddings match to bert/embeddings/word_embeddings
I0627 14:18:30.956546 139794252465920 modeling.py:390] name bert/embeddings/word_embeddings match to bert/embeddings/word_embeddings
INFO:tensorflow:name bert/embeddings/token_type_embeddings match to bert/embeddings/token_type_embeddings
I0627 14:18:30.957552 139794252465920 modeling.py:390] name bert/embeddings/token_type_embeddings match to bert/embeddings/token_type_embeddings
INFO:tensorflow:name bert/embeddings/position_embeddings match to bert/embeddings/position_embeddings
I0627 14:18:30.957649 139794252465920 modeling.py:390] name bert/embeddings/position_embeddings match to bert/embeddings/position_embeddings
INFO:tensorflow:name bert/embeddings/LayerNorm/beta match to bert/embeddings/LayerNorm/beta
I0627 14:18:30.957722 139794252465920 modeling.py:390] name bert/embeddings/LayerNorm/beta match to bert/embeddings/LayerNorm/beta
INFO:tensorflow:name bert/embeddings/LayerNorm/gamma match to bert/embeddings/LayerNorm/gamma
I0627 14:18:30.957781 139794252465920 modeling.py:390] name bert/embeddings/LayerNorm/gamma match to bert/embeddings/LayerNorm/gamma
INFO:tensorflow:name bert/encoder/embedding_hidden_mapping_in/kernel match to bert/encoder/embedding_hidden_mapping_in/kernel
I0627 14:18:30.957836 139794252465920 modeling.py:390] name bert/encoder/embedding_hidden_mapping_in/kernel match to bert/encoder/embedding_hidden_mapping_in/kernel
INFO:tensorflow:name bert/encoder/embedding_hidden_mapping_in/bias match to bert/encoder/embedding_hidden_mapping_in/bias
I0627 14:18:30.957904 139794252465920 modeling.py:390] name bert/encoder/embedding_hidden_mapping_in/bias match to bert/encoder/embedding_hidden_mapping_in/bias
INFO:tensorflow:name bert/encoder/transformer/group_0/inner_group_0/attention_1/self/query/kernel match to bert/encoder/transformer/group_0/inner_group_0/attention_1/self/query/kernel
I0627 14:18:30.957960 139794252465920 modeling.py:390] name bert/encoder/transformer/group_0/inner_group_0/attention_1/self/query/kernel match to bert/encoder/transformer/group_0/inner_group_0/attention_1/self/query/kernel
INFO:tensorflow:name bert/encoder/transformer/group_0/inner_group_0/attention_1/self/query/bias match to bert/encoder/transformer/group_0/inner_group_0/attention_1/self/query/bias
I0627 14:18:30.958018 139794252465920 modeling.py:390] name bert/encoder/transformer/group_0/inner_group_0/attention_1/self/query/bias match to bert/encoder/transformer/group_0/inner_group_0/attention_1/self/query/bias
INFO:tensorflow:name bert/encoder/transformer/group_0/inner_group_0/attention_1/self/key/kernel match to bert/encoder/transformer/group_0/inner_group_0/attention_1/self/key/kernel
I0627 14:18:30.958070 139794252465920 modeling.py:390] name bert/encoder/transformer/group_0/inner_group_0/attention_1/self/key/kernel match to bert/encoder/transformer/group_0/inner_group_0/attention_1/self/key/kernel
INFO:tensorflow:name bert/encoder/transformer/group_0/inner_group_0/attention_1/self/key/bias match to bert/encoder/transformer/group_0/inner_group_0/attention_1/self/key/bias
I0627 14:18:30.958122 139794252465920 modeling.py:390] name bert/encoder/transformer/group_0/inner_group_0/attention_1/self/key/bias match to bert/encoder/transformer/group_0/inner_group_0/attention_1/self/key/bias
INFO:tensorflow:name bert/encoder/transformer/group_0/inner_group_0/attention_1/self/value/kernel match to bert/encoder/transformer/group_0/inner_group_0/attention_1/self/value/kernel
I0627 14:18:30.958200 139794252465920 modeling.py:390] name bert/encoder/transformer/group_0/inner_group_0/attention_1/self/value/kernel match to bert/encoder/transformer/group_0/inner_group_0/attention_1/self/value/kernel
INFO:tensorflow:name bert/encoder/transformer/group_0/inner_group_0/attention_1/self/value/bias match to bert/encoder/transformer/group_0/inner_group_0/attention_1/self/value/bias
I0627 14:18:30.958254 139794252465920 modeling.py:390] name bert/encoder/transformer/group_0/inner_group_0/attention_1/self/value/bias match to bert/encoder/transformer/group_0/inner_group_0/attention_1/self/value/bias
INFO:tensorflow:name bert/encoder/transformer/group_0/inner_group_0/attention_1/output/dense/kernel match to bert/encoder/transformer/group_0/inner_group_0/attention_1/output/dense/kernel
I0627 14:18:30.958305 139794252465920 modeling.py:390] name bert/encoder/transformer/group_0/inner_group_0/attention_1/output/dense/kernel match to bert/encoder/transformer/group_0/inner_group_0/attention_1/output/dense/kernel
INFO:tensorflow:name bert/encoder/transformer/group_0/inner_group_0/attention_1/output/dense/bias match to bert/encoder/transformer/group_0/inner_group_0/attention_1/output/dense/bias
I0627 14:18:30.958359 139794252465920 modeling.py:390] name bert/encoder/transformer/group_0/inner_group_0/attention_1/output/dense/bias match to bert/encoder/transformer/group_0/inner_group_0/attention_1/output/dense/bias
INFO:tensorflow:name bert/encoder/transformer/group_0/inner_group_0/LayerNorm/beta match to bert/encoder/transformer/group_0/inner_group_0/LayerNorm/beta
I0627 14:18:30.958415 139794252465920 modeling.py:390] name bert/encoder/transformer/group_0/inner_group_0/LayerNorm/beta match to bert/encoder/transformer/group_0/inner_group_0/LayerNorm/beta
INFO:tensorflow:name bert/encoder/transformer/group_0/inner_group_0/LayerNorm/gamma match to bert/encoder/transformer/group_0/inner_group_0/LayerNorm/gamma
I0627 14:18:30.958467 139794252465920 modeling.py:390] name bert/encoder/transformer/group_0/inner_group_0/LayerNorm/gamma match to bert/encoder/transformer/group_0/inner_group_0/LayerNorm/gamma
INFO:tensorflow:name bert/encoder/transformer/group_0/inner_group_0/ffn_1/intermediate/dense/kernel match to bert/encoder/transformer/group_0/inner_group_0/ffn_1/intermediate/dense/kernel
I0627 14:18:30.958519 139794252465920 modeling.py:390] name bert/encoder/transformer/group_0/inner_group_0/ffn_1/intermediate/dense/kernel match to bert/encoder/transformer/group_0/inner_group_0/ffn_1/intermediate/dense/kernel
INFO:tensorflow:name bert/encoder/transformer/group_0/inner_group_0/ffn_1/intermediate/dense/bias match to bert/encoder/transformer/group_0/inner_group_0/ffn_1/intermediate/dense/bias
I0627 14:18:30.958571 139794252465920 modeling.py:390] name bert/encoder/transformer/group_0/inner_group_0/ffn_1/intermediate/dense/bias match to bert/encoder/transformer/group_0/inner_group_0/ffn_1/intermediate/dense/bias
INFO:tensorflow:name bert/encoder/transformer/group_0/inner_group_0/ffn_1/intermediate/output/dense/kernel match to bert/encoder/transformer/group_0/inner_group_0/ffn_1/intermediate/output/dense/kernel
I0627 14:18:30.958623 139794252465920 modeling.py:390] name bert/encoder/transformer/group_0/inner_group_0/ffn_1/intermediate/output/dense/kernel match to bert/encoder/transformer/group_0/inner_group_0/ffn_1/intermediate/output/dense/kernel
INFO:tensorflow:name bert/encoder/transformer/group_0/inner_group_0/ffn_1/intermediate/output/dense/bias match to bert/encoder/transformer/group_0/inner_group_0/ffn_1/intermediate/output/dense/bias
I0627 14:18:30.958676 139794252465920 modeling.py:390] name bert/encoder/transformer/group_0/inner_group_0/ffn_1/intermediate/output/dense/bias match to bert/encoder/transformer/group_0/inner_group_0/ffn_1/intermediate/output/dense/bias
INFO:tensorflow:name bert/encoder/transformer/group_0/inner_group_0/LayerNorm_1/beta match to bert/encoder/transformer/group_0/inner_group_0/LayerNorm_1/beta
I0627 14:18:30.958727 139794252465920 modeling.py:390] name bert/encoder/transformer/group_0/inner_group_0/LayerNorm_1/beta match to bert/encoder/transformer/group_0/inner_group_0/LayerNorm_1/beta
INFO:tensorflow:name bert/encoder/transformer/group_0/inner_group_0/LayerNorm_1/gamma match to bert/encoder/transformer/group_0/inner_group_0/LayerNorm_1/gamma
I0627 14:18:30.958789 139794252465920 modeling.py:390] name bert/encoder/transformer/group_0/inner_group_0/LayerNorm_1/gamma match to bert/encoder/transformer/group_0/inner_group_0/LayerNorm_1/gamma
INFO:tensorflow:name bert/pooler/dense/kernel match to bert/pooler/dense/kernel
I0627 14:18:30.958842 139794252465920 modeling.py:390] name bert/pooler/dense/kernel match to bert/pooler/dense/kernel
INFO:tensorflow:name bert/pooler/dense/bias match to bert/pooler/dense/bias
I0627 14:18:30.958901 139794252465920 modeling.py:390] name bert/pooler/dense/bias match to bert/pooler/dense/bias
INFO:tensorflow:name output_weights does not get matched
I0627 14:18:30.959248 139794252465920 modeling.py:388] name output_weights does not get matched
INFO:tensorflow:name output_bias does not get matched
I0627 14:18:30.959361 139794252465920 modeling.py:388] name output_bias does not get matched
INFO:tensorflow:**** Trainable Variables ****
I0627 14:18:30.959442 139794252465920 classifier_utils.py:438] **** Trainable Variables ****
INFO:tensorflow:  name = bert/embeddings/word_embeddings:0, shape = (21128, 128), *INIT_FROM_CKPT*
I0627 14:18:30.959530 139794252465920 classifier_utils.py:444]   name = bert/embeddings/word_embeddings:0, shape = (21128, 128), *INIT_FROM_CKPT*
INFO:tensorflow:  name = bert/embeddings/token_type_embeddings:0, shape = (2, 128), *INIT_FROM_CKPT*
I0627 14:18:30.959642 139794252465920 classifier_utils.py:444]   name = bert/embeddings/token_type_embeddings:0, shape = (2, 128), *INIT_FROM_CKPT*
INFO:tensorflow:  name = bert/embeddings/position_embeddings:0, shape = (512, 128), *INIT_FROM_CKPT*
I0627 14:18:30.959718 139794252465920 classifier_utils.py:444]   name = bert/embeddings/position_embeddings:0, shape = (512, 128), *INIT_FROM_CKPT*
INFO:tensorflow:  name = bert/embeddings/LayerNorm/beta:0, shape = (128,), *INIT_FROM_CKPT*
I0627 14:18:30.959789 139794252465920 classifier_utils.py:444]   name = bert/embeddings/LayerNorm/beta:0, shape = (128,), *INIT_FROM_CKPT*
INFO:tensorflow:  name = bert/embeddings/LayerNorm/gamma:0, shape = (128,), *INIT_FROM_CKPT*
I0627 14:18:30.959854 139794252465920 classifier_utils.py:444]   name = bert/embeddings/LayerNorm/gamma:0, shape = (128,), *INIT_FROM_CKPT*
INFO:tensorflow:  name = bert/encoder/embedding_hidden_mapping_in/kernel:0, shape = (128, 768), *INIT_FROM_CKPT*
I0627 14:18:30.959928 139794252465920 classifier_utils.py:444]   name = bert/encoder/embedding_hidden_mapping_in/kernel:0, shape = (128, 768), *INIT_FROM_CKPT*
INFO:tensorflow:  name = bert/encoder/embedding_hidden_mapping_in/bias:0, shape = (768,), *INIT_FROM_CKPT*
I0627 14:18:30.960069 139794252465920 classifier_utils.py:444]   name = bert/encoder/embedding_hidden_mapping_in/bias:0, shape = (768,), *INIT_FROM_CKPT*
INFO:tensorflow:  name = bert/encoder/transformer/group_0/inner_group_0/attention_1/self/query/kernel:0, shape = (768, 768), *INIT_FROM_CKPT*
I0627 14:18:30.960138 139794252465920 classifier_utils.py:444]   name = bert/encoder/transformer/group_0/inner_group_0/attention_1/self/query/kernel:0, shape = (768, 768), *INIT_FROM_CKPT*
INFO:tensorflow:  name = bert/encoder/transformer/group_0/inner_group_0/attention_1/self/query/bias:0, shape = (768,), *INIT_FROM_CKPT*
I0627 14:18:30.960210 139794252465920 classifier_utils.py:444]   name = bert/encoder/transformer/group_0/inner_group_0/attention_1/self/query/bias:0, shape = (768,), *INIT_FROM_CKPT*
INFO:tensorflow:  name = bert/encoder/transformer/group_0/inner_group_0/attention_1/self/key/kernel:0, shape = (768, 768), *INIT_FROM_CKPT*
I0627 14:18:30.960274 139794252465920 classifier_utils.py:444]   name = bert/encoder/transformer/group_0/inner_group_0/attention_1/self/key/kernel:0, shape = (768, 768), *INIT_FROM_CKPT*
INFO:tensorflow:  name = bert/encoder/transformer/group_0/inner_group_0/attention_1/self/key/bias:0, shape = (768,), *INIT_FROM_CKPT*
I0627 14:18:30.960345 139794252465920 classifier_utils.py:444]   name = bert/encoder/transformer/group_0/inner_group_0/attention_1/self/key/bias:0, shape = (768,), *INIT_FROM_CKPT*
INFO:tensorflow:  name = bert/encoder/transformer/group_0/inner_group_0/attention_1/self/value/kernel:0, shape = (768, 768), *INIT_FROM_CKPT*
I0627 14:18:30.960411 139794252465920 classifier_utils.py:444]   name = bert/encoder/transformer/group_0/inner_group_0/attention_1/self/value/kernel:0, shape = (768, 768), *INIT_FROM_CKPT*
INFO:tensorflow:  name = bert/encoder/transformer/group_0/inner_group_0/attention_1/self/value/bias:0, shape = (768,), *INIT_FROM_CKPT*
I0627 14:18:30.960480 139794252465920 classifier_utils.py:444]   name = bert/encoder/transformer/group_0/inner_group_0/attention_1/self/value/bias:0, shape = (768,), *INIT_FROM_CKPT*
INFO:tensorflow:  name = bert/encoder/transformer/group_0/inner_group_0/attention_1/output/dense/kernel:0, shape = (768, 768), *INIT_FROM_CKPT*
I0627 14:18:30.960545 139794252465920 classifier_utils.py:444]   name = bert/encoder/transformer/group_0/inner_group_0/attention_1/output/dense/kernel:0, shape = (768, 768), *INIT_FROM_CKPT*
INFO:tensorflow:  name = bert/encoder/transformer/group_0/inner_group_0/attention_1/output/dense/bias:0, shape = (768,), *INIT_FROM_CKPT*
I0627 14:18:30.960614 139794252465920 classifier_utils.py:444]   name = bert/encoder/transformer/group_0/inner_group_0/attention_1/output/dense/bias:0, shape = (768,), *INIT_FROM_CKPT*
INFO:tensorflow:  name = bert/encoder/transformer/group_0/inner_group_0/LayerNorm/beta:0, shape = (768,), *INIT_FROM_CKPT*
I0627 14:18:30.960686 139794252465920 classifier_utils.py:444]   name = bert/encoder/transformer/group_0/inner_group_0/LayerNorm/beta:0, shape = (768,), *INIT_FROM_CKPT*
INFO:tensorflow:  name = bert/encoder/transformer/group_0/inner_group_0/LayerNorm/gamma:0, shape = (768,), *INIT_FROM_CKPT*
I0627 14:18:30.960750 139794252465920 classifier_utils.py:444]   name = bert/encoder/transformer/group_0/inner_group_0/LayerNorm/gamma:0, shape = (768,), *INIT_FROM_CKPT*
INFO:tensorflow:  name = bert/encoder/transformer/group_0/inner_group_0/ffn_1/intermediate/dense/kernel:0, shape = (768, 3072), *INIT_FROM_CKPT*
I0627 14:18:30.960814 139794252465920 classifier_utils.py:444]   name = bert/encoder/transformer/group_0/inner_group_0/ffn_1/intermediate/dense/kernel:0, shape = (768, 3072), *INIT_FROM_CKPT*
INFO:tensorflow:  name = bert/encoder/transformer/group_0/inner_group_0/ffn_1/intermediate/dense/bias:0, shape = (3072,), *INIT_FROM_CKPT*
I0627 14:18:30.960893 139794252465920 classifier_utils.py:444]   name = bert/encoder/transformer/group_0/inner_group_0/ffn_1/intermediate/dense/bias:0, shape = (3072,), *INIT_FROM_CKPT*
INFO:tensorflow:  name = bert/encoder/transformer/group_0/inner_group_0/ffn_1/intermediate/output/dense/kernel:0, shape = (3072, 768), *INIT_FROM_CKPT*
I0627 14:18:30.960960 139794252465920 classifier_utils.py:444]   name = bert/encoder/transformer/group_0/inner_group_0/ffn_1/intermediate/output/dense/kernel:0, shape = (3072, 768), *INIT_FROM_CKPT*
INFO:tensorflow:  name = bert/encoder/transformer/group_0/inner_group_0/ffn_1/intermediate/output/dense/bias:0, shape = (768,), *INIT_FROM_CKPT*
I0627 14:18:30.961030 139794252465920 classifier_utils.py:444]   name = bert/encoder/transformer/group_0/inner_group_0/ffn_1/intermediate/output/dense/bias:0, shape = (768,), *INIT_FROM_CKPT*
INFO:tensorflow:  name = bert/encoder/transformer/group_0/inner_group_0/LayerNorm_1/beta:0, shape = (768,), *INIT_FROM_CKPT*
I0627 14:18:30.961095 139794252465920 classifier_utils.py:444]   name = bert/encoder/transformer/group_0/inner_group_0/LayerNorm_1/beta:0, shape = (768,), *INIT_FROM_CKPT*
INFO:tensorflow:  name = bert/encoder/transformer/group_0/inner_group_0/LayerNorm_1/gamma:0, shape = (768,), *INIT_FROM_CKPT*
I0627 14:18:30.961160 139794252465920 classifier_utils.py:444]   name = bert/encoder/transformer/group_0/inner_group_0/LayerNorm_1/gamma:0, shape = (768,), *INIT_FROM_CKPT*
INFO:tensorflow:  name = bert/pooler/dense/kernel:0, shape = (768, 768), *INIT_FROM_CKPT*
I0627 14:18:30.961225 139794252465920 classifier_utils.py:444]   name = bert/pooler/dense/kernel:0, shape = (768, 768), *INIT_FROM_CKPT*
INFO:tensorflow:  name = bert/pooler/dense/bias:0, shape = (768,), *INIT_FROM_CKPT*
I0627 14:18:30.961295 139794252465920 classifier_utils.py:444]   name = bert/pooler/dense/bias:0, shape = (768,), *INIT_FROM_CKPT*
INFO:tensorflow:  name = output_weights:0, shape = (2, 768)
I0627 14:18:30.961359 139794252465920 classifier_utils.py:444]   name = output_weights:0, shape = (2, 768)
INFO:tensorflow:  name = output_bias:0, shape = (2,)
I0627 14:18:30.961429 139794252465920 classifier_utils.py:444]   name = output_bias:0, shape = (2,)
INFO:tensorflow:++++++ warmup starts at step 0, for 600 steps ++++++
I0627 14:18:30.976056 139794252465920 optimization.py:50] ++++++ warmup starts at step 0, for 600 steps ++++++
INFO:tensorflow:using adamw
I0627 14:18:30.989064 139794252465920 optimization.py:74] using adamw
WARNING:tensorflow:From /usr/local/lib/python3.5/dist-packages/tensorflow_core/python/ops/math_grad.py:1375: where (from tensorflow.python.ops.array_ops) is deprecated and will be removed in a future version.
Instructions for updating:
Use tf.where in 2.0, which has the same broadcast rule as np.where
W0627 14:18:31.179117 139794252465920 deprecation.py:323] From /usr/local/lib/python3.5/dist-packages/tensorflow_core/python/ops/math_grad.py:1375: where (from tensorflow.python.ops.array_ops) is deprecated and will be removed in a future version.
Instructions for updating:
Use tf.where in 2.0, which has the same broadcast rule as np.where
INFO:tensorflow:Create CheckpointSaverHook.
I0627 14:18:36.263070 139794252465920 basic_session_run_hooks.py:541] Create CheckpointSaverHook.
INFO:tensorflow:Done calling model_fn.
I0627 14:18:36.316876 139794252465920 estimator.py:1150] Done calling model_fn.
INFO:tensorflow:TPU job name worker
I0627 14:18:39.226302 139794252465920 tpu_estimator.py:506] TPU job name worker
INFO:tensorflow:Graph was finalized.
I0627 14:18:39.493970 139794252465920 monitored_session.py:240] Graph was finalized.
INFO:tensorflow:Running local_init_op.
I0627 14:18:42.183220 139794252465920 session_manager.py:500] Running local_init_op.
INFO:tensorflow:Done running local_init_op.
I0627 14:18:42.458096 139794252465920 session_manager.py:502] Done running local_init_op.
INFO:tensorflow:Saving checkpoints for 0 into gs://sbt0/experiments/rethink_vocab/finetune/nlpcc_dbqa/char_no_space_21128_length_128_steps_4.5k_time_0625_run_1/model.ckpt.
I0627 14:18:48.597593 139794252465920 basic_session_run_hooks.py:606] Saving checkpoints for 0 into gs://sbt0/experiments/rethink_vocab/finetune/nlpcc_dbqa/char_no_space_21128_length_128_steps_4.5k_time_0625_run_1/model.ckpt.
INFO:tensorflow:gs://sbt0/experiments/rethink_vocab/finetune/nlpcc_dbqa/char_no_space_21128_length_128_steps_4.5k_time_0625_run_1/model.ckpt-0 is not in all_model_checkpoint_paths. Manually adding it.
I0627 14:18:56.880738 139794252465920 checkpoint_management.py:95] gs://sbt0/experiments/rethink_vocab/finetune/nlpcc_dbqa/char_no_space_21128_length_128_steps_4.5k_time_0625_run_1/model.ckpt-0 is not in all_model_checkpoint_paths. Manually adding it.
WARNING:tensorflow:From /usr/local/lib/python3.5/dist-packages/tensorflow_estimator/python/estimator/tpu/tpu_estimator.py:751: Variable.load (from tensorflow.python.ops.variables) is deprecated and will be removed in a future version.
Instructions for updating:
Prefer Variable.assign which has equivalent behavior in 2.X.
W0627 14:19:00.790408 139794252465920 deprecation.py:323] From /usr/local/lib/python3.5/dist-packages/tensorflow_estimator/python/estimator/tpu/tpu_estimator.py:751: Variable.load (from tensorflow.python.ops.variables) is deprecated and will be removed in a future version.
Instructions for updating:
Prefer Variable.assign which has equivalent behavior in 2.X.
INFO:tensorflow:Initialized dataset iterators in 0 seconds
I0627 14:19:01.385813 139794252465920 util.py:98] Initialized dataset iterators in 0 seconds
INFO:tensorflow:Installing graceful shutdown hook.
I0627 14:19:01.386307 139794252465920 session_support.py:332] Installing graceful shutdown hook.
2020-06-27 14:19:01.386760: W tensorflow/core/distributed_runtime/rpc/grpc_session.cc:370] GrpcSession::ListDevices will initialize the session with an empty graph and other defaults because the session has not yet been created.
INFO:tensorflow:Creating heartbeat manager for ['/job:worker/replica:0/task:0/device:CPU:0']
I0627 14:19:01.392342 139794252465920 session_support.py:82] Creating heartbeat manager for ['/job:worker/replica:0/task:0/device:CPU:0']
INFO:tensorflow:Configuring worker heartbeat: shutdown_mode: WAIT_FOR_COORDINATOR

I0627 14:19:01.394734 139794252465920 session_support.py:105] Configuring worker heartbeat: shutdown_mode: WAIT_FOR_COORDINATOR

INFO:tensorflow:Init TPU system
I0627 14:19:01.398444 139794252465920 tpu_estimator.py:567] Init TPU system
INFO:tensorflow:Initialized TPU in 1 seconds
I0627 14:19:03.296818 139794252465920 tpu_estimator.py:576] Initialized TPU in 1 seconds
INFO:tensorflow:Starting infeed thread controller.
I0627 14:19:03.297695 139792279918336 tpu_estimator.py:521] Starting infeed thread controller.
INFO:tensorflow:Starting outfeed thread controller.
I0627 14:19:03.298385 139792271525632 tpu_estimator.py:540] Starting outfeed thread controller.
I0627 14:19:03.347149 139791790241536 transport.py:157] Attempting refresh to obtain initial access_token
W0627 14:19:03.380961 139791790241536 http.py:118] Invalid JSON content from response: b'{\n  "error": {\n    "code": 403,\n    "message": "Permission denied on resource project None.",\n    "status": "PERMISSION_DENIED",\n    "details": [\n      {\n        "@type": "type.googleapis.com/google.rpc.Help",\n        "links": [\n          {\n            "description": "Google developer console API key",\n            "url": "https://console.developers.google.com/project/None/apiui/credential"\n          }\n        ]\n      }\n    ]\n  }\n}\n'
Exception in thread Thread-2:
Traceback (most recent call last):
  File "/usr/local/lib/python3.5/dist-packages/tensorflow_core/python/distribute/cluster_resolver/tpu_cluster_resolver.py", line 476, in _fetch_cloud_tpu_metadata
    return request.execute()
  File "/usr/local/lib/python3.5/dist-packages/googleapiclient/_helpers.py", line 130, in positional_wrapper
    return wrapped(*args, **kwargs)
  File "/usr/local/lib/python3.5/dist-packages/googleapiclient/http.py", line 856, in execute
    raise HttpError(resp, content, uri=self.uri)
googleapiclient.errors.HttpError: <HttpError 403 when requesting https://tpu.googleapis.com/v1/projects/None/locations/None/nodes/10.52.93.114:8470?alt=json returned "Permission denied on resource project None.". Details: "[{'@type': 'type.googleapis.com/google.rpc.Help', 'links': [{'description': 'Google developer console API key', 'url': 'https://console.developers.google.com/project/None/apiui/credential'}]}]">

During handling of the above exception, another exception occurred:

Traceback (most recent call last):
  File "/usr/lib/python3.5/threading.py", line 914, in _bootstrap_inner
    self.run()
  File "/usr/local/lib/python3.5/dist-packages/tensorflow_core/python/tpu/preempted_hook.py", line 87, in run
    response = self._cluster._fetch_cloud_tpu_metadata()  # pylint: disable=protected-access
  File "/usr/local/lib/python3.5/dist-packages/tensorflow_core/python/distribute/cluster_resolver/tpu_cluster_resolver.py", line 480, in _fetch_cloud_tpu_metadata
    "constructor. Exception: %s" % (self._tpu, e))
ValueError: Could not lookup TPU metadata from name 'b'10.52.93.114:8470''. Please doublecheck the tpu argument in the TPUClusterResolver constructor. Exception: <HttpError 403 when requesting https://tpu.googleapis.com/v1/projects/None/locations/None/nodes/10.52.93.114:8470?alt=json returned "Permission denied on resource project None.". Details: "[{'@type': 'type.googleapis.com/google.rpc.Help', 'links': [{'description': 'Google developer console API key', 'url': 'https://console.developers.google.com/project/None/apiui/credential'}]}]">

INFO:tensorflow:Enqueue next (750) batch(es) of data to infeed.
I0627 14:19:03.607029 139794252465920 tpu_estimator.py:600] Enqueue next (750) batch(es) of data to infeed.
INFO:tensorflow:Dequeue next (750) batch(es) of data from outfeed.
I0627 14:19:03.607427 139794252465920 tpu_estimator.py:604] Dequeue next (750) batch(es) of data from outfeed.
INFO:tensorflow:Outfeed finished for iteration (0, 0)
I0627 14:19:22.590918 139792271525632 tpu_estimator.py:279] Outfeed finished for iteration (0, 0)
INFO:tensorflow:Saving checkpoints for 750 into gs://sbt0/experiments/rethink_vocab/finetune/nlpcc_dbqa/char_no_space_21128_length_128_steps_4.5k_time_0625_run_1/model.ckpt.
I0627 14:20:16.815694 139794252465920 basic_session_run_hooks.py:606] Saving checkpoints for 750 into gs://sbt0/experiments/rethink_vocab/finetune/nlpcc_dbqa/char_no_space_21128_length_128_steps_4.5k_time_0625_run_1/model.ckpt.
INFO:tensorflow:gs://sbt0/experiments/rethink_vocab/finetune/nlpcc_dbqa/char_no_space_21128_length_128_steps_4.5k_time_0625_run_1/model.ckpt-750 is not in all_model_checkpoint_paths. Manually adding it.
I0627 14:20:26.999760 139794252465920 checkpoint_management.py:95] gs://sbt0/experiments/rethink_vocab/finetune/nlpcc_dbqa/char_no_space_21128_length_128_steps_4.5k_time_0625_run_1/model.ckpt-750 is not in all_model_checkpoint_paths. Manually adding it.
INFO:tensorflow:loss = 0.047241338, step = 750
I0627 14:20:30.914307 139794252465920 basic_session_run_hooks.py:262] loss = 0.047241338, step = 750
INFO:tensorflow:Enqueue next (750) batch(es) of data to infeed.
I0627 14:20:30.916501 139794252465920 tpu_estimator.py:600] Enqueue next (750) batch(es) of data to infeed.
INFO:tensorflow:Dequeue next (750) batch(es) of data from outfeed.
I0627 14:20:30.916793 139794252465920 tpu_estimator.py:604] Dequeue next (750) batch(es) of data from outfeed.
INFO:tensorflow:Outfeed finished for iteration (1, 0)
I0627 14:20:32.317240 139792271525632 tpu_estimator.py:279] Outfeed finished for iteration (1, 0)
INFO:tensorflow:Saving checkpoints for 1500 into gs://sbt0/experiments/rethink_vocab/finetune/nlpcc_dbqa/char_no_space_21128_length_128_steps_4.5k_time_0625_run_1/model.ckpt.
I0627 14:21:26.535390 139794252465920 basic_session_run_hooks.py:606] Saving checkpoints for 1500 into gs://sbt0/experiments/rethink_vocab/finetune/nlpcc_dbqa/char_no_space_21128_length_128_steps_4.5k_time_0625_run_1/model.ckpt.
INFO:tensorflow:gs://sbt0/experiments/rethink_vocab/finetune/nlpcc_dbqa/char_no_space_21128_length_128_steps_4.5k_time_0625_run_1/model.ckpt-1500 is not in all_model_checkpoint_paths. Manually adding it.
I0627 14:21:36.892869 139794252465920 checkpoint_management.py:95] gs://sbt0/experiments/rethink_vocab/finetune/nlpcc_dbqa/char_no_space_21128_length_128_steps_4.5k_time_0625_run_1/model.ckpt-1500 is not in all_model_checkpoint_paths. Manually adding it.
INFO:tensorflow:loss = 0.09573501, step = 1500 (71.159 sec)
I0627 14:21:42.073397 139794252465920 basic_session_run_hooks.py:260] loss = 0.09573501, step = 1500 (71.159 sec)
INFO:tensorflow:global_step/sec: 10.5397
I0627 14:21:42.075085 139794252465920 tpu_estimator.py:2307] global_step/sec: 10.5397
INFO:tensorflow:examples/sec: 2698.17
I0627 14:21:42.076232 139794252465920 tpu_estimator.py:2308] examples/sec: 2698.17
INFO:tensorflow:Enqueue next (750) batch(es) of data to infeed.
I0627 14:21:42.077597 139794252465920 tpu_estimator.py:600] Enqueue next (750) batch(es) of data to infeed.
INFO:tensorflow:Dequeue next (750) batch(es) of data from outfeed.
I0627 14:21:42.078009 139794252465920 tpu_estimator.py:604] Dequeue next (750) batch(es) of data from outfeed.
INFO:tensorflow:Outfeed finished for iteration (2, 0)
I0627 14:21:42.204048 139792271525632 tpu_estimator.py:279] Outfeed finished for iteration (2, 0)
INFO:tensorflow:Saving checkpoints for 2250 into gs://sbt0/experiments/rethink_vocab/finetune/nlpcc_dbqa/char_no_space_21128_length_128_steps_4.5k_time_0625_run_1/model.ckpt.
I0627 14:22:36.430187 139794252465920 basic_session_run_hooks.py:606] Saving checkpoints for 2250 into gs://sbt0/experiments/rethink_vocab/finetune/nlpcc_dbqa/char_no_space_21128_length_128_steps_4.5k_time_0625_run_1/model.ckpt.
INFO:tensorflow:gs://sbt0/experiments/rethink_vocab/finetune/nlpcc_dbqa/char_no_space_21128_length_128_steps_4.5k_time_0625_run_1/model.ckpt-2250 is not in all_model_checkpoint_paths. Manually adding it.
I0627 14:22:46.341732 139794252465920 checkpoint_management.py:95] gs://sbt0/experiments/rethink_vocab/finetune/nlpcc_dbqa/char_no_space_21128_length_128_steps_4.5k_time_0625_run_1/model.ckpt-2250 is not in all_model_checkpoint_paths. Manually adding it.
INFO:tensorflow:loss = 0.042639427, step = 2250 (67.738 sec)
I0627 14:22:49.810970 139794252465920 basic_session_run_hooks.py:260] loss = 0.042639427, step = 2250 (67.738 sec)
INFO:tensorflow:global_step/sec: 11.0722
I0627 14:22:49.812299 139794252465920 tpu_estimator.py:2307] global_step/sec: 11.0722
INFO:tensorflow:examples/sec: 2834.48
I0627 14:22:49.812567 139794252465920 tpu_estimator.py:2308] examples/sec: 2834.48
INFO:tensorflow:Enqueue next (750) batch(es) of data to infeed.
I0627 14:22:49.813571 139794252465920 tpu_estimator.py:600] Enqueue next (750) batch(es) of data to infeed.
INFO:tensorflow:Dequeue next (750) batch(es) of data from outfeed.
I0627 14:22:49.813740 139794252465920 tpu_estimator.py:604] Dequeue next (750) batch(es) of data from outfeed.
INFO:tensorflow:Outfeed finished for iteration (3, 0)
I0627 14:22:49.922931 139792271525632 tpu_estimator.py:279] Outfeed finished for iteration (3, 0)
