Requirement already satisfied: tensorflow_hub in /usr/local/lib/python3.5/dist-packages (0.8.0)
Requirement already satisfied: numpy>=1.12.0 in /usr/local/lib/python3.5/dist-packages (from tensorflow_hub) (1.18.1)
Requirement already satisfied: six>=1.12.0 in /usr/local/lib/python3.5/dist-packages (from tensorflow_hub) (1.14.0)
Requirement already satisfied: protobuf>=3.8.0 in /usr/local/lib/python3.5/dist-packages (from tensorflow_hub) (3.11.3)
Requirement already satisfied: setuptools in /usr/local/lib/python3.5/dist-packages (from protobuf>=3.8.0->tensorflow_hub) (45.2.0)
WARNING: You are using pip version 20.0.2; however, version 20.1.1 is available.
You should consider upgrading via the '/usr/bin/python3 -m pip install --upgrade pip' command.
Requirement already satisfied: sentencepiece in /usr/local/lib/python3.5/dist-packages (0.1.91)
WARNING: You are using pip version 20.0.2; however, version 20.1.1 is available.
You should consider upgrading via the '/usr/bin/python3 -m pip install --upgrade pip' command.
Requirement already satisfied: jieba in /usr/local/lib/python3.5/dist-packages (0.42.1)
WARNING: You are using pip version 20.0.2; however, version 20.1.1 is available.
You should consider upgrading via the '/usr/bin/python3 -m pip install --upgrade pip' command.
Requirement already satisfied: tokenizers in /usr/local/lib/python3.5/dist-packages (0.7.0)
WARNING: You are using pip version 20.0.2; however, version 20.1.1 is available.
You should consider upgrading via the '/usr/bin/python3 -m pip install --upgrade pip' command.
Requirement already satisfied: boto3 in /usr/local/lib/python3.5/dist-packages (1.14.10)
Requirement already satisfied: botocore<1.18.0,>=1.17.10 in /usr/local/lib/python3.5/dist-packages (from boto3) (1.17.10)
Requirement already satisfied: jmespath<1.0.0,>=0.7.1 in /usr/local/lib/python3.5/dist-packages (from boto3) (0.10.0)
Requirement already satisfied: s3transfer<0.4.0,>=0.3.0 in /usr/local/lib/python3.5/dist-packages (from boto3) (0.3.3)
Requirement already satisfied: docutils<0.16,>=0.10 in /usr/local/lib/python3.5/dist-packages (from botocore<1.18.0,>=1.17.10->boto3) (0.15.2)
Requirement already satisfied: python-dateutil<3.0.0,>=2.1 in /usr/local/lib/python3.5/dist-packages (from botocore<1.18.0,>=1.17.10->boto3) (2.8.1)
Requirement already satisfied: urllib3<1.26,>=1.20; python_version != "3.4" in /usr/local/lib/python3.5/dist-packages (from botocore<1.18.0,>=1.17.10->boto3) (1.25.8)
Requirement already satisfied: six>=1.5 in /usr/local/lib/python3.5/dist-packages (from python-dateutil<3.0.0,>=2.1->botocore<1.18.0,>=1.17.10->boto3) (1.14.0)
WARNING: You are using pip version 20.0.2; however, version 20.1.1 is available.
You should consider upgrading via the '/usr/bin/python3 -m pip install --upgrade pip' command.
Requirement already satisfied: jieba_fast in /usr/local/lib/python3.5/dist-packages (0.53)
WARNING: You are using pip version 20.0.2; however, version 20.1.1 is available.
You should consider upgrading via the '/usr/bin/python3 -m pip install --upgrade pip' command.
Requirement already satisfied: sklearn in /usr/local/lib/python3.5/dist-packages (0.0)
Requirement already satisfied: scikit-learn in /usr/local/lib/python3.5/dist-packages (from sklearn) (0.22.2.post1)
Requirement already satisfied: numpy>=1.11.0 in /usr/local/lib/python3.5/dist-packages (from scikit-learn->sklearn) (1.18.1)
Requirement already satisfied: joblib>=0.11 in /usr/local/lib/python3.5/dist-packages (from scikit-learn->sklearn) (0.14.1)
Requirement already satisfied: scipy>=0.17.0 in /usr/local/lib/python3.5/dist-packages (from scikit-learn->sklearn) (1.4.1)
WARNING: You are using pip version 20.0.2; however, version 20.1.1 is available.
You should consider upgrading via the '/usr/bin/python3 -m pip install --upgrade pip' command.
Start running...
INFO:tensorflow:loading sentence piece model
I0626 15:58:09.238445 140223559988992 tokenization.py:240] loading sentence piece model
WARNING:tensorflow:From ./src/data_processors.py:132: The name tf.gfile.Open is deprecated. Please use tf.io.gfile.GFile instead.

W0626 15:58:09.283080 140223559988992 module_wrapper.py:139] From ./src/data_processors.py:132: The name tf.gfile.Open is deprecated. Please use tf.io.gfile.GFile instead.

WARNING:tensorflow:Estimator's model_fn (<function model_fn_builder.<locals>.model_fn at 0x7f87f2036b70>) includes params argument, but params are not passed to Estimator.
W0626 15:58:09.635231 140223559988992 estimator.py:1994] Estimator's model_fn (<function model_fn_builder.<locals>.model_fn at 0x7f87f2036b70>) includes params argument, but params are not passed to Estimator.
INFO:tensorflow:Using config: {'_master': 'grpc://10.240.1.2:8470', '_session_config': allow_soft_placement: true
cluster_def {
  job {
    name: "worker"
    tasks {
      key: 0
      value: "10.240.1.2:8470"
    }
  }
}
isolate_session_state: true
, '_experimental_max_worker_delay_secs': None, '_num_ps_replicas': 0, '_service': None, '_experimental_distribute': None, '_global_id_in_cluster': 0, '_device_fn': None, '_keep_checkpoint_max': 0, '_save_checkpoints_steps': 600, '_eval_distribute': None, '_tpu_config': TPUConfig(iterations_per_loop=600, num_shards=1, num_cores_per_replica=None, per_host_input_for_training=3, tpu_job_name=None, initial_infeed_sleep_secs=None, input_partition_dims=None, eval_training_input_configuration=2, experimental_host_call_every_n_steps=1), '_task_id': 0, '_keep_checkpoint_every_n_hours': 10000, '_log_step_count_steps': None, '_train_distribute': None, '_save_summary_steps': 100, '_save_checkpoints_secs': None, '_cluster': <tensorflow.python.distribute.cluster_resolver.tpu_cluster_resolver.TPUClusterResolver object at 0x7f87f1841860>, '_evaluation_master': 'grpc://10.240.1.2:8470', '_protocol': None, '_task_type': 'worker', '_is_chief': True, '_cluster_spec': <tensorflow.python.training.server_lib.ClusterSpec object at 0x7f8804be4a58>, '_model_dir': 'gs://sbt0/experiments/rethink_vocab/finetune/book_review/char_segmented_21128_length_128_steps_4.5k_time_0625_run_1/', '_session_creation_timeout_secs': 7200, '_tf_random_seed': None, '_num_worker_replicas': 1}
I0626 15:58:09.636650 140223559988992 estimator.py:212] Using config: {'_master': 'grpc://10.240.1.2:8470', '_session_config': allow_soft_placement: true
cluster_def {
  job {
    name: "worker"
    tasks {
      key: 0
      value: "10.240.1.2:8470"
    }
  }
}
isolate_session_state: true
, '_experimental_max_worker_delay_secs': None, '_num_ps_replicas': 0, '_service': None, '_experimental_distribute': None, '_global_id_in_cluster': 0, '_device_fn': None, '_keep_checkpoint_max': 0, '_save_checkpoints_steps': 600, '_eval_distribute': None, '_tpu_config': TPUConfig(iterations_per_loop=600, num_shards=1, num_cores_per_replica=None, per_host_input_for_training=3, tpu_job_name=None, initial_infeed_sleep_secs=None, input_partition_dims=None, eval_training_input_configuration=2, experimental_host_call_every_n_steps=1), '_task_id': 0, '_keep_checkpoint_every_n_hours': 10000, '_log_step_count_steps': None, '_train_distribute': None, '_save_summary_steps': 100, '_save_checkpoints_secs': None, '_cluster': <tensorflow.python.distribute.cluster_resolver.tpu_cluster_resolver.TPUClusterResolver object at 0x7f87f1841860>, '_evaluation_master': 'grpc://10.240.1.2:8470', '_protocol': None, '_task_type': 'worker', '_is_chief': True, '_cluster_spec': <tensorflow.python.training.server_lib.ClusterSpec object at 0x7f8804be4a58>, '_model_dir': 'gs://sbt0/experiments/rethink_vocab/finetune/book_review/char_segmented_21128_length_128_steps_4.5k_time_0625_run_1/', '_session_creation_timeout_secs': 7200, '_tf_random_seed': None, '_num_worker_replicas': 1}
WARNING:tensorflow:Setting TPUConfig.num_shards==1 is an unsupported behavior. Please fix as soon as possible (leaving num_shards as None.)
W0626 15:58:09.637475 140223559988992 tpu_context.py:824] Setting TPUConfig.num_shards==1 is an unsupported behavior. Please fix as soon as possible (leaving num_shards as None.)
INFO:tensorflow:_TPUContext: eval_on_tpu True
I0626 15:58:09.637625 140223559988992 tpu_context.py:220] _TPUContext: eval_on_tpu True
INFO:tensorflow:Writing example 0 of 20000
I0626 15:58:09.638422 140223559988992 classifier_utils.py:209] Writing example 0 of 20000
Building prefix dict from the default dictionary ...
I0626 15:58:09.638633 140223559988992 __init__.py:113] Building prefix dict from the default dictionary ...
Loading model from cache /tmp/jieba.cache
I0626 15:58:09.638807 140223559988992 __init__.py:133] Loading model from cache /tmp/jieba.cache
Loading model cost 0.865 seconds.
I0626 15:58:10.503994 140223559988992 __init__.py:165] Loading model cost 0.865 seconds.
Prefix dict has been built successfully.
I0626 15:58:10.504294 140223559988992 __init__.py:166] Prefix dict has been built successfully.
INFO:tensorflow:*** Example ***
I0626 15:58:10.505312 140223559988992 classifier_utils.py:167] *** Example ***
INFO:tensorflow:guid: train-0
I0626 15:58:10.505511 140223559988992 classifier_utils.py:168] guid: train-0
INFO:tensorflow:tokens: [CLS] ▁都 ▁是 ▁些 ▁没 用 ▁的 ▁鸡 汤 ▁, ▁基本 ▁没 ▁帮助 ▁。 ▁但是 ▁其中 ▁对于 ▁钟 摆 ▁的 ▁理论 ▁令人 深 思 ▁, ▁市场 ▁总是 ▁有 ▁自己 ▁的 ▁运作 ▁周期 ▁, ▁最 ▁危险 ▁的 ▁事 ▁就是 ▁你 ▁有 ▁一 刻 ▁对 ▁周期 ▁的 ▁概念 ▁发生 ▁怀疑 ▁。 [SEP]
I0626 15:58:10.505668 140223559988992 classifier_utils.py:170] tokens: [CLS] ▁都 ▁是 ▁些 ▁没 用 ▁的 ▁鸡 汤 ▁, ▁基本 ▁没 ▁帮助 ▁。 ▁但是 ▁其中 ▁对于 ▁钟 摆 ▁的 ▁理论 ▁令人 深 思 ▁, ▁市场 ▁总是 ▁有 ▁自己 ▁的 ▁运作 ▁周期 ▁, ▁最 ▁危险 ▁的 ▁事 ▁就是 ▁你 ▁有 ▁一 刻 ▁对 ▁周期 ▁的 ▁概念 ▁发生 ▁怀疑 ▁。 [SEP]
INFO:tensorflow:input_ids: 2 134 22 9811 266 15369 14 3967 16789 13 1340 266 1799 15 683 259 1919 2947 17305 14 1453 3975 15946 16070 13 1401 7422 34 413 14 3527 4012 13 65 4036 14 221 850 1288 34 21 16415 68 4012 14 1987 633 4540 15 3 0 0 0 0 0 0 0 0 0 0 0 0 0 0 0 0 0 0 0 0 0 0 0 0 0 0 0 0 0 0 0 0 0 0 0 0 0 0 0 0 0 0 0 0 0 0 0 0 0 0 0 0 0 0 0 0 0 0 0 0 0 0 0 0 0 0 0 0 0 0 0 0 0 0 0 0 0 0
I0626 15:58:10.505853 140223559988992 classifier_utils.py:171] input_ids: 2 134 22 9811 266 15369 14 3967 16789 13 1340 266 1799 15 683 259 1919 2947 17305 14 1453 3975 15946 16070 13 1401 7422 34 413 14 3527 4012 13 65 4036 14 221 850 1288 34 21 16415 68 4012 14 1987 633 4540 15 3 0 0 0 0 0 0 0 0 0 0 0 0 0 0 0 0 0 0 0 0 0 0 0 0 0 0 0 0 0 0 0 0 0 0 0 0 0 0 0 0 0 0 0 0 0 0 0 0 0 0 0 0 0 0 0 0 0 0 0 0 0 0 0 0 0 0 0 0 0 0 0 0 0 0 0 0 0 0
INFO:tensorflow:input_mask: 1 1 1 1 1 1 1 1 1 1 1 1 1 1 1 1 1 1 1 1 1 1 1 1 1 1 1 1 1 1 1 1 1 1 1 1 1 1 1 1 1 1 1 1 1 1 1 1 1 1 0 0 0 0 0 0 0 0 0 0 0 0 0 0 0 0 0 0 0 0 0 0 0 0 0 0 0 0 0 0 0 0 0 0 0 0 0 0 0 0 0 0 0 0 0 0 0 0 0 0 0 0 0 0 0 0 0 0 0 0 0 0 0 0 0 0 0 0 0 0 0 0 0 0 0 0 0 0
I0626 15:58:10.506028 140223559988992 classifier_utils.py:172] input_mask: 1 1 1 1 1 1 1 1 1 1 1 1 1 1 1 1 1 1 1 1 1 1 1 1 1 1 1 1 1 1 1 1 1 1 1 1 1 1 1 1 1 1 1 1 1 1 1 1 1 1 0 0 0 0 0 0 0 0 0 0 0 0 0 0 0 0 0 0 0 0 0 0 0 0 0 0 0 0 0 0 0 0 0 0 0 0 0 0 0 0 0 0 0 0 0 0 0 0 0 0 0 0 0 0 0 0 0 0 0 0 0 0 0 0 0 0 0 0 0 0 0 0 0 0 0 0 0 0
INFO:tensorflow:segment_ids: 0 0 0 0 0 0 0 0 0 0 0 0 0 0 0 0 0 0 0 0 0 0 0 0 0 0 0 0 0 0 0 0 0 0 0 0 0 0 0 0 0 0 0 0 0 0 0 0 0 0 0 0 0 0 0 0 0 0 0 0 0 0 0 0 0 0 0 0 0 0 0 0 0 0 0 0 0 0 0 0 0 0 0 0 0 0 0 0 0 0 0 0 0 0 0 0 0 0 0 0 0 0 0 0 0 0 0 0 0 0 0 0 0 0 0 0 0 0 0 0 0 0 0 0 0 0 0 0
I0626 15:58:10.506216 140223559988992 classifier_utils.py:173] segment_ids: 0 0 0 0 0 0 0 0 0 0 0 0 0 0 0 0 0 0 0 0 0 0 0 0 0 0 0 0 0 0 0 0 0 0 0 0 0 0 0 0 0 0 0 0 0 0 0 0 0 0 0 0 0 0 0 0 0 0 0 0 0 0 0 0 0 0 0 0 0 0 0 0 0 0 0 0 0 0 0 0 0 0 0 0 0 0 0 0 0 0 0 0 0 0 0 0 0 0 0 0 0 0 0 0 0 0 0 0 0 0 0 0 0 0 0 0 0 0 0 0 0 0 0 0 0 0 0 0
INFO:tensorflow:label: 0 (id = 0)
I0626 15:58:10.506345 140223559988992 classifier_utils.py:174] label: 0 (id = 0)
INFO:tensorflow:*** Example ***
I0626 15:58:10.507758 140223559988992 classifier_utils.py:167] *** Example ***
INFO:tensorflow:guid: train-1
I0626 15:58:10.507954 140223559988992 classifier_utils.py:168] guid: train-1
INFO:tensorflow:tokens: [CLS] ▁挺 ▁好 奇 ▁给 ▁这 书 ▁打 ▁五星 ▁的 ▁读者 群 ▁ . . . ▁ . . . ▁心理学 ▁导 论 ▁放 ▁了 ▁一段 ▁审 问 ▁王 明 ▁阳 ▁的 ▁电视剧 ▁片段 ▁, ▁看 ▁了 ▁小说 ▁发现 ▁那 段 ▁简 直 ▁是 ▁装 ▁× ▁精 髓 ▁所在 ▁ . . . ▁ . . . [SEP]
I0626 15:58:10.508171 140223559988992 classifier_utils.py:170] tokens: [CLS] ▁挺 ▁好 奇 ▁给 ▁这 书 ▁打 ▁五星 ▁的 ▁读者 群 ▁ . . . ▁ . . . ▁心理学 ▁导 论 ▁放 ▁了 ▁一段 ▁审 问 ▁王 明 ▁阳 ▁的 ▁电视剧 ▁片段 ▁, ▁看 ▁了 ▁小说 ▁发现 ▁那 段 ▁简 直 ▁是 ▁装 ▁× ▁精 髓 ▁所在 ▁ . . . ▁ . . . [SEP]
INFO:tensorflow:input_ids: 2 7408 714 15983 648 51 15591 404 14242 14 5624 15926 15299 9 9 9 15299 9 9 9 11826 537 15716 746 32 2268 1301 15829 201 15530 2275 14 2215 7029 13 653 32 1858 506 463 15806 682 15631 22 739 4193 699 18321 2421 15299 9 9 9 15299 9 9 9 3 0 0 0 0 0 0 0 0 0 0 0 0 0 0 0 0 0 0 0 0 0 0 0 0 0 0 0 0 0 0 0 0 0 0 0 0 0 0 0 0 0 0 0 0 0 0 0 0 0 0 0 0 0 0 0 0 0 0 0 0 0 0 0 0 0 0 0 0 0 0
I0626 15:58:10.508368 140223559988992 classifier_utils.py:171] input_ids: 2 7408 714 15983 648 51 15591 404 14242 14 5624 15926 15299 9 9 9 15299 9 9 9 11826 537 15716 746 32 2268 1301 15829 201 15530 2275 14 2215 7029 13 653 32 1858 506 463 15806 682 15631 22 739 4193 699 18321 2421 15299 9 9 9 15299 9 9 9 3 0 0 0 0 0 0 0 0 0 0 0 0 0 0 0 0 0 0 0 0 0 0 0 0 0 0 0 0 0 0 0 0 0 0 0 0 0 0 0 0 0 0 0 0 0 0 0 0 0 0 0 0 0 0 0 0 0 0 0 0 0 0 0 0 0 0 0 0 0 0
INFO:tensorflow:input_mask: 1 1 1 1 1 1 1 1 1 1 1 1 1 1 1 1 1 1 1 1 1 1 1 1 1 1 1 1 1 1 1 1 1 1 1 1 1 1 1 1 1 1 1 1 1 1 1 1 1 1 1 1 1 1 1 1 1 1 0 0 0 0 0 0 0 0 0 0 0 0 0 0 0 0 0 0 0 0 0 0 0 0 0 0 0 0 0 0 0 0 0 0 0 0 0 0 0 0 0 0 0 0 0 0 0 0 0 0 0 0 0 0 0 0 0 0 0 0 0 0 0 0 0 0 0 0 0 0
I0626 15:58:10.508537 140223559988992 classifier_utils.py:172] input_mask: 1 1 1 1 1 1 1 1 1 1 1 1 1 1 1 1 1 1 1 1 1 1 1 1 1 1 1 1 1 1 1 1 1 1 1 1 1 1 1 1 1 1 1 1 1 1 1 1 1 1 1 1 1 1 1 1 1 1 0 0 0 0 0 0 0 0 0 0 0 0 0 0 0 0 0 0 0 0 0 0 0 0 0 0 0 0 0 0 0 0 0 0 0 0 0 0 0 0 0 0 0 0 0 0 0 0 0 0 0 0 0 0 0 0 0 0 0 0 0 0 0 0 0 0 0 0 0 0
INFO:tensorflow:segment_ids: 0 0 0 0 0 0 0 0 0 0 0 0 0 0 0 0 0 0 0 0 0 0 0 0 0 0 0 0 0 0 0 0 0 0 0 0 0 0 0 0 0 0 0 0 0 0 0 0 0 0 0 0 0 0 0 0 0 0 0 0 0 0 0 0 0 0 0 0 0 0 0 0 0 0 0 0 0 0 0 0 0 0 0 0 0 0 0 0 0 0 0 0 0 0 0 0 0 0 0 0 0 0 0 0 0 0 0 0 0 0 0 0 0 0 0 0 0 0 0 0 0 0 0 0 0 0 0 0
I0626 15:58:10.508704 140223559988992 classifier_utils.py:173] segment_ids: 0 0 0 0 0 0 0 0 0 0 0 0 0 0 0 0 0 0 0 0 0 0 0 0 0 0 0 0 0 0 0 0 0 0 0 0 0 0 0 0 0 0 0 0 0 0 0 0 0 0 0 0 0 0 0 0 0 0 0 0 0 0 0 0 0 0 0 0 0 0 0 0 0 0 0 0 0 0 0 0 0 0 0 0 0 0 0 0 0 0 0 0 0 0 0 0 0 0 0 0 0 0 0 0 0 0 0 0 0 0 0 0 0 0 0 0 0 0 0 0 0 0 0 0 0 0 0 0
INFO:tensorflow:label: 0 (id = 0)
I0626 15:58:10.508822 140223559988992 classifier_utils.py:174] label: 0 (id = 0)
INFO:tensorflow:*** Example ***
I0626 15:58:10.509609 140223559988992 classifier_utils.py:167] *** Example ***
INFO:tensorflow:guid: train-2
I0626 15:58:10.509785 140223559988992 classifier_utils.py:168] guid: train-2
INFO:tensorflow:tokens: [CLS] ▁还 ▁能 ▁再 ▁ 啰嗦 ▁一点 ▁吗 [SEP]
I0626 15:58:10.509928 140223559988992 classifier_utils.py:170] tokens: [CLS] ▁还 ▁能 ▁再 ▁ 啰嗦 ▁一点 ▁吗 [SEP]
INFO:tensorflow:input_ids: 2 228 278 340 15299 1 4750 6952 3 0 0 0 0 0 0 0 0 0 0 0 0 0 0 0 0 0 0 0 0 0 0 0 0 0 0 0 0 0 0 0 0 0 0 0 0 0 0 0 0 0 0 0 0 0 0 0 0 0 0 0 0 0 0 0 0 0 0 0 0 0 0 0 0 0 0 0 0 0 0 0 0 0 0 0 0 0 0 0 0 0 0 0 0 0 0 0 0 0 0 0 0 0 0 0 0 0 0 0 0 0 0 0 0 0 0 0 0 0 0 0 0 0 0 0 0 0 0 0
I0626 15:58:10.510111 140223559988992 classifier_utils.py:171] input_ids: 2 228 278 340 15299 1 4750 6952 3 0 0 0 0 0 0 0 0 0 0 0 0 0 0 0 0 0 0 0 0 0 0 0 0 0 0 0 0 0 0 0 0 0 0 0 0 0 0 0 0 0 0 0 0 0 0 0 0 0 0 0 0 0 0 0 0 0 0 0 0 0 0 0 0 0 0 0 0 0 0 0 0 0 0 0 0 0 0 0 0 0 0 0 0 0 0 0 0 0 0 0 0 0 0 0 0 0 0 0 0 0 0 0 0 0 0 0 0 0 0 0 0 0 0 0 0 0 0 0
INFO:tensorflow:input_mask: 1 1 1 1 1 1 1 1 1 0 0 0 0 0 0 0 0 0 0 0 0 0 0 0 0 0 0 0 0 0 0 0 0 0 0 0 0 0 0 0 0 0 0 0 0 0 0 0 0 0 0 0 0 0 0 0 0 0 0 0 0 0 0 0 0 0 0 0 0 0 0 0 0 0 0 0 0 0 0 0 0 0 0 0 0 0 0 0 0 0 0 0 0 0 0 0 0 0 0 0 0 0 0 0 0 0 0 0 0 0 0 0 0 0 0 0 0 0 0 0 0 0 0 0 0 0 0 0
I0626 15:58:10.510297 140223559988992 classifier_utils.py:172] input_mask: 1 1 1 1 1 1 1 1 1 0 0 0 0 0 0 0 0 0 0 0 0 0 0 0 0 0 0 0 0 0 0 0 0 0 0 0 0 0 0 0 0 0 0 0 0 0 0 0 0 0 0 0 0 0 0 0 0 0 0 0 0 0 0 0 0 0 0 0 0 0 0 0 0 0 0 0 0 0 0 0 0 0 0 0 0 0 0 0 0 0 0 0 0 0 0 0 0 0 0 0 0 0 0 0 0 0 0 0 0 0 0 0 0 0 0 0 0 0 0 0 0 0 0 0 0 0 0 0
INFO:tensorflow:segment_ids: 0 0 0 0 0 0 0 0 0 0 0 0 0 0 0 0 0 0 0 0 0 0 0 0 0 0 0 0 0 0 0 0 0 0 0 0 0 0 0 0 0 0 0 0 0 0 0 0 0 0 0 0 0 0 0 0 0 0 0 0 0 0 0 0 0 0 0 0 0 0 0 0 0 0 0 0 0 0 0 0 0 0 0 0 0 0 0 0 0 0 0 0 0 0 0 0 0 0 0 0 0 0 0 0 0 0 0 0 0 0 0 0 0 0 0 0 0 0 0 0 0 0 0 0 0 0 0 0
I0626 15:58:10.510475 140223559988992 classifier_utils.py:173] segment_ids: 0 0 0 0 0 0 0 0 0 0 0 0 0 0 0 0 0 0 0 0 0 0 0 0 0 0 0 0 0 0 0 0 0 0 0 0 0 0 0 0 0 0 0 0 0 0 0 0 0 0 0 0 0 0 0 0 0 0 0 0 0 0 0 0 0 0 0 0 0 0 0 0 0 0 0 0 0 0 0 0 0 0 0 0 0 0 0 0 0 0 0 0 0 0 0 0 0 0 0 0 0 0 0 0 0 0 0 0 0 0 0 0 0 0 0 0 0 0 0 0 0 0 0 0 0 0 0 0
INFO:tensorflow:label: 0 (id = 0)
I0626 15:58:10.510601 140223559988992 classifier_utils.py:174] label: 0 (id = 0)
INFO:tensorflow:*** Example ***
I0626 15:58:10.511433 140223559988992 classifier_utils.py:167] *** Example ***
INFO:tensorflow:guid: train-3
I0626 15:58:10.511589 140223559988992 classifier_utils.py:168] guid: train-3
INFO:tensorflow:tokens: [CLS] ▁没 ▁忍 住 ▁一定 ▁打 个 ▁较 差 ▁ . . . ▁ . . . ▁平时 ▁都 ▁不 ▁打 分 ▁的 [SEP]
I0626 15:58:10.511746 140223559988992 classifier_utils.py:170] tokens: [CLS] ▁没 ▁忍 住 ▁一定 ▁打 个 ▁较 差 ▁ . . . ▁ . . . ▁平时 ▁都 ▁不 ▁打 分 ▁的 [SEP]
INFO:tensorflow:input_ids: 2 266 4959 16001 1843 404 15341 421 16287 15299 9 9 9 15299 9 9 9 11217 134 36 404 15365 14 3 0 0 0 0 0 0 0 0 0 0 0 0 0 0 0 0 0 0 0 0 0 0 0 0 0 0 0 0 0 0 0 0 0 0 0 0 0 0 0 0 0 0 0 0 0 0 0 0 0 0 0 0 0 0 0 0 0 0 0 0 0 0 0 0 0 0 0 0 0 0 0 0 0 0 0 0 0 0 0 0 0 0 0 0 0 0 0 0 0 0 0 0 0 0 0 0 0 0 0 0 0 0 0 0
I0626 15:58:10.511918 140223559988992 classifier_utils.py:171] input_ids: 2 266 4959 16001 1843 404 15341 421 16287 15299 9 9 9 15299 9 9 9 11217 134 36 404 15365 14 3 0 0 0 0 0 0 0 0 0 0 0 0 0 0 0 0 0 0 0 0 0 0 0 0 0 0 0 0 0 0 0 0 0 0 0 0 0 0 0 0 0 0 0 0 0 0 0 0 0 0 0 0 0 0 0 0 0 0 0 0 0 0 0 0 0 0 0 0 0 0 0 0 0 0 0 0 0 0 0 0 0 0 0 0 0 0 0 0 0 0 0 0 0 0 0 0 0 0 0 0 0 0 0 0
INFO:tensorflow:input_mask: 1 1 1 1 1 1 1 1 1 1 1 1 1 1 1 1 1 1 1 1 1 1 1 1 0 0 0 0 0 0 0 0 0 0 0 0 0 0 0 0 0 0 0 0 0 0 0 0 0 0 0 0 0 0 0 0 0 0 0 0 0 0 0 0 0 0 0 0 0 0 0 0 0 0 0 0 0 0 0 0 0 0 0 0 0 0 0 0 0 0 0 0 0 0 0 0 0 0 0 0 0 0 0 0 0 0 0 0 0 0 0 0 0 0 0 0 0 0 0 0 0 0 0 0 0 0 0 0
I0626 15:58:10.512132 140223559988992 classifier_utils.py:172] input_mask: 1 1 1 1 1 1 1 1 1 1 1 1 1 1 1 1 1 1 1 1 1 1 1 1 0 0 0 0 0 0 0 0 0 0 0 0 0 0 0 0 0 0 0 0 0 0 0 0 0 0 0 0 0 0 0 0 0 0 0 0 0 0 0 0 0 0 0 0 0 0 0 0 0 0 0 0 0 0 0 0 0 0 0 0 0 0 0 0 0 0 0 0 0 0 0 0 0 0 0 0 0 0 0 0 0 0 0 0 0 0 0 0 0 0 0 0 0 0 0 0 0 0 0 0 0 0 0 0
INFO:tensorflow:segment_ids: 0 0 0 0 0 0 0 0 0 0 0 0 0 0 0 0 0 0 0 0 0 0 0 0 0 0 0 0 0 0 0 0 0 0 0 0 0 0 0 0 0 0 0 0 0 0 0 0 0 0 0 0 0 0 0 0 0 0 0 0 0 0 0 0 0 0 0 0 0 0 0 0 0 0 0 0 0 0 0 0 0 0 0 0 0 0 0 0 0 0 0 0 0 0 0 0 0 0 0 0 0 0 0 0 0 0 0 0 0 0 0 0 0 0 0 0 0 0 0 0 0 0 0 0 0 0 0 0
I0626 15:58:10.512305 140223559988992 classifier_utils.py:173] segment_ids: 0 0 0 0 0 0 0 0 0 0 0 0 0 0 0 0 0 0 0 0 0 0 0 0 0 0 0 0 0 0 0 0 0 0 0 0 0 0 0 0 0 0 0 0 0 0 0 0 0 0 0 0 0 0 0 0 0 0 0 0 0 0 0 0 0 0 0 0 0 0 0 0 0 0 0 0 0 0 0 0 0 0 0 0 0 0 0 0 0 0 0 0 0 0 0 0 0 0 0 0 0 0 0 0 0 0 0 0 0 0 0 0 0 0 0 0 0 0 0 0 0 0 0 0 0 0 0 0
INFO:tensorflow:label: 0 (id = 0)
I0626 15:58:10.512420 140223559988992 classifier_utils.py:174] label: 0 (id = 0)
INFO:tensorflow:*** Example ***
I0626 15:58:10.513520 140223559988992 classifier_utils.py:167] *** Example ***
INFO:tensorflow:guid: train-4
I0626 15:58:10.513680 140223559988992 classifier_utils.py:168] guid: train-4
INFO:tensorflow:tokens: [CLS] ▁一 ▁本书 ▁很难 ▁将 ▁22 ▁个 ▁月 ▁, ▁10 ▁公里 ▁的 ▁的 ▁旅程 ▁说 ▁清 ▁, ▁其中 ▁的 ▁美 妙 ▁与 ▁艰 辛 ▁, ▁需要 ▁我 ▁放 下 ▁自己 ▁去 ▁经历 ▁体 会 ▁。 [SEP]
I0626 15:58:10.513854 140223559988992 classifier_utils.py:170] tokens: [CLS] ▁一 ▁本书 ▁很难 ▁将 ▁22 ▁个 ▁月 ▁, ▁10 ▁公里 ▁的 ▁的 ▁旅程 ▁说 ▁清 ▁, ▁其中 ▁的 ▁美 妙 ▁与 ▁艰 辛 ▁, ▁需要 ▁我 ▁放 下 ▁自己 ▁去 ▁经历 ▁体 会 ▁。 [SEP]
INFO:tensorflow:input_ids: 2 21 6961 11803 125 732 168 29 13 123 558 14 14 11412 271 320 13 259 14 88 17326 37 7713 16541 13 784 379 746 15370 413 539 2928 329 15342 15 3 0 0 0 0 0 0 0 0 0 0 0 0 0 0 0 0 0 0 0 0 0 0 0 0 0 0 0 0 0 0 0 0 0 0 0 0 0 0 0 0 0 0 0 0 0 0 0 0 0 0 0 0 0 0 0 0 0 0 0 0 0 0 0 0 0 0 0 0 0 0 0 0 0 0 0 0 0 0 0 0 0 0 0 0 0 0 0 0 0 0 0 0
I0626 15:58:10.514031 140223559988992 classifier_utils.py:171] input_ids: 2 21 6961 11803 125 732 168 29 13 123 558 14 14 11412 271 320 13 259 14 88 17326 37 7713 16541 13 784 379 746 15370 413 539 2928 329 15342 15 3 0 0 0 0 0 0 0 0 0 0 0 0 0 0 0 0 0 0 0 0 0 0 0 0 0 0 0 0 0 0 0 0 0 0 0 0 0 0 0 0 0 0 0 0 0 0 0 0 0 0 0 0 0 0 0 0 0 0 0 0 0 0 0 0 0 0 0 0 0 0 0 0 0 0 0 0 0 0 0 0 0 0 0 0 0 0 0 0 0 0 0 0
INFO:tensorflow:input_mask: 1 1 1 1 1 1 1 1 1 1 1 1 1 1 1 1 1 1 1 1 1 1 1 1 1 1 1 1 1 1 1 1 1 1 1 1 0 0 0 0 0 0 0 0 0 0 0 0 0 0 0 0 0 0 0 0 0 0 0 0 0 0 0 0 0 0 0 0 0 0 0 0 0 0 0 0 0 0 0 0 0 0 0 0 0 0 0 0 0 0 0 0 0 0 0 0 0 0 0 0 0 0 0 0 0 0 0 0 0 0 0 0 0 0 0 0 0 0 0 0 0 0 0 0 0 0 0 0
I0626 15:58:10.514212 140223559988992 classifier_utils.py:172] input_mask: 1 1 1 1 1 1 1 1 1 1 1 1 1 1 1 1 1 1 1 1 1 1 1 1 1 1 1 1 1 1 1 1 1 1 1 1 0 0 0 0 0 0 0 0 0 0 0 0 0 0 0 0 0 0 0 0 0 0 0 0 0 0 0 0 0 0 0 0 0 0 0 0 0 0 0 0 0 0 0 0 0 0 0 0 0 0 0 0 0 0 0 0 0 0 0 0 0 0 0 0 0 0 0 0 0 0 0 0 0 0 0 0 0 0 0 0 0 0 0 0 0 0 0 0 0 0 0 0
INFO:tensorflow:segment_ids: 0 0 0 0 0 0 0 0 0 0 0 0 0 0 0 0 0 0 0 0 0 0 0 0 0 0 0 0 0 0 0 0 0 0 0 0 0 0 0 0 0 0 0 0 0 0 0 0 0 0 0 0 0 0 0 0 0 0 0 0 0 0 0 0 0 0 0 0 0 0 0 0 0 0 0 0 0 0 0 0 0 0 0 0 0 0 0 0 0 0 0 0 0 0 0 0 0 0 0 0 0 0 0 0 0 0 0 0 0 0 0 0 0 0 0 0 0 0 0 0 0 0 0 0 0 0 0 0
I0626 15:58:10.514377 140223559988992 classifier_utils.py:173] segment_ids: 0 0 0 0 0 0 0 0 0 0 0 0 0 0 0 0 0 0 0 0 0 0 0 0 0 0 0 0 0 0 0 0 0 0 0 0 0 0 0 0 0 0 0 0 0 0 0 0 0 0 0 0 0 0 0 0 0 0 0 0 0 0 0 0 0 0 0 0 0 0 0 0 0 0 0 0 0 0 0 0 0 0 0 0 0 0 0 0 0 0 0 0 0 0 0 0 0 0 0 0 0 0 0 0 0 0 0 0 0 0 0 0 0 0 0 0 0 0 0 0 0 0 0 0 0 0 0 0
INFO:tensorflow:label: 1 (id = 1)
I0626 15:58:10.514497 140223559988992 classifier_utils.py:174] label: 1 (id = 1)
INFO:tensorflow:Writing example 3000 of 20000
I0626 15:58:12.290640 140223559988992 classifier_utils.py:209] Writing example 3000 of 20000
INFO:tensorflow:Writing example 6000 of 20000
I0626 15:58:14.045477 140223559988992 classifier_utils.py:209] Writing example 6000 of 20000
INFO:tensorflow:Writing example 9000 of 20000
I0626 15:58:15.801720 140223559988992 classifier_utils.py:209] Writing example 9000 of 20000
INFO:tensorflow:Writing example 12000 of 20000
I0626 15:58:17.596185 140223559988992 classifier_utils.py:209] Writing example 12000 of 20000
INFO:tensorflow:Writing example 15000 of 20000
I0626 15:58:19.380296 140223559988992 classifier_utils.py:209] Writing example 15000 of 20000
INFO:tensorflow:Writing example 18000 of 20000
I0626 15:58:21.138273 140223559988992 classifier_utils.py:209] Writing example 18000 of 20000
INFO:tensorflow:***** Running training *****
I0626 15:58:23.554635 140223559988992 run_classifier.py:291] ***** Running training *****
INFO:tensorflow:  Num examples = 20000
I0626 15:58:23.554945 140223559988992 run_classifier.py:292]   Num examples = 20000
INFO:tensorflow:  Batch size = 32
I0626 15:58:23.555733 140223559988992 run_classifier.py:293]   Batch size = 32
INFO:tensorflow:  Num steps = 12000
I0626 15:58:23.555896 140223559988992 run_classifier.py:294]   Num steps = 12000
WARNING:tensorflow:From /usr/local/lib/python3.5/dist-packages/tensorflow_core/python/ops/resource_variable_ops.py:1630: calling BaseResourceVariable.__init__ (from tensorflow.python.ops.resource_variable_ops) with constraint is deprecated and will be removed in a future version.
Instructions for updating:
If using Keras pass *_constraint arguments to layers.
W0626 15:58:23.855586 140223559988992 deprecation.py:506] From /usr/local/lib/python3.5/dist-packages/tensorflow_core/python/ops/resource_variable_ops.py:1630: calling BaseResourceVariable.__init__ (from tensorflow.python.ops.resource_variable_ops) with constraint is deprecated and will be removed in a future version.
Instructions for updating:
If using Keras pass *_constraint arguments to layers.
WARNING:tensorflow:From /usr/local/lib/python3.5/dist-packages/tensorflow_core/python/training/training_util.py:236: Variable.initialized_value (from tensorflow.python.ops.variables) is deprecated and will be removed in a future version.
Instructions for updating:
Use Variable.read_value. Variables in 2.X are initialized automatically both in eager and graph (inside tf.defun) contexts.
W0626 15:58:23.856295 140223559988992 deprecation.py:323] From /usr/local/lib/python3.5/dist-packages/tensorflow_core/python/training/training_util.py:236: Variable.initialized_value (from tensorflow.python.ops.variables) is deprecated and will be removed in a future version.
Instructions for updating:
Use Variable.read_value. Variables in 2.X are initialized automatically both in eager and graph (inside tf.defun) contexts.
INFO:tensorflow:Calling model_fn.
I0626 15:58:23.869630 140223559988992 estimator.py:1148] Calling model_fn.
WARNING:tensorflow:From ./src/char_segmented/classifier_utils.py:296: map_and_batch (from tensorflow.contrib.data.python.ops.batching) is deprecated and will be removed in a future version.
Instructions for updating:
Use `tf.data.experimental.map_and_batch(...)`.
W0626 15:58:23.894250 140223559988992 deprecation.py:323] From ./src/char_segmented/classifier_utils.py:296: map_and_batch (from tensorflow.contrib.data.python.ops.batching) is deprecated and will be removed in a future version.
Instructions for updating:
Use `tf.data.experimental.map_and_batch(...)`.
WARNING:tensorflow:From /usr/local/lib/python3.5/dist-packages/tensorflow_core/contrib/data/python/ops/batching.py:276: map_and_batch (from tensorflow.python.data.experimental.ops.batching) is deprecated and will be removed in a future version.
Instructions for updating:
Use `tf.data.Dataset.map(map_func, num_parallel_calls)` followed by `tf.data.Dataset.batch(batch_size, drop_remainder)`. Static tf.data optimizations will take care of using the fused implementation.
W0626 15:58:23.894605 140223559988992 deprecation.py:323] From /usr/local/lib/python3.5/dist-packages/tensorflow_core/contrib/data/python/ops/batching.py:276: map_and_batch (from tensorflow.python.data.experimental.ops.batching) is deprecated and will be removed in a future version.
Instructions for updating:
Use `tf.data.Dataset.map(map_func, num_parallel_calls)` followed by `tf.data.Dataset.batch(batch_size, drop_remainder)`. Static tf.data optimizations will take care of using the fused implementation.
WARNING:tensorflow:From ./src/char_segmented/classifier_utils.py:273: to_int32 (from tensorflow.python.ops.math_ops) is deprecated and will be removed in a future version.
Instructions for updating:
Use `tf.cast` instead.
W0626 15:58:24.077716 140223559988992 deprecation.py:323] From ./src/char_segmented/classifier_utils.py:273: to_int32 (from tensorflow.python.ops.math_ops) is deprecated and will be removed in a future version.
Instructions for updating:
Use `tf.cast` instead.
2020-06-26 15:58:24.116165: W tensorflow/stream_executor/platform/default/dso_loader.cc:55] Could not load dynamic library 'libcuda.so.1'; dlerror: libcuda.so.1: cannot open shared object file: No such file or directory
2020-06-26 15:58:24.116224: E tensorflow/stream_executor/cuda/cuda_driver.cc:318] failed call to cuInit: UNKNOWN ERROR (303)
2020-06-26 15:58:24.116258: I tensorflow/stream_executor/cuda/cuda_diagnostics.cc:156] kernel driver does not appear to be running on this host (h-bert-1): /proc/driver/nvidia/version does not exist
INFO:tensorflow:*** Features ***
I0626 15:58:24.135096 140223559988992 classifier_utils.py:392] *** Features ***
INFO:tensorflow:  name = input_ids, shape = (32, 128)
I0626 15:58:24.135436 140223559988992 classifier_utils.py:394]   name = input_ids, shape = (32, 128)
INFO:tensorflow:  name = input_mask, shape = (32, 128)
I0626 15:58:24.135607 140223559988992 classifier_utils.py:394]   name = input_mask, shape = (32, 128)
INFO:tensorflow:  name = is_real_example, shape = (32,)
I0626 15:58:24.135753 140223559988992 classifier_utils.py:394]   name = is_real_example, shape = (32,)
INFO:tensorflow:  name = label_ids, shape = (32,)
I0626 15:58:24.135885 140223559988992 classifier_utils.py:394]   name = label_ids, shape = (32,)
INFO:tensorflow:  name = segment_ids, shape = (32, 128)
I0626 15:58:24.136049 140223559988992 classifier_utils.py:394]   name = segment_ids, shape = (32, 128)
INFO:tensorflow:creating model from albert_config
I0626 15:58:24.137031 140223559988992 fine_tuning_utils.py:68] creating model from albert_config
WARNING:tensorflow:From ./src/modeling.py:254: dense (from tensorflow.python.layers.core) is deprecated and will be removed in a future version.
Instructions for updating:
Use keras.layers.Dense instead.
W0626 15:58:25.526880 140223559988992 deprecation.py:323] From ./src/modeling.py:254: dense (from tensorflow.python.layers.core) is deprecated and will be removed in a future version.
Instructions for updating:
Use keras.layers.Dense instead.
WARNING:tensorflow:From /usr/local/lib/python3.5/dist-packages/tensorflow_core/python/layers/core.py:187: Layer.apply (from tensorflow.python.keras.engine.base_layer) is deprecated and will be removed in a future version.
Instructions for updating:
Please use `layer.__call__` method instead.
W0626 15:58:25.529514 140223559988992 deprecation.py:323] From /usr/local/lib/python3.5/dist-packages/tensorflow_core/python/layers/core.py:187: Layer.apply (from tensorflow.python.keras.engine.base_layer) is deprecated and will be removed in a future version.
Instructions for updating:
Please use `layer.__call__` method instead.
WARNING:tensorflow:From ./src/char_segmented/classifier_utils.py:355: calling dropout (from tensorflow.python.ops.nn_ops) with keep_prob is deprecated and will be removed in a future version.
Instructions for updating:
Please use `rate` instead of `keep_prob`. Rate should be set to `rate = 1 - keep_prob`.
W0626 15:58:25.565062 140223559988992 deprecation.py:506] From ./src/char_segmented/classifier_utils.py:355: calling dropout (from tensorflow.python.ops.nn_ops) with keep_prob is deprecated and will be removed in a future version.
Instructions for updating:
Please use `rate` instead of `keep_prob`. Rate should be set to `rate = 1 - keep_prob`.
INFO:tensorflow:name bert/embeddings/word_embeddings match to bert/embeddings/word_embeddings
I0626 15:58:27.451306 140223559988992 modeling.py:390] name bert/embeddings/word_embeddings match to bert/embeddings/word_embeddings
INFO:tensorflow:name bert/embeddings/token_type_embeddings match to bert/embeddings/token_type_embeddings
I0626 15:58:27.451669 140223559988992 modeling.py:390] name bert/embeddings/token_type_embeddings match to bert/embeddings/token_type_embeddings
INFO:tensorflow:name bert/embeddings/position_embeddings match to bert/embeddings/position_embeddings
I0626 15:58:27.451818 140223559988992 modeling.py:390] name bert/embeddings/position_embeddings match to bert/embeddings/position_embeddings
INFO:tensorflow:name bert/embeddings/LayerNorm/beta match to bert/embeddings/LayerNorm/beta
I0626 15:58:27.451973 140223559988992 modeling.py:390] name bert/embeddings/LayerNorm/beta match to bert/embeddings/LayerNorm/beta
INFO:tensorflow:name bert/embeddings/LayerNorm/gamma match to bert/embeddings/LayerNorm/gamma
I0626 15:58:27.452133 140223559988992 modeling.py:390] name bert/embeddings/LayerNorm/gamma match to bert/embeddings/LayerNorm/gamma
INFO:tensorflow:name bert/encoder/embedding_hidden_mapping_in/kernel match to bert/encoder/embedding_hidden_mapping_in/kernel
I0626 15:58:27.452286 140223559988992 modeling.py:390] name bert/encoder/embedding_hidden_mapping_in/kernel match to bert/encoder/embedding_hidden_mapping_in/kernel
INFO:tensorflow:name bert/encoder/embedding_hidden_mapping_in/bias match to bert/encoder/embedding_hidden_mapping_in/bias
I0626 15:58:27.452416 140223559988992 modeling.py:390] name bert/encoder/embedding_hidden_mapping_in/bias match to bert/encoder/embedding_hidden_mapping_in/bias
INFO:tensorflow:name bert/encoder/transformer/group_0/inner_group_0/attention_1/self/query/kernel match to bert/encoder/transformer/group_0/inner_group_0/attention_1/self/query/kernel
I0626 15:58:27.452553 140223559988992 modeling.py:390] name bert/encoder/transformer/group_0/inner_group_0/attention_1/self/query/kernel match to bert/encoder/transformer/group_0/inner_group_0/attention_1/self/query/kernel
INFO:tensorflow:name bert/encoder/transformer/group_0/inner_group_0/attention_1/self/query/bias match to bert/encoder/transformer/group_0/inner_group_0/attention_1/self/query/bias
I0626 15:58:27.452673 140223559988992 modeling.py:390] name bert/encoder/transformer/group_0/inner_group_0/attention_1/self/query/bias match to bert/encoder/transformer/group_0/inner_group_0/attention_1/self/query/bias
INFO:tensorflow:name bert/encoder/transformer/group_0/inner_group_0/attention_1/self/key/kernel match to bert/encoder/transformer/group_0/inner_group_0/attention_1/self/key/kernel
I0626 15:58:27.452787 140223559988992 modeling.py:390] name bert/encoder/transformer/group_0/inner_group_0/attention_1/self/key/kernel match to bert/encoder/transformer/group_0/inner_group_0/attention_1/self/key/kernel
INFO:tensorflow:name bert/encoder/transformer/group_0/inner_group_0/attention_1/self/key/bias match to bert/encoder/transformer/group_0/inner_group_0/attention_1/self/key/bias
I0626 15:58:27.452897 140223559988992 modeling.py:390] name bert/encoder/transformer/group_0/inner_group_0/attention_1/self/key/bias match to bert/encoder/transformer/group_0/inner_group_0/attention_1/self/key/bias
INFO:tensorflow:name bert/encoder/transformer/group_0/inner_group_0/attention_1/self/value/kernel match to bert/encoder/transformer/group_0/inner_group_0/attention_1/self/value/kernel
I0626 15:58:27.453016 140223559988992 modeling.py:390] name bert/encoder/transformer/group_0/inner_group_0/attention_1/self/value/kernel match to bert/encoder/transformer/group_0/inner_group_0/attention_1/self/value/kernel
INFO:tensorflow:name bert/encoder/transformer/group_0/inner_group_0/attention_1/self/value/bias match to bert/encoder/transformer/group_0/inner_group_0/attention_1/self/value/bias
I0626 15:58:27.453131 140223559988992 modeling.py:390] name bert/encoder/transformer/group_0/inner_group_0/attention_1/self/value/bias match to bert/encoder/transformer/group_0/inner_group_0/attention_1/self/value/bias
INFO:tensorflow:name bert/encoder/transformer/group_0/inner_group_0/attention_1/output/dense/kernel match to bert/encoder/transformer/group_0/inner_group_0/attention_1/output/dense/kernel
I0626 15:58:27.453243 140223559988992 modeling.py:390] name bert/encoder/transformer/group_0/inner_group_0/attention_1/output/dense/kernel match to bert/encoder/transformer/group_0/inner_group_0/attention_1/output/dense/kernel
INFO:tensorflow:name bert/encoder/transformer/group_0/inner_group_0/attention_1/output/dense/bias match to bert/encoder/transformer/group_0/inner_group_0/attention_1/output/dense/bias
I0626 15:58:27.453356 140223559988992 modeling.py:390] name bert/encoder/transformer/group_0/inner_group_0/attention_1/output/dense/bias match to bert/encoder/transformer/group_0/inner_group_0/attention_1/output/dense/bias
INFO:tensorflow:name bert/encoder/transformer/group_0/inner_group_0/LayerNorm/beta match to bert/encoder/transformer/group_0/inner_group_0/LayerNorm/beta
I0626 15:58:27.453479 140223559988992 modeling.py:390] name bert/encoder/transformer/group_0/inner_group_0/LayerNorm/beta match to bert/encoder/transformer/group_0/inner_group_0/LayerNorm/beta
INFO:tensorflow:name bert/encoder/transformer/group_0/inner_group_0/LayerNorm/gamma match to bert/encoder/transformer/group_0/inner_group_0/LayerNorm/gamma
I0626 15:58:27.453602 140223559988992 modeling.py:390] name bert/encoder/transformer/group_0/inner_group_0/LayerNorm/gamma match to bert/encoder/transformer/group_0/inner_group_0/LayerNorm/gamma
INFO:tensorflow:name bert/encoder/transformer/group_0/inner_group_0/ffn_1/intermediate/dense/kernel match to bert/encoder/transformer/group_0/inner_group_0/ffn_1/intermediate/dense/kernel
I0626 15:58:27.453717 140223559988992 modeling.py:390] name bert/encoder/transformer/group_0/inner_group_0/ffn_1/intermediate/dense/kernel match to bert/encoder/transformer/group_0/inner_group_0/ffn_1/intermediate/dense/kernel
INFO:tensorflow:name bert/encoder/transformer/group_0/inner_group_0/ffn_1/intermediate/dense/bias match to bert/encoder/transformer/group_0/inner_group_0/ffn_1/intermediate/dense/bias
I0626 15:58:27.453829 140223559988992 modeling.py:390] name bert/encoder/transformer/group_0/inner_group_0/ffn_1/intermediate/dense/bias match to bert/encoder/transformer/group_0/inner_group_0/ffn_1/intermediate/dense/bias
INFO:tensorflow:name bert/encoder/transformer/group_0/inner_group_0/ffn_1/intermediate/output/dense/kernel match to bert/encoder/transformer/group_0/inner_group_0/ffn_1/intermediate/output/dense/kernel
I0626 15:58:27.453941 140223559988992 modeling.py:390] name bert/encoder/transformer/group_0/inner_group_0/ffn_1/intermediate/output/dense/kernel match to bert/encoder/transformer/group_0/inner_group_0/ffn_1/intermediate/output/dense/kernel
INFO:tensorflow:name bert/encoder/transformer/group_0/inner_group_0/ffn_1/intermediate/output/dense/bias match to bert/encoder/transformer/group_0/inner_group_0/ffn_1/intermediate/output/dense/bias
I0626 15:58:27.454058 140223559988992 modeling.py:390] name bert/encoder/transformer/group_0/inner_group_0/ffn_1/intermediate/output/dense/bias match to bert/encoder/transformer/group_0/inner_group_0/ffn_1/intermediate/output/dense/bias
INFO:tensorflow:name bert/encoder/transformer/group_0/inner_group_0/LayerNorm_1/beta match to bert/encoder/transformer/group_0/inner_group_0/LayerNorm_1/beta
I0626 15:58:27.454173 140223559988992 modeling.py:390] name bert/encoder/transformer/group_0/inner_group_0/LayerNorm_1/beta match to bert/encoder/transformer/group_0/inner_group_0/LayerNorm_1/beta
INFO:tensorflow:name bert/encoder/transformer/group_0/inner_group_0/LayerNorm_1/gamma match to bert/encoder/transformer/group_0/inner_group_0/LayerNorm_1/gamma
I0626 15:58:27.454289 140223559988992 modeling.py:390] name bert/encoder/transformer/group_0/inner_group_0/LayerNorm_1/gamma match to bert/encoder/transformer/group_0/inner_group_0/LayerNorm_1/gamma
INFO:tensorflow:name bert/pooler/dense/kernel match to bert/pooler/dense/kernel
I0626 15:58:27.454409 140223559988992 modeling.py:390] name bert/pooler/dense/kernel match to bert/pooler/dense/kernel
INFO:tensorflow:name bert/pooler/dense/bias match to bert/pooler/dense/bias
I0626 15:58:27.454540 140223559988992 modeling.py:390] name bert/pooler/dense/bias match to bert/pooler/dense/bias
INFO:tensorflow:name output_weights does not get matched
I0626 15:58:27.454975 140223559988992 modeling.py:388] name output_weights does not get matched
INFO:tensorflow:name output_bias does not get matched
I0626 15:58:27.455165 140223559988992 modeling.py:388] name output_bias does not get matched
INFO:tensorflow:**** Trainable Variables ****
I0626 15:58:27.455327 140223559988992 classifier_utils.py:438] **** Trainable Variables ****
INFO:tensorflow:  name = bert/embeddings/word_embeddings:0, shape = (21128, 128), *INIT_FROM_CKPT*
I0626 15:58:27.455466 140223559988992 classifier_utils.py:444]   name = bert/embeddings/word_embeddings:0, shape = (21128, 128), *INIT_FROM_CKPT*
INFO:tensorflow:  name = bert/embeddings/token_type_embeddings:0, shape = (2, 128), *INIT_FROM_CKPT*
I0626 15:58:27.455659 140223559988992 classifier_utils.py:444]   name = bert/embeddings/token_type_embeddings:0, shape = (2, 128), *INIT_FROM_CKPT*
INFO:tensorflow:  name = bert/embeddings/position_embeddings:0, shape = (512, 128), *INIT_FROM_CKPT*
I0626 15:58:27.455843 140223559988992 classifier_utils.py:444]   name = bert/embeddings/position_embeddings:0, shape = (512, 128), *INIT_FROM_CKPT*
INFO:tensorflow:  name = bert/embeddings/LayerNorm/beta:0, shape = (128,), *INIT_FROM_CKPT*
I0626 15:58:27.456025 140223559988992 classifier_utils.py:444]   name = bert/embeddings/LayerNorm/beta:0, shape = (128,), *INIT_FROM_CKPT*
INFO:tensorflow:  name = bert/embeddings/LayerNorm/gamma:0, shape = (128,), *INIT_FROM_CKPT*
I0626 15:58:27.456168 140223559988992 classifier_utils.py:444]   name = bert/embeddings/LayerNorm/gamma:0, shape = (128,), *INIT_FROM_CKPT*
INFO:tensorflow:  name = bert/encoder/embedding_hidden_mapping_in/kernel:0, shape = (128, 768), *INIT_FROM_CKPT*
I0626 15:58:27.456302 140223559988992 classifier_utils.py:444]   name = bert/encoder/embedding_hidden_mapping_in/kernel:0, shape = (128, 768), *INIT_FROM_CKPT*
INFO:tensorflow:  name = bert/encoder/embedding_hidden_mapping_in/bias:0, shape = (768,), *INIT_FROM_CKPT*
I0626 15:58:27.456460 140223559988992 classifier_utils.py:444]   name = bert/encoder/embedding_hidden_mapping_in/bias:0, shape = (768,), *INIT_FROM_CKPT*
INFO:tensorflow:  name = bert/encoder/transformer/group_0/inner_group_0/attention_1/self/query/kernel:0, shape = (768, 768), *INIT_FROM_CKPT*
I0626 15:58:27.456597 140223559988992 classifier_utils.py:444]   name = bert/encoder/transformer/group_0/inner_group_0/attention_1/self/query/kernel:0, shape = (768, 768), *INIT_FROM_CKPT*
INFO:tensorflow:  name = bert/encoder/transformer/group_0/inner_group_0/attention_1/self/query/bias:0, shape = (768,), *INIT_FROM_CKPT*
I0626 15:58:27.456742 140223559988992 classifier_utils.py:444]   name = bert/encoder/transformer/group_0/inner_group_0/attention_1/self/query/bias:0, shape = (768,), *INIT_FROM_CKPT*
INFO:tensorflow:  name = bert/encoder/transformer/group_0/inner_group_0/attention_1/self/key/kernel:0, shape = (768, 768), *INIT_FROM_CKPT*
I0626 15:58:27.456876 140223559988992 classifier_utils.py:444]   name = bert/encoder/transformer/group_0/inner_group_0/attention_1/self/key/kernel:0, shape = (768, 768), *INIT_FROM_CKPT*
INFO:tensorflow:  name = bert/encoder/transformer/group_0/inner_group_0/attention_1/self/key/bias:0, shape = (768,), *INIT_FROM_CKPT*
I0626 15:58:27.457022 140223559988992 classifier_utils.py:444]   name = bert/encoder/transformer/group_0/inner_group_0/attention_1/self/key/bias:0, shape = (768,), *INIT_FROM_CKPT*
INFO:tensorflow:  name = bert/encoder/transformer/group_0/inner_group_0/attention_1/self/value/kernel:0, shape = (768, 768), *INIT_FROM_CKPT*
I0626 15:58:27.457157 140223559988992 classifier_utils.py:444]   name = bert/encoder/transformer/group_0/inner_group_0/attention_1/self/value/kernel:0, shape = (768, 768), *INIT_FROM_CKPT*
INFO:tensorflow:  name = bert/encoder/transformer/group_0/inner_group_0/attention_1/self/value/bias:0, shape = (768,), *INIT_FROM_CKPT*
I0626 15:58:27.457300 140223559988992 classifier_utils.py:444]   name = bert/encoder/transformer/group_0/inner_group_0/attention_1/self/value/bias:0, shape = (768,), *INIT_FROM_CKPT*
INFO:tensorflow:  name = bert/encoder/transformer/group_0/inner_group_0/attention_1/output/dense/kernel:0, shape = (768, 768), *INIT_FROM_CKPT*
I0626 15:58:27.457443 140223559988992 classifier_utils.py:444]   name = bert/encoder/transformer/group_0/inner_group_0/attention_1/output/dense/kernel:0, shape = (768, 768), *INIT_FROM_CKPT*
INFO:tensorflow:  name = bert/encoder/transformer/group_0/inner_group_0/attention_1/output/dense/bias:0, shape = (768,), *INIT_FROM_CKPT*
I0626 15:58:27.457589 140223559988992 classifier_utils.py:444]   name = bert/encoder/transformer/group_0/inner_group_0/attention_1/output/dense/bias:0, shape = (768,), *INIT_FROM_CKPT*
INFO:tensorflow:  name = bert/encoder/transformer/group_0/inner_group_0/LayerNorm/beta:0, shape = (768,), *INIT_FROM_CKPT*
I0626 15:58:27.457722 140223559988992 classifier_utils.py:444]   name = bert/encoder/transformer/group_0/inner_group_0/LayerNorm/beta:0, shape = (768,), *INIT_FROM_CKPT*
INFO:tensorflow:  name = bert/encoder/transformer/group_0/inner_group_0/LayerNorm/gamma:0, shape = (768,), *INIT_FROM_CKPT*
I0626 15:58:27.457870 140223559988992 classifier_utils.py:444]   name = bert/encoder/transformer/group_0/inner_group_0/LayerNorm/gamma:0, shape = (768,), *INIT_FROM_CKPT*
INFO:tensorflow:  name = bert/encoder/transformer/group_0/inner_group_0/ffn_1/intermediate/dense/kernel:0, shape = (768, 3072), *INIT_FROM_CKPT*
I0626 15:58:27.458010 140223559988992 classifier_utils.py:444]   name = bert/encoder/transformer/group_0/inner_group_0/ffn_1/intermediate/dense/kernel:0, shape = (768, 3072), *INIT_FROM_CKPT*
INFO:tensorflow:  name = bert/encoder/transformer/group_0/inner_group_0/ffn_1/intermediate/dense/bias:0, shape = (3072,), *INIT_FROM_CKPT*
I0626 15:58:27.458157 140223559988992 classifier_utils.py:444]   name = bert/encoder/transformer/group_0/inner_group_0/ffn_1/intermediate/dense/bias:0, shape = (3072,), *INIT_FROM_CKPT*
INFO:tensorflow:  name = bert/encoder/transformer/group_0/inner_group_0/ffn_1/intermediate/output/dense/kernel:0, shape = (3072, 768), *INIT_FROM_CKPT*
I0626 15:58:27.458293 140223559988992 classifier_utils.py:444]   name = bert/encoder/transformer/group_0/inner_group_0/ffn_1/intermediate/output/dense/kernel:0, shape = (3072, 768), *INIT_FROM_CKPT*
INFO:tensorflow:  name = bert/encoder/transformer/group_0/inner_group_0/ffn_1/intermediate/output/dense/bias:0, shape = (768,), *INIT_FROM_CKPT*
I0626 15:58:27.458443 140223559988992 classifier_utils.py:444]   name = bert/encoder/transformer/group_0/inner_group_0/ffn_1/intermediate/output/dense/bias:0, shape = (768,), *INIT_FROM_CKPT*
INFO:tensorflow:  name = bert/encoder/transformer/group_0/inner_group_0/LayerNorm_1/beta:0, shape = (768,), *INIT_FROM_CKPT*
I0626 15:58:27.458580 140223559988992 classifier_utils.py:444]   name = bert/encoder/transformer/group_0/inner_group_0/LayerNorm_1/beta:0, shape = (768,), *INIT_FROM_CKPT*
INFO:tensorflow:  name = bert/encoder/transformer/group_0/inner_group_0/LayerNorm_1/gamma:0, shape = (768,), *INIT_FROM_CKPT*
I0626 15:58:27.458714 140223559988992 classifier_utils.py:444]   name = bert/encoder/transformer/group_0/inner_group_0/LayerNorm_1/gamma:0, shape = (768,), *INIT_FROM_CKPT*
INFO:tensorflow:  name = bert/pooler/dense/kernel:0, shape = (768, 768), *INIT_FROM_CKPT*
I0626 15:58:27.458848 140223559988992 classifier_utils.py:444]   name = bert/pooler/dense/kernel:0, shape = (768, 768), *INIT_FROM_CKPT*
INFO:tensorflow:  name = bert/pooler/dense/bias:0, shape = (768,), *INIT_FROM_CKPT*
I0626 15:58:27.458995 140223559988992 classifier_utils.py:444]   name = bert/pooler/dense/bias:0, shape = (768,), *INIT_FROM_CKPT*
INFO:tensorflow:  name = output_weights:0, shape = (2, 768)
I0626 15:58:27.459129 140223559988992 classifier_utils.py:444]   name = output_weights:0, shape = (2, 768)
INFO:tensorflow:  name = output_bias:0, shape = (2,)
I0626 15:58:27.459278 140223559988992 classifier_utils.py:444]   name = output_bias:0, shape = (2,)
INFO:tensorflow:++++++ warmup starts at step 0, for 500 steps ++++++
I0626 15:58:27.472697 140223559988992 optimization.py:50] ++++++ warmup starts at step 0, for 500 steps ++++++
INFO:tensorflow:using adamw
I0626 15:58:27.485244 140223559988992 optimization.py:74] using adamw
WARNING:tensorflow:From /usr/local/lib/python3.5/dist-packages/tensorflow_core/python/ops/math_grad.py:1375: where (from tensorflow.python.ops.array_ops) is deprecated and will be removed in a future version.
Instructions for updating:
Use tf.where in 2.0, which has the same broadcast rule as np.where
W0626 15:58:27.664253 140223559988992 deprecation.py:323] From /usr/local/lib/python3.5/dist-packages/tensorflow_core/python/ops/math_grad.py:1375: where (from tensorflow.python.ops.array_ops) is deprecated and will be removed in a future version.
Instructions for updating:
Use tf.where in 2.0, which has the same broadcast rule as np.where
INFO:tensorflow:Create CheckpointSaverHook.
I0626 15:58:32.835653 140223559988992 basic_session_run_hooks.py:541] Create CheckpointSaverHook.
INFO:tensorflow:Done calling model_fn.
I0626 15:58:32.888973 140223559988992 estimator.py:1150] Done calling model_fn.
INFO:tensorflow:TPU job name worker
I0626 15:58:35.494224 140223559988992 tpu_estimator.py:506] TPU job name worker
INFO:tensorflow:Graph was finalized.
I0626 15:58:35.743512 140223559988992 monitored_session.py:240] Graph was finalized.
INFO:tensorflow:Running local_init_op.
I0626 15:58:38.876981 140223559988992 session_manager.py:500] Running local_init_op.
INFO:tensorflow:Done running local_init_op.
I0626 15:58:39.177141 140223559988992 session_manager.py:502] Done running local_init_op.
INFO:tensorflow:Saving checkpoints for 0 into gs://sbt0/experiments/rethink_vocab/finetune/book_review/char_segmented_21128_length_128_steps_4.5k_time_0625_run_1/model.ckpt.
I0626 15:58:44.386875 140223559988992 basic_session_run_hooks.py:606] Saving checkpoints for 0 into gs://sbt0/experiments/rethink_vocab/finetune/book_review/char_segmented_21128_length_128_steps_4.5k_time_0625_run_1/model.ckpt.
INFO:tensorflow:gs://sbt0/experiments/rethink_vocab/finetune/book_review/char_segmented_21128_length_128_steps_4.5k_time_0625_run_1/model.ckpt-0 is not in all_model_checkpoint_paths. Manually adding it.
I0626 15:58:52.996310 140223559988992 checkpoint_management.py:95] gs://sbt0/experiments/rethink_vocab/finetune/book_review/char_segmented_21128_length_128_steps_4.5k_time_0625_run_1/model.ckpt-0 is not in all_model_checkpoint_paths. Manually adding it.
WARNING:tensorflow:From /usr/local/lib/python3.5/dist-packages/tensorflow_estimator/python/estimator/tpu/tpu_estimator.py:751: Variable.load (from tensorflow.python.ops.variables) is deprecated and will be removed in a future version.
Instructions for updating:
Prefer Variable.assign which has equivalent behavior in 2.X.
W0626 15:58:57.149995 140223559988992 deprecation.py:323] From /usr/local/lib/python3.5/dist-packages/tensorflow_estimator/python/estimator/tpu/tpu_estimator.py:751: Variable.load (from tensorflow.python.ops.variables) is deprecated and will be removed in a future version.
Instructions for updating:
Prefer Variable.assign which has equivalent behavior in 2.X.
INFO:tensorflow:Initialized dataset iterators in 0 seconds
I0626 15:58:57.778190 140223559988992 util.py:98] Initialized dataset iterators in 0 seconds
INFO:tensorflow:Installing graceful shutdown hook.
I0626 15:58:57.778716 140223559988992 session_support.py:332] Installing graceful shutdown hook.
2020-06-26 15:58:57.779256: W tensorflow/core/distributed_runtime/rpc/grpc_session.cc:370] GrpcSession::ListDevices will initialize the session with an empty graph and other defaults because the session has not yet been created.
INFO:tensorflow:Creating heartbeat manager for ['/job:worker/replica:0/task:0/device:CPU:0']
I0626 15:58:57.783885 140223559988992 session_support.py:82] Creating heartbeat manager for ['/job:worker/replica:0/task:0/device:CPU:0']
INFO:tensorflow:Configuring worker heartbeat: shutdown_mode: WAIT_FOR_COORDINATOR

I0626 15:58:57.785948 140223559988992 session_support.py:105] Configuring worker heartbeat: shutdown_mode: WAIT_FOR_COORDINATOR

INFO:tensorflow:Init TPU system
I0626 15:58:57.789744 140223559988992 tpu_estimator.py:567] Init TPU system
INFO:tensorflow:Initialized TPU in 2 seconds
I0626 15:59:00.718040 140223559988992 tpu_estimator.py:576] Initialized TPU in 2 seconds
INFO:tensorflow:Starting infeed thread controller.
I0626 15:59:00.718915 140221634017024 tpu_estimator.py:521] Starting infeed thread controller.
INFO:tensorflow:Starting outfeed thread controller.
I0626 15:59:00.719271 140221619619584 tpu_estimator.py:540] Starting outfeed thread controller.
I0626 15:59:00.767440 140221611226880 transport.py:157] Attempting refresh to obtain initial access_token
W0626 15:59:00.806158 140221611226880 http.py:118] Invalid JSON content from response: b'{\n  "error": {\n    "code": 403,\n    "message": "Permission denied on resource project None.",\n    "status": "PERMISSION_DENIED",\n    "details": [\n      {\n        "@type": "type.googleapis.com/google.rpc.Help",\n        "links": [\n          {\n            "description": "Google developer console API key",\n            "url": "https://console.developers.google.com/project/None/apiui/credential"\n          }\n        ]\n      }\n    ]\n  }\n}\n'
Exception in thread Thread-2:
Traceback (most recent call last):
  File "/usr/local/lib/python3.5/dist-packages/tensorflow_core/python/distribute/cluster_resolver/tpu_cluster_resolver.py", line 476, in _fetch_cloud_tpu_metadata
    return request.execute()
  File "/usr/local/lib/python3.5/dist-packages/googleapiclient/_helpers.py", line 130, in positional_wrapper
    return wrapped(*args, **kwargs)
  File "/usr/local/lib/python3.5/dist-packages/googleapiclient/http.py", line 856, in execute
    raise HttpError(resp, content, uri=self.uri)
googleapiclient.errors.HttpError: <HttpError 403 when requesting https://tpu.googleapis.com/v1/projects/None/locations/None/nodes/10.240.1.2:8470?alt=json returned "Permission denied on resource project None.". Details: "[{'@type': 'type.googleapis.com/google.rpc.Help', 'links': [{'description': 'Google developer console API key', 'url': 'https://console.developers.google.com/project/None/apiui/credential'}]}]">

During handling of the above exception, another exception occurred:

Traceback (most recent call last):
  File "/usr/lib/python3.5/threading.py", line 914, in _bootstrap_inner
    self.run()
  File "/usr/local/lib/python3.5/dist-packages/tensorflow_core/python/tpu/preempted_hook.py", line 87, in run
    response = self._cluster._fetch_cloud_tpu_metadata()  # pylint: disable=protected-access
  File "/usr/local/lib/python3.5/dist-packages/tensorflow_core/python/distribute/cluster_resolver/tpu_cluster_resolver.py", line 480, in _fetch_cloud_tpu_metadata
    "constructor. Exception: %s" % (self._tpu, e))
ValueError: Could not lookup TPU metadata from name 'b'10.240.1.2:8470''. Please doublecheck the tpu argument in the TPUClusterResolver constructor. Exception: <HttpError 403 when requesting https://tpu.googleapis.com/v1/projects/None/locations/None/nodes/10.240.1.2:8470?alt=json returned "Permission denied on resource project None.". Details: "[{'@type': 'type.googleapis.com/google.rpc.Help', 'links': [{'description': 'Google developer console API key', 'url': 'https://console.developers.google.com/project/None/apiui/credential'}]}]">

INFO:tensorflow:Enqueue next (600) batch(es) of data to infeed.
I0626 15:59:01.022542 140223559988992 tpu_estimator.py:600] Enqueue next (600) batch(es) of data to infeed.
INFO:tensorflow:Dequeue next (600) batch(es) of data from outfeed.
I0626 15:59:01.023006 140223559988992 tpu_estimator.py:604] Dequeue next (600) batch(es) of data from outfeed.
INFO:tensorflow:Outfeed finished for iteration (0, 0)
I0626 15:59:15.444265 140221619619584 tpu_estimator.py:279] Outfeed finished for iteration (0, 0)
INFO:tensorflow:Saving checkpoints for 600 into gs://sbt0/experiments/rethink_vocab/finetune/book_review/char_segmented_21128_length_128_steps_4.5k_time_0625_run_1/model.ckpt.
I0626 15:59:59.337551 140223559988992 basic_session_run_hooks.py:606] Saving checkpoints for 600 into gs://sbt0/experiments/rethink_vocab/finetune/book_review/char_segmented_21128_length_128_steps_4.5k_time_0625_run_1/model.ckpt.
INFO:tensorflow:gs://sbt0/experiments/rethink_vocab/finetune/book_review/char_segmented_21128_length_128_steps_4.5k_time_0625_run_1/model.ckpt-600 is not in all_model_checkpoint_paths. Manually adding it.
I0626 16:00:09.463875 140223559988992 checkpoint_management.py:95] gs://sbt0/experiments/rethink_vocab/finetune/book_review/char_segmented_21128_length_128_steps_4.5k_time_0625_run_1/model.ckpt-600 is not in all_model_checkpoint_paths. Manually adding it.
INFO:tensorflow:loss = 0.5075535, step = 600
I0626 16:00:13.070024 140223559988992 basic_session_run_hooks.py:262] loss = 0.5075535, step = 600
INFO:tensorflow:Enqueue next (600) batch(es) of data to infeed.
I0626 16:00:13.072432 140223559988992 tpu_estimator.py:600] Enqueue next (600) batch(es) of data to infeed.
INFO:tensorflow:Dequeue next (600) batch(es) of data from outfeed.
I0626 16:00:13.072748 140223559988992 tpu_estimator.py:604] Dequeue next (600) batch(es) of data from outfeed.
INFO:tensorflow:Outfeed finished for iteration (1, 17)
I0626 16:00:15.488627 140221619619584 tpu_estimator.py:279] Outfeed finished for iteration (1, 17)
INFO:tensorflow:Saving checkpoints for 1200 into gs://sbt0/experiments/rethink_vocab/finetune/book_review/char_segmented_21128_length_128_steps_4.5k_time_0625_run_1/model.ckpt.
I0626 16:00:58.134294 140223559988992 basic_session_run_hooks.py:606] Saving checkpoints for 1200 into gs://sbt0/experiments/rethink_vocab/finetune/book_review/char_segmented_21128_length_128_steps_4.5k_time_0625_run_1/model.ckpt.
INFO:tensorflow:gs://sbt0/experiments/rethink_vocab/finetune/book_review/char_segmented_21128_length_128_steps_4.5k_time_0625_run_1/model.ckpt-1200 is not in all_model_checkpoint_paths. Manually adding it.
I0626 16:01:08.393736 140223559988992 checkpoint_management.py:95] gs://sbt0/experiments/rethink_vocab/finetune/book_review/char_segmented_21128_length_128_steps_4.5k_time_0625_run_1/model.ckpt-1200 is not in all_model_checkpoint_paths. Manually adding it.
INFO:tensorflow:loss = 0.2775978, step = 1200 (59.642 sec)
I0626 16:01:12.711521 140223559988992 basic_session_run_hooks.py:260] loss = 0.2775978, step = 1200 (59.642 sec)
INFO:tensorflow:global_step/sec: 10.0601
I0626 16:01:12.713147 140223559988992 tpu_estimator.py:2307] global_step/sec: 10.0601
INFO:tensorflow:examples/sec: 321.923
I0626 16:01:12.714274 140223559988992 tpu_estimator.py:2308] examples/sec: 321.923
INFO:tensorflow:Enqueue next (600) batch(es) of data to infeed.
I0626 16:01:12.715629 140223559988992 tpu_estimator.py:600] Enqueue next (600) batch(es) of data to infeed.
INFO:tensorflow:Dequeue next (600) batch(es) of data from outfeed.
I0626 16:01:12.715861 140223559988992 tpu_estimator.py:604] Dequeue next (600) batch(es) of data from outfeed.
INFO:tensorflow:Outfeed finished for iteration (2, 38)
I0626 16:01:15.559872 140221619619584 tpu_estimator.py:279] Outfeed finished for iteration (2, 38)
INFO:tensorflow:Saving checkpoints for 1800 into gs://sbt0/experiments/rethink_vocab/finetune/book_review/char_segmented_21128_length_128_steps_4.5k_time_0625_run_1/model.ckpt.
I0626 16:01:56.670416 140223559988992 basic_session_run_hooks.py:606] Saving checkpoints for 1800 into gs://sbt0/experiments/rethink_vocab/finetune/book_review/char_segmented_21128_length_128_steps_4.5k_time_0625_run_1/model.ckpt.
INFO:tensorflow:gs://sbt0/experiments/rethink_vocab/finetune/book_review/char_segmented_21128_length_128_steps_4.5k_time_0625_run_1/model.ckpt-1800 is not in all_model_checkpoint_paths. Manually adding it.
I0626 16:02:06.762432 140223559988992 checkpoint_management.py:95] gs://sbt0/experiments/rethink_vocab/finetune/book_review/char_segmented_21128_length_128_steps_4.5k_time_0625_run_1/model.ckpt-1800 is not in all_model_checkpoint_paths. Manually adding it.
INFO:tensorflow:loss = 0.27665666, step = 1800 (57.480 sec)
I0626 16:02:10.191124 140223559988992 basic_session_run_hooks.py:260] loss = 0.27665666, step = 1800 (57.480 sec)
INFO:tensorflow:global_step/sec: 10.4385
I0626 16:02:10.192564 140223559988992 tpu_estimator.py:2307] global_step/sec: 10.4385
INFO:tensorflow:examples/sec: 334.033
I0626 16:02:10.192945 140223559988992 tpu_estimator.py:2308] examples/sec: 334.033
INFO:tensorflow:Enqueue next (600) batch(es) of data to infeed.
I0626 16:02:10.194259 140223559988992 tpu_estimator.py:600] Enqueue next (600) batch(es) of data to infeed.
INFO:tensorflow:Dequeue next (600) batch(es) of data from outfeed.
I0626 16:02:10.194622 140223559988992 tpu_estimator.py:604] Dequeue next (600) batch(es) of data from outfeed.
INFO:tensorflow:Outfeed finished for iteration (3, 73)
I0626 16:02:15.597236 140221619619584 tpu_estimator.py:279] Outfeed finished for iteration (3, 73)
INFO:tensorflow:Saving checkpoints for 2400 into gs://sbt0/experiments/rethink_vocab/finetune/book_review/char_segmented_21128_length_128_steps_4.5k_time_0625_run_1/model.ckpt.
I0626 16:02:54.153487 140223559988992 basic_session_run_hooks.py:606] Saving checkpoints for 2400 into gs://sbt0/experiments/rethink_vocab/finetune/book_review/char_segmented_21128_length_128_steps_4.5k_time_0625_run_1/model.ckpt.
INFO:tensorflow:gs://sbt0/experiments/rethink_vocab/finetune/book_review/char_segmented_21128_length_128_steps_4.5k_time_0625_run_1/model.ckpt-2400 is not in all_model_checkpoint_paths. Manually adding it.
I0626 16:03:03.947690 140223559988992 checkpoint_management.py:95] gs://sbt0/experiments/rethink_vocab/finetune/book_review/char_segmented_21128_length_128_steps_4.5k_time_0625_run_1/model.ckpt-2400 is not in all_model_checkpoint_paths. Manually adding it.
INFO:tensorflow:loss = 0.15996577, step = 2400 (57.313 sec)
I0626 16:03:07.504029 140223559988992 basic_session_run_hooks.py:260] loss = 0.15996577, step = 2400 (57.313 sec)
INFO:tensorflow:global_step/sec: 10.4688
I0626 16:03:07.505529 140223559988992 tpu_estimator.py:2307] global_step/sec: 10.4688
INFO:tensorflow:examples/sec: 335.002
I0626 16:03:07.506076 140223559988992 tpu_estimator.py:2308] examples/sec: 335.002
INFO:tensorflow:Enqueue next (600) batch(es) of data to infeed.
I0626 16:03:07.507285 140223559988992 tpu_estimator.py:600] Enqueue next (600) batch(es) of data to infeed.
INFO:tensorflow:Dequeue next (600) batch(es) of data from outfeed.
I0626 16:03:07.507493 140223559988992 tpu_estimator.py:604] Dequeue next (600) batch(es) of data from outfeed.
INFO:tensorflow:Outfeed finished for iteration (4, 110)
I0626 16:03:15.613679 140221619619584 tpu_estimator.py:279] Outfeed finished for iteration (4, 110)
INFO:tensorflow:Saving checkpoints for 3000 into gs://sbt0/experiments/rethink_vocab/finetune/book_review/char_segmented_21128_length_128_steps_4.5k_time_0625_run_1/model.ckpt.
I0626 16:03:51.459601 140223559988992 basic_session_run_hooks.py:606] Saving checkpoints for 3000 into gs://sbt0/experiments/rethink_vocab/finetune/book_review/char_segmented_21128_length_128_steps_4.5k_time_0625_run_1/model.ckpt.
INFO:tensorflow:gs://sbt0/experiments/rethink_vocab/finetune/book_review/char_segmented_21128_length_128_steps_4.5k_time_0625_run_1/model.ckpt-3000 is not in all_model_checkpoint_paths. Manually adding it.
I0626 16:04:00.840648 140223559988992 checkpoint_management.py:95] gs://sbt0/experiments/rethink_vocab/finetune/book_review/char_segmented_21128_length_128_steps_4.5k_time_0625_run_1/model.ckpt-3000 is not in all_model_checkpoint_paths. Manually adding it.
INFO:tensorflow:loss = 0.3406193, step = 3000 (58.157 sec)
I0626 16:04:05.661036 140223559988992 basic_session_run_hooks.py:260] loss = 0.3406193, step = 3000 (58.157 sec)
INFO:tensorflow:global_step/sec: 10.3169
I0626 16:04:05.662669 140223559988992 tpu_estimator.py:2307] global_step/sec: 10.3169
INFO:tensorflow:examples/sec: 330.141
I0626 16:04:05.663181 140223559988992 tpu_estimator.py:2308] examples/sec: 330.141
INFO:tensorflow:Enqueue next (600) batch(es) of data to infeed.
I0626 16:04:05.664459 140223559988992 tpu_estimator.py:600] Enqueue next (600) batch(es) of data to infeed.
INFO:tensorflow:Dequeue next (600) batch(es) of data from outfeed.
I0626 16:04:05.664672 140223559988992 tpu_estimator.py:604] Dequeue next (600) batch(es) of data from outfeed.
INFO:tensorflow:Outfeed finished for iteration (5, 136)
I0626 16:04:15.670863 140221619619584 tpu_estimator.py:279] Outfeed finished for iteration (5, 136)
INFO:tensorflow:Saving checkpoints for 3600 into gs://sbt0/experiments/rethink_vocab/finetune/book_review/char_segmented_21128_length_128_steps_4.5k_time_0625_run_1/model.ckpt.
I0626 16:04:49.625252 140223559988992 basic_session_run_hooks.py:606] Saving checkpoints for 3600 into gs://sbt0/experiments/rethink_vocab/finetune/book_review/char_segmented_21128_length_128_steps_4.5k_time_0625_run_1/model.ckpt.
INFO:tensorflow:gs://sbt0/experiments/rethink_vocab/finetune/book_review/char_segmented_21128_length_128_steps_4.5k_time_0625_run_1/model.ckpt-3600 is not in all_model_checkpoint_paths. Manually adding it.
I0626 16:04:58.930856 140223559988992 checkpoint_management.py:95] gs://sbt0/experiments/rethink_vocab/finetune/book_review/char_segmented_21128_length_128_steps_4.5k_time_0625_run_1/model.ckpt-3600 is not in all_model_checkpoint_paths. Manually adding it.
INFO:tensorflow:loss = 0.0033180644, step = 3600 (56.763 sec)
I0626 16:05:02.423638 140223559988992 basic_session_run_hooks.py:260] loss = 0.0033180644, step = 3600 (56.763 sec)
INFO:tensorflow:global_step/sec: 10.5703
I0626 16:05:02.425223 140223559988992 tpu_estimator.py:2307] global_step/sec: 10.5703
INFO:tensorflow:examples/sec: 338.251
I0626 16:05:02.425723 140223559988992 tpu_estimator.py:2308] examples/sec: 338.251
INFO:tensorflow:Enqueue next (600) batch(es) of data to infeed.
I0626 16:05:02.427351 140223559988992 tpu_estimator.py:600] Enqueue next (600) batch(es) of data to infeed.
INFO:tensorflow:Dequeue next (600) batch(es) of data from outfeed.
I0626 16:05:02.427592 140223559988992 tpu_estimator.py:604] Dequeue next (600) batch(es) of data from outfeed.
INFO:tensorflow:Outfeed finished for iteration (6, 181)
I0626 16:05:15.722327 140221619619584 tpu_estimator.py:279] Outfeed finished for iteration (6, 181)
